               :-) GROMACS - gmx mdrun, 2020.5-dev-UNCHECKED (-:

                            GROMACS is written by:
     Emile Apol      Rossen Apostolov      Paul Bauer     Herman J.C. Berendsen
    Par Bjelkmar      Christian Blau   Viacheslav Bolnykh     Kevin Boyd    
 Aldert van Buuren   Rudi van Drunen     Anton Feenstra       Alan Gray     
  Gerrit Groenhof     Anca Hamuraru    Vincent Hindriksen  M. Eric Irrgang  
  Aleksei Iupinov   Christoph Junghans     Joe Jordan     Dimitrios Karkoulis
    Peter Kasson        Jiri Kraus      Carsten Kutzner      Per Larsson    
  Justin A. Lemkul    Viveca Lindahl    Magnus Lundborg     Erik Marklund   
    Pascal Merz     Pieter Meulenhoff    Teemu Murtola       Szilard Pall   
    Sander Pronk      Roland Schulz      Michael Shirts    Alexey Shvetsov  
   Alfons Sijbers     Peter Tieleman      Jon Vincent      Teemu Virolainen 
 Christian Wennberg    Maarten Wolf      Artem Zhmurov   
                           and the project leaders:
        Mark Abraham, Berk Hess, Erik Lindahl, and David van der Spoel

Copyright (c) 1991-2000, University of Groningen, The Netherlands.
Copyright (c) 2001-2019, The GROMACS development team at
Uppsala University, Stockholm University and
the Royal Institute of Technology, Sweden.
check out http://www.gromacs.org for more information.

GROMACS is free software; you can redistribute it and/or modify it
under the terms of the GNU Lesser General Public License
as published by the Free Software Foundation; either version 2.1
of the License, or (at your option) any later version.

GROMACS:      gmx mdrun, version 2020.5-dev-UNCHECKED
Executable:   /afs/math/software/gromacs/ramd-2.0/@sys/@sys/bin/gmx
Data prefix:  /afs/math/software/gromacs/ramd-2.0/@sys/@sys
Working dir:  /net/beegfs/talagayev/gromacs/7crf/GROMACS/4/4_11
Process ID:   627
Command line:
  gmx mdrun -s 7crf_4_Rep11_tauramd_run.tpr -c confout_4_11_Rep_tauramd.gro -x confout_4_11_Rep_tauramd.xtc -g 2nd_tauramd.log -maxh 160

GROMACS version:    2020.5-dev-UNCHECKED
The source code this program was compiled from has not been verified because the reference checksum was missing during compilation. This means you have an incomplete GROMACS distribution, please make sure to download an intact source distribution and compile that before proceeding.
Computed checksum: NoChecksumFile
Precision:          single
Memory model:       64 bit
MPI library:        thread_mpi
OpenMP support:     enabled (GMX_OPENMP_MAX_THREADS = 64)
GPU support:        CUDA
SIMD instructions:  AVX2_128
FFT library:        fftw-3.3.5-sse2-avx
RDTSCP usage:       enabled
TNG support:        enabled
Hwloc support:      hwloc-2.1.0
Tracing support:    disabled
C compiler:         /usr/bin/clang Clang 12.0.1
C compiler flags:   -mavx2 -mfma -Wall -Wno-unused -Wunused-value -Wunused-parameter -O3 -DNDEBUG
C++ compiler:       /usr/bin/clang++ Clang 12.0.1
C++ compiler flags: -mavx2 -mfma -Wall -Wextra -Wno-missing-field-initializers -Wpointer-arith -Wmissing-prototypes -Wdeprecated -Wno-unused-function -fopenmp=libomp -O3 -DNDEBUG
CUDA compiler:      /afs/math/software/nvidia/cuda/11.6.1/bin/nvcc nvcc: NVIDIA (R) Cuda compiler driver;Copyright (c) 2005-2022 NVIDIA Corporation;Built on Thu_Feb_10_18:23:41_PST_2022;Cuda compilation tools, release 11.6, V11.6.112;Build cuda_11.6.r11.6/compiler.30978841_0
CUDA compiler flags:-gencode;arch=compute_35,code=sm_35;-gencode;arch=compute_37,code=sm_37;-gencode;arch=compute_50,code=sm_50;-gencode;arch=compute_52,code=sm_52;-gencode;arch=compute_60,code=sm_60;-gencode;arch=compute_61,code=sm_61;-gencode;arch=compute_70,code=sm_70;-Wno-deprecated-gpu-targets;-gencode;arch=compute_35,code=compute_35;-gencode;arch=compute_50,code=compute_50;-gencode;arch=compute_52,code=compute_52;-gencode;arch=compute_60,code=compute_60;-gencode;arch=compute_61,code=compute_61;-gencode;arch=compute_70,code=compute_70;-gencode;arch=compute_75,code=compute_75;-gencode;arch=compute_80,code=compute_80;-use_fast_math;-D_FORCE_INLINES;-mavx2 -mfma -Wall -Wextra -Wno-missing-field-initializers -Wpointer-arith -Wmissing-prototypes -Wdeprecated -Wno-unused-function -fopenmp=libomp -O3 -DNDEBUG
CUDA driver:        12.50
CUDA runtime:       11.60


Running on 1 node with total 20 cores, 20 logical cores, 2 compatible GPUs
Hardware detected:
  CPU info:
    Vendor: Intel
    Brand:  Intel(R) Xeon(R) CPU E5-2630 v4 @ 2.20GHz
    Family: 6   Model: 79   Stepping: 1
    Features: aes apic avx avx2 clfsh cmov cx8 cx16 f16c fma hle htt intel lahf mmx msr nonstop_tsc pcid pclmuldq pdcm pdpe1gb popcnt pse rdrnd rdtscp rtm sse2 sse3 sse4.1 sse4.2 ssse3 tdt x2apic
  Hardware topology: Only logical processor count
  GPU info:
    Number of GPUs detected: 2
    #0: NVIDIA NVIDIA GeForce GTX 1080, compute cap.: 6.1, ECC:  no, stat: compatible
    #1: NVIDIA NVIDIA GeForce GTX 1080, compute cap.: 6.1, ECC:  no, stat: compatible

Highest SIMD level requested by all nodes in run: AVX2_256
SIMD instructions selected at compile time:       AVX2_128
Compiled SIMD newer than requested; program might crash.

++++ PLEASE READ AND CITE THE FOLLOWING REFERENCE ++++
M. J. Abraham, T. Murtola, R. Schulz, S. Páll, J. C. Smith, B. Hess, E.
Lindahl
GROMACS: High performance molecular simulations through multi-level
parallelism from laptops to supercomputers
SoftwareX 1 (2015) pp. 19-25
-------- -------- --- Thank You --- -------- --------


++++ PLEASE READ AND CITE THE FOLLOWING REFERENCE ++++
S. Páll, M. J. Abraham, C. Kutzner, B. Hess, E. Lindahl
Tackling Exascale Software Challenges in Molecular Dynamics Simulations with
GROMACS
In S. Markidis & E. Laure (Eds.), Solving Software Challenges for Exascale 8759 (2015) pp. 3-27
-------- -------- --- Thank You --- -------- --------


++++ PLEASE READ AND CITE THE FOLLOWING REFERENCE ++++
S. Pronk, S. Páll, R. Schulz, P. Larsson, P. Bjelkmar, R. Apostolov, M. R.
Shirts, J. C. Smith, P. M. Kasson, D. van der Spoel, B. Hess, and E. Lindahl
GROMACS 4.5: a high-throughput and highly parallel open source molecular
simulation toolkit
Bioinformatics 29 (2013) pp. 845-54
-------- -------- --- Thank You --- -------- --------


++++ PLEASE READ AND CITE THE FOLLOWING REFERENCE ++++
B. Hess and C. Kutzner and D. van der Spoel and E. Lindahl
GROMACS 4: Algorithms for highly efficient, load-balanced, and scalable
molecular simulation
J. Chem. Theory Comput. 4 (2008) pp. 435-447
-------- -------- --- Thank You --- -------- --------


++++ PLEASE READ AND CITE THE FOLLOWING REFERENCE ++++
D. van der Spoel, E. Lindahl, B. Hess, G. Groenhof, A. E. Mark and H. J. C.
Berendsen
GROMACS: Fast, Flexible and Free
J. Comp. Chem. 26 (2005) pp. 1701-1719
-------- -------- --- Thank You --- -------- --------


++++ PLEASE READ AND CITE THE FOLLOWING REFERENCE ++++
E. Lindahl and B. Hess and D. van der Spoel
GROMACS 3.0: A package for molecular simulation and trajectory analysis
J. Mol. Mod. 7 (2001) pp. 306-317
-------- -------- --- Thank You --- -------- --------


++++ PLEASE READ AND CITE THE FOLLOWING REFERENCE ++++
H. J. C. Berendsen, D. van der Spoel and R. van Drunen
GROMACS: A message-passing parallel molecular dynamics implementation
Comp. Phys. Comm. 91 (1995) pp. 43-56
-------- -------- --- Thank You --- -------- --------


++++ PLEASE CITE THE DOI FOR THIS VERSION OF GROMACS ++++
https://doi.org/10.5281/zenodo.4420785
-------- -------- --- Thank You --- -------- --------

Input Parameters:
   integrator                     = md
   tinit                          = 0
   dt                             = 0.002
   nsteps                         = 50000000
   init-step                      = 0
   simulation-part                = 1
   comm-mode                      = Linear
   nstcomm                        = 100
   bd-fric                        = 0
   ld-seed                        = -593847425
   emtol                          = 10
   emstep                         = 0.01
   niter                          = 20
   fcstep                         = 0
   nstcgsteep                     = 1000
   nbfgscorr                      = 10
   rtpi                           = 0.05
   nstxout                        = 0
   nstvout                        = 0
   nstfout                        = 0
   nstlog                         = 5000
   nstcalcenergy                  = 100
   nstenergy                      = 5000
   nstxout-compressed             = 5000
   compressed-x-precision         = 1000
   cutoff-scheme                  = Verlet
   nstlist                        = 20
   pbc                            = xyz
   periodic-molecules             = false
   verlet-buffer-tolerance        = 0.005
   rlist                          = 1.219
   coulombtype                    = PME
   coulomb-modifier               = Potential-shift
   rcoulomb-switch                = 0
   rcoulomb                       = 1.2
   epsilon-r                      = 1
   epsilon-rf                     = inf
   vdw-type                       = Cut-off
   vdw-modifier                   = None
   rvdw-switch                    = 0
   rvdw                           = 1.2
   DispCorr                       = EnerPres
   table-extension                = 1
   fourierspacing                 = 0.12
   fourier-nx                     = 104
   fourier-ny                     = 104
   fourier-nz                     = 104
   pme-order                      = 4
   ewald-rtol                     = 1e-05
   ewald-rtol-lj                  = 1e-05
   lj-pme-comb-rule               = Geometric
   ewald-geometry                 = 0
   epsilon-surface                = 0
   tcoupl                         = Nose-Hoover
   nsttcouple                     = 2
   nh-chain-length                = 1
   print-nose-hoover-chain-variables = false
   pcoupl                         = Parrinello-Rahman
   pcoupltype                     = Isotropic
   nstpcouple                     = 20
   tau-p                          = 5
   compressibility (3x3):
      compressibility[    0]={ 4.50000e-05,  0.00000e+00,  0.00000e+00}
      compressibility[    1]={ 0.00000e+00,  4.50000e-05,  0.00000e+00}
      compressibility[    2]={ 0.00000e+00,  0.00000e+00,  4.50000e-05}
   ref-p (3x3):
      ref-p[    0]={ 1.00000e+00,  0.00000e+00,  0.00000e+00}
      ref-p[    1]={ 0.00000e+00,  1.00000e+00,  0.00000e+00}
      ref-p[    2]={ 0.00000e+00,  0.00000e+00,  1.00000e+00}
   refcoord-scaling               = COM
   posres-com (3):
      posres-com[0]= 0.00000e+00
      posres-com[1]= 0.00000e+00
      posres-com[2]= 0.00000e+00
   posres-comB (3):
      posres-comB[0]= 0.00000e+00
      posres-comB[1]= 0.00000e+00
      posres-comB[2]= 0.00000e+00
   QMMM                           = false
   QMconstraints                  = 0
   QMMMscheme                     = 0
   MMChargeScaleFactor            = 1
qm-opts:
   ngQM                           = 0
   constraint-algorithm           = Lincs
   continuation                   = true
   Shake-SOR                      = false
   shake-tol                      = 0.0001
   lincs-order                    = 4
   lincs-iter                     = 1
   lincs-warnangle                = 60
   nwall                          = 0
   wall-type                      = 9-3
   wall-r-linpot                  = -1
   wall-atomtype[0]               = -1
   wall-atomtype[1]               = -1
   wall-density[0]                = 0
   wall-density[1]                = 0
   wall-ewald-zfac                = 3
   pull                           = false
   pull-cylinder-r                = 1.5
   pull-constr-tol                = 1e-06
   pull-print-COM                 = false
   pull-print-ref-value           = false
   pull-print-components          = false
   pull-nstxout                   = 10
   pull-nstfout                   = 10
   pull-pbc-ref-prev-step-com     = true
   pull-xout-average              = false
   pull-fout-average              = false
   pull-ngroups                   = 3
   pull-group 0:
     atom: not available
     weight: not available
     pbcatom                        = -1
   pull-group 1:
     atom (24788):
        atom[0,...,24787] = {0,...,24787}
     weight: not available
     pbcatom                        = 17439
   pull-group 2:
     atom (42):
        atom[0,...,41] = {24788,...,24829}
     weight: not available
     pbcatom                        = 24808
   pull-ncoords                   = 3
   pull-coord 0:
   type                           = external-potential
   potential-provider             = RAMD
   geometry                       = direction
   group[0]                       = 1
   group[1]                       = 2
   dim (3):
      dim[0]=1
      dim[1]=1
      dim[2]=1
   origin (3):
      origin[0]= 0.00000e+00
      origin[1]= 0.00000e+00
      origin[2]= 0.00000e+00
   vec (3):
      vec[0]= 1.00000e+00
      vec[1]= 0.00000e+00
      vec[2]= 0.00000e+00
   start                          = false
   init                           = 0
   rate                           = 0
   k                              = 0
   kB                             = 0
   pull-coord 1:
   type                           = external-potential
   potential-provider             = RAMD
   geometry                       = direction
   group[0]                       = 1
   group[1]                       = 2
   dim (3):
      dim[0]=1
      dim[1]=1
      dim[2]=1
   origin (3):
      origin[0]= 0.00000e+00
      origin[1]= 0.00000e+00
      origin[2]= 0.00000e+00
   vec (3):
      vec[0]= 0.00000e+00
      vec[1]= 1.00000e+00
      vec[2]= 0.00000e+00
   start                          = false
   init                           = 0
   rate                           = 0
   k                              = 0
   kB                             = 0
   pull-coord 2:
   type                           = external-potential
   potential-provider             = RAMD
   geometry                       = direction
   group[0]                       = 1
   group[1]                       = 2
   dim (3):
      dim[0]=1
      dim[1]=1
      dim[2]=1
   origin (3):
      origin[0]= 0.00000e+00
      origin[1]= 0.00000e+00
      origin[2]= 0.00000e+00
   vec (3):
      vec[0]= 0.00000e+00
      vec[1]= 0.00000e+00
      vec[2]= 1.00000e+00
   start                          = false
   init                           = 0
   rate                           = 0
   k                              = 0
   kB                             = 0
   ramd                           = true
   ramd-seed                      = 9851
   ramd-ngroups                   = 1
   ramd-group 0:
     force                          = 294
     max_dist                       = 6
     r_min_dist                     = 0.0025
   ramd-eval-freq                 = 50
   ramd-force-out-freq            = 10
   ramd-old-angle-dist            = false
   awh                            = false
   rotation                       = false
   interactiveMD                  = false
   disre                          = No
   disre-weighting                = Conservative
   disre-mixed                    = false
   dr-fc                          = 1000
   dr-tau                         = 0
   nstdisreout                    = 100
   orire-fc                       = 0
   orire-tau                      = 0
   nstorireout                    = 100
   free-energy                    = no
   cos-acceleration               = 0
   deform (3x3):
      deform[    0]={ 0.00000e+00,  0.00000e+00,  0.00000e+00}
      deform[    1]={ 0.00000e+00,  0.00000e+00,  0.00000e+00}
      deform[    2]={ 0.00000e+00,  0.00000e+00,  0.00000e+00}
   simulated-tempering            = false
   swapcoords                     = no
   userint1                       = 0
   userint2                       = 0
   userint3                       = 0
   userint4                       = 0
   userreal1                      = 0
   userreal2                      = 0
   userreal3                      = 0
   userreal4                      = 0
   applied-forces:
     electric-field:
       x:
         E0                       = 0
         omega                    = 0
         t0                       = 0
         sigma                    = 0
       y:
         E0                       = 0
         omega                    = 0
         t0                       = 0
         sigma                    = 0
       z:
         E0                       = 0
         omega                    = 0
         t0                       = 0
         sigma                    = 0
     density-guided-simulation:
       active                     = false
       group                      = protein
       similarity-measure         = inner-product
       atom-spreading-weight      = unity
       force-constant             = 1e+09
       gaussian-transform-spreading-width = 0.2
       gaussian-transform-spreading-range-in-multiples-of-width = 4
       reference-density-filename = reference.mrc
       nst                        = 1
       normalize-densities        = true
       adaptive-force-scaling     = false
       adaptive-force-scaling-time-constant = 4
grpopts:
   nrdf:       62068      227619
   ref-t:         313         313
   tau-t:         0.1         0.1
annealing:          No          No
annealing-npoints:           0           0
   acc:	           0           0           0
   nfreeze:           N           N           N
   energygrp-flags[  0]: 0

Changing nstlist from 20 to 100, rlist from 1.219 to 1.338


Initializing Domain Decomposition on 4 ranks
Dynamic load balancing: auto
Minimum cell size due to atom displacement: 0.784 nm
Initial maximum distances in bonded interactions:
    two-body bonded interactions: 0.456 nm, LJ-14, atoms 3594 3779
  multi-body bonded interactions: 0.456 nm, Proper Dih., atoms 3594 3779
Minimum cell size due to bonded interactions: 0.501 nm
Maximum distance for 5 constraints, at 120 deg. angles, all-trans: 0.219 nm
Estimated maximum distance required for P-LINCS: 0.219 nm
Scaling the initial minimum size with 1/0.8 (option -dds) = 1.25
Using 0 separate PME ranks
Optimizing the DD grid for 4 cells with a minimum initial size of 0.980 nm
The maximum allowed number of cells is: X 10 Y 10 Z 10
Domain decomposition grid 4 x 1 x 1, separate PME ranks 0
PME domain decomposition: 4 x 1 x 1
Domain decomposition rank 0, coordinates 0 0 0

The initial number of communication pulses is: X 1
The initial domain decomposition cell size is: X 2.47 nm

The maximum allowed distance for atoms involved in interactions is:
                 non-bonded interactions           1.338 nm
(the following are initial values, they could change due to box deformation)
            two-body bonded interactions  (-rdd)   1.338 nm
          multi-body bonded interactions  (-rdd)   1.338 nm
  atoms separated by up to 5 constraints  (-rcon)  2.474 nm

When dynamic load balancing gets turned on, these settings will change to:
The maximum number of communication pulses is: X 1
The minimum size for domain decomposition cells is 1.338 nm
The requested allowed shrink of DD cells (option -dds) is: 0.80
The allowed shrink of domain decomposition cells is: X 0.54
The maximum allowed distance for atoms involved in interactions is:
                 non-bonded interactions           1.338 nm
            two-body bonded interactions  (-rdd)   1.338 nm
          multi-body bonded interactions  (-rdd)   1.338 nm
  atoms separated by up to 5 constraints  (-rcon)  1.338 nm

On host node560 2 GPUs selected for this run.
Mapping of GPU IDs to the 4 GPU tasks in the 4 ranks on this node:
  PP:0,PP:0,PP:1,PP:1
PP tasks will do (non-perturbed) short-ranged and most bonded interactions on the GPU
PP task will update and constrain coordinates on the CPU
Using 4 MPI threads

Non-default thread affinity set, disabling internal thread affinity

Using 5 OpenMP threads per tMPI thread

System total charge: 0.000
Will do PME sum in reciprocal space for electrostatic interactions.

++++ PLEASE READ AND CITE THE FOLLOWING REFERENCE ++++
U. Essmann, L. Perera, M. L. Berkowitz, T. Darden, H. Lee and L. G. Pedersen 
A smooth particle mesh Ewald method
J. Chem. Phys. 103 (1995) pp. 8577-8592
-------- -------- --- Thank You --- -------- --------

Using a Gaussian width (1/beta) of 0.384195 nm for Ewald
Potential shift: LJ r^-12: 0.000e+00 r^-6: 0.000e+00, Ewald -8.333e-06
Initialized non-bonded Ewald tables, spacing: 1.02e-03 size: 1176

Generated table with 1169 data points for 1-4 COUL.
Tabscale = 500 points/nm
Generated table with 1169 data points for 1-4 LJ6.
Tabscale = 500 points/nm
Generated table with 1169 data points for 1-4 LJ12.
Tabscale = 500 points/nm

Using GPU 8x8 nonbonded short-range kernels

Using a dual 8x8 pair-list setup updated with dynamic, rolling pruning:
  outer list: updated every 100 steps, buffer 0.138 nm, rlist 1.338 nm
  inner list: updated every  12 steps, buffer 0.001 nm, rlist 1.201 nm
At tolerance 0.005 kJ/mol/ps per atom, equivalent classical 1x1 list would be:
  outer list: updated every 100 steps, buffer 0.293 nm, rlist 1.493 nm
  inner list: updated every  12 steps, buffer 0.052 nm, rlist 1.252 nm

Using Lorentz-Berthelot Lennard-Jones combination rule

Long Range LJ corr.: <C6> 3.6069e-04


Will apply potential COM pulling
with 3 pull coordinates and 2 groups
Pull group 1: 24788 atoms, mass 175617.697
Pull group 2:    42 atoms, mass   400.248

Initializing Parallel LINear Constraint Solver

++++ PLEASE READ AND CITE THE FOLLOWING REFERENCE ++++
B. Hess
P-LINCS: A Parallel Linear Constraint Solver for molecular simulation
J. Chem. Theory Comput. 4 (2008) pp. 116-122
-------- -------- --- Thank You --- -------- --------

The number of constraints is 12419
There are constraints between atoms in different decomposition domains,
will communicate selected coordinates each lincs iteration

++++ PLEASE READ AND CITE THE FOLLOWING REFERENCE ++++
S. Miyamoto and P. A. Kollman
SETTLE: An Analytical Version of the SHAKE and RATTLE Algorithms for Rigid
Water Models
J. Comp. Chem. 13 (1992) pp. 952-962
-------- -------- --- Thank You --- -------- --------


Linking all bonded interactions to atoms

Intra-simulation communication will occur every 2 steps.
There are: 138612 Atoms
Atom distribution over 4 domains: av 34653 stddev 475 min 34017 max 35159

NOTE: DLB will not turn on during the first phase of PME tuning
Center of mass motion removal mode is Linear
We have the following groups for center of mass motion removal:
  0:  Protein_MOL

Started mdrun on rank 0 Thu Aug  1 18:34:49 2024

           Step           Time
              0        0.00000

   Energies (kJ/mol)
           Bond          Angle    Proper Dih.  Improper Dih.          LJ-14
    1.95299e+04    5.29312e+04    8.14610e+04    2.89177e+03    2.41936e+04
     Coulomb-14        LJ (SR)  Disper. corr.   Coulomb (SR)   Coul. recip.
    2.45546e+05    1.70206e+05   -6.12788e+03   -2.32271e+06    7.37715e+03
      Potential    Kinetic En.   Total Energy  Conserved En.    Temperature
   -1.72470e+06    3.63837e+05   -1.36087e+06   -1.36078e+06    3.02116e+02
 Pres. DC (bar) Pressure (bar)   Constr. rmsd
   -1.48473e+02    3.20250e+01    3.61327e-06


DD  step 99 load imb.: force  1.9%
step  600: timed with pme grid 104 104 104, coulomb cutoff 1.200: 4692.3 M-cycles
step  800: timed with pme grid 96 96 96, coulomb cutoff 1.263: 4413.9 M-cycles
step 1000: timed with pme grid 84 84 84, coulomb cutoff 1.443: 7586.4 M-cycles
step 1200: timed with pme grid 96 96 96, coulomb cutoff 1.263: 2775.9 M-cycles
step 1400: timed with pme grid 100 100 100, coulomb cutoff 1.212: 2316.6 M-cycles
step 1600: timed with pme grid 104 104 104, coulomb cutoff 1.200: 3155.7 M-cycles
step 1800: timed with pme grid 100 100 100, coulomb cutoff 1.212: 2920.9 M-cycles
              optimal pme grid 100 100 100, coulomb cutoff 1.212

NOTE: DLB can now turn on, when beneficial

DD  step 4999 load imb.: force  6.3%
           Step           Time
           5000       10.00000

   Energies (kJ/mol)
           Bond          Angle    Proper Dih.  Improper Dih.          LJ-14
    1.98927e+04    5.56769e+04    8.23235e+04    3.14563e+03    2.42265e+04
     Coulomb-14        LJ (SR)  Disper. corr.   Coulomb (SR)   Coul. recip.
    2.45080e+05    1.61026e+05   -6.06745e+03   -2.28686e+06    7.50809e+03
      Potential    Kinetic En.   Total Energy  Conserved En.    Temperature
   -1.69405e+06    3.77798e+05   -1.31625e+06   -1.36155e+06    3.13709e+02
 Pres. DC (bar) Pressure (bar)   Constr. rmsd
   -1.45559e+02   -4.78171e+01    3.72346e-06


DD  step 9999 load imb.: force  1.9%
           Step           Time
          10000       20.00000

   Energies (kJ/mol)
           Bond          Angle    Proper Dih.  Improper Dih.          LJ-14
    2.04913e+04    5.47784e+04    8.24672e+04    3.00833e+03    2.43702e+04
     Coulomb-14        LJ (SR)  Disper. corr.   Coulomb (SR)   Coul. recip.
    2.44907e+05    1.61007e+05   -6.06859e+03   -2.28595e+06    7.48092e+03
      Potential    Kinetic En.   Total Energy  Conserved En.    Temperature
   -1.69350e+06    3.75507e+05   -1.31800e+06   -1.36163e+06    3.11806e+02
 Pres. DC (bar) Pressure (bar)   Constr. rmsd
   -1.45614e+02   -6.81710e+01    3.67615e-06


DD  step 14999 load imb.: force  1.4%
           Step           Time
          15000       30.00000

   Energies (kJ/mol)
           Bond          Angle    Proper Dih.  Improper Dih.          LJ-14
    2.01347e+04    5.46283e+04    8.23359e+04    2.99158e+03    2.41083e+04
     Coulomb-14        LJ (SR)  Disper. corr.   Coulomb (SR)   Coul. recip.
    2.44962e+05    1.62208e+05   -6.09322e+03   -2.28532e+06    7.35496e+03
      Potential    Kinetic En.   Total Energy  Conserved En.    Temperature
   -1.69269e+06    3.77140e+05   -1.31555e+06   -1.36176e+06    3.13163e+02
 Pres. DC (bar) Pressure (bar)   Constr. rmsd
   -1.46798e+02    2.05098e+01    3.65518e-06


DD  step 19999 load imb.: force  0.4%
           Step           Time
          20000       40.00000

   Energies (kJ/mol)
           Bond          Angle    Proper Dih.  Improper Dih.          LJ-14
    2.01124e+04    5.45930e+04    8.23998e+04    3.11672e+03    2.42294e+04
     Coulomb-14        LJ (SR)  Disper. corr.   Coulomb (SR)   Coul. recip.
    2.44942e+05    1.59699e+05   -6.07932e+03   -2.28599e+06    7.53790e+03
      Potential    Kinetic En.   Total Energy  Conserved En.    Temperature
   -1.69544e+06    3.77554e+05   -1.31789e+06   -1.36142e+06    3.13506e+02
 Pres. DC (bar) Pressure (bar)   Constr. rmsd
   -1.46129e+02   -4.00405e+01    3.66781e-06


DD  step 24999 load imb.: force  1.6%
           Step           Time
          25000       50.00000

   Energies (kJ/mol)
           Bond          Angle    Proper Dih.  Improper Dih.          LJ-14
    2.02808e+04    5.48046e+04    8.24820e+04    3.17805e+03    2.43562e+04
     Coulomb-14        LJ (SR)  Disper. corr.   Coulomb (SR)   Coul. recip.
    2.45293e+05    1.60524e+05   -6.07876e+03   -2.28465e+06    7.35296e+03
      Potential    Kinetic En.   Total Energy  Conserved En.    Temperature
   -1.69245e+06    3.75394e+05   -1.31706e+06   -1.36118e+06    3.11713e+02
 Pres. DC (bar) Pressure (bar)   Constr. rmsd
   -1.46102e+02    3.87323e+01    3.68643e-06


DD  step 29999 load imb.: force  2.7%
           Step           Time
          30000       60.00000

   Energies (kJ/mol)
           Bond          Angle    Proper Dih.  Improper Dih.          LJ-14
    1.99695e+04    5.47469e+04    8.23331e+04    3.04070e+03    2.42969e+04
     Coulomb-14        LJ (SR)  Disper. corr.   Coulomb (SR)   Coul. recip.
    2.45320e+05    1.60149e+05   -6.08336e+03   -2.28456e+06    7.24182e+03
      Potential    Kinetic En.   Total Energy  Conserved En.    Temperature
   -1.69354e+06    3.76744e+05   -1.31680e+06   -1.36150e+06    3.12834e+02
 Pres. DC (bar) Pressure (bar)   Constr. rmsd
   -1.46324e+02    8.82100e+00    3.60789e-06


DD  step 34999 load imb.: force  7.7%
           Step           Time
          35000       70.00000

   Energies (kJ/mol)
           Bond          Angle    Proper Dih.  Improper Dih.          LJ-14
    1.98863e+04    5.43343e+04    8.24281e+04    3.09837e+03    2.45193e+04
     Coulomb-14        LJ (SR)  Disper. corr.   Coulomb (SR)   Coul. recip.
    2.45697e+05    1.63533e+05   -6.08449e+03   -2.29017e+06    7.34543e+03
      Potential    Kinetic En.   Total Energy  Conserved En.    Temperature
   -1.69541e+06    3.76821e+05   -1.31859e+06   -1.36134e+06    3.12897e+02
 Pres. DC (bar) Pressure (bar)   Constr. rmsd
   -1.46378e+02    1.12279e+02    3.63190e-06


DD  step 39999 load imb.: force  9.9%

step 40000 Turning on dynamic load balancing, because the performance loss due to load imbalance is 2.5 %.
           Step           Time
          40000       80.00000

   Energies (kJ/mol)
           Bond          Angle    Proper Dih.  Improper Dih.          LJ-14
    1.96653e+04    5.54184e+04    8.23289e+04    3.07714e+03    2.45386e+04
     Coulomb-14        LJ (SR)  Disper. corr.   Coulomb (SR)   Coul. recip.
    2.45006e+05    1.59801e+05   -6.07036e+03   -2.28661e+06    7.29873e+03
      Potential    Kinetic En.   Total Energy  Conserved En.    Temperature
   -1.69554e+06    3.78400e+05   -1.31714e+06   -1.36119e+06    3.14209e+02
 Pres. DC (bar) Pressure (bar)   Constr. rmsd
   -1.45699e+02   -9.58904e+00    3.71064e-06

Writing checkpoint, step 41200 at Thu Aug  1 18:49:51 2024



DD  step 44999  vol min/aver 0.672  load imb.: force  3.7%
           Step           Time
          45000       90.00000

   Energies (kJ/mol)
           Bond          Angle    Proper Dih.  Improper Dih.          LJ-14
    2.01655e+04    5.48759e+04    8.24802e+04    3.04686e+03    2.40036e+04
     Coulomb-14        LJ (SR)  Disper. corr.   Coulomb (SR)   Coul. recip.
    2.45260e+05    1.60090e+05   -6.09552e+03   -2.28614e+06    7.31823e+03
      Potential    Kinetic En.   Total Energy  Conserved En.    Temperature
   -1.69500e+06    3.79113e+05   -1.31588e+06   -1.36128e+06    3.14800e+02
 Pres. DC (bar) Pressure (bar)   Constr. rmsd
   -1.46909e+02   -6.14660e+01    3.60631e-06


DD  load balancing is limited by minimum cell size in dimension X
DD  step 49999  vol min/aver 0.545! load imb.: force  0.6%
           Step           Time
          50000      100.00000

   Energies (kJ/mol)
           Bond          Angle    Proper Dih.  Improper Dih.          LJ-14
    2.00395e+04    5.46276e+04    8.28128e+04    3.09339e+03    2.43206e+04
     Coulomb-14        LJ (SR)  Disper. corr.   Coulomb (SR)   Coul. recip.
    2.45108e+05    1.64133e+05   -6.09175e+03   -2.29073e+06    7.50055e+03
      Potential    Kinetic En.   Total Energy  Conserved En.    Temperature
   -1.69519e+06    3.76455e+05   -1.31874e+06   -1.36093e+06    3.12593e+02
 Pres. DC (bar) Pressure (bar)   Constr. rmsd
   -1.46727e+02    1.48545e+02    3.64330e-06


DD  load balancing is limited by minimum cell size in dimension X
DD  step 54999  vol min/aver 0.544! load imb.: force  0.7%
           Step           Time
          55000      110.00000

   Energies (kJ/mol)
           Bond          Angle    Proper Dih.  Improper Dih.          LJ-14
    1.99194e+04    5.55490e+04    8.22897e+04    2.97788e+03    2.44222e+04
     Coulomb-14        LJ (SR)  Disper. corr.   Coulomb (SR)   Coul. recip.
    2.45248e+05    1.60973e+05   -6.08277e+03   -2.28490e+06    7.20913e+03
      Potential    Kinetic En.   Total Energy  Conserved En.    Temperature
   -1.69240e+06    3.78055e+05   -1.31434e+06   -1.36115e+06    3.13922e+02
 Pres. DC (bar) Pressure (bar)   Constr. rmsd
   -1.46295e+02    4.34652e+01    3.55435e-06


DD  load balancing is limited by minimum cell size in dimension X
DD  step 59999  vol min/aver 0.544! load imb.: force  0.6%
           Step           Time
          60000      120.00000

   Energies (kJ/mol)
           Bond          Angle    Proper Dih.  Improper Dih.          LJ-14
    1.97489e+04    5.51819e+04    8.23961e+04    3.02172e+03    2.43314e+04
     Coulomb-14        LJ (SR)  Disper. corr.   Coulomb (SR)   Coul. recip.
    2.45277e+05    1.60864e+05   -6.06681e+03   -2.28514e+06    7.44984e+03
      Potential    Kinetic En.   Total Energy  Conserved En.    Temperature
   -1.69294e+06    3.79439e+05   -1.31350e+06   -1.36067e+06    3.15072e+02
 Pres. DC (bar) Pressure (bar)   Constr. rmsd
   -1.45529e+02    8.46250e+01    3.69115e-06


DD  load balancing is limited by minimum cell size in dimension X
DD  step 64999  vol min/aver 0.544! load imb.: force  2.0%
           Step           Time
          65000      130.00000

   Energies (kJ/mol)
           Bond          Angle    Proper Dih.  Improper Dih.          LJ-14
    1.96880e+04    5.40241e+04    8.25414e+04    3.13382e+03    2.46066e+04
     Coulomb-14        LJ (SR)  Disper. corr.   Coulomb (SR)   Coul. recip.
    2.46399e+05    1.62929e+05   -6.07558e+03   -2.28851e+06    7.23856e+03
      Potential    Kinetic En.   Total Energy  Conserved En.    Temperature
   -1.69403e+06    3.75826e+05   -1.31820e+06   -1.36128e+06    3.12071e+02
 Pres. DC (bar) Pressure (bar)   Constr. rmsd
   -1.45949e+02    9.56273e+01    3.57033e-06


DD  step 69999  vol min/aver 0.545  load imb.: force  1.2%
           Step           Time
          70000      140.00000

   Energies (kJ/mol)
           Bond          Angle    Proper Dih.  Improper Dih.          LJ-14
    2.00134e+04    5.46269e+04    8.24588e+04    3.28696e+03    2.42347e+04
     Coulomb-14        LJ (SR)  Disper. corr.   Coulomb (SR)   Coul. recip.
    2.45023e+05    1.62457e+05   -6.08087e+03   -2.28912e+06    7.36744e+03
      Potential    Kinetic En.   Total Energy  Conserved En.    Temperature
   -1.69573e+06    3.77868e+05   -1.31786e+06   -1.36042e+06    3.13767e+02
 Pres. DC (bar) Pressure (bar)   Constr. rmsd
   -1.46203e+02    7.26277e+01    3.63855e-06


DD  load balancing is limited by minimum cell size in dimension X
DD  step 74999  vol min/aver 0.544! load imb.: force  1.2%
           Step           Time
          75000      150.00000

   Energies (kJ/mol)
           Bond          Angle    Proper Dih.  Improper Dih.          LJ-14
    1.98608e+04    5.38360e+04    8.21479e+04    3.16111e+03    2.45654e+04
     Coulomb-14        LJ (SR)  Disper. corr.   Coulomb (SR)   Coul. recip.
    2.45693e+05    1.58450e+05   -6.06552e+03   -2.28305e+06    7.37433e+03
      Potential    Kinetic En.   Total Energy  Conserved En.    Temperature
   -1.69402e+06    3.75414e+05   -1.31861e+06   -1.36077e+06    3.11729e+02
 Pres. DC (bar) Pressure (bar)   Constr. rmsd
   -1.45467e+02   -1.52843e+02    3.64033e-06


DD  load balancing is limited by minimum cell size in dimension X
DD  step 79999  vol min/aver 0.544! load imb.: force  0.7%
           Step           Time
          80000      160.00000

   Energies (kJ/mol)
           Bond          Angle    Proper Dih.  Improper Dih.          LJ-14
    1.95857e+04    5.46581e+04    8.22526e+04    3.00992e+03    2.43248e+04
     Coulomb-14        LJ (SR)  Disper. corr.   Coulomb (SR)   Coul. recip.
    2.45663e+05    1.59544e+05   -6.07088e+03   -2.28267e+06    7.39496e+03
      Potential    Kinetic En.   Total Energy  Conserved En.    Temperature
   -1.69231e+06    3.77359e+05   -1.31495e+06   -1.36033e+06    3.13344e+02
 Pres. DC (bar) Pressure (bar)   Constr. rmsd
   -1.45724e+02    6.25253e+01    3.60931e-06


DD  step 84999  vol min/aver 0.546  load imb.: force  0.9%
           Step           Time
          85000      170.00000

   Energies (kJ/mol)
           Bond          Angle    Proper Dih.  Improper Dih.          LJ-14
    1.98867e+04    5.46614e+04    8.26206e+04    2.99523e+03    2.44349e+04
     Coulomb-14        LJ (SR)  Disper. corr.   Coulomb (SR)   Coul. recip.
    2.45060e+05    1.60743e+05   -6.06803e+03   -2.28417e+06    7.25909e+03
      Potential    Kinetic En.   Total Energy  Conserved En.    Temperature
   -1.69258e+06    3.75627e+05   -1.31695e+06   -1.36025e+06    3.11906e+02
 Pres. DC (bar) Pressure (bar)   Constr. rmsd
   -1.45587e+02    3.71877e+01    3.62377e-06

Writing checkpoint, step 88300 at Thu Aug  1 19:04:53 2024



DD  step 89999  vol min/aver 0.544  load imb.: force  1.3%
           Step           Time
          90000      180.00000

   Energies (kJ/mol)
           Bond          Angle    Proper Dih.  Improper Dih.          LJ-14
    1.99183e+04    5.50401e+04    8.21854e+04    2.99235e+03    2.42041e+04
     Coulomb-14        LJ (SR)  Disper. corr.   Coulomb (SR)   Coul. recip.
    2.45586e+05    1.57179e+05   -6.06960e+03   -2.28172e+06    7.50358e+03
      Potential    Kinetic En.   Total Energy  Conserved En.    Temperature
   -1.69318e+06    3.77358e+05   -1.31582e+06   -1.35995e+06    3.13343e+02
 Pres. DC (bar) Pressure (bar)   Constr. rmsd
   -1.45662e+02   -2.42359e+02    3.67571e-06


DD  load balancing is limited by minimum cell size in dimension X
DD  step 94999  vol min/aver 0.544! load imb.: force  0.8%
           Step           Time
          95000      190.00000

   Energies (kJ/mol)
           Bond          Angle    Proper Dih.  Improper Dih.          LJ-14
    1.95952e+04    5.47154e+04    8.24212e+04    2.96277e+03    2.44037e+04
     Coulomb-14        LJ (SR)  Disper. corr.   Coulomb (SR)   Coul. recip.
    2.45544e+05    1.62251e+05   -6.06600e+03   -2.28623e+06    7.45275e+03
      Potential    Kinetic En.   Total Energy  Conserved En.    Temperature
   -1.69295e+06    3.77871e+05   -1.31508e+06   -1.36033e+06    3.13769e+02
 Pres. DC (bar) Pressure (bar)   Constr. rmsd
   -1.45489e+02    9.02505e+01    3.58061e-06


DD  step 99999  vol min/aver 0.615  load imb.: force  2.0%
           Step           Time
         100000      200.00000

   Energies (kJ/mol)
           Bond          Angle    Proper Dih.  Improper Dih.          LJ-14
    2.03138e+04    5.51415e+04    8.21388e+04    2.99871e+03    2.41470e+04
     Coulomb-14        LJ (SR)  Disper. corr.   Coulomb (SR)   Coul. recip.
    2.44967e+05    1.62480e+05   -6.08039e+03   -2.28719e+06    7.20400e+03
      Potential    Kinetic En.   Total Energy  Conserved En.    Temperature
   -1.69388e+06    3.76175e+05   -1.31771e+06   -1.36033e+06    3.12361e+02
 Pres. DC (bar) Pressure (bar)   Constr. rmsd
   -1.46180e+02   -3.46256e+01    3.60527e-06


DD  load balancing is limited by minimum cell size in dimension X
DD  step 104999  vol min/aver 0.544! load imb.: force  0.4%
           Step           Time
         105000      210.00000

   Energies (kJ/mol)
           Bond          Angle    Proper Dih.  Improper Dih.          LJ-14
    2.01760e+04    5.45015e+04    8.25700e+04    3.14642e+03    2.41518e+04
     Coulomb-14        LJ (SR)  Disper. corr.   Coulomb (SR)   Coul. recip.
    2.45227e+05    1.59967e+05   -6.06511e+03   -2.28531e+06    7.24605e+03
      Potential    Kinetic En.   Total Energy  Conserved En.    Temperature
   -1.69439e+06    3.78664e+05   -1.31573e+06   -1.36024e+06    3.14428e+02
 Pres. DC (bar) Pressure (bar)   Constr. rmsd
   -1.45447e+02   -2.44481e+02    3.86314e-06


DD  step 109999  vol min/aver 0.586  load imb.: force  1.3%
           Step           Time
         110000      220.00000

   Energies (kJ/mol)
           Bond          Angle    Proper Dih.  Improper Dih.          LJ-14
    1.97704e+04    5.49021e+04    8.26154e+04    3.19087e+03    2.42459e+04
     Coulomb-14        LJ (SR)  Disper. corr.   Coulomb (SR)   Coul. recip.
    2.45611e+05    1.59180e+05   -6.06881e+03   -2.28242e+06    7.35810e+03
      Potential    Kinetic En.   Total Energy  Conserved En.    Temperature
   -1.69162e+06    3.77076e+05   -1.31454e+06   -1.36006e+06    3.13109e+02
 Pres. DC (bar) Pressure (bar)   Constr. rmsd
   -1.45625e+02   -1.37142e+02    3.67495e-06


DD  step 114999  vol min/aver 0.547  load imb.: force  1.6%
           Step           Time
         115000      230.00000

   Energies (kJ/mol)
           Bond          Angle    Proper Dih.  Improper Dih.          LJ-14
    1.97398e+04    5.49639e+04    8.27287e+04    3.05859e+03    2.42731e+04
     Coulomb-14        LJ (SR)  Disper. corr.   Coulomb (SR)   Coul. recip.
    2.44776e+05    1.63341e+05   -6.07631e+03   -2.28894e+06    7.31830e+03
      Potential    Kinetic En.   Total Energy  Conserved En.    Temperature
   -1.69482e+06    3.76824e+05   -1.31800e+06   -1.36004e+06    3.12900e+02
 Pres. DC (bar) Pressure (bar)   Constr. rmsd
   -1.45984e+02    4.24131e+01    3.65231e-06


DD  step 119999  vol min/aver 0.548  load imb.: force  0.6%
           Step           Time
         120000      240.00000

   Energies (kJ/mol)
           Bond          Angle    Proper Dih.  Improper Dih.          LJ-14
    2.02900e+04    5.41597e+04    8.25023e+04    3.07599e+03    2.42905e+04
     Coulomb-14        LJ (SR)  Disper. corr.   Coulomb (SR)   Coul. recip.
    2.44985e+05    1.58550e+05   -6.06970e+03   -2.28286e+06    7.43216e+03
      Potential    Kinetic En.   Total Energy  Conserved En.    Temperature
   -1.69365e+06    3.77033e+05   -1.31662e+06   -1.35990e+06    3.13073e+02
 Pres. DC (bar) Pressure (bar)   Constr. rmsd
   -1.45667e+02   -1.25589e+02    3.71859e-06


DD  load balancing is limited by minimum cell size in dimension X
DD  step 124999  vol min/aver 0.545! load imb.: force  3.2%
           Step           Time
         125000      250.00000

   Energies (kJ/mol)
           Bond          Angle    Proper Dih.  Improper Dih.          LJ-14
    1.98663e+04    5.44926e+04    8.24269e+04    3.04270e+03    2.45208e+04
     Coulomb-14        LJ (SR)  Disper. corr.   Coulomb (SR)   Coul. recip.
    2.45369e+05    1.63608e+05   -6.08674e+03   -2.29018e+06    7.30386e+03
      Potential    Kinetic En.   Total Energy  Conserved En.    Temperature
   -1.69564e+06    3.75138e+05   -1.32050e+06   -1.35979e+06    3.11500e+02
 Pres. DC (bar) Pressure (bar)   Constr. rmsd
   -1.46486e+02    1.48491e+02    3.67896e-06


DD  step 129999  vol min/aver 0.550  load imb.: force  1.5%
           Step           Time
         130000      260.00000

   Energies (kJ/mol)
           Bond          Angle    Proper Dih.  Improper Dih.          LJ-14
    1.95537e+04    5.51353e+04    8.21858e+04    3.11086e+03    2.43438e+04
     Coulomb-14        LJ (SR)  Disper. corr.   Coulomb (SR)   Coul. recip.
    2.45149e+05    1.60832e+05   -6.08990e+03   -2.28455e+06    7.29971e+03
      Potential    Kinetic En.   Total Energy  Conserved En.    Temperature
   -1.69303e+06    3.77383e+05   -1.31565e+06   -1.35979e+06    3.13364e+02
 Pres. DC (bar) Pressure (bar)   Constr. rmsd
   -1.46638e+02    1.40659e+02    3.59304e-06


DD  step 134999  vol min/aver 0.553  load imb.: force  0.9%
           Step           Time
         135000      270.00000

   Energies (kJ/mol)
           Bond          Angle    Proper Dih.  Improper Dih.          LJ-14
    1.99911e+04    5.43323e+04    8.27182e+04    3.07239e+03    2.45474e+04
     Coulomb-14        LJ (SR)  Disper. corr.   Coulomb (SR)   Coul. recip.
    2.45350e+05    1.60735e+05   -6.06003e+03   -2.28593e+06    7.38935e+03
      Potential    Kinetic En.   Total Energy  Conserved En.    Temperature
   -1.69385e+06    3.76967e+05   -1.31688e+06   -1.35956e+06    3.13019e+02
 Pres. DC (bar) Pressure (bar)   Constr. rmsd
   -1.45203e+02    7.57033e+01    3.66299e-06

Writing checkpoint, step 135500 at Thu Aug  1 19:19:49 2024



DD  step 139999  vol min/aver 0.544  load imb.: force  0.5%
           Step           Time
         140000      280.00000

   Energies (kJ/mol)
           Bond          Angle    Proper Dih.  Improper Dih.          LJ-14
    2.03556e+04    5.51294e+04    8.23125e+04    3.12506e+03    2.41082e+04
     Coulomb-14        LJ (SR)  Disper. corr.   Coulomb (SR)   Coul. recip.
    2.44917e+05    1.59980e+05   -6.05894e+03   -2.28417e+06    7.41732e+03
      Potential    Kinetic En.   Total Energy  Conserved En.    Temperature
   -1.69288e+06    3.79264e+05   -1.31362e+06   -1.35893e+06    3.14926e+02
 Pres. DC (bar) Pressure (bar)   Constr. rmsd
   -1.45151e+02   -1.77672e+02    3.66141e-06


DD  load balancing is limited by minimum cell size in dimension X
DD  step 144999  vol min/aver 0.544! load imb.: force  1.5%
           Step           Time
         145000      290.00000

   Energies (kJ/mol)
           Bond          Angle    Proper Dih.  Improper Dih.          LJ-14
    1.94920e+04    5.46973e+04    8.24227e+04    3.07730e+03    2.44856e+04
     Coulomb-14        LJ (SR)  Disper. corr.   Coulomb (SR)   Coul. recip.
    2.45300e+05    1.59791e+05   -6.07464e+03   -2.28376e+06    7.30684e+03
      Potential    Kinetic En.   Total Energy  Conserved En.    Temperature
   -1.69326e+06    3.75403e+05   -1.31786e+06   -1.35920e+06    3.11720e+02
 Pres. DC (bar) Pressure (bar)   Constr. rmsd
   -1.45904e+02   -1.79457e+00    3.67233e-06


DD  step 149999  vol min/aver 0.547  load imb.: force  1.9%
           Step           Time
         150000      300.00000

   Energies (kJ/mol)
           Bond          Angle    Proper Dih.  Improper Dih.          LJ-14
    2.03287e+04    5.49294e+04    8.25937e+04    3.03939e+03    2.43678e+04
     Coulomb-14        LJ (SR)  Disper. corr.   Coulomb (SR)   Coul. recip.
    2.44910e+05    1.61941e+05   -6.08164e+03   -2.28806e+06    7.28931e+03
      Potential    Kinetic En.   Total Energy  Conserved En.    Temperature
   -1.69474e+06    3.78988e+05   -1.31575e+06   -1.35913e+06    3.14697e+02
 Pres. DC (bar) Pressure (bar)   Constr. rmsd
   -1.46240e+02    9.86887e+01    3.67580e-06


DD  step 154999  vol min/aver 0.549  load imb.: force  2.1%
           Step           Time
         155000      310.00000

   Energies (kJ/mol)
           Bond          Angle    Proper Dih.  Improper Dih.          LJ-14
    2.01161e+04    5.46949e+04    8.25064e+04    3.14992e+03    2.41992e+04
     Coulomb-14        LJ (SR)  Disper. corr.   Coulomb (SR)   Coul. recip.
    2.44736e+05    1.62148e+05   -6.06681e+03   -2.28564e+06    7.35988e+03
      Potential    Kinetic En.   Total Energy  Conserved En.    Temperature
   -1.69279e+06    3.76403e+05   -1.31639e+06   -1.35926e+06    3.12550e+02
 Pres. DC (bar) Pressure (bar)   Constr. rmsd
   -1.45529e+02   -2.35438e+01    3.56059e-06


DD  load balancing is limited by minimum cell size in dimension X
DD  step 159999  vol min/aver 0.544! load imb.: force  1.0%
           Step           Time
         160000      320.00000

   Energies (kJ/mol)
           Bond          Angle    Proper Dih.  Improper Dih.          LJ-14
    1.99105e+04    5.43082e+04    8.24443e+04    3.04468e+03    2.45448e+04
     Coulomb-14        LJ (SR)  Disper. corr.   Coulomb (SR)   Coul. recip.
    2.45806e+05    1.58200e+05   -6.07590e+03   -2.28217e+06    7.35497e+03
      Potential    Kinetic En.   Total Energy  Conserved En.    Temperature
   -1.69264e+06    3.76043e+05   -1.31659e+06   -1.35896e+06    3.12251e+02
 Pres. DC (bar) Pressure (bar)   Constr. rmsd
   -1.45965e+02   -2.64761e+01    3.59365e-06


DD  step 164999  vol min/aver 0.544  load imb.: force  1.0%
           Step           Time
         165000      330.00000

   Energies (kJ/mol)
           Bond          Angle    Proper Dih.  Improper Dih.          LJ-14
    1.98504e+04    5.45467e+04    8.27548e+04    3.06813e+03    2.41251e+04
     Coulomb-14        LJ (SR)  Disper. corr.   Coulomb (SR)   Coul. recip.
    2.45069e+05    1.61736e+05   -6.07251e+03   -2.28576e+06    7.19733e+03
      Potential    Kinetic En.   Total Energy  Conserved En.    Temperature
   -1.69349e+06    3.74380e+05   -1.31911e+06   -1.35895e+06    3.10871e+02
 Pres. DC (bar) Pressure (bar)   Constr. rmsd
   -1.45802e+02   -8.14028e+01    3.68215e-06


DD  step 169999  vol min/aver 0.589  load imb.: force  1.4%
           Step           Time
         170000      340.00000

   Energies (kJ/mol)
           Bond          Angle    Proper Dih.  Improper Dih.          LJ-14
    1.98679e+04    5.49383e+04    8.24657e+04    3.09841e+03    2.41672e+04
     Coulomb-14        LJ (SR)  Disper. corr.   Coulomb (SR)   Coul. recip.
    2.45204e+05    1.63071e+05   -6.08564e+03   -2.28760e+06    7.21931e+03
      Potential    Kinetic En.   Total Energy  Conserved En.    Temperature
   -1.69365e+06    3.76600e+05   -1.31705e+06   -1.35839e+06    3.12714e+02
 Pres. DC (bar) Pressure (bar)   Constr. rmsd
   -1.46433e+02    4.41212e+01    3.64902e-06


DD  step 174999  vol min/aver 0.571  load imb.: force  2.7%
           Step           Time
         175000      350.00000

   Energies (kJ/mol)
           Bond          Angle    Proper Dih.  Improper Dih.          LJ-14
    1.97295e+04    5.45034e+04    8.28355e+04    3.09177e+03    2.42146e+04
     Coulomb-14        LJ (SR)  Disper. corr.   Coulomb (SR)   Coul. recip.
    2.45566e+05    1.62328e+05   -6.07697e+03   -2.28543e+06    7.30495e+03
      Potential    Kinetic En.   Total Energy  Conserved En.    Temperature
   -1.69194e+06    3.78140e+05   -1.31380e+06   -1.35901e+06    3.13993e+02
 Pres. DC (bar) Pressure (bar)   Constr. rmsd
   -1.46016e+02    6.72578e+01    3.74438e-06

Writing checkpoint, step 177300 at Thu Aug  1 19:34:50 2024



DD  step 179999  vol min/aver 0.547  load imb.: force  2.2%
           Step           Time
         180000      360.00000

   Energies (kJ/mol)
           Bond          Angle    Proper Dih.  Improper Dih.          LJ-14
    2.01264e+04    5.43149e+04    8.24139e+04    3.02871e+03    2.42839e+04
     Coulomb-14        LJ (SR)  Disper. corr.   Coulomb (SR)   Coul. recip.
    2.44948e+05    1.62408e+05   -6.07851e+03   -2.28842e+06    7.36628e+03
      Potential    Kinetic En.   Total Energy  Conserved En.    Temperature
   -1.69561e+06    3.76170e+05   -1.31944e+06   -1.35827e+06    3.12357e+02
 Pres. DC (bar) Pressure (bar)   Constr. rmsd
   -1.46090e+02   -7.09342e+01    3.65075e-06


DD  load balancing is limited by minimum cell size in dimension X
DD  step 184999  vol min/aver 0.545! load imb.: force  1.2%
           Step           Time
         185000      370.00000

   Energies (kJ/mol)
           Bond          Angle    Proper Dih.  Improper Dih.          LJ-14
    1.93629e+04    5.47057e+04    8.24856e+04    3.16259e+03    2.45594e+04
     Coulomb-14        LJ (SR)  Disper. corr.   Coulomb (SR)   Coul. recip.
    2.45645e+05    1.61866e+05   -6.08933e+03   -2.28822e+06    7.21418e+03
      Potential    Kinetic En.   Total Energy  Conserved En.    Temperature
   -1.69531e+06    3.75867e+05   -1.31944e+06   -1.35880e+06    3.12105e+02
 Pres. DC (bar) Pressure (bar)   Constr. rmsd
   -1.46611e+02    1.04754e+02    3.60560e-06


DD  load balancing is limited by minimum cell size in dimension X
DD  step 189999  vol min/aver 0.544! load imb.: force  0.7%
           Step           Time
         190000      380.00000

   Energies (kJ/mol)
           Bond          Angle    Proper Dih.  Improper Dih.          LJ-14
    2.01687e+04    5.41859e+04    8.25950e+04    3.16289e+03    2.42410e+04
     Coulomb-14        LJ (SR)  Disper. corr.   Coulomb (SR)   Coul. recip.
    2.45525e+05    1.60698e+05   -6.06334e+03   -2.28360e+06    7.34619e+03
      Potential    Kinetic En.   Total Energy  Conserved En.    Temperature
   -1.69174e+06    3.77002e+05   -1.31474e+06   -1.35825e+06    3.13047e+02
 Pres. DC (bar) Pressure (bar)   Constr. rmsd
   -1.45362e+02    6.85710e+01    3.57977e-06


DD  load balancing is limited by minimum cell size in dimension X
DD  step 194999  vol min/aver 0.544! load imb.: force  2.1%
           Step           Time
         195000      390.00000

   Energies (kJ/mol)
           Bond          Angle    Proper Dih.  Improper Dih.          LJ-14
    1.99020e+04    5.48525e+04    8.23592e+04    3.14041e+03    2.46236e+04
     Coulomb-14        LJ (SR)  Disper. corr.   Coulomb (SR)   Coul. recip.
    2.45340e+05    1.60138e+05   -6.07598e+03   -2.28323e+06    7.50787e+03
      Potential    Kinetic En.   Total Energy  Conserved En.    Temperature
   -1.69145e+06    3.76659e+05   -1.31479e+06   -1.35814e+06    3.12763e+02
 Pres. DC (bar) Pressure (bar)   Constr. rmsd
   -1.45969e+02    2.76295e+00    3.62050e-06


DD  step 199999  vol min/aver 0.545  load imb.: force  8.1%
           Step           Time
         200000      400.00000

   Energies (kJ/mol)
           Bond          Angle    Proper Dih.  Improper Dih.          LJ-14
    1.99833e+04    5.55149e+04    8.24345e+04    3.02846e+03    2.44328e+04
     Coulomb-14        LJ (SR)  Disper. corr.   Coulomb (SR)   Coul. recip.
    2.45680e+05    1.59625e+05   -6.07317e+03   -2.28210e+06    7.28370e+03
      Potential    Kinetic En.   Total Energy  Conserved En.    Temperature
   -1.69019e+06    3.77729e+05   -1.31246e+06   -1.35825e+06    3.13651e+02
 Pres. DC (bar) Pressure (bar)   Constr. rmsd
   -1.45834e+02   -5.76987e+01    3.70503e-06


DD  load balancing is limited by minimum cell size in dimension X
DD  step 204999  vol min/aver 0.544! load imb.: force  7.5%
           Step           Time
         205000      410.00000

   Energies (kJ/mol)
           Bond          Angle    Proper Dih.  Improper Dih.          LJ-14
    2.00269e+04    5.44797e+04    8.23157e+04    3.05774e+03    2.43588e+04
     Coulomb-14        LJ (SR)  Disper. corr.   Coulomb (SR)   Coul. recip.
    2.44814e+05    1.60125e+05   -6.06296e+03   -2.28424e+06    7.28665e+03
      Potential    Kinetic En.   Total Energy  Conserved En.    Temperature
   -1.69384e+06    3.77828e+05   -1.31602e+06   -1.35813e+06    3.13733e+02
 Pres. DC (bar) Pressure (bar)   Constr. rmsd
   -1.45344e+02   -9.91486e+01    3.73762e-06

Writing checkpoint, step 209900 at Thu Aug  1 19:49:53 2024



DD  load balancing is limited by minimum cell size in dimension X
DD  step 209999  vol min/aver 0.544! load imb.: force  4.3%
           Step           Time
         210000      420.00000

   Energies (kJ/mol)
           Bond          Angle    Proper Dih.  Improper Dih.          LJ-14
    1.98973e+04    5.52267e+04    8.23326e+04    3.08218e+03    2.42558e+04
     Coulomb-14        LJ (SR)  Disper. corr.   Coulomb (SR)   Coul. recip.
    2.45412e+05    1.61274e+05   -6.07898e+03   -2.28601e+06    7.42685e+03
      Potential    Kinetic En.   Total Energy  Conserved En.    Temperature
   -1.69318e+06    3.77169e+05   -1.31601e+06   -1.35804e+06    3.13186e+02
 Pres. DC (bar) Pressure (bar)   Constr. rmsd
   -1.46113e+02    2.56844e+01    3.58701e-06


DD  load balancing is limited by minimum cell size in dimension X
DD  step 214999  vol min/aver 0.544! load imb.: force  2.4%
           Step           Time
         215000      430.00000

   Energies (kJ/mol)
           Bond          Angle    Proper Dih.  Improper Dih.          LJ-14
    2.00944e+04    5.48103e+04    8.25455e+04    3.02622e+03    2.42970e+04
     Coulomb-14        LJ (SR)  Disper. corr.   Coulomb (SR)   Coul. recip.
    2.46063e+05    1.60984e+05   -6.08381e+03   -2.28989e+06    7.35347e+03
      Potential    Kinetic En.   Total Energy  Conserved En.    Temperature
   -1.69680e+06    3.75370e+05   -1.32143e+06   -1.35788e+06    3.11692e+02
 Pres. DC (bar) Pressure (bar)   Constr. rmsd
   -1.46345e+02   -2.19891e+01    3.72400e-06


DD  load balancing is limited by minimum cell size in dimension X
DD  step 219999  vol min/aver 0.544! load imb.: force  4.0%
           Step           Time
         220000      440.00000

   Energies (kJ/mol)
           Bond          Angle    Proper Dih.  Improper Dih.          LJ-14
    2.01553e+04    5.40630e+04    8.27386e+04    3.03594e+03    2.42150e+04
     Coulomb-14        LJ (SR)  Disper. corr.   Coulomb (SR)   Coul. recip.
    2.45152e+05    1.61887e+05   -6.07445e+03   -2.28796e+06    7.25206e+03
      Potential    Kinetic En.   Total Energy  Conserved En.    Temperature
   -1.69553e+06    3.76042e+05   -1.31949e+06   -1.35796e+06    3.12251e+02
 Pres. DC (bar) Pressure (bar)   Constr. rmsd
   -1.45895e+02   -1.03366e+02    3.61470e-06


DD  step 224999  vol min/aver 0.550  load imb.: force  1.0%
           Step           Time
         225000      450.00000

   Energies (kJ/mol)
           Bond          Angle    Proper Dih.  Improper Dih.          LJ-14
    2.00114e+04    5.48923e+04    8.21448e+04    3.14907e+03    2.45377e+04
     Coulomb-14        LJ (SR)  Disper. corr.   Coulomb (SR)   Coul. recip.
    2.45892e+05    1.58003e+05   -6.06399e+03   -2.28438e+06    7.53873e+03
      Potential    Kinetic En.   Total Energy  Conserved En.    Temperature
   -1.69428e+06    3.77538e+05   -1.31674e+06   -1.35783e+06    3.13493e+02
 Pres. DC (bar) Pressure (bar)   Constr. rmsd
   -1.45393e+02   -4.99029e+01    3.51063e-06


DD  load balancing is limited by minimum cell size in dimension X
DD  step 229999  vol min/aver 0.544! load imb.: force  0.6%
           Step           Time
         230000      460.00000

   Energies (kJ/mol)
           Bond          Angle    Proper Dih.  Improper Dih.          LJ-14
    2.01708e+04    5.48153e+04    8.22852e+04    3.16270e+03    2.42236e+04
     Coulomb-14        LJ (SR)  Disper. corr.   Coulomb (SR)   Coul. recip.
    2.45212e+05    1.62686e+05   -6.06972e+03   -2.28808e+06    7.38006e+03
      Potential    Kinetic En.   Total Energy  Conserved En.    Temperature
   -1.69421e+06    3.76934e+05   -1.31728e+06   -1.35802e+06    3.12992e+02
 Pres. DC (bar) Pressure (bar)   Constr. rmsd
   -1.45668e+02    8.71596e+01    3.66439e-06


DD  load balancing is limited by minimum cell size in dimension X
DD  step 234999  vol min/aver 0.544! load imb.: force  2.0%
           Step           Time
         235000      470.00000

   Energies (kJ/mol)
           Bond          Angle    Proper Dih.  Improper Dih.          LJ-14
    1.99130e+04    5.46955e+04    8.24755e+04    3.08054e+03    2.45115e+04
     Coulomb-14        LJ (SR)  Disper. corr.   Coulomb (SR)   Coul. recip.
    2.45787e+05    1.60789e+05   -6.07210e+03   -2.28690e+06    7.32971e+03
      Potential    Kinetic En.   Total Energy  Conserved En.    Temperature
   -1.69439e+06    3.74889e+05   -1.31951e+06   -1.35741e+06    3.11293e+02
 Pres. DC (bar) Pressure (bar)   Constr. rmsd
   -1.45782e+02    7.15782e+01    3.56532e-06


DD  load balancing is limited by minimum cell size in dimension X
DD  step 239999  vol min/aver 0.544! load imb.: force  2.2%
           Step           Time
         240000      480.00000

   Energies (kJ/mol)
           Bond          Angle    Proper Dih.  Improper Dih.          LJ-14
    2.02465e+04    5.51936e+04    8.30701e+04    3.08746e+03    2.43411e+04
     Coulomb-14        LJ (SR)  Disper. corr.   Coulomb (SR)   Coul. recip.
    2.44673e+05    1.60920e+05   -6.07555e+03   -2.28464e+06    7.30453e+03
      Potential    Kinetic En.   Total Energy  Conserved En.    Temperature
   -1.69188e+06    3.76524e+05   -1.31535e+06   -1.35775e+06    3.12651e+02
 Pres. DC (bar) Pressure (bar)   Constr. rmsd
   -1.45948e+02    5.57132e+01    3.64547e-06


DD  step 244999  vol min/aver 0.554  load imb.: force  6.5%
           Step           Time
         245000      490.00000

   Energies (kJ/mol)
           Bond          Angle    Proper Dih.  Improper Dih.          LJ-14
    1.98131e+04    5.53790e+04    8.25045e+04    3.11442e+03    2.40758e+04
     Coulomb-14        LJ (SR)  Disper. corr.   Coulomb (SR)   Coul. recip.
    2.45444e+05    1.61230e+05   -6.06980e+03   -2.28598e+06    7.38222e+03
      Potential    Kinetic En.   Total Energy  Conserved En.    Temperature
   -1.69311e+06    3.76327e+05   -1.31678e+06   -1.35737e+06    3.12487e+02
 Pres. DC (bar) Pressure (bar)   Constr. rmsd
   -1.45672e+02   -1.76053e+02    3.58594e-06

Writing checkpoint, step 248100 at Thu Aug  1 20:04:51 2024



DD  load balancing is limited by minimum cell size in dimension X
DD  step 249999  vol min/aver 0.544! load imb.: force 10.4%
           Step           Time
         250000      500.00000

   Energies (kJ/mol)
           Bond          Angle    Proper Dih.  Improper Dih.          LJ-14
    2.00267e+04    5.46217e+04    8.24752e+04    3.14124e+03    2.41680e+04
     Coulomb-14        LJ (SR)  Disper. corr.   Coulomb (SR)   Coul. recip.
    2.45542e+05    1.60691e+05   -6.07294e+03   -2.28415e+06    7.45191e+03
      Potential    Kinetic En.   Total Energy  Conserved En.    Temperature
   -1.69211e+06    3.76265e+05   -1.31584e+06   -1.35695e+06    3.12436e+02
 Pres. DC (bar) Pressure (bar)   Constr. rmsd
   -1.45823e+02   -5.56889e+00    3.68688e-06


DD  load balancing is limited by minimum cell size in dimension X
DD  step 254999  vol min/aver 0.544! load imb.: force  7.5%
           Step           Time
         255000      510.00000

   Energies (kJ/mol)
           Bond          Angle    Proper Dih.  Improper Dih.          LJ-14
    1.99326e+04    5.44921e+04    8.23752e+04    3.00302e+03    2.43782e+04
     Coulomb-14        LJ (SR)  Disper. corr.   Coulomb (SR)   Coul. recip.
    2.45033e+05    1.60216e+05   -6.07949e+03   -2.28463e+06    7.37590e+03
      Potential    Kinetic En.   Total Energy  Conserved En.    Temperature
   -1.69390e+06    3.75930e+05   -1.31797e+06   -1.35706e+06    3.12158e+02
 Pres. DC (bar) Pressure (bar)   Constr. rmsd
   -1.46138e+02    1.32909e+01    3.71137e-06


DD  load balancing is limited by minimum cell size in dimension X
DD  step 259999  vol min/aver 0.544! load imb.: force  5.0%
           Step           Time
         260000      520.00000

   Energies (kJ/mol)
           Bond          Angle    Proper Dih.  Improper Dih.          LJ-14
    1.96652e+04    5.45922e+04    8.28397e+04    3.04929e+03    2.42202e+04
     Coulomb-14        LJ (SR)  Disper. corr.   Coulomb (SR)   Coul. recip.
    2.45433e+05    1.60799e+05   -6.08492e+03   -2.28520e+06    7.44881e+03
      Potential    Kinetic En.   Total Energy  Conserved En.    Temperature
   -1.69324e+06    3.78512e+05   -1.31473e+06   -1.35709e+06    3.14301e+02
 Pres. DC (bar) Pressure (bar)   Constr. rmsd
   -1.46399e+02    2.96582e+01    3.61400e-06


DD  load balancing is limited by minimum cell size in dimension X
DD  step 264999  vol min/aver 0.544! load imb.: force  1.6%
           Step           Time
         265000      530.00000

   Energies (kJ/mol)
           Bond          Angle    Proper Dih.  Improper Dih.          LJ-14
    1.99786e+04    5.49853e+04    8.27955e+04    3.10572e+03    2.44007e+04
     Coulomb-14        LJ (SR)  Disper. corr.   Coulomb (SR)   Coul. recip.
    2.45497e+05    1.61575e+05   -6.08006e+03   -2.28918e+06    7.26617e+03
      Potential    Kinetic En.   Total Energy  Conserved En.    Temperature
   -1.69565e+06    3.77357e+05   -1.31830e+06   -1.35709e+06    3.13342e+02
 Pres. DC (bar) Pressure (bar)   Constr. rmsd
   -1.46165e+02   -1.58562e+00    3.79988e-06


DD  load balancing is limited by minimum cell size in dimension X
DD  step 269999  vol min/aver 0.544! load imb.: force  1.3%
           Step           Time
         270000      540.00000

   Energies (kJ/mol)
           Bond          Angle    Proper Dih.  Improper Dih.          LJ-14
    1.97656e+04    5.42801e+04    8.26161e+04    3.08187e+03    2.40903e+04
     Coulomb-14        LJ (SR)  Disper. corr.   Coulomb (SR)   Coul. recip.
    2.45533e+05    1.60250e+05   -6.06498e+03   -2.28460e+06    7.28592e+03
      Potential    Kinetic En.   Total Energy  Conserved En.    Temperature
   -1.69376e+06    3.76830e+05   -1.31693e+06   -1.35696e+06    3.12905e+02
 Pres. DC (bar) Pressure (bar)   Constr. rmsd
   -1.45440e+02   -5.05042e+01    3.59660e-06

Writing checkpoint, step 272500 at Thu Aug  1 20:19:50 2024



DD  load balancing is limited by minimum cell size in dimension X
DD  step 274999  vol min/aver 0.544! load imb.: force  6.9%
           Step           Time
         275000      550.00000

   Energies (kJ/mol)
           Bond          Angle    Proper Dih.  Improper Dih.          LJ-14
    1.98715e+04    5.45679e+04    8.24398e+04    3.08966e+03    2.43735e+04
     Coulomb-14        LJ (SR)  Disper. corr.   Coulomb (SR)   Coul. recip.
    2.45423e+05    1.61570e+05   -6.06785e+03   -2.28681e+06    7.25989e+03
      Potential    Kinetic En.   Total Energy  Conserved En.    Temperature
   -1.69429e+06    3.77472e+05   -1.31681e+06   -1.35648e+06    3.13438e+02
 Pres. DC (bar) Pressure (bar)   Constr. rmsd
   -1.45578e+02    6.13621e+01    3.59091e-06


DD  load balancing is limited by minimum cell size in dimension X
DD  step 279999  vol min/aver 0.544! load imb.: force  2.7%
           Step           Time
         280000      560.00000

   Energies (kJ/mol)
           Bond          Angle    Proper Dih.  Improper Dih.          LJ-14
    1.98462e+04    5.49147e+04    8.25765e+04    3.00508e+03    2.44558e+04
     Coulomb-14        LJ (SR)  Disper. corr.   Coulomb (SR)   Coul. recip.
    2.44917e+05    1.61652e+05   -6.07939e+03   -2.28632e+06    7.25802e+03
      Potential    Kinetic En.   Total Energy  Conserved En.    Temperature
   -1.69378e+06    3.76378e+05   -1.31740e+06   -1.35676e+06    3.12529e+02
 Pres. DC (bar) Pressure (bar)   Constr. rmsd
   -1.46133e+02    5.07381e+01    3.61099e-06


DD  step 284999  vol min/aver 0.545  load imb.: force  1.5%
           Step           Time
         285000      570.00000

   Energies (kJ/mol)
           Bond          Angle    Proper Dih.  Improper Dih.          LJ-14
    1.97846e+04    5.47725e+04    8.25620e+04    3.03740e+03    2.41211e+04
     Coulomb-14        LJ (SR)  Disper. corr.   Coulomb (SR)   Coul. recip.
    2.45432e+05    1.59260e+05   -6.08227e+03   -2.28407e+06    7.30090e+03
      Potential    Kinetic En.   Total Energy  Conserved En.    Temperature
   -1.69388e+06    3.76786e+05   -1.31710e+06   -1.35632e+06    3.12869e+02
 Pres. DC (bar) Pressure (bar)   Constr. rmsd
   -1.46271e+02   -1.66991e+02    3.68446e-06


DD  step 289999  vol min/aver 0.545  load imb.: force  2.8%
           Step           Time
         290000      580.00000

   Energies (kJ/mol)
           Bond          Angle    Proper Dih.  Improper Dih.          LJ-14
    2.00736e+04    5.41059e+04    8.24968e+04    2.99457e+03    2.42905e+04
     Coulomb-14        LJ (SR)  Disper. corr.   Coulomb (SR)   Coul. recip.
    2.45301e+05    1.64937e+05   -6.08006e+03   -2.29126e+06    7.38798e+03
      Potential    Kinetic En.   Total Energy  Conserved En.    Temperature
   -1.69575e+06    3.77246e+05   -1.31851e+06   -1.35669e+06    3.13250e+02
 Pres. DC (bar) Pressure (bar)   Constr. rmsd
   -1.46165e+02    1.74502e+02    3.62258e-06


DD  load balancing is limited by minimum cell size in dimension X
DD  step 294999  vol min/aver 0.544! load imb.: force  1.4%
           Step           Time
         295000      590.00000

   Energies (kJ/mol)
           Bond          Angle    Proper Dih.  Improper Dih.          LJ-14
    1.98001e+04    5.41610e+04    8.23957e+04    3.06754e+03    2.41555e+04
     Coulomb-14        LJ (SR)  Disper. corr.   Coulomb (SR)   Coul. recip.
    2.45560e+05    1.59736e+05   -6.08021e+03   -2.28472e+06    7.32351e+03
      Potential    Kinetic En.   Total Energy  Conserved En.    Temperature
   -1.69461e+06    3.77676e+05   -1.31693e+06   -1.35613e+06    3.13607e+02
 Pres. DC (bar) Pressure (bar)   Constr. rmsd
   -1.46172e+02   -1.16892e+02    3.59738e-06


DD  load balancing is limited by minimum cell size in dimension X
DD  step 299999  vol min/aver 0.544! load imb.: force  3.3%
           Step           Time
         300000      600.00000

   Energies (kJ/mol)
           Bond          Angle    Proper Dih.  Improper Dih.          LJ-14
    1.99642e+04    5.48788e+04    8.24897e+04    3.13531e+03    2.43939e+04
     Coulomb-14        LJ (SR)  Disper. corr.   Coulomb (SR)   Coul. recip.
    2.45534e+05    1.60628e+05   -6.07291e+03   -2.28522e+06    7.42118e+03
      Potential    Kinetic En.   Total Energy  Conserved En.    Temperature
   -1.69285e+06    3.78185e+05   -1.31467e+06   -1.35646e+06    3.14030e+02
 Pres. DC (bar) Pressure (bar)   Constr. rmsd
   -1.45821e+02    1.25593e+02    3.61634e-06


DD  step 304999  vol min/aver 0.546  load imb.: force  1.3%
           Step           Time
         305000      610.00000

Writing checkpoint, step 305000 at Thu Aug  1 20:34:56 2024


   Energies (kJ/mol)
           Bond          Angle    Proper Dih.  Improper Dih.          LJ-14
    1.99341e+04    5.51299e+04    8.25473e+04    3.05068e+03    2.41324e+04
     Coulomb-14        LJ (SR)  Disper. corr.   Coulomb (SR)   Coul. recip.
    2.45143e+05    1.58808e+05   -6.07750e+03   -2.28333e+06    7.33544e+03
      Potential    Kinetic En.   Total Energy  Conserved En.    Temperature
   -1.69333e+06    3.77966e+05   -1.31536e+06   -1.35581e+06    3.13848e+02
 Pres. DC (bar) Pressure (bar)   Constr. rmsd
   -1.46041e+02   -2.46094e+01    3.65332e-06


DD  load balancing is limited by minimum cell size in dimension X
DD  step 309999  vol min/aver 0.544! load imb.: force  2.2%
           Step           Time
         310000      620.00000

   Energies (kJ/mol)
           Bond          Angle    Proper Dih.  Improper Dih.          LJ-14
    1.98643e+04    5.39816e+04    8.23239e+04    3.10918e+03    2.43014e+04
     Coulomb-14        LJ (SR)  Disper. corr.   Coulomb (SR)   Coul. recip.
    2.45138e+05    1.59617e+05   -6.06833e+03   -2.28221e+06    7.38805e+03
      Potential    Kinetic En.   Total Energy  Conserved En.    Temperature
   -1.69255e+06    3.76020e+05   -1.31653e+06   -1.35634e+06    3.12233e+02
 Pres. DC (bar) Pressure (bar)   Constr. rmsd
   -1.45601e+02   -8.97993e+00    3.68348e-06


DD  load balancing is limited by minimum cell size in dimension X
DD  step 314999  vol min/aver 0.544! load imb.: force  2.4%
           Step           Time
         315000      630.00000

   Energies (kJ/mol)
           Bond          Angle    Proper Dih.  Improper Dih.          LJ-14
    2.02770e+04    5.50577e+04    8.26853e+04    3.09173e+03    2.41921e+04
     Coulomb-14        LJ (SR)  Disper. corr.   Coulomb (SR)   Coul. recip.
    2.44954e+05    1.61616e+05   -6.06608e+03   -2.28723e+06    7.27914e+03
      Potential    Kinetic En.   Total Energy  Conserved En.    Temperature
   -1.69414e+06    3.77103e+05   -1.31704e+06   -1.35598e+06    3.13131e+02
 Pres. DC (bar) Pressure (bar)   Constr. rmsd
   -1.45493e+02   -1.01950e+02    3.68155e-06


DD  step 319999  vol min/aver 0.550  load imb.: force  1.1%
           Step           Time
         320000      640.00000

   Energies (kJ/mol)
           Bond          Angle    Proper Dih.  Improper Dih.          LJ-14
    2.02224e+04    5.46125e+04    8.28017e+04    2.91488e+03    2.43555e+04
     Coulomb-14        LJ (SR)  Disper. corr.   Coulomb (SR)   Coul. recip.
    2.45169e+05    1.60963e+05   -6.07479e+03   -2.28617e+06    7.29165e+03
      Potential    Kinetic En.   Total Energy  Conserved En.    Temperature
   -1.69392e+06    3.76575e+05   -1.31734e+06   -1.35608e+06    3.12693e+02
 Pres. DC (bar) Pressure (bar)   Constr. rmsd
   -1.45911e+02    3.60615e+01    3.67546e-06


DD  step 324999  vol min/aver 0.553  load imb.: force  2.7%
           Step           Time
         325000      650.00000

   Energies (kJ/mol)
           Bond          Angle    Proper Dih.  Improper Dih.          LJ-14
    2.01158e+04    5.48498e+04    8.24924e+04    3.17328e+03    2.42725e+04
     Coulomb-14        LJ (SR)  Disper. corr.   Coulomb (SR)   Coul. recip.
    2.45293e+05    1.62251e+05   -6.05369e+03   -2.28690e+06    7.18585e+03
      Potential    Kinetic En.   Total Energy  Conserved En.    Temperature
   -1.69332e+06    3.77166e+05   -1.31615e+06   -1.35570e+06    3.13184e+02
 Pres. DC (bar) Pressure (bar)   Constr. rmsd
   -1.44899e+02   -5.47168e+01    3.61894e-06


DD  load balancing is limited by minimum cell size in dimension X
DD  step 329999  vol min/aver 0.544! load imb.: force  2.3%
           Step           Time
         330000      660.00000

   Energies (kJ/mol)
           Bond          Angle    Proper Dih.  Improper Dih.          LJ-14
    1.96428e+04    5.47578e+04    8.23580e+04    3.09444e+03    2.42445e+04
     Coulomb-14        LJ (SR)  Disper. corr.   Coulomb (SR)   Coul. recip.
    2.45840e+05    1.62083e+05   -6.07182e+03   -2.28769e+06    7.36731e+03
      Potential    Kinetic En.   Total Energy  Conserved En.    Temperature
   -1.69437e+06    3.76483e+05   -1.31789e+06   -1.35566e+06    3.12617e+02
 Pres. DC (bar) Pressure (bar)   Constr. rmsd
   -1.45769e+02    4.80787e+01    3.61766e-06


DD  step 334999  vol min/aver 0.590  load imb.: force  1.4%
           Step           Time
         335000      670.00000

   Energies (kJ/mol)
           Bond          Angle    Proper Dih.  Improper Dih.          LJ-14
    2.02294e+04    5.46106e+04    8.25479e+04    3.10739e+03    2.42477e+04
     Coulomb-14        LJ (SR)  Disper. corr.   Coulomb (SR)   Coul. recip.
    2.45127e+05    1.60301e+05   -6.06228e+03   -2.28174e+06    7.36682e+03
      Potential    Kinetic En.   Total Energy  Conserved En.    Temperature
   -1.69026e+06    3.79674e+05   -1.31059e+06   -1.35563e+06    3.15266e+02
 Pres. DC (bar) Pressure (bar)   Constr. rmsd
   -1.45311e+02   -2.19311e+01    3.64412e-06


DD  load balancing is limited by minimum cell size in dimension X
DD  step 339999  vol min/aver 0.544! load imb.: force  1.2%
           Step           Time
         340000      680.00000

   Energies (kJ/mol)
           Bond          Angle    Proper Dih.  Improper Dih.          LJ-14
    2.00054e+04    5.45121e+04    8.22111e+04    3.06611e+03    2.42924e+04
     Coulomb-14        LJ (SR)  Disper. corr.   Coulomb (SR)   Coul. recip.
    2.45688e+05    1.62499e+05   -6.06833e+03   -2.29043e+06    7.18013e+03
      Potential    Kinetic En.   Total Energy  Conserved En.    Temperature
   -1.69705e+06    3.76392e+05   -1.32065e+06   -1.35550e+06    3.12541e+02
 Pres. DC (bar) Pressure (bar)   Constr. rmsd
   -1.45601e+02   -4.43439e+01    3.61361e-06


DD  load balancing is limited by minimum cell size in dimension X
DD  step 344999  vol min/aver 0.544! load imb.: force  1.4%
           Step           Time
         345000      690.00000

   Energies (kJ/mol)
           Bond          Angle    Proper Dih.  Improper Dih.          LJ-14
    1.98005e+04    5.45426e+04    8.26892e+04    3.14874e+03    2.42548e+04
     Coulomb-14        LJ (SR)  Disper. corr.   Coulomb (SR)   Coul. recip.
    2.45644e+05    1.61166e+05   -6.07722e+03   -2.28613e+06    7.35545e+03
      Potential    Kinetic En.   Total Energy  Conserved En.    Temperature
   -1.69361e+06    3.77878e+05   -1.31573e+06   -1.35548e+06    3.13775e+02
 Pres. DC (bar) Pressure (bar)   Constr. rmsd
   -1.46028e+02   -5.63282e+01    3.66349e-06


DD  step 349999  vol min/aver 0.546  load imb.: force  0.5%
           Step           Time
         350000      700.00000

   Energies (kJ/mol)
           Bond          Angle    Proper Dih.  Improper Dih.          LJ-14
    2.01523e+04    5.50511e+04    8.25663e+04    3.07221e+03    2.41783e+04
     Coulomb-14        LJ (SR)  Disper. corr.   Coulomb (SR)   Coul. recip.
    2.45143e+05    1.58699e+05   -6.07894e+03   -2.28423e+06    7.20307e+03
      Potential    Kinetic En.   Total Energy  Conserved En.    Temperature
   -1.69424e+06    3.78185e+05   -1.31606e+06   -1.35550e+06    3.14030e+02
 Pres. DC (bar) Pressure (bar)   Constr. rmsd
   -1.46111e+02   -1.95258e+02    3.65007e-06

Writing checkpoint, step 351400 at Thu Aug  1 20:49:49 2024



DD  step 354999  vol min/aver 0.658  load imb.: force  1.6%
           Step           Time
         355000      710.00000

   Energies (kJ/mol)
           Bond          Angle    Proper Dih.  Improper Dih.          LJ-14
    2.01538e+04    5.49405e+04    8.25236e+04    3.15944e+03    2.43149e+04
     Coulomb-14        LJ (SR)  Disper. corr.   Coulomb (SR)   Coul. recip.
    2.46431e+05    1.61153e+05   -6.08509e+03   -2.28747e+06    7.30549e+03
      Potential    Kinetic En.   Total Energy  Conserved En.    Temperature
   -1.69357e+06    3.76150e+05   -1.31742e+06   -1.35568e+06    3.12340e+02
 Pres. DC (bar) Pressure (bar)   Constr. rmsd
   -1.46407e+02   -2.85321e+01    3.66800e-06


DD  step 359999  vol min/aver 0.679  load imb.: force  0.9%
           Step           Time
         360000      720.00000

   Energies (kJ/mol)
           Bond          Angle    Proper Dih.  Improper Dih.          LJ-14
    2.00443e+04    5.51653e+04    8.24241e+04    3.09224e+03    2.41618e+04
     Coulomb-14        LJ (SR)  Disper. corr.   Coulomb (SR)   Coul. recip.
    2.44789e+05    1.59985e+05   -6.09116e+03   -2.28611e+06    7.22548e+03
      Potential    Kinetic En.   Total Energy  Conserved En.    Temperature
   -1.69531e+06    3.77089e+05   -1.31822e+06   -1.35521e+06    3.13120e+02
 Pres. DC (bar) Pressure (bar)   Constr. rmsd
   -1.46699e+02   -2.29813e+01    3.72871e-06


DD  load balancing is limited by minimum cell size in dimension X
DD  step 364999  vol min/aver 0.544! load imb.: force  3.9%
           Step           Time
         365000      730.00000

   Energies (kJ/mol)
           Bond          Angle    Proper Dih.  Improper Dih.          LJ-14
    1.99700e+04    5.53080e+04    8.23462e+04    3.08571e+03    2.44332e+04
     Coulomb-14        LJ (SR)  Disper. corr.   Coulomb (SR)   Coul. recip.
    2.45030e+05    1.64685e+05   -6.07586e+03   -2.28950e+06    7.34092e+03
      Potential    Kinetic En.   Total Energy  Conserved En.    Temperature
   -1.69337e+06    3.77349e+05   -1.31602e+06   -1.35536e+06    3.13336e+02
 Pres. DC (bar) Pressure (bar)   Constr. rmsd
   -1.45963e+02    1.72334e+02    3.65558e-06


DD  step 369999  vol min/aver 0.602  load imb.: force  1.3%
           Step           Time
         370000      740.00000

   Energies (kJ/mol)
           Bond          Angle    Proper Dih.  Improper Dih.          LJ-14
    1.99873e+04    5.44523e+04    8.23359e+04    3.00630e+03    2.45630e+04
     Coulomb-14        LJ (SR)  Disper. corr.   Coulomb (SR)   Coul. recip.
    2.45333e+05    1.60608e+05   -6.06964e+03   -2.28471e+06    7.26413e+03
      Potential    Kinetic En.   Total Energy  Conserved En.    Temperature
   -1.69323e+06    3.76818e+05   -1.31641e+06   -1.35494e+06    3.12895e+02
 Pres. DC (bar) Pressure (bar)   Constr. rmsd
   -1.45664e+02    8.48137e+01    3.64411e-06


DD  step 374999  vol min/aver 0.553  load imb.: force  8.3%
           Step           Time
         375000      750.00000

   Energies (kJ/mol)
           Bond          Angle    Proper Dih.  Improper Dih.          LJ-14
    1.95768e+04    5.51145e+04    8.25679e+04    3.11952e+03    2.45929e+04
     Coulomb-14        LJ (SR)  Disper. corr.   Coulomb (SR)   Coul. recip.
    2.45664e+05    1.60179e+05   -6.06752e+03   -2.28535e+06    7.23245e+03
      Potential    Kinetic En.   Total Energy  Conserved En.    Temperature
   -1.69337e+06    3.77442e+05   -1.31593e+06   -1.35495e+06    3.13413e+02
 Pres. DC (bar) Pressure (bar)   Constr. rmsd
   -1.45562e+02   -1.61441e+01    3.66438e-06


DD  load balancing is limited by minimum cell size in dimension X
DD  step 379999  vol min/aver 0.544! load imb.: force  2.3%
           Step           Time
         380000      760.00000

   Energies (kJ/mol)
           Bond          Angle    Proper Dih.  Improper Dih.          LJ-14
    1.96213e+04    5.47361e+04    8.23517e+04    2.98950e+03    2.45774e+04
     Coulomb-14        LJ (SR)  Disper. corr.   Coulomb (SR)   Coul. recip.
    2.45299e+05    1.62130e+05   -6.08487e+03   -2.29049e+06    7.38166e+03
      Potential    Kinetic En.   Total Energy  Conserved En.    Temperature
   -1.69749e+06    3.77685e+05   -1.31981e+06   -1.35435e+06    3.13615e+02
 Pres. DC (bar) Pressure (bar)   Constr. rmsd
   -1.46396e+02   -9.46252e+00    3.67345e-06


DD  step 384999  vol min/aver 0.588  load imb.: force  0.4%
           Step           Time
         385000      770.00000

   Energies (kJ/mol)
           Bond          Angle    Proper Dih.  Improper Dih.          LJ-14
    1.98080e+04    5.53943e+04    8.27401e+04    3.18109e+03    2.43509e+04
     Coulomb-14        LJ (SR)  Disper. corr.   Coulomb (SR)   Coul. recip.
    2.45194e+05    1.61344e+05   -6.07266e+03   -2.28469e+06    7.21301e+03
      Potential    Kinetic En.   Total Energy  Conserved En.    Temperature
   -1.69154e+06    3.76640e+05   -1.31490e+06   -1.35452e+06    3.12747e+02
 Pres. DC (bar) Pressure (bar)   Constr. rmsd
   -1.45809e+02    9.50090e+01    3.74383e-06

Writing checkpoint, step 389100 at Thu Aug  1 21:04:52 2024



DD  step 389999  vol min/aver 0.565  load imb.: force  0.8%
           Step           Time
         390000      780.00000

   Energies (kJ/mol)
           Bond          Angle    Proper Dih.  Improper Dih.          LJ-14
    2.01695e+04    5.48646e+04    8.23697e+04    2.99560e+03    2.44999e+04
     Coulomb-14        LJ (SR)  Disper. corr.   Coulomb (SR)   Coul. recip.
    2.45389e+05    1.62116e+05   -6.08066e+03   -2.28889e+06    7.34302e+03
      Potential    Kinetic En.   Total Energy  Conserved En.    Temperature
   -1.69523e+06    3.78058e+05   -1.31717e+06   -1.35458e+06    3.13924e+02
 Pres. DC (bar) Pressure (bar)   Constr. rmsd
   -1.46194e+02    2.66765e+01    3.76707e-06


DD  step 394999  vol min/aver 0.572  load imb.: force  2.0%
           Step           Time
         395000      790.00000

   Energies (kJ/mol)
           Bond          Angle    Proper Dih.  Improper Dih.          LJ-14
    1.96949e+04    5.47083e+04    8.24337e+04    3.13681e+03    2.42718e+04
     Coulomb-14        LJ (SR)  Disper. corr.   Coulomb (SR)   Coul. recip.
    2.45983e+05    1.59833e+05   -6.05265e+03   -2.28426e+06    7.37921e+03
      Potential    Kinetic En.   Total Energy  Conserved En.    Temperature
   -1.69287e+06    3.76715e+05   -1.31616e+06   -1.35444e+06    3.12809e+02
 Pres. DC (bar) Pressure (bar)   Constr. rmsd
   -1.44850e+02   -1.31167e+02    3.68660e-06


DD  step 399999  vol min/aver 0.580  load imb.: force  0.7%
           Step           Time
         400000      800.00000

   Energies (kJ/mol)
           Bond          Angle    Proper Dih.  Improper Dih.          LJ-14
    2.02340e+04    5.47663e+04    8.27308e+04    3.13492e+03    2.43250e+04
     Coulomb-14        LJ (SR)  Disper. corr.   Coulomb (SR)   Coul. recip.
    2.45296e+05    1.62085e+05   -6.07682e+03   -2.28818e+06    7.22524e+03
      Potential    Kinetic En.   Total Energy  Conserved En.    Temperature
   -1.69446e+06    3.76257e+05   -1.31821e+06   -1.35435e+06    3.12429e+02
 Pres. DC (bar) Pressure (bar)   Constr. rmsd
   -1.46009e+02   -4.14099e+01    3.68645e-06


DD  step 404999  vol min/aver 0.598  load imb.: force  4.5%
           Step           Time
         405000      810.00000

   Energies (kJ/mol)
           Bond          Angle    Proper Dih.  Improper Dih.          LJ-14
    2.00711e+04    5.44514e+04    8.25095e+04    3.07632e+03    2.44020e+04
     Coulomb-14        LJ (SR)  Disper. corr.   Coulomb (SR)   Coul. recip.
    2.45700e+05    1.62274e+05   -6.08092e+03   -2.28852e+06    7.07994e+03
      Potential    Kinetic En.   Total Energy  Conserved En.    Temperature
   -1.69503e+06    3.76742e+05   -1.31829e+06   -1.35437e+06    3.12832e+02
 Pres. DC (bar) Pressure (bar)   Constr. rmsd
   -1.46206e+02    2.47562e+01    3.70193e-06


DD  step 409999  vol min/aver 0.544  load imb.: force  2.4%
           Step           Time
         410000      820.00000

   Energies (kJ/mol)
           Bond          Angle    Proper Dih.  Improper Dih.          LJ-14
    2.00411e+04    5.48579e+04    8.27964e+04    3.23488e+03    2.43155e+04
     Coulomb-14        LJ (SR)  Disper. corr.   Coulomb (SR)   Coul. recip.
    2.45491e+05    1.59790e+05   -6.06846e+03   -2.28573e+06    7.36047e+03
      Potential    Kinetic En.   Total Energy  Conserved En.    Temperature
   -1.69391e+06    3.76579e+05   -1.31733e+06   -1.35396e+06    3.12696e+02
 Pres. DC (bar) Pressure (bar)   Constr. rmsd
   -1.45608e+02   -3.00929e+01    3.69717e-06


DD  step 414999  vol min/aver 0.546  load imb.: force  3.1%
           Step           Time
         415000      830.00000

   Energies (kJ/mol)
           Bond          Angle    Proper Dih.  Improper Dih.          LJ-14
    2.01656e+04    5.43658e+04    8.24102e+04    3.17781e+03    2.42708e+04
     Coulomb-14        LJ (SR)  Disper. corr.   Coulomb (SR)   Coul. recip.
    2.44663e+05    1.59783e+05   -6.06474e+03   -2.28238e+06    7.39361e+03
      Potential    Kinetic En.   Total Energy  Conserved En.    Temperature
   -1.69222e+06    3.77187e+05   -1.31503e+06   -1.35402e+06    3.13201e+02
 Pres. DC (bar) Pressure (bar)   Constr. rmsd
   -1.45429e+02   -4.86867e+01    3.67491e-06


DD  step 419999  vol min/aver 0.550  load imb.: force  2.1%
           Step           Time
         420000      840.00000

   Energies (kJ/mol)
           Bond          Angle    Proper Dih.  Improper Dih.          LJ-14
    1.97001e+04    5.48066e+04    8.25720e+04    3.16125e+03    2.45158e+04
     Coulomb-14        LJ (SR)  Disper. corr.   Coulomb (SR)   Coul. recip.
    2.45278e+05    1.62069e+05   -6.08005e+03   -2.28860e+06    7.25033e+03
      Potential    Kinetic En.   Total Energy  Conserved En.    Temperature
   -1.69532e+06    3.76363e+05   -1.31896e+06   -1.35352e+06    3.12517e+02
 Pres. DC (bar) Pressure (bar)   Constr. rmsd
   -1.46165e+02    1.86470e+02    3.71559e-06


DD  load balancing is limited by minimum cell size in dimension X
DD  step 424999  vol min/aver 0.544! load imb.: force  1.3%
           Step           Time
         425000      850.00000

   Energies (kJ/mol)
           Bond          Angle    Proper Dih.  Improper Dih.          LJ-14
    1.99368e+04    5.50341e+04    8.23582e+04    3.16320e+03    2.42199e+04
     Coulomb-14        LJ (SR)  Disper. corr.   Coulomb (SR)   Coul. recip.
    2.44912e+05    1.60958e+05   -6.06496e+03   -2.28429e+06    7.36003e+03
      Potential    Kinetic En.   Total Energy  Conserved En.    Temperature
   -1.69241e+06    3.74763e+05   -1.31765e+06   -1.35339e+06    3.11189e+02
 Pres. DC (bar) Pressure (bar)   Constr. rmsd
   -1.45440e+02   -9.14260e+01    3.69486e-06



Received the remote second INT/TERM signal, stopping within 3 steps

           Step           Time
         429151      858.30200

Writing checkpoint, step 429151 at Thu Aug  1 21:18:12 2024


   Energies (kJ/mol)
           Bond          Angle    Proper Dih.  Improper Dih.          LJ-14
    2.02376e+04    5.47346e+04    8.25425e+04    3.09867e+03    2.41784e+04
     Coulomb-14        LJ (SR)  Disper. corr.   Coulomb (SR)   Coul. recip.
    2.44839e+05    1.61733e+05   -6.07332e+03   -2.28786e+06    7.39048e+03
      Potential    Kinetic En.   Total Energy  Conserved En.    Temperature
   -1.69518e+06    3.76732e+05   -1.31845e+06   -1.35265e+06    3.12823e+02
 Pres. DC (bar) Pressure (bar)   Constr. rmsd
   -1.45841e+02   -9.39413e+01    3.59348e-06


	<======  ###############  ==>
	<====  A V E R A G E S  ====>
	<==  ###############  ======>

	Statistics over 429152 steps using 4292 frames

   Energies (kJ/mol)
           Bond          Angle    Proper Dih.  Improper Dih.          LJ-14
    1.99720e+04    5.47160e+04    8.24640e+04    3.09028e+03    2.43017e+04
     Coulomb-14        LJ (SR)  Disper. corr.   Coulomb (SR)   Coul. recip.
    2.45266e+05    1.61072e+05   -6.07487e+03   -2.28606e+06    7.34244e+03
      Potential    Kinetic En.   Total Energy  Conserved En.    Temperature
   -1.69391e+06    3.76944e+05   -1.31696e+06   -1.35793e+06    3.13000e+02
 Pres. DC (bar) Pressure (bar)   Constr. rmsd
   -1.45915e+02    1.17374e+00    0.00000e+00

          Box-X          Box-Y          Box-Z
    1.21557e+01    1.14605e+01    9.92507e+00

   Total Virial (kJ/mol)
    1.25929e+05    7.61044e+01   -1.69635e+02
    4.87487e+01    1.25448e+05   -3.86932e+01
   -1.74874e+02   -1.80932e+01    1.25425e+05

   Pressure (bar)
   -4.39719e-01   -2.96468e-01   -4.74383e-01
    3.60682e-01    2.10454e-01    2.25410e+00
   -3.48486e-01    1.75912e+00    3.75049e+00

  T-Protein_MOLT-Water_and_ions
    3.13009e+02    3.12997e+02


       P P   -   P M E   L O A D   B A L A N C I N G

 PP/PME load balancing changed the cut-off and PME settings:
           particle-particle                    PME
            rcoulomb  rlist            grid      spacing   1/beta
   initial  1.200 nm  1.201 nm     104 104 104   0.117 nm  0.384 nm
   final    1.212 nm  1.213 nm     100 100 100   0.121 nm  0.388 nm
 cost-ratio           1.03             0.89
 (note that these numbers concern only part of the total PP and PME load)


	M E G A - F L O P S   A C C O U N T I N G

 NB=Group-cutoff nonbonded kernels    NxN=N-by-N cluster Verlet kernels
 RF=Reaction-Field  VdW=Van der Waals  QSTab=quadratic-spline table
 W3=SPC/TIP3p  W4=TIP4p (single or pairs)
 V&F=Potential and force  V=Potential only  F=Force only

 Computing:                               M-Number         M-Flops  % Flops
-----------------------------------------------------------------------------
 Pair Search distance check          102567.233648      923105.103     0.0
 NxN Ewald Elec. + LJ [F]          79110990.496704  5221325372.782    95.1
 NxN Ewald Elec. + LJ [V&F]          799379.152960    85533569.367     1.6
 Calc Weights                        178456.851072     6424446.639     0.1
 Spread Q Bspline                   3807079.489536     7614158.979     0.1
 Gather F Bspline                   3807079.489536    22842476.937     0.4
 3D-FFT                            17106243.794576   136849950.357     2.5
 Solve PME                             4291.270400      274641.306     0.0
 Reset In Box                           594.784092        1784.352     0.0
 CG-CoM                                 594.922704        1784.768     0.0
 Virial                                2978.337528       53610.076     0.0
 Stop-CM                                594.922704        5949.227     0.0
 Calc-Ekin                            59485.755636     1606115.402     0.0
 Lincs                                 5578.151164      334689.070     0.0
 Lincs-Mat                            30080.378256      120321.513     0.0
 Constraint-V                         61560.880568      492487.045     0.0
 Constraint-Vir                        2799.319208       67183.661     0.0
 Settle                               16801.526080     5426892.924     0.1
-----------------------------------------------------------------------------
 Total                                              5489898539.506   100.0
-----------------------------------------------------------------------------


    D O M A I N   D E C O M P O S I T I O N   S T A T I S T I C S

 av. #atoms communicated per step for force:  2 x 75886.7
 av. #atoms communicated per step for LINCS:  2 x 4618.2


Dynamic load balancing report:
 DLB was turned on during the run due to measured imbalance.
 Average load imbalance: 3.5%.
 The balanceable part of the MD step is 51%, load imbalance is computed from this.
 Part of the total run time spent waiting due to load imbalance: 1.8%.
 Steps where the load balancing was limited by -rdd, -rcon and/or -dds: X 0 %


     R E A L   C Y C L E   A N D   T I M E   A C C O U N T I N G

On 4 MPI ranks, each using 5 OpenMP threads

 Computing:          Num   Num      Call    Wall time         Giga-Cycles
                     Ranks Threads  Count      (s)         total sum    %
-----------------------------------------------------------------------------
 Domain decomp.         4    5       4291     116.140       5110.134   1.2
 DD comm. load          4    5       3901       2.448        107.701   0.0
 DD comm. bounds        4    5       3892       3.217        141.527   0.0
 Neighbor search        4    5       4292      50.410       2218.022   0.5
 Launch GPU ops.        4    5     858304      45.984       2023.307   0.5
 Comm. coord.           4    5     424860     374.945      16497.484   3.8
 Force                  4    5     429152      39.229       1726.073   0.4
 Wait + Comm. F         4    5     429152     272.742      12000.599   2.8
 PME mesh               4    5     429152    6146.569     270447.711  62.7
 Wait Bonded GPU        4    5       4293       0.006          0.281   0.0
 Wait GPU NB nonloc.    4    5     429152       4.455        196.038   0.0
 Wait GPU NB local      4    5     429152       1.279         56.274   0.0
 NB X/F buffer ops.     4    5    1708024     343.102      15096.420   3.5
 COM pull force         4    5     429152     958.921      42192.317   9.8
 Write traj.            4    5         96       0.894         39.337   0.0
 Update                 4    5     429152     152.653       6716.711   1.6
 Constraints            4    5     429152     605.026      26621.017   6.2
 Comm. energies         4    5     214577     431.347      18979.183   4.4
 Rest                                         253.482      11153.173   2.6
-----------------------------------------------------------------------------
 Total                                       9802.850     431323.311 100.0
-----------------------------------------------------------------------------
 Breakdown of PME mesh computation
-----------------------------------------------------------------------------
 PME redist. X/F        4    5     858304    1899.814      83591.394  19.4
 PME spread             4    5     429152    1038.946      45713.415  10.6
 PME gather             4    5     429152    1013.349      44587.136  10.3
 PME 3D-FFT             4    5     858304    1009.586      44421.580  10.3
 PME 3D-FFT Comm.       4    5     858304    1118.917      49232.121  11.4
 PME solve Elec         4    5     429152      62.386       2744.972   0.6
-----------------------------------------------------------------------------

               Core t (s)   Wall t (s)        (%)
       Time:   196056.943     9802.850     2000.0
                         2h43:22
                 (ns/day)    (hour/ns)
Performance:        7.565        3.173
Finished mdrun on rank 0 Thu Aug  1 21:18:12 2024

