               :-) GROMACS - gmx mdrun, 2020.5-dev-UNCHECKED (-:

                            GROMACS is written by:
     Emile Apol      Rossen Apostolov      Paul Bauer     Herman J.C. Berendsen
    Par Bjelkmar      Christian Blau   Viacheslav Bolnykh     Kevin Boyd    
 Aldert van Buuren   Rudi van Drunen     Anton Feenstra       Alan Gray     
  Gerrit Groenhof     Anca Hamuraru    Vincent Hindriksen  M. Eric Irrgang  
  Aleksei Iupinov   Christoph Junghans     Joe Jordan     Dimitrios Karkoulis
    Peter Kasson        Jiri Kraus      Carsten Kutzner      Per Larsson    
  Justin A. Lemkul    Viveca Lindahl    Magnus Lundborg     Erik Marklund   
    Pascal Merz     Pieter Meulenhoff    Teemu Murtola       Szilard Pall   
    Sander Pronk      Roland Schulz      Michael Shirts    Alexey Shvetsov  
   Alfons Sijbers     Peter Tieleman      Jon Vincent      Teemu Virolainen 
 Christian Wennberg    Maarten Wolf      Artem Zhmurov   
                           and the project leaders:
        Mark Abraham, Berk Hess, Erik Lindahl, and David van der Spoel

Copyright (c) 1991-2000, University of Groningen, The Netherlands.
Copyright (c) 2001-2019, The GROMACS development team at
Uppsala University, Stockholm University and
the Royal Institute of Technology, Sweden.
check out http://www.gromacs.org for more information.

GROMACS is free software; you can redistribute it and/or modify it
under the terms of the GNU Lesser General Public License
as published by the Free Software Foundation; either version 2.1
of the License, or (at your option) any later version.

GROMACS:      gmx mdrun, version 2020.5-dev-UNCHECKED
Executable:   /afs/math/software/gromacs/ramd-2.0/@sys/@sys/bin/gmx
Data prefix:  /afs/math/software/gromacs/ramd-2.0/@sys/@sys
Working dir:  /net/beegfs/talagayev/gromacs/7crf/GROMACS/4/4_15
Process ID:   1419
Command line:
  gmx mdrun -s 7crf_4_Rep15_tauramd_run.tpr -c confout_4_15_Rep_tauramd.gro -x confout_4_15_Rep_tauramd.xtc -g 2nd_tauramd.log -maxh 160

GROMACS version:    2020.5-dev-UNCHECKED
The source code this program was compiled from has not been verified because the reference checksum was missing during compilation. This means you have an incomplete GROMACS distribution, please make sure to download an intact source distribution and compile that before proceeding.
Computed checksum: NoChecksumFile
Precision:          single
Memory model:       64 bit
MPI library:        thread_mpi
OpenMP support:     enabled (GMX_OPENMP_MAX_THREADS = 64)
GPU support:        CUDA
SIMD instructions:  AVX2_128
FFT library:        fftw-3.3.5-sse2-avx
RDTSCP usage:       enabled
TNG support:        enabled
Hwloc support:      hwloc-2.1.0
Tracing support:    disabled
C compiler:         /usr/bin/clang Clang 12.0.1
C compiler flags:   -mavx2 -mfma -Wall -Wno-unused -Wunused-value -Wunused-parameter -O3 -DNDEBUG
C++ compiler:       /usr/bin/clang++ Clang 12.0.1
C++ compiler flags: -mavx2 -mfma -Wall -Wextra -Wno-missing-field-initializers -Wpointer-arith -Wmissing-prototypes -Wdeprecated -Wno-unused-function -fopenmp=libomp -O3 -DNDEBUG
CUDA compiler:      /afs/math/software/nvidia/cuda/11.6.1/bin/nvcc nvcc: NVIDIA (R) Cuda compiler driver;Copyright (c) 2005-2022 NVIDIA Corporation;Built on Thu_Feb_10_18:23:41_PST_2022;Cuda compilation tools, release 11.6, V11.6.112;Build cuda_11.6.r11.6/compiler.30978841_0
CUDA compiler flags:-gencode;arch=compute_35,code=sm_35;-gencode;arch=compute_37,code=sm_37;-gencode;arch=compute_50,code=sm_50;-gencode;arch=compute_52,code=sm_52;-gencode;arch=compute_60,code=sm_60;-gencode;arch=compute_61,code=sm_61;-gencode;arch=compute_70,code=sm_70;-Wno-deprecated-gpu-targets;-gencode;arch=compute_35,code=compute_35;-gencode;arch=compute_50,code=compute_50;-gencode;arch=compute_52,code=compute_52;-gencode;arch=compute_60,code=compute_60;-gencode;arch=compute_61,code=compute_61;-gencode;arch=compute_70,code=compute_70;-gencode;arch=compute_75,code=compute_75;-gencode;arch=compute_80,code=compute_80;-use_fast_math;-D_FORCE_INLINES;-mavx2 -mfma -Wall -Wextra -Wno-missing-field-initializers -Wpointer-arith -Wmissing-prototypes -Wdeprecated -Wno-unused-function -fopenmp=libomp -O3 -DNDEBUG
CUDA driver:        12.50
CUDA runtime:       11.60


Running on 1 node with total 16 cores, 16 logical cores, 2 compatible GPUs
Hardware detected:
  CPU info:
    Vendor: AMD
    Brand:  AMD EPYC 7302P 16-Core Processor               
    Family: 23   Model: 49   Stepping: 0
    Features: aes amd apic avx avx2 clfsh cmov cx8 cx16 f16c fma htt lahf misalignsse mmx msr nonstop_tsc pclmuldq pdpe1gb popcnt pse rdrnd rdtscp sha sse2 sse3 sse4a sse4.1 sse4.2 ssse3
  Hardware topology: Full, with devices
    Sockets, cores, and logical processors:
      Socket  0: [   0] [   1] [   2] [   3] [   4] [   5] [   6] [   7] [   8] [   9] [  10] [  11] [  12] [  13] [  14] [  15]
    Numa nodes:
      Node  0 (134787883008 bytes mem):   0   1   2   3   4   5   6   7   8   9  10  11  12  13  14  15
      Latency:
               0
         0  1.00
    Caches:
      L1: 32768 bytes, linesize 64 bytes, assoc. 8, shared 1 ways
      L2: 524288 bytes, linesize 64 bytes, assoc. 8, shared 1 ways
      L3: 16777216 bytes, linesize 64 bytes, assoc. 16, shared 2 ways
    PCI devices:
      0000:01:00.0  Id: 14e4:1657  Class: 0x0200  Numa: 0
      0000:01:00.1  Id: 14e4:1657  Class: 0x0200  Numa: 0
      0000:01:00.2  Id: 14e4:1657  Class: 0x0200  Numa: 0
      0000:01:00.3  Id: 14e4:1657  Class: 0x0200  Numa: 0
      0000:02:00.0  Id: 10de:1e30  Class: 0x0302  Numa: 0
      0000:41:00.0  Id: 15b3:1013  Class: 0x0207  Numa: 0
      0000:42:00.0  Id: 10de:1e30  Class: 0x0302  Numa: 0
      0000:45:00.0  Id: 1022:7901  Class: 0x0106  Numa: 0
      0000:46:00.0  Id: 1022:7901  Class: 0x0106  Numa: 0
      0000:81:00.0  Id: 10de:1e30  Class: 0x0302  Numa: 0
      0000:82:00.0  Id: 1000:0017  Class: 0x0104  Numa: 0
      0000:c2:00.0  Id: 1a03:2000  Class: 0x0300  Numa: 0
  GPU info:
    Number of GPUs detected: 2
    #0: NVIDIA Quadro RTX 6000, compute cap.: 7.5, ECC: yes, stat: compatible
    #1: NVIDIA Quadro RTX 6000, compute cap.: 7.5, ECC: yes, stat: compatible

Highest SIMD level requested by all nodes in run: AVX2_256
SIMD instructions selected at compile time:       AVX2_128
Compiled SIMD newer than requested; program might crash.

++++ PLEASE READ AND CITE THE FOLLOWING REFERENCE ++++
M. J. Abraham, T. Murtola, R. Schulz, S. Páll, J. C. Smith, B. Hess, E.
Lindahl
GROMACS: High performance molecular simulations through multi-level
parallelism from laptops to supercomputers
SoftwareX 1 (2015) pp. 19-25
-------- -------- --- Thank You --- -------- --------


++++ PLEASE READ AND CITE THE FOLLOWING REFERENCE ++++
S. Páll, M. J. Abraham, C. Kutzner, B. Hess, E. Lindahl
Tackling Exascale Software Challenges in Molecular Dynamics Simulations with
GROMACS
In S. Markidis & E. Laure (Eds.), Solving Software Challenges for Exascale 8759 (2015) pp. 3-27
-------- -------- --- Thank You --- -------- --------


++++ PLEASE READ AND CITE THE FOLLOWING REFERENCE ++++
S. Pronk, S. Páll, R. Schulz, P. Larsson, P. Bjelkmar, R. Apostolov, M. R.
Shirts, J. C. Smith, P. M. Kasson, D. van der Spoel, B. Hess, and E. Lindahl
GROMACS 4.5: a high-throughput and highly parallel open source molecular
simulation toolkit
Bioinformatics 29 (2013) pp. 845-54
-------- -------- --- Thank You --- -------- --------


++++ PLEASE READ AND CITE THE FOLLOWING REFERENCE ++++
B. Hess and C. Kutzner and D. van der Spoel and E. Lindahl
GROMACS 4: Algorithms for highly efficient, load-balanced, and scalable
molecular simulation
J. Chem. Theory Comput. 4 (2008) pp. 435-447
-------- -------- --- Thank You --- -------- --------


++++ PLEASE READ AND CITE THE FOLLOWING REFERENCE ++++
D. van der Spoel, E. Lindahl, B. Hess, G. Groenhof, A. E. Mark and H. J. C.
Berendsen
GROMACS: Fast, Flexible and Free
J. Comp. Chem. 26 (2005) pp. 1701-1719
-------- -------- --- Thank You --- -------- --------


++++ PLEASE READ AND CITE THE FOLLOWING REFERENCE ++++
E. Lindahl and B. Hess and D. van der Spoel
GROMACS 3.0: A package for molecular simulation and trajectory analysis
J. Mol. Mod. 7 (2001) pp. 306-317
-------- -------- --- Thank You --- -------- --------


++++ PLEASE READ AND CITE THE FOLLOWING REFERENCE ++++
H. J. C. Berendsen, D. van der Spoel and R. van Drunen
GROMACS: A message-passing parallel molecular dynamics implementation
Comp. Phys. Comm. 91 (1995) pp. 43-56
-------- -------- --- Thank You --- -------- --------


++++ PLEASE CITE THE DOI FOR THIS VERSION OF GROMACS ++++
https://doi.org/10.5281/zenodo.4420785
-------- -------- --- Thank You --- -------- --------

Input Parameters:
   integrator                     = md
   tinit                          = 0
   dt                             = 0.002
   nsteps                         = 50000000
   init-step                      = 0
   simulation-part                = 1
   comm-mode                      = Linear
   nstcomm                        = 100
   bd-fric                        = 0
   ld-seed                        = 1852046333
   emtol                          = 10
   emstep                         = 0.01
   niter                          = 20
   fcstep                         = 0
   nstcgsteep                     = 1000
   nbfgscorr                      = 10
   rtpi                           = 0.05
   nstxout                        = 0
   nstvout                        = 0
   nstfout                        = 0
   nstlog                         = 5000
   nstcalcenergy                  = 100
   nstenergy                      = 5000
   nstxout-compressed             = 5000
   compressed-x-precision         = 1000
   cutoff-scheme                  = Verlet
   nstlist                        = 20
   pbc                            = xyz
   periodic-molecules             = false
   verlet-buffer-tolerance        = 0.005
   rlist                          = 1.219
   coulombtype                    = PME
   coulomb-modifier               = Potential-shift
   rcoulomb-switch                = 0
   rcoulomb                       = 1.2
   epsilon-r                      = 1
   epsilon-rf                     = inf
   vdw-type                       = Cut-off
   vdw-modifier                   = None
   rvdw-switch                    = 0
   rvdw                           = 1.2
   DispCorr                       = EnerPres
   table-extension                = 1
   fourierspacing                 = 0.12
   fourier-nx                     = 104
   fourier-ny                     = 104
   fourier-nz                     = 104
   pme-order                      = 4
   ewald-rtol                     = 1e-05
   ewald-rtol-lj                  = 1e-05
   lj-pme-comb-rule               = Geometric
   ewald-geometry                 = 0
   epsilon-surface                = 0
   tcoupl                         = Nose-Hoover
   nsttcouple                     = 2
   nh-chain-length                = 1
   print-nose-hoover-chain-variables = false
   pcoupl                         = Parrinello-Rahman
   pcoupltype                     = Isotropic
   nstpcouple                     = 20
   tau-p                          = 5
   compressibility (3x3):
      compressibility[    0]={ 4.50000e-05,  0.00000e+00,  0.00000e+00}
      compressibility[    1]={ 0.00000e+00,  4.50000e-05,  0.00000e+00}
      compressibility[    2]={ 0.00000e+00,  0.00000e+00,  4.50000e-05}
   ref-p (3x3):
      ref-p[    0]={ 1.00000e+00,  0.00000e+00,  0.00000e+00}
      ref-p[    1]={ 0.00000e+00,  1.00000e+00,  0.00000e+00}
      ref-p[    2]={ 0.00000e+00,  0.00000e+00,  1.00000e+00}
   refcoord-scaling               = COM
   posres-com (3):
      posres-com[0]= 0.00000e+00
      posres-com[1]= 0.00000e+00
      posres-com[2]= 0.00000e+00
   posres-comB (3):
      posres-comB[0]= 0.00000e+00
      posres-comB[1]= 0.00000e+00
      posres-comB[2]= 0.00000e+00
   QMMM                           = false
   QMconstraints                  = 0
   QMMMscheme                     = 0
   MMChargeScaleFactor            = 1
qm-opts:
   ngQM                           = 0
   constraint-algorithm           = Lincs
   continuation                   = true
   Shake-SOR                      = false
   shake-tol                      = 0.0001
   lincs-order                    = 4
   lincs-iter                     = 1
   lincs-warnangle                = 60
   nwall                          = 0
   wall-type                      = 9-3
   wall-r-linpot                  = -1
   wall-atomtype[0]               = -1
   wall-atomtype[1]               = -1
   wall-density[0]                = 0
   wall-density[1]                = 0
   wall-ewald-zfac                = 3
   pull                           = false
   pull-cylinder-r                = 1.5
   pull-constr-tol                = 1e-06
   pull-print-COM                 = false
   pull-print-ref-value           = false
   pull-print-components          = false
   pull-nstxout                   = 10
   pull-nstfout                   = 10
   pull-pbc-ref-prev-step-com     = true
   pull-xout-average              = false
   pull-fout-average              = false
   pull-ngroups                   = 3
   pull-group 0:
     atom: not available
     weight: not available
     pbcatom                        = -1
   pull-group 1:
     atom (24788):
        atom[0,...,24787] = {0,...,24787}
     weight: not available
     pbcatom                        = 17439
   pull-group 2:
     atom (42):
        atom[0,...,41] = {24788,...,24829}
     weight: not available
     pbcatom                        = 24808
   pull-ncoords                   = 3
   pull-coord 0:
   type                           = external-potential
   potential-provider             = RAMD
   geometry                       = direction
   group[0]                       = 1
   group[1]                       = 2
   dim (3):
      dim[0]=1
      dim[1]=1
      dim[2]=1
   origin (3):
      origin[0]= 0.00000e+00
      origin[1]= 0.00000e+00
      origin[2]= 0.00000e+00
   vec (3):
      vec[0]= 1.00000e+00
      vec[1]= 0.00000e+00
      vec[2]= 0.00000e+00
   start                          = false
   init                           = 0
   rate                           = 0
   k                              = 0
   kB                             = 0
   pull-coord 1:
   type                           = external-potential
   potential-provider             = RAMD
   geometry                       = direction
   group[0]                       = 1
   group[1]                       = 2
   dim (3):
      dim[0]=1
      dim[1]=1
      dim[2]=1
   origin (3):
      origin[0]= 0.00000e+00
      origin[1]= 0.00000e+00
      origin[2]= 0.00000e+00
   vec (3):
      vec[0]= 0.00000e+00
      vec[1]= 1.00000e+00
      vec[2]= 0.00000e+00
   start                          = false
   init                           = 0
   rate                           = 0
   k                              = 0
   kB                             = 0
   pull-coord 2:
   type                           = external-potential
   potential-provider             = RAMD
   geometry                       = direction
   group[0]                       = 1
   group[1]                       = 2
   dim (3):
      dim[0]=1
      dim[1]=1
      dim[2]=1
   origin (3):
      origin[0]= 0.00000e+00
      origin[1]= 0.00000e+00
      origin[2]= 0.00000e+00
   vec (3):
      vec[0]= 0.00000e+00
      vec[1]= 0.00000e+00
      vec[2]= 1.00000e+00
   start                          = false
   init                           = 0
   rate                           = 0
   k                              = 0
   kB                             = 0
   ramd                           = true
   ramd-seed                      = 9855
   ramd-ngroups                   = 1
   ramd-group 0:
     force                          = 294
     max_dist                       = 6
     r_min_dist                     = 0.0025
   ramd-eval-freq                 = 50
   ramd-force-out-freq            = 10
   ramd-old-angle-dist            = false
   awh                            = false
   rotation                       = false
   interactiveMD                  = false
   disre                          = No
   disre-weighting                = Conservative
   disre-mixed                    = false
   dr-fc                          = 1000
   dr-tau                         = 0
   nstdisreout                    = 100
   orire-fc                       = 0
   orire-tau                      = 0
   nstorireout                    = 100
   free-energy                    = no
   cos-acceleration               = 0
   deform (3x3):
      deform[    0]={ 0.00000e+00,  0.00000e+00,  0.00000e+00}
      deform[    1]={ 0.00000e+00,  0.00000e+00,  0.00000e+00}
      deform[    2]={ 0.00000e+00,  0.00000e+00,  0.00000e+00}
   simulated-tempering            = false
   swapcoords                     = no
   userint1                       = 0
   userint2                       = 0
   userint3                       = 0
   userint4                       = 0
   userreal1                      = 0
   userreal2                      = 0
   userreal3                      = 0
   userreal4                      = 0
   applied-forces:
     electric-field:
       x:
         E0                       = 0
         omega                    = 0
         t0                       = 0
         sigma                    = 0
       y:
         E0                       = 0
         omega                    = 0
         t0                       = 0
         sigma                    = 0
       z:
         E0                       = 0
         omega                    = 0
         t0                       = 0
         sigma                    = 0
     density-guided-simulation:
       active                     = false
       group                      = protein
       similarity-measure         = inner-product
       atom-spreading-weight      = unity
       force-constant             = 1e+09
       gaussian-transform-spreading-width = 0.2
       gaussian-transform-spreading-range-in-multiples-of-width = 4
       reference-density-filename = reference.mrc
       nst                        = 1
       normalize-densities        = true
       adaptive-force-scaling     = false
       adaptive-force-scaling-time-constant = 4
grpopts:
   nrdf:       62068      227619
   ref-t:         313         313
   tau-t:         0.1         0.1
annealing:          No          No
annealing-npoints:           0           0
   acc:	           0           0           0
   nfreeze:           N           N           N
   energygrp-flags[  0]: 0

Changing nstlist from 20 to 100, rlist from 1.219 to 1.338


Initializing Domain Decomposition on 4 ranks
Dynamic load balancing: auto
Minimum cell size due to atom displacement: 0.784 nm
Initial maximum distances in bonded interactions:
    two-body bonded interactions: 0.456 nm, LJ-14, atoms 3594 3779
  multi-body bonded interactions: 0.456 nm, Proper Dih., atoms 3594 3779
Minimum cell size due to bonded interactions: 0.501 nm
Maximum distance for 5 constraints, at 120 deg. angles, all-trans: 0.219 nm
Estimated maximum distance required for P-LINCS: 0.219 nm
Scaling the initial minimum size with 1/0.8 (option -dds) = 1.25
Using 0 separate PME ranks
Optimizing the DD grid for 4 cells with a minimum initial size of 0.980 nm
The maximum allowed number of cells is: X 10 Y 10 Z 10
Domain decomposition grid 4 x 1 x 1, separate PME ranks 0
PME domain decomposition: 4 x 1 x 1
Domain decomposition rank 0, coordinates 0 0 0

The initial number of communication pulses is: X 1
The initial domain decomposition cell size is: X 2.47 nm

The maximum allowed distance for atoms involved in interactions is:
                 non-bonded interactions           1.338 nm
(the following are initial values, they could change due to box deformation)
            two-body bonded interactions  (-rdd)   1.338 nm
          multi-body bonded interactions  (-rdd)   1.338 nm
  atoms separated by up to 5 constraints  (-rcon)  2.474 nm

When dynamic load balancing gets turned on, these settings will change to:
The maximum number of communication pulses is: X 1
The minimum size for domain decomposition cells is 1.338 nm
The requested allowed shrink of DD cells (option -dds) is: 0.80
The allowed shrink of domain decomposition cells is: X 0.54
The maximum allowed distance for atoms involved in interactions is:
                 non-bonded interactions           1.338 nm
            two-body bonded interactions  (-rdd)   1.338 nm
          multi-body bonded interactions  (-rdd)   1.338 nm
  atoms separated by up to 5 constraints  (-rcon)  1.338 nm

On host node736 2 GPUs selected for this run.
Mapping of GPU IDs to the 4 GPU tasks in the 4 ranks on this node:
  PP:0,PP:0,PP:1,PP:1
PP tasks will do (non-perturbed) short-ranged and most bonded interactions on the GPU
PP task will update and constrain coordinates on the CPU
Using 4 MPI threads
Using 4 OpenMP threads per tMPI thread

Pinning threads with an auto-selected logical core stride of 1
System total charge: 0.000
Will do PME sum in reciprocal space for electrostatic interactions.

++++ PLEASE READ AND CITE THE FOLLOWING REFERENCE ++++
U. Essmann, L. Perera, M. L. Berkowitz, T. Darden, H. Lee and L. G. Pedersen 
A smooth particle mesh Ewald method
J. Chem. Phys. 103 (1995) pp. 8577-8592
-------- -------- --- Thank You --- -------- --------

Using a Gaussian width (1/beta) of 0.384195 nm for Ewald
Potential shift: LJ r^-12: 0.000e+00 r^-6: 0.000e+00, Ewald -8.333e-06
Initialized non-bonded Ewald tables, spacing: 1.02e-03 size: 1176

Generated table with 1169 data points for 1-4 COUL.
Tabscale = 500 points/nm
Generated table with 1169 data points for 1-4 LJ6.
Tabscale = 500 points/nm
Generated table with 1169 data points for 1-4 LJ12.
Tabscale = 500 points/nm

Using GPU 8x8 nonbonded short-range kernels

Using a dual 8x8 pair-list setup updated with dynamic, rolling pruning:
  outer list: updated every 100 steps, buffer 0.138 nm, rlist 1.338 nm
  inner list: updated every  12 steps, buffer 0.001 nm, rlist 1.201 nm
At tolerance 0.005 kJ/mol/ps per atom, equivalent classical 1x1 list would be:
  outer list: updated every 100 steps, buffer 0.293 nm, rlist 1.493 nm
  inner list: updated every  12 steps, buffer 0.052 nm, rlist 1.252 nm

Using Lorentz-Berthelot Lennard-Jones combination rule

Long Range LJ corr.: <C6> 3.6069e-04


Will apply potential COM pulling
with 3 pull coordinates and 2 groups
Pull group 1: 24788 atoms, mass 175617.697
Pull group 2:    42 atoms, mass   400.248

Initializing Parallel LINear Constraint Solver

++++ PLEASE READ AND CITE THE FOLLOWING REFERENCE ++++
B. Hess
P-LINCS: A Parallel Linear Constraint Solver for molecular simulation
J. Chem. Theory Comput. 4 (2008) pp. 116-122
-------- -------- --- Thank You --- -------- --------

The number of constraints is 12419
There are constraints between atoms in different decomposition domains,
will communicate selected coordinates each lincs iteration

++++ PLEASE READ AND CITE THE FOLLOWING REFERENCE ++++
S. Miyamoto and P. A. Kollman
SETTLE: An Analytical Version of the SHAKE and RATTLE Algorithms for Rigid
Water Models
J. Comp. Chem. 13 (1992) pp. 952-962
-------- -------- --- Thank You --- -------- --------


Linking all bonded interactions to atoms

Intra-simulation communication will occur every 2 steps.
There are: 138612 Atoms
Atom distribution over 4 domains: av 34653 stddev 475 min 34017 max 35159

NOTE: DLB will not turn on during the first phase of PME tuning
Center of mass motion removal mode is Linear
We have the following groups for center of mass motion removal:
  0:  Protein_MOL

Started mdrun on rank 0 Mon Aug  5 01:08:32 2024

           Step           Time
              0        0.00000

   Energies (kJ/mol)
           Bond          Angle    Proper Dih.  Improper Dih.          LJ-14
    1.95299e+04    5.29314e+04    8.14609e+04    2.89178e+03    2.41936e+04
     Coulomb-14        LJ (SR)  Disper. corr.   Coulomb (SR)   Coul. recip.
    2.45546e+05    1.70207e+05   -6.12788e+03   -2.32271e+06    7.37713e+03
      Potential    Kinetic En.   Total Energy  Conserved En.    Temperature
   -1.72470e+06    3.63837e+05   -1.36086e+06   -1.36078e+06    3.02116e+02
 Pres. DC (bar) Pressure (bar)   Constr. rmsd
   -1.48473e+02    3.02036e+01    3.61430e-06


DD  step 99 load imb.: force  1.1%
step 1000: timed with pme grid 104 104 104, coulomb cutoff 1.200: 1471.2 M-cycles
step 1200: timed with pme grid 96 96 96, coulomb cutoff 1.263: 1895.7 M-cycles
step 1400: timed with pme grid 100 100 100, coulomb cutoff 1.212: 2013.8 M-cycles
step 1600: timed with pme grid 104 104 104, coulomb cutoff 1.200: 1478.3 M-cycles
              optimal pme grid 104 104 104, coulomb cutoff 1.200

NOTE: DLB can now turn on, when beneficial

DD  step 4999 load imb.: force  0.3%
           Step           Time
           5000       10.00000

   Energies (kJ/mol)
           Bond          Angle    Proper Dih.  Improper Dih.          LJ-14
    2.02085e+04    5.43088e+04    8.22185e+04    3.11213e+03    2.41769e+04
     Coulomb-14        LJ (SR)  Disper. corr.   Coulomb (SR)   Coul. recip.
    2.45210e+05    1.62507e+05   -6.07856e+03   -2.28898e+06    7.58805e+03
      Potential    Kinetic En.   Total Energy  Conserved En.    Temperature
   -1.69573e+06    3.77816e+05   -1.31792e+06   -1.36193e+06    3.13723e+02
 Pres. DC (bar) Pressure (bar)   Constr. rmsd
   -1.46093e+02   -6.25441e+01    3.64797e-06


DD  step 9999 load imb.: force  0.3%
           Step           Time
          10000       20.00000

   Energies (kJ/mol)
           Bond          Angle    Proper Dih.  Improper Dih.          LJ-14
    2.02087e+04    5.51416e+04    8.20446e+04    2.99190e+03    2.44043e+04
     Coulomb-14        LJ (SR)  Disper. corr.   Coulomb (SR)   Coul. recip.
    2.44913e+05    1.58116e+05   -6.06831e+03   -2.28054e+06    7.67981e+03
      Potential    Kinetic En.   Total Energy  Conserved En.    Temperature
   -1.69111e+06    3.77362e+05   -1.31375e+06   -1.36159e+06    3.13346e+02
 Pres. DC (bar) Pressure (bar)   Constr. rmsd
   -1.45601e+02   -5.18453e+01    3.61315e-06


DD  step 14999 load imb.: force  0.3%
           Step           Time
          15000       30.00000

   Energies (kJ/mol)
           Bond          Angle    Proper Dih.  Improper Dih.          LJ-14
    2.03541e+04    5.51808e+04    8.23947e+04    3.02413e+03    2.43365e+04
     Coulomb-14        LJ (SR)  Disper. corr.   Coulomb (SR)   Coul. recip.
    2.44648e+05    1.58692e+05   -6.07952e+03   -2.28144e+06    7.49432e+03
      Potential    Kinetic En.   Total Energy  Conserved En.    Temperature
   -1.69139e+06    3.77609e+05   -1.31378e+06   -1.36147e+06    3.13552e+02
 Pres. DC (bar) Pressure (bar)   Constr. rmsd
   -1.46139e+02   -4.88232e+01    3.72605e-06


DD  step 19999 load imb.: force  0.3%
           Step           Time
          20000       40.00000

   Energies (kJ/mol)
           Bond          Angle    Proper Dih.  Improper Dih.          LJ-14
    1.97284e+04    5.45428e+04    8.20867e+04    3.09269e+03    2.44008e+04
     Coulomb-14        LJ (SR)  Disper. corr.   Coulomb (SR)   Coul. recip.
    2.44639e+05    1.60849e+05   -6.06508e+03   -2.28502e+06    7.62102e+03
      Potential    Kinetic En.   Total Energy  Conserved En.    Temperature
   -1.69412e+06    3.75990e+05   -1.31813e+06   -1.36166e+06    3.12207e+02
 Pres. DC (bar) Pressure (bar)   Constr. rmsd
   -1.45445e+02   -3.36796e+01    3.64544e-06


DD  step 24999 load imb.: force  0.3%
           Step           Time
          25000       50.00000

   Energies (kJ/mol)
           Bond          Angle    Proper Dih.  Improper Dih.          LJ-14
    1.96754e+04    5.40235e+04    8.27524e+04    3.23257e+03    2.44509e+04
     Coulomb-14        LJ (SR)  Disper. corr.   Coulomb (SR)   Coul. recip.
    2.45360e+05    1.59989e+05   -6.07317e+03   -2.28709e+06    7.68970e+03
      Potential    Kinetic En.   Total Energy  Conserved En.    Temperature
   -1.69599e+06    3.78774e+05   -1.31722e+06   -1.36130e+06    3.14519e+02
 Pres. DC (bar) Pressure (bar)   Constr. rmsd
   -1.45834e+02   -4.10963e+00    3.77153e-06


DD  step 29999 load imb.: force  0.3%
           Step           Time
          30000       60.00000

   Energies (kJ/mol)
           Bond          Angle    Proper Dih.  Improper Dih.          LJ-14
    1.96044e+04    5.48953e+04    8.23158e+04    3.22798e+03    2.43405e+04
     Coulomb-14        LJ (SR)  Disper. corr.   Coulomb (SR)   Coul. recip.
    2.45412e+05    1.58987e+05   -6.06421e+03   -2.28324e+06    7.69487e+03
      Potential    Kinetic En.   Total Energy  Conserved En.    Temperature
   -1.69282e+06    3.75910e+05   -1.31691e+06   -1.36151e+06    3.12141e+02
 Pres. DC (bar) Pressure (bar)   Constr. rmsd
   -1.45404e+02   -4.66363e+01    3.67691e-06


DD  step 34999 load imb.: force  0.3%
           Step           Time
          35000       70.00000

   Energies (kJ/mol)
           Bond          Angle    Proper Dih.  Improper Dih.          LJ-14
    2.02234e+04    5.43471e+04    8.23432e+04    3.18214e+03    2.41438e+04
     Coulomb-14        LJ (SR)  Disper. corr.   Coulomb (SR)   Coul. recip.
    2.44733e+05    1.61030e+05   -6.07195e+03   -2.28405e+06    7.60385e+03
      Potential    Kinetic En.   Total Energy  Conserved En.    Temperature
   -1.69252e+06    3.74106e+05   -1.31841e+06   -1.36132e+06    3.10643e+02
 Pres. DC (bar) Pressure (bar)   Constr. rmsd
   -1.45775e+02   -1.03206e+02    3.65190e-06


DD  step 39999 load imb.: force  0.3%
           Step           Time
          40000       80.00000

   Energies (kJ/mol)
           Bond          Angle    Proper Dih.  Improper Dih.          LJ-14
    1.98888e+04    5.47794e+04    8.26023e+04    3.07216e+03    2.42617e+04
     Coulomb-14        LJ (SR)  Disper. corr.   Coulomb (SR)   Coul. recip.
    2.45050e+05    1.59369e+05   -6.05459e+03   -2.28412e+06    7.67775e+03
      Potential    Kinetic En.   Total Energy  Conserved En.    Temperature
   -1.69348e+06    3.77850e+05   -1.31563e+06   -1.36109e+06    3.13752e+02
 Pres. DC (bar) Pressure (bar)   Constr. rmsd
   -1.44942e+02   -1.00368e+02    3.60325e-06


DD  step 44999 load imb.: force  0.4%
           Step           Time
          45000       90.00000

   Energies (kJ/mol)
           Bond          Angle    Proper Dih.  Improper Dih.          LJ-14
    1.97210e+04    5.48660e+04    8.27328e+04    3.12492e+03    2.42956e+04
     Coulomb-14        LJ (SR)  Disper. corr.   Coulomb (SR)   Coul. recip.
    2.45248e+05    1.60250e+05   -6.06105e+03   -2.28628e+06    7.60066e+03
      Potential    Kinetic En.   Total Energy  Conserved En.    Temperature
   -1.69450e+06    3.76672e+05   -1.31783e+06   -1.36144e+06    3.12774e+02
 Pres. DC (bar) Pressure (bar)   Constr. rmsd
   -1.45252e+02   -3.22736e+00    3.64075e-06


DD  step 49999 load imb.: force  0.4%
           Step           Time
          50000      100.00000

   Energies (kJ/mol)
           Bond          Angle    Proper Dih.  Improper Dih.          LJ-14
    1.96539e+04    5.45303e+04    8.27032e+04    3.19191e+03    2.44550e+04
     Coulomb-14        LJ (SR)  Disper. corr.   Coulomb (SR)   Coul. recip.
    2.45549e+05    1.62765e+05   -6.09275e+03   -2.28997e+06    7.64446e+03
      Potential    Kinetic En.   Total Energy  Conserved En.    Temperature
   -1.69557e+06    3.74911e+05   -1.32066e+06   -1.36107e+06    3.11312e+02
 Pres. DC (bar) Pressure (bar)   Constr. rmsd
   -1.46776e+02    2.15041e+02    3.64281e-06


DD  step 54999 load imb.: force  0.4%
           Step           Time
          55000      110.00000

   Energies (kJ/mol)
           Bond          Angle    Proper Dih.  Improper Dih.          LJ-14
    2.01834e+04    5.46663e+04    8.24672e+04    2.97698e+03    2.42377e+04
     Coulomb-14        LJ (SR)  Disper. corr.   Coulomb (SR)   Coul. recip.
    2.45182e+05    1.60103e+05   -6.07931e+03   -2.28529e+06    7.55460e+03
      Potential    Kinetic En.   Total Energy  Conserved En.    Temperature
   -1.69400e+06    3.76428e+05   -1.31757e+06   -1.36091e+06    3.12571e+02
 Pres. DC (bar) Pressure (bar)   Constr. rmsd
   -1.46129e+02    5.58404e+01    3.63039e-06


DD  step 59999 load imb.: force  0.4%
           Step           Time
          60000      120.00000

   Energies (kJ/mol)
           Bond          Angle    Proper Dih.  Improper Dih.          LJ-14
    2.00762e+04    5.44740e+04    8.24986e+04    3.12298e+03    2.42342e+04
     Coulomb-14        LJ (SR)  Disper. corr.   Coulomb (SR)   Coul. recip.
    2.44699e+05    1.59988e+05   -6.05970e+03   -2.28504e+06    7.63030e+03
      Potential    Kinetic En.   Total Energy  Conserved En.    Temperature
   -1.69437e+06    3.76616e+05   -1.31776e+06   -1.36086e+06    3.12727e+02
 Pres. DC (bar) Pressure (bar)   Constr. rmsd
   -1.45188e+02   -1.02959e+02    3.63062e-06


DD  step 64999 load imb.: force  0.3%
           Step           Time
          65000      130.00000

   Energies (kJ/mol)
           Bond          Angle    Proper Dih.  Improper Dih.          LJ-14
    2.00626e+04    5.50365e+04    8.25729e+04    3.15826e+03    2.46603e+04
     Coulomb-14        LJ (SR)  Disper. corr.   Coulomb (SR)   Coul. recip.
    2.45089e+05    1.61426e+05   -6.06095e+03   -2.28859e+06    7.69144e+03
      Potential    Kinetic En.   Total Energy  Conserved En.    Temperature
   -1.69495e+06    3.78406e+05   -1.31654e+06   -1.36102e+06    3.14214e+02
 Pres. DC (bar) Pressure (bar)   Constr. rmsd
   -1.45248e+02    1.25015e+00    3.71039e-06


DD  step 69999 load imb.: force  0.3%
           Step           Time
          70000      140.00000

   Energies (kJ/mol)
           Bond          Angle    Proper Dih.  Improper Dih.          LJ-14
    1.97833e+04    5.50766e+04    8.23541e+04    3.06680e+03    2.41110e+04
     Coulomb-14        LJ (SR)  Disper. corr.   Coulomb (SR)   Coul. recip.
    2.45170e+05    1.60634e+05   -6.07145e+03   -2.28559e+06    7.51273e+03
      Potential    Kinetic En.   Total Energy  Conserved En.    Temperature
   -1.69395e+06    3.77275e+05   -1.31668e+06   -1.36046e+06    3.13275e+02
 Pres. DC (bar) Pressure (bar)   Constr. rmsd
   -1.45751e+02   -4.86733e+01    3.67032e-06


DD  step 74999 load imb.: force  0.4%
           Step           Time
          75000      150.00000

   Energies (kJ/mol)
           Bond          Angle    Proper Dih.  Improper Dih.          LJ-14
    1.99193e+04    5.51052e+04    8.24747e+04    2.95545e+03    2.43150e+04
     Coulomb-14        LJ (SR)  Disper. corr.   Coulomb (SR)   Coul. recip.
    2.45710e+05    1.59577e+05   -6.06114e+03   -2.28497e+06    7.68626e+03
      Potential    Kinetic En.   Total Energy  Conserved En.    Temperature
   -1.69329e+06    3.78052e+05   -1.31523e+06   -1.36048e+06    3.13919e+02
 Pres. DC (bar) Pressure (bar)   Constr. rmsd
   -1.45256e+02   -9.55176e+01    3.58617e-06


DD  step 79999 load imb.: force  0.4%
           Step           Time
          80000      160.00000

   Energies (kJ/mol)
           Bond          Angle    Proper Dih.  Improper Dih.          LJ-14
    1.96108e+04    5.51729e+04    8.21441e+04    3.06820e+03    2.43871e+04
     Coulomb-14        LJ (SR)  Disper. corr.   Coulomb (SR)   Coul. recip.
    2.45143e+05    1.61657e+05   -6.07385e+03   -2.28537e+06    7.55726e+03
      Potential    Kinetic En.   Total Energy  Conserved En.    Temperature
   -1.69270e+06    3.77577e+05   -1.31512e+06   -1.36031e+06    3.13525e+02
 Pres. DC (bar) Pressure (bar)   Constr. rmsd
   -1.45866e+02    1.11750e+02    3.69722e-06


DD  step 84999 load imb.: force  0.4%
           Step           Time
          85000      170.00000

   Energies (kJ/mol)
           Bond          Angle    Proper Dih.  Improper Dih.          LJ-14
    2.05185e+04    5.44287e+04    8.22155e+04    3.03778e+03    2.42544e+04
     Coulomb-14        LJ (SR)  Disper. corr.   Coulomb (SR)   Coul. recip.
    2.44985e+05    1.58234e+05   -6.05335e+03   -2.28192e+06    7.75417e+03
      Potential    Kinetic En.   Total Energy  Conserved En.    Temperature
   -1.69254e+06    3.75773e+05   -1.31677e+06   -1.36011e+06    3.12027e+02
 Pres. DC (bar) Pressure (bar)   Constr. rmsd
   -1.44883e+02   -1.97139e+02    3.71599e-06


DD  step 89999 load imb.: force  0.4%
           Step           Time
          90000      180.00000

   Energies (kJ/mol)
           Bond          Angle    Proper Dih.  Improper Dih.          LJ-14
    2.03854e+04    5.46501e+04    8.24910e+04    3.12523e+03    2.43870e+04
     Coulomb-14        LJ (SR)  Disper. corr.   Coulomb (SR)   Coul. recip.
    2.45532e+05    1.61251e+05   -6.08899e+03   -2.28699e+06    7.65482e+03
      Potential    Kinetic En.   Total Energy  Conserved En.    Temperature
   -1.69360e+06    3.76858e+05   -1.31675e+06   -1.35978e+06    3.12928e+02
 Pres. DC (bar) Pressure (bar)   Constr. rmsd
   -1.46594e+02    5.26831e+01    3.57620e-06


DD  step 94999 load imb.: force  0.3%
           Step           Time
          95000      190.00000

   Energies (kJ/mol)
           Bond          Angle    Proper Dih.  Improper Dih.          LJ-14
    1.97559e+04    5.48498e+04    8.27018e+04    3.20233e+03    2.44526e+04
     Coulomb-14        LJ (SR)  Disper. corr.   Coulomb (SR)   Coul. recip.
    2.45742e+05    1.57882e+05   -6.09887e+03   -2.28319e+06    7.54302e+03
      Potential    Kinetic En.   Total Energy  Conserved En.    Temperature
   -1.69316e+06    3.76878e+05   -1.31628e+06   -1.35999e+06    3.12945e+02
 Pres. DC (bar) Pressure (bar)   Constr. rmsd
   -1.47071e+02    1.88050e+01    3.62985e-06


DD  step 99999 load imb.: force  0.4%
           Step           Time
         100000      200.00000

   Energies (kJ/mol)
           Bond          Angle    Proper Dih.  Improper Dih.          LJ-14
    1.99617e+04    5.39706e+04    8.24872e+04    3.06051e+03    2.44176e+04
     Coulomb-14        LJ (SR)  Disper. corr.   Coulomb (SR)   Coul. recip.
    2.45578e+05    1.61692e+05   -6.08735e+03   -2.28803e+06    7.67609e+03
      Potential    Kinetic En.   Total Energy  Conserved En.    Temperature
   -1.69527e+06    3.76767e+05   -1.31850e+06   -1.35995e+06    3.12853e+02
 Pres. DC (bar) Pressure (bar)   Constr. rmsd
   -1.46515e+02    1.01514e+02    3.60205e-06


DD  step 104999 load imb.: force  0.3%
           Step           Time
         105000      210.00000

   Energies (kJ/mol)
           Bond          Angle    Proper Dih.  Improper Dih.          LJ-14
    1.96567e+04    5.39104e+04    8.25147e+04    3.06861e+03    2.43296e+04
     Coulomb-14        LJ (SR)  Disper. corr.   Coulomb (SR)   Coul. recip.
    2.45790e+05    1.60849e+05   -6.08977e+03   -2.28865e+06    7.57748e+03
      Potential    Kinetic En.   Total Energy  Conserved En.    Temperature
   -1.69704e+06    3.76938e+05   -1.32010e+06   -1.35985e+06    3.12994e+02
 Pres. DC (bar) Pressure (bar)   Constr. rmsd
   -1.46632e+02   -1.12090e+01    3.68754e-06


DD  step 109999 load imb.: force  0.4%
           Step           Time
         110000      220.00000

   Energies (kJ/mol)
           Bond          Angle    Proper Dih.  Improper Dih.          LJ-14
    1.98655e+04    5.42192e+04    8.25222e+04    3.00384e+03    2.44840e+04
     Coulomb-14        LJ (SR)  Disper. corr.   Coulomb (SR)   Coul. recip.
    2.45563e+05    1.62608e+05   -6.07015e+03   -2.28834e+06    7.58261e+03
      Potential    Kinetic En.   Total Energy  Conserved En.    Temperature
   -1.69456e+06    3.76671e+05   -1.31789e+06   -1.35969e+06    3.12773e+02
 Pres. DC (bar) Pressure (bar)   Constr. rmsd
   -1.45689e+02    1.56154e+02    3.74245e-06


DD  step 114999 load imb.: force  0.3%
           Step           Time
         115000      230.00000

   Energies (kJ/mol)
           Bond          Angle    Proper Dih.  Improper Dih.          LJ-14
    1.98532e+04    5.48410e+04    8.27556e+04    3.19215e+03    2.44567e+04
     Coulomb-14        LJ (SR)  Disper. corr.   Coulomb (SR)   Coul. recip.
    2.45315e+05    1.60122e+05   -6.07666e+03   -2.28472e+06    7.53271e+03
      Potential    Kinetic En.   Total Energy  Conserved En.    Temperature
   -1.69273e+06    3.76694e+05   -1.31603e+06   -1.35968e+06    3.12792e+02
 Pres. DC (bar) Pressure (bar)   Constr. rmsd
   -1.46001e+02    1.82048e+00    3.76589e-06


DD  step 119999 load imb.: force  0.3%
           Step           Time
         120000      240.00000

   Energies (kJ/mol)
           Bond          Angle    Proper Dih.  Improper Dih.          LJ-14
    2.02225e+04    5.46170e+04    8.25311e+04    3.07440e+03    2.43270e+04
     Coulomb-14        LJ (SR)  Disper. corr.   Coulomb (SR)   Coul. recip.
    2.45113e+05    1.63515e+05   -6.06830e+03   -2.28956e+06    7.73839e+03
      Potential    Kinetic En.   Total Energy  Conserved En.    Temperature
   -1.69448e+06    3.76896e+05   -1.31759e+06   -1.35933e+06    3.12960e+02
 Pres. DC (bar) Pressure (bar)   Constr. rmsd
   -1.45600e+02   -3.19340e+01    3.76091e-06


DD  step 124999 load imb.: force  0.3%
           Step           Time
         125000      250.00000

   Energies (kJ/mol)
           Bond          Angle    Proper Dih.  Improper Dih.          LJ-14
    1.96004e+04    5.47353e+04    8.26154e+04    3.22509e+03    2.43291e+04
     Coulomb-14        LJ (SR)  Disper. corr.   Coulomb (SR)   Coul. recip.
    2.44726e+05    1.59626e+05   -6.06662e+03   -2.28261e+06    7.69091e+03
      Potential    Kinetic En.   Total Energy  Conserved En.    Temperature
   -1.69213e+06    3.77134e+05   -1.31499e+06   -1.35933e+06    3.13158e+02
 Pres. DC (bar) Pressure (bar)   Constr. rmsd
   -1.45519e+02    1.15858e+02    3.65418e-06


DD  step 129999 load imb.: force  0.3%
           Step           Time
         130000      260.00000

   Energies (kJ/mol)
           Bond          Angle    Proper Dih.  Improper Dih.          LJ-14
    2.03659e+04    5.46621e+04    8.24924e+04    3.11360e+03    2.43629e+04
     Coulomb-14        LJ (SR)  Disper. corr.   Coulomb (SR)   Coul. recip.
    2.45640e+05    1.62227e+05   -6.07283e+03   -2.28742e+06    7.56222e+03
      Potential    Kinetic En.   Total Energy  Conserved En.    Temperature
   -1.69306e+06    3.77520e+05   -1.31555e+06   -1.35905e+06    3.13478e+02
 Pres. DC (bar) Pressure (bar)   Constr. rmsd
   -1.45817e+02    3.48781e+01    3.60154e-06


DD  step 134999 load imb.: force  0.3%
           Step           Time
         135000      270.00000

   Energies (kJ/mol)
           Bond          Angle    Proper Dih.  Improper Dih.          LJ-14
    2.00720e+04    5.50780e+04    8.22149e+04    3.13809e+03    2.42069e+04
     Coulomb-14        LJ (SR)  Disper. corr.   Coulomb (SR)   Coul. recip.
    2.45544e+05    1.62101e+05   -6.07167e+03   -2.28589e+06    7.59601e+03
      Potential    Kinetic En.   Total Energy  Conserved En.    Temperature
   -1.69201e+06    3.75017e+05   -1.31699e+06   -1.35953e+06    3.11399e+02
 Pres. DC (bar) Pressure (bar)   Constr. rmsd
   -1.45761e+02    1.67123e+01    3.65735e-06


DD  step 139999 load imb.: force  0.4%
           Step           Time
         140000      280.00000

   Energies (kJ/mol)
           Bond          Angle    Proper Dih.  Improper Dih.          LJ-14
    2.00983e+04    5.55601e+04    8.25279e+04    3.13531e+03    2.44085e+04
     Coulomb-14        LJ (SR)  Disper. corr.   Coulomb (SR)   Coul. recip.
    2.45029e+05    1.60759e+05   -6.08026e+03   -2.28381e+06    7.62071e+03
      Potential    Kinetic En.   Total Energy  Conserved En.    Temperature
   -1.69076e+06    3.75370e+05   -1.31539e+06   -1.35928e+06    3.11692e+02
 Pres. DC (bar) Pressure (bar)   Constr. rmsd
   -1.46174e+02    1.74036e+01    3.62374e-06


DD  step 144999 load imb.: force  0.3%
           Step           Time
         145000      290.00000

   Energies (kJ/mol)
           Bond          Angle    Proper Dih.  Improper Dih.          LJ-14
    1.98804e+04    5.52252e+04    8.21961e+04    3.08783e+03    2.42158e+04
     Coulomb-14        LJ (SR)  Disper. corr.   Coulomb (SR)   Coul. recip.
    2.44972e+05    1.61965e+05   -6.08504e+03   -2.28907e+06    7.59448e+03
      Potential    Kinetic En.   Total Energy  Conserved En.    Temperature
   -1.69602e+06    3.77563e+05   -1.31846e+06   -1.35905e+06    3.13513e+02
 Pres. DC (bar) Pressure (bar)   Constr. rmsd
   -1.46404e+02   -6.82190e+00    3.57424e-06


DD  step 149999 load imb.: force  0.3%
           Step           Time
         150000      300.00000

   Energies (kJ/mol)
           Bond          Angle    Proper Dih.  Improper Dih.          LJ-14
    2.01299e+04    5.42671e+04    8.24368e+04    3.10544e+03    2.44451e+04
     Coulomb-14        LJ (SR)  Disper. corr.   Coulomb (SR)   Coul. recip.
    2.45163e+05    1.60142e+05   -6.06531e+03   -2.28300e+06    7.55434e+03
      Potential    Kinetic En.   Total Energy  Conserved En.    Temperature
   -1.69182e+06    3.77462e+05   -1.31436e+06   -1.35891e+06    3.13430e+02
 Pres. DC (bar) Pressure (bar)   Constr. rmsd
   -1.45456e+02    2.21014e+01    3.78104e-06


DD  step 154999 load imb.: force  0.3%
           Step           Time
         155000      310.00000

   Energies (kJ/mol)
           Bond          Angle    Proper Dih.  Improper Dih.          LJ-14
    1.97224e+04    5.44907e+04    8.23498e+04    3.15067e+03    2.43510e+04
     Coulomb-14        LJ (SR)  Disper. corr.   Coulomb (SR)   Coul. recip.
    2.46093e+05    1.64217e+05   -6.08210e+03   -2.29023e+06    7.70739e+03
      Potential    Kinetic En.   Total Energy  Conserved En.    Temperature
   -1.69423e+06    3.78876e+05   -1.31535e+06   -1.35907e+06    3.14604e+02
 Pres. DC (bar) Pressure (bar)   Constr. rmsd
   -1.46263e+02    1.77913e+02    3.66531e-06


DD  step 159999 load imb.: force  0.3%
           Step           Time
         160000      320.00000

   Energies (kJ/mol)
           Bond          Angle    Proper Dih.  Improper Dih.          LJ-14
    1.98634e+04    5.44753e+04    8.24484e+04    3.06747e+03    2.42606e+04
     Coulomb-14        LJ (SR)  Disper. corr.   Coulomb (SR)   Coul. recip.
    2.45672e+05    1.60075e+05   -6.07240e+03   -2.28482e+06    7.59527e+03
      Potential    Kinetic En.   Total Energy  Conserved En.    Temperature
   -1.69343e+06    3.76505e+05   -1.31693e+06   -1.35888e+06    3.12635e+02
 Pres. DC (bar) Pressure (bar)   Constr. rmsd
   -1.45797e+02   -1.89356e+01    3.72726e-06


DD  step 164999 load imb.: force  0.3%
           Step           Time
         165000      330.00000

   Energies (kJ/mol)
           Bond          Angle    Proper Dih.  Improper Dih.          LJ-14
    2.05639e+04    5.44954e+04    8.23608e+04    2.87866e+03    2.41631e+04
     Coulomb-14        LJ (SR)  Disper. corr.   Coulomb (SR)   Coul. recip.
    2.45286e+05    1.60737e+05   -6.06497e+03   -2.28270e+06    7.60666e+03
      Potential    Kinetic En.   Total Energy  Conserved En.    Temperature
   -1.69067e+06    3.76144e+05   -1.31453e+06   -1.35852e+06    3.12335e+02
 Pres. DC (bar) Pressure (bar)   Constr. rmsd
   -1.45440e+02   -7.51766e+01    3.69849e-06


DD  step 169999 load imb.: force  0.3%
           Step           Time
         170000      340.00000

   Energies (kJ/mol)
           Bond          Angle    Proper Dih.  Improper Dih.          LJ-14
    1.98132e+04    5.48318e+04    8.23063e+04    3.21666e+03    2.43030e+04
     Coulomb-14        LJ (SR)  Disper. corr.   Coulomb (SR)   Coul. recip.
    2.44889e+05    1.60726e+05   -6.06510e+03   -2.28367e+06    7.68178e+03
      Potential    Kinetic En.   Total Energy  Conserved En.    Temperature
   -1.69197e+06    3.77655e+05   -1.31431e+06   -1.35891e+06    3.13590e+02
 Pres. DC (bar) Pressure (bar)   Constr. rmsd
   -1.45447e+02    2.35003e+01    3.69560e-06


DD  step 174999 load imb.: force  0.4%
           Step           Time
         175000      350.00000

   Energies (kJ/mol)
           Bond          Angle    Proper Dih.  Improper Dih.          LJ-14
    1.97994e+04    5.46126e+04    8.22678e+04    3.00859e+03    2.40419e+04
     Coulomb-14        LJ (SR)  Disper. corr.   Coulomb (SR)   Coul. recip.
    2.45522e+05    1.59817e+05   -6.07137e+03   -2.28417e+06    7.55910e+03
      Potential    Kinetic En.   Total Energy  Conserved En.    Temperature
   -1.69361e+06    3.75581e+05   -1.31803e+06   -1.35880e+06    3.11868e+02
 Pres. DC (bar) Pressure (bar)   Constr. rmsd
   -1.45747e+02   -1.33744e+02    3.63226e-06


DD  step 179999 load imb.: force  0.3%
           Step           Time
         180000      360.00000

   Energies (kJ/mol)
           Bond          Angle    Proper Dih.  Improper Dih.          LJ-14
    1.97719e+04    5.48555e+04    8.23228e+04    2.98769e+03    2.42143e+04
     Coulomb-14        LJ (SR)  Disper. corr.   Coulomb (SR)   Coul. recip.
    2.44583e+05    1.62370e+05   -6.08120e+03   -2.28721e+06    7.67126e+03
      Potential    Kinetic En.   Total Energy  Conserved En.    Temperature
   -1.69452e+06    3.79432e+05   -1.31508e+06   -1.35903e+06    3.15065e+02
 Pres. DC (bar) Pressure (bar)   Constr. rmsd
   -1.46220e+02    9.88760e+01    3.67570e-06

Writing checkpoint, step 184000 at Mon Aug  5 01:23:32 2024



DD  step 184999 load imb.: force  0.3%
           Step           Time
         185000      370.00000

   Energies (kJ/mol)
           Bond          Angle    Proper Dih.  Improper Dih.          LJ-14
    2.01352e+04    5.55389e+04    8.24759e+04    3.00630e+03    2.40869e+04
     Coulomb-14        LJ (SR)  Disper. corr.   Coulomb (SR)   Coul. recip.
    2.45127e+05    1.58570e+05   -6.07459e+03   -2.28235e+06    7.65693e+03
      Potential    Kinetic En.   Total Energy  Conserved En.    Temperature
   -1.69183e+06    3.79302e+05   -1.31253e+06   -1.35826e+06    3.14957e+02
 Pres. DC (bar) Pressure (bar)   Constr. rmsd
   -1.45902e+02   -1.44350e+02    3.66931e-06


DD  step 189999 load imb.: force  0.3%
           Step           Time
         190000      380.00000

   Energies (kJ/mol)
           Bond          Angle    Proper Dih.  Improper Dih.          LJ-14
    1.97014e+04    5.48903e+04    8.23991e+04    3.07148e+03    2.44349e+04
     Coulomb-14        LJ (SR)  Disper. corr.   Coulomb (SR)   Coul. recip.
    2.45430e+05    1.59485e+05   -6.06513e+03   -2.28264e+06    7.57700e+03
      Potential    Kinetic En.   Total Energy  Conserved En.    Temperature
   -1.69172e+06    3.77983e+05   -1.31373e+06   -1.35850e+06    3.13863e+02
 Pres. DC (bar) Pressure (bar)   Constr. rmsd
   -1.45448e+02    6.26046e+01    3.62719e-06


DD  step 194999 load imb.: force  0.3%
           Step           Time
         195000      390.00000

   Energies (kJ/mol)
           Bond          Angle    Proper Dih.  Improper Dih.          LJ-14
    2.06531e+04    5.43250e+04    8.23081e+04    3.09066e+03    2.45165e+04
     Coulomb-14        LJ (SR)  Disper. corr.   Coulomb (SR)   Coul. recip.
    2.45167e+05    1.60304e+05   -6.06684e+03   -2.28580e+06    7.49462e+03
      Potential    Kinetic En.   Total Energy  Conserved En.    Temperature
   -1.69401e+06    3.77548e+05   -1.31646e+06   -1.35851e+06    3.13501e+02
 Pres. DC (bar) Pressure (bar)   Constr. rmsd
   -1.45530e+02   -1.00271e+02    3.67506e-06


DD  step 199999 load imb.: force  0.4%
           Step           Time
         200000      400.00000

   Energies (kJ/mol)
           Bond          Angle    Proper Dih.  Improper Dih.          LJ-14
    1.99574e+04    5.44345e+04    8.22744e+04    3.00614e+03    2.41984e+04
     Coulomb-14        LJ (SR)  Disper. corr.   Coulomb (SR)   Coul. recip.
    2.45776e+05    1.61009e+05   -6.07310e+03   -2.28831e+06    7.46240e+03
      Potential    Kinetic En.   Total Energy  Conserved En.    Temperature
   -1.69627e+06    3.75970e+05   -1.32030e+06   -1.35837e+06    3.12191e+02
 Pres. DC (bar) Pressure (bar)   Constr. rmsd
   -1.45830e+02   -1.00490e+02    3.59801e-06


DD  step 204999 load imb.: force  0.3%
           Step           Time
         205000      410.00000

   Energies (kJ/mol)
           Bond          Angle    Proper Dih.  Improper Dih.          LJ-14
    1.99925e+04    5.49881e+04    8.24635e+04    3.13180e+03    2.42413e+04
     Coulomb-14        LJ (SR)  Disper. corr.   Coulomb (SR)   Coul. recip.
    2.45090e+05    1.62427e+05   -6.07001e+03   -2.28786e+06    7.57501e+03
      Potential    Kinetic En.   Total Energy  Conserved En.    Temperature
   -1.69403e+06    3.77475e+05   -1.31655e+06   -1.35798e+06    3.13440e+02
 Pres. DC (bar) Pressure (bar)   Constr. rmsd
   -1.45682e+02   -1.95252e+01    3.60498e-06


DD  step 209999 load imb.: force  0.4%
           Step           Time
         210000      420.00000

   Energies (kJ/mol)
           Bond          Angle    Proper Dih.  Improper Dih.          LJ-14
    1.96220e+04    5.43822e+04    8.26203e+04    3.24834e+03    2.43698e+04
     Coulomb-14        LJ (SR)  Disper. corr.   Coulomb (SR)   Coul. recip.
    2.46012e+05    1.63129e+05   -6.06746e+03   -2.28999e+06    7.59648e+03
      Potential    Kinetic En.   Total Energy  Conserved En.    Temperature
   -1.69508e+06    3.76686e+05   -1.31839e+06   -1.35781e+06    3.12785e+02
 Pres. DC (bar) Pressure (bar)   Constr. rmsd
   -1.45559e+02    1.19630e+02    3.64233e-06


DD  step 214999 load imb.: force  0.3%
           Step           Time
         215000      430.00000

   Energies (kJ/mol)
           Bond          Angle    Proper Dih.  Improper Dih.          LJ-14
    2.00823e+04    5.48141e+04    8.22870e+04    3.05874e+03    2.42731e+04
     Coulomb-14        LJ (SR)  Disper. corr.   Coulomb (SR)   Coul. recip.
    2.45395e+05    1.59984e+05   -6.07646e+03   -2.28734e+06    7.58691e+03
      Potential    Kinetic En.   Total Energy  Conserved En.    Temperature
   -1.69594e+06    3.78204e+05   -1.31774e+06   -1.35792e+06    3.14046e+02
 Pres. DC (bar) Pressure (bar)   Constr. rmsd
   -1.45992e+02    4.41750e+01    3.63758e-06


DD  step 219999 load imb.: force  0.3%
           Step           Time
         220000      440.00000

   Energies (kJ/mol)
           Bond          Angle    Proper Dih.  Improper Dih.          LJ-14
    2.02338e+04    5.45303e+04    8.24121e+04    3.02521e+03    2.44525e+04
     Coulomb-14        LJ (SR)  Disper. corr.   Coulomb (SR)   Coul. recip.
    2.45530e+05    1.59102e+05   -6.06466e+03   -2.28089e+06    7.63098e+03
      Potential    Kinetic En.   Total Energy  Conserved En.    Temperature
   -1.69004e+06    3.77478e+05   -1.31256e+06   -1.35783e+06    3.13443e+02
 Pres. DC (bar) Pressure (bar)   Constr. rmsd
   -1.45425e+02   -7.97285e+01    3.66478e-06


DD  step 224999 load imb.: force  0.3%
           Step           Time
         225000      450.00000

   Energies (kJ/mol)
           Bond          Angle    Proper Dih.  Improper Dih.          LJ-14
    1.93506e+04    5.44622e+04    8.26431e+04    3.11227e+03    2.44149e+04
     Coulomb-14        LJ (SR)  Disper. corr.   Coulomb (SR)   Coul. recip.
    2.45110e+05    1.62113e+05   -6.07808e+03   -2.28683e+06    7.56803e+03
      Potential    Kinetic En.   Total Energy  Conserved En.    Temperature
   -1.69414e+06    3.76666e+05   -1.31747e+06   -1.35757e+06    3.12769e+02
 Pres. DC (bar) Pressure (bar)   Constr. rmsd
   -1.46069e+02    1.21085e+02    3.61884e-06


DD  step 229999 load imb.: force  0.3%
           Step           Time
         230000      460.00000

   Energies (kJ/mol)
           Bond          Angle    Proper Dih.  Improper Dih.          LJ-14
    1.98642e+04    5.41967e+04    8.24240e+04    3.06180e+03    2.43453e+04
     Coulomb-14        LJ (SR)  Disper. corr.   Coulomb (SR)   Coul. recip.
    2.45476e+05    1.61260e+05   -6.07851e+03   -2.28708e+06    7.48905e+03
      Potential    Kinetic En.   Total Energy  Conserved En.    Temperature
   -1.69504e+06    3.77010e+05   -1.31803e+06   -1.35778e+06    3.13055e+02
 Pres. DC (bar) Pressure (bar)   Constr. rmsd
   -1.46090e+02   -2.65425e+01    3.60965e-06


DD  step 234999 load imb.: force  0.3%
           Step           Time
         235000      470.00000

   Energies (kJ/mol)
           Bond          Angle    Proper Dih.  Improper Dih.          LJ-14
    2.00762e+04    5.41566e+04    8.24748e+04    3.04289e+03    2.42422e+04
     Coulomb-14        LJ (SR)  Disper. corr.   Coulomb (SR)   Coul. recip.
    2.45029e+05    1.59190e+05   -6.08029e+03   -2.28550e+06    7.73450e+03
      Potential    Kinetic En.   Total Energy  Conserved En.    Temperature
   -1.69563e+06    3.76300e+05   -1.31933e+06   -1.35749e+06    3.12465e+02
 Pres. DC (bar) Pressure (bar)   Constr. rmsd
   -1.46176e+02   -1.27565e+02    3.64833e-06


DD  step 239999 load imb.: force  0.4%
           Step           Time
         240000      480.00000

   Energies (kJ/mol)
           Bond          Angle    Proper Dih.  Improper Dih.          LJ-14
    1.99134e+04    5.43543e+04    8.26039e+04    3.11857e+03    2.42247e+04
     Coulomb-14        LJ (SR)  Disper. corr.   Coulomb (SR)   Coul. recip.
    2.45410e+05    1.61014e+05   -6.08595e+03   -2.28859e+06    7.48497e+03
      Potential    Kinetic En.   Total Energy  Conserved En.    Temperature
   -1.69655e+06    3.77970e+05   -1.31858e+06   -1.35744e+06    3.13851e+02
 Pres. DC (bar) Pressure (bar)   Constr. rmsd
   -1.46448e+02   -1.48730e+01    3.73086e-06


DD  step 244999 load imb.: force  0.3%
           Step           Time
         245000      490.00000

   Energies (kJ/mol)
           Bond          Angle    Proper Dih.  Improper Dih.          LJ-14
    1.96476e+04    5.54894e+04    8.26289e+04    3.27065e+03    2.43571e+04
     Coulomb-14        LJ (SR)  Disper. corr.   Coulomb (SR)   Coul. recip.
    2.46339e+05    1.61620e+05   -6.06672e+03   -2.28654e+06    7.68233e+03
      Potential    Kinetic En.   Total Energy  Conserved En.    Temperature
   -1.69157e+06    3.77383e+05   -1.31419e+06   -1.35741e+06    3.13364e+02
 Pres. DC (bar) Pressure (bar)   Constr. rmsd
   -1.45524e+02    6.11860e+01    3.65838e-06


DD  step 249999 load imb.: force  0.4%
           Step           Time
         250000      500.00000

   Energies (kJ/mol)
           Bond          Angle    Proper Dih.  Improper Dih.          LJ-14
    2.01281e+04    5.45794e+04    8.24217e+04    3.15218e+03    2.42986e+04
     Coulomb-14        LJ (SR)  Disper. corr.   Coulomb (SR)   Coul. recip.
    2.45005e+05    1.61497e+05   -6.07805e+03   -2.28817e+06    7.60361e+03
      Potential    Kinetic En.   Total Energy  Conserved En.    Temperature
   -1.69556e+06    3.76253e+05   -1.31931e+06   -1.35741e+06    3.12425e+02
 Pres. DC (bar) Pressure (bar)   Constr. rmsd
   -1.46068e+02    1.16859e+02    3.59719e-06


DD  step 254999 load imb.: force  0.4%
           Step           Time
         255000      510.00000

   Energies (kJ/mol)
           Bond          Angle    Proper Dih.  Improper Dih.          LJ-14
    1.99080e+04    5.50404e+04    8.24792e+04    3.23138e+03    2.44002e+04
     Coulomb-14        LJ (SR)  Disper. corr.   Coulomb (SR)   Coul. recip.
    2.44995e+05    1.62398e+05   -6.07962e+03   -2.28640e+06    7.71816e+03
      Potential    Kinetic En.   Total Energy  Conserved En.    Temperature
   -1.69231e+06    3.77625e+05   -1.31469e+06   -1.35720e+06    3.13565e+02
 Pres. DC (bar) Pressure (bar)   Constr. rmsd
   -1.46144e+02    1.87097e+02    3.64935e-06


DD  step 259999 load imb.: force  0.4%
           Step           Time
         260000      520.00000

   Energies (kJ/mol)
           Bond          Angle    Proper Dih.  Improper Dih.          LJ-14
    2.03699e+04    5.57310e+04    8.24558e+04    3.05285e+03    2.41292e+04
     Coulomb-14        LJ (SR)  Disper. corr.   Coulomb (SR)   Coul. recip.
    2.45326e+05    1.60824e+05   -6.06350e+03   -2.28601e+06    7.71880e+03
      Potential    Kinetic En.   Total Energy  Conserved En.    Temperature
   -1.69246e+06    3.75763e+05   -1.31670e+06   -1.35728e+06    3.12019e+02
 Pres. DC (bar) Pressure (bar)   Constr. rmsd
   -1.45370e+02   -8.75443e+01    3.63085e-06


DD  step 264999 load imb.: force  0.3%
           Step           Time
         265000      530.00000

   Energies (kJ/mol)
           Bond          Angle    Proper Dih.  Improper Dih.          LJ-14
    1.96903e+04    5.42023e+04    8.23922e+04    3.17004e+03    2.44261e+04
     Coulomb-14        LJ (SR)  Disper. corr.   Coulomb (SR)   Coul. recip.
    2.45326e+05    1.61568e+05   -6.08774e+03   -2.28928e+06    7.43268e+03
      Potential    Kinetic En.   Total Energy  Conserved En.    Temperature
   -1.69716e+06    3.75483e+05   -1.32168e+06   -1.35717e+06    3.11787e+02
 Pres. DC (bar) Pressure (bar)   Constr. rmsd
   -1.46534e+02    3.91699e+01    3.57936e-06


DD  step 269999 load imb.: force  0.3%
           Step           Time
         270000      540.00000

   Energies (kJ/mol)
           Bond          Angle    Proper Dih.  Improper Dih.          LJ-14
    1.97117e+04    5.51772e+04    8.25617e+04    3.01347e+03    2.43847e+04
     Coulomb-14        LJ (SR)  Disper. corr.   Coulomb (SR)   Coul. recip.
    2.45360e+05    1.60906e+05   -6.07773e+03   -2.28921e+06    7.69068e+03
      Potential    Kinetic En.   Total Energy  Conserved En.    Temperature
   -1.69649e+06    3.74440e+05   -1.32205e+06   -1.35733e+06    3.10921e+02
 Pres. DC (bar) Pressure (bar)   Constr. rmsd
   -1.46053e+02   -5.45955e+01    3.66784e-06


DD  step 274999 load imb.: force  0.4%
           Step           Time
         275000      550.00000

   Energies (kJ/mol)
           Bond          Angle    Proper Dih.  Improper Dih.          LJ-14
    2.01161e+04    5.42354e+04    8.25426e+04    3.05308e+03    2.42615e+04
     Coulomb-14        LJ (SR)  Disper. corr.   Coulomb (SR)   Coul. recip.
    2.45781e+05    1.58596e+05   -6.06157e+03   -2.28059e+06    7.57457e+03
      Potential    Kinetic En.   Total Energy  Conserved En.    Temperature
   -1.69049e+06    3.76644e+05   -1.31385e+06   -1.35689e+06    3.12750e+02
 Pres. DC (bar) Pressure (bar)   Constr. rmsd
   -1.45277e+02   -1.47240e+02    3.74364e-06


DD  step 279999 load imb.: force  0.3%
           Step           Time
         280000      560.00000

   Energies (kJ/mol)
           Bond          Angle    Proper Dih.  Improper Dih.          LJ-14
    1.99325e+04    5.45157e+04    8.25304e+04    3.01314e+03    2.43161e+04
     Coulomb-14        LJ (SR)  Disper. corr.   Coulomb (SR)   Coul. recip.
    2.45456e+05    1.59864e+05   -6.06136e+03   -2.28577e+06    7.52893e+03
      Potential    Kinetic En.   Total Energy  Conserved En.    Temperature
   -1.69467e+06    3.75903e+05   -1.31877e+06   -1.35681e+06    3.12135e+02
 Pres. DC (bar) Pressure (bar)   Constr. rmsd
   -1.45267e+02   -4.21458e+01    3.58754e-06


DD  step 284999 load imb.: force  0.4%
           Step           Time
         285000      570.00000

   Energies (kJ/mol)
           Bond          Angle    Proper Dih.  Improper Dih.          LJ-14
    2.01911e+04    5.41609e+04    8.26191e+04    3.02761e+03    2.40809e+04
     Coulomb-14        LJ (SR)  Disper. corr.   Coulomb (SR)   Coul. recip.
    2.45441e+05    1.59297e+05   -6.06418e+03   -2.28178e+06    7.81697e+03
      Potential    Kinetic En.   Total Energy  Conserved En.    Temperature
   -1.69121e+06    3.78335e+05   -1.31287e+06   -1.35684e+06    3.14155e+02
 Pres. DC (bar) Pressure (bar)   Constr. rmsd
   -1.45402e+02   -7.82952e+01    3.65517e-06


DD  step 289999 load imb.: force  0.3%
           Step           Time
         290000      580.00000

   Energies (kJ/mol)
           Bond          Angle    Proper Dih.  Improper Dih.          LJ-14
    1.97416e+04    5.49167e+04    8.25594e+04    3.19801e+03    2.43544e+04
     Coulomb-14        LJ (SR)  Disper. corr.   Coulomb (SR)   Coul. recip.
    2.45183e+05    1.61204e+05   -6.06610e+03   -2.28425e+06    7.66893e+03
      Potential    Kinetic En.   Total Energy  Conserved En.    Temperature
   -1.69149e+06    3.77043e+05   -1.31445e+06   -1.35647e+06    3.13082e+02
 Pres. DC (bar) Pressure (bar)   Constr. rmsd
   -1.45494e+02    1.38755e+02    3.66455e-06


DD  step 294999 load imb.: force  0.4%
           Step           Time
         295000      590.00000

   Energies (kJ/mol)
           Bond          Angle    Proper Dih.  Improper Dih.          LJ-14
    1.98430e+04    5.44531e+04    8.21842e+04    3.04682e+03    2.44248e+04
     Coulomb-14        LJ (SR)  Disper. corr.   Coulomb (SR)   Coul. recip.
    2.45986e+05    1.58304e+05   -6.09511e+03   -2.28589e+06    7.66588e+03
      Potential    Kinetic En.   Total Energy  Conserved En.    Temperature
   -1.69607e+06    3.76591e+05   -1.31948e+06   -1.35656e+06    3.12706e+02
 Pres. DC (bar) Pressure (bar)   Constr. rmsd
   -1.46889e+02   -1.28172e+02    3.52036e-06


DD  step 299999 load imb.: force  0.5%
           Step           Time
         300000      600.00000

   Energies (kJ/mol)
           Bond          Angle    Proper Dih.  Improper Dih.          LJ-14
    1.98297e+04    5.49387e+04    8.23529e+04    3.08745e+03    2.43467e+04
     Coulomb-14        LJ (SR)  Disper. corr.   Coulomb (SR)   Coul. recip.
    2.45998e+05    1.63258e+05   -6.05759e+03   -2.28822e+06    7.58458e+03
      Potential    Kinetic En.   Total Energy  Conserved En.    Temperature
   -1.69288e+06    3.76468e+05   -1.31641e+06   -1.35646e+06    3.12604e+02
 Pres. DC (bar) Pressure (bar)   Constr. rmsd
   -1.45087e+02    1.01634e+02    3.73968e-06


DD  step 304999 load imb.: force  0.3%
           Step           Time
         305000      610.00000

   Energies (kJ/mol)
           Bond          Angle    Proper Dih.  Improper Dih.          LJ-14
    1.97493e+04    5.48966e+04    8.24695e+04    3.02803e+03    2.43194e+04
     Coulomb-14        LJ (SR)  Disper. corr.   Coulomb (SR)   Coul. recip.
    2.45283e+05    1.60968e+05   -6.08457e+03   -2.28830e+06    7.79867e+03
      Potential    Kinetic En.   Total Energy  Conserved En.    Temperature
   -1.69587e+06    3.78276e+05   -1.31760e+06   -1.35624e+06    3.14105e+02
 Pres. DC (bar) Pressure (bar)   Constr. rmsd
   -1.46382e+02    8.53382e+01    3.59264e-06


DD  step 309999 load imb.: force  0.4%
           Step           Time
         310000      620.00000

   Energies (kJ/mol)
           Bond          Angle    Proper Dih.  Improper Dih.          LJ-14
    2.02071e+04    5.48911e+04    8.24862e+04    3.14848e+03    2.40446e+04
     Coulomb-14        LJ (SR)  Disper. corr.   Coulomb (SR)   Coul. recip.
    2.45366e+05    1.62066e+05   -6.07951e+03   -2.28698e+06    7.49460e+03
      Potential    Kinetic En.   Total Energy  Conserved En.    Temperature
   -1.69336e+06    3.78580e+05   -1.31478e+06   -1.35585e+06    3.14358e+02
 Pres. DC (bar) Pressure (bar)   Constr. rmsd
   -1.46138e+02   -2.89830e+01    3.66975e-06


DD  step 314999 load imb.: force  0.3%
           Step           Time
         315000      630.00000

   Energies (kJ/mol)
           Bond          Angle    Proper Dih.  Improper Dih.          LJ-14
    1.95816e+04    5.54794e+04    8.21967e+04    3.12761e+03    2.42988e+04
     Coulomb-14        LJ (SR)  Disper. corr.   Coulomb (SR)   Coul. recip.
    2.45558e+05    1.62019e+05   -6.07875e+03   -2.29053e+06    7.53677e+03
      Potential    Kinetic En.   Total Energy  Conserved En.    Temperature
   -1.69681e+06    3.77759e+05   -1.31905e+06   -1.35616e+06    3.13676e+02
 Pres. DC (bar) Pressure (bar)   Constr. rmsd
   -1.46102e+02    3.92502e+01    3.56182e-06


DD  step 319999 load imb.: force  0.3%
           Step           Time
         320000      640.00000

   Energies (kJ/mol)
           Bond          Angle    Proper Dih.  Improper Dih.          LJ-14
    1.98392e+04    5.46807e+04    8.26247e+04    3.18591e+03    2.41115e+04
     Coulomb-14        LJ (SR)  Disper. corr.   Coulomb (SR)   Coul. recip.
    2.45293e+05    1.59214e+05   -6.07906e+03   -2.28458e+06    7.68646e+03
      Potential    Kinetic En.   Total Energy  Conserved En.    Temperature
   -1.69402e+06    3.76627e+05   -1.31740e+06   -1.35614e+06    3.12737e+02
 Pres. DC (bar) Pressure (bar)   Constr. rmsd
   -1.46117e+02   -6.92674e+01    3.65677e-06


DD  step 324999 load imb.: force  0.3%
           Step           Time
         325000      650.00000

   Energies (kJ/mol)
           Bond          Angle    Proper Dih.  Improper Dih.          LJ-14
    1.99233e+04    5.46375e+04    8.22344e+04    3.02270e+03    2.44427e+04
     Coulomb-14        LJ (SR)  Disper. corr.   Coulomb (SR)   Coul. recip.
    2.44733e+05    1.61509e+05   -6.08192e+03   -2.28530e+06    7.67432e+03
      Potential    Kinetic En.   Total Energy  Conserved En.    Temperature
   -1.69321e+06    3.77110e+05   -1.31610e+06   -1.35612e+06    3.13137e+02
 Pres. DC (bar) Pressure (bar)   Constr. rmsd
   -1.46254e+02    1.53094e+02    3.68817e-06


DD  step 329999 load imb.: force  0.4%
           Step           Time
         330000      660.00000

   Energies (kJ/mol)
           Bond          Angle    Proper Dih.  Improper Dih.          LJ-14
    1.99185e+04    5.45192e+04    8.22275e+04    2.97798e+03    2.44584e+04
     Coulomb-14        LJ (SR)  Disper. corr.   Coulomb (SR)   Coul. recip.
    2.45717e+05    1.60585e+05   -6.07470e+03   -2.28501e+06    7.59302e+03
      Potential    Kinetic En.   Total Energy  Conserved En.    Temperature
   -1.69309e+06    3.76497e+05   -1.31659e+06   -1.35618e+06    3.12629e+02
 Pres. DC (bar) Pressure (bar)   Constr. rmsd
   -1.45907e+02    7.75629e+01    3.60234e-06


DD  step 334999 load imb.: force  0.4%
           Step           Time
         335000      670.00000

   Energies (kJ/mol)
           Bond          Angle    Proper Dih.  Improper Dih.          LJ-14
    1.98718e+04    5.41603e+04    8.23714e+04    3.16532e+03    2.46021e+04
     Coulomb-14        LJ (SR)  Disper. corr.   Coulomb (SR)   Coul. recip.
    2.45746e+05    1.60134e+05   -6.07323e+03   -2.28553e+06    7.54586e+03
      Potential    Kinetic En.   Total Energy  Conserved En.    Temperature
   -1.69401e+06    3.74516e+05   -1.31949e+06   -1.35623e+06    3.10984e+02
 Pres. DC (bar) Pressure (bar)   Constr. rmsd
   -1.45836e+02   -1.66173e+00    3.55696e-06


DD  step 339999 load imb.: force  0.2%
           Step           Time
         340000      680.00000

   Energies (kJ/mol)
           Bond          Angle    Proper Dih.  Improper Dih.          LJ-14
    1.97378e+04    5.41129e+04    8.22465e+04    3.08134e+03    2.42182e+04
     Coulomb-14        LJ (SR)  Disper. corr.   Coulomb (SR)   Coul. recip.
    2.45552e+05    1.61148e+05   -6.07749e+03   -2.28656e+06    7.59954e+03
      Potential    Kinetic En.   Total Energy  Conserved En.    Temperature
   -1.69494e+06    3.76604e+05   -1.31834e+06   -1.35603e+06    3.12717e+02
 Pres. DC (bar) Pressure (bar)   Constr. rmsd
   -1.46041e+02   -9.72767e+01    3.65308e-06


DD  step 344999 load imb.: force  0.3%
           Step           Time
         345000      690.00000

   Energies (kJ/mol)
           Bond          Angle    Proper Dih.  Improper Dih.          LJ-14
    1.99999e+04    5.45096e+04    8.23245e+04    3.12935e+03    2.42915e+04
     Coulomb-14        LJ (SR)  Disper. corr.   Coulomb (SR)   Coul. recip.
    2.45717e+05    1.59881e+05   -6.07050e+03   -2.28439e+06    7.43221e+03
      Potential    Kinetic En.   Total Energy  Conserved En.    Temperature
   -1.69317e+06    3.77271e+05   -1.31590e+06   -1.35542e+06    3.13271e+02
 Pres. DC (bar) Pressure (bar)   Constr. rmsd
   -1.45706e+02   -2.41373e+01    3.80739e-06


DD  step 349999 load imb.: force  0.3%
           Step           Time
         350000      700.00000

   Energies (kJ/mol)
           Bond          Angle    Proper Dih.  Improper Dih.          LJ-14
    1.98871e+04    5.52106e+04    8.27403e+04    3.06327e+03    2.44468e+04
     Coulomb-14        LJ (SR)  Disper. corr.   Coulomb (SR)   Coul. recip.
    2.45551e+05    1.59881e+05   -6.07924e+03   -2.28784e+06    7.69483e+03
      Potential    Kinetic En.   Total Energy  Conserved En.    Temperature
   -1.69545e+06    3.79888e+05   -1.31556e+06   -1.35603e+06    3.15444e+02
 Pres. DC (bar) Pressure (bar)   Constr. rmsd
   -1.46126e+02    5.47250e+00    3.67977e-06


DD  step 354999 load imb.: force  0.3%
           Step           Time
         355000      710.00000

   Energies (kJ/mol)
           Bond          Angle    Proper Dih.  Improper Dih.          LJ-14
    2.00428e+04    5.47940e+04    8.25145e+04    3.11223e+03    2.45983e+04
     Coulomb-14        LJ (SR)  Disper. corr.   Coulomb (SR)   Coul. recip.
    2.45074e+05    1.63293e+05   -6.06621e+03   -2.28867e+06    7.56189e+03
      Potential    Kinetic En.   Total Energy  Conserved En.    Temperature
   -1.69374e+06    3.75194e+05   -1.31855e+06   -1.35577e+06    3.11546e+02
 Pres. DC (bar) Pressure (bar)   Constr. rmsd
   -1.45500e+02    1.29592e+02    3.52861e-06


DD  step 359999 load imb.: force  0.3%
           Step           Time
         360000      720.00000

   Energies (kJ/mol)
           Bond          Angle    Proper Dih.  Improper Dih.          LJ-14
    1.96426e+04    5.39625e+04    8.28722e+04    3.04853e+03    2.43721e+04
     Coulomb-14        LJ (SR)  Disper. corr.   Coulomb (SR)   Coul. recip.
    2.45861e+05    1.61109e+05   -6.07158e+03   -2.28602e+06    7.57806e+03
      Potential    Kinetic En.   Total Energy  Conserved En.    Temperature
   -1.69365e+06    3.77405e+05   -1.31624e+06   -1.35545e+06    3.13383e+02
 Pres. DC (bar) Pressure (bar)   Constr. rmsd
   -1.45757e+02    3.45280e+01    3.68075e-06


DD  step 364999 load imb.: force  0.3%
           Step           Time
         365000      730.00000

   Energies (kJ/mol)
           Bond          Angle    Proper Dih.  Improper Dih.          LJ-14
    2.03741e+04    5.43637e+04    8.20946e+04    2.91828e+03    2.44486e+04
     Coulomb-14        LJ (SR)  Disper. corr.   Coulomb (SR)   Coul. recip.
    2.45005e+05    1.60677e+05   -6.07813e+03   -2.28671e+06    7.61400e+03
      Potential    Kinetic En.   Total Energy  Conserved En.    Temperature
   -1.69529e+06    3.77170e+05   -1.31812e+06   -1.35509e+06    3.13187e+02
 Pres. DC (bar) Pressure (bar)   Constr. rmsd
   -1.46072e+02    4.33829e+01    3.59350e-06

Writing checkpoint, step 367600 at Mon Aug  5 01:38:32 2024



DD  step 369999 load imb.: force  0.3%
           Step           Time
         370000      740.00000

   Energies (kJ/mol)
           Bond          Angle    Proper Dih.  Improper Dih.          LJ-14
    1.99646e+04    5.42876e+04    8.22098e+04    3.14256e+03    2.45894e+04
     Coulomb-14        LJ (SR)  Disper. corr.   Coulomb (SR)   Coul. recip.
    2.45372e+05    1.63495e+05   -6.07547e+03   -2.28955e+06    7.67981e+03
      Potential    Kinetic En.   Total Energy  Conserved En.    Temperature
   -1.69488e+06    3.76197e+05   -1.31869e+06   -1.35509e+06    3.12379e+02
 Pres. DC (bar) Pressure (bar)   Constr. rmsd
   -1.45944e+02    1.50744e+02    3.61036e-06


DD  step 374999 load imb.: force  0.4%
           Step           Time
         375000      750.00000

   Energies (kJ/mol)
           Bond          Angle    Proper Dih.  Improper Dih.          LJ-14
    2.00236e+04    5.51455e+04    8.26441e+04    3.03192e+03    2.44661e+04
     Coulomb-14        LJ (SR)  Disper. corr.   Coulomb (SR)   Coul. recip.
    2.45604e+05    1.61925e+05   -6.07687e+03   -2.28717e+06    7.70050e+03
      Potential    Kinetic En.   Total Energy  Conserved En.    Temperature
   -1.69270e+06    3.76623e+05   -1.31608e+06   -1.35503e+06    3.12733e+02
 Pres. DC (bar) Pressure (bar)   Constr. rmsd
   -1.46011e+02    1.44485e+02    3.47889e-06


DD  step 379999 load imb.: force  0.6%
           Step           Time
         380000      760.00000

   Energies (kJ/mol)
           Bond          Angle    Proper Dih.  Improper Dih.          LJ-14
    1.97844e+04    5.44579e+04    8.24368e+04    3.05110e+03    2.42125e+04
     Coulomb-14        LJ (SR)  Disper. corr.   Coulomb (SR)   Coul. recip.
    2.44797e+05    1.62611e+05   -6.07478e+03   -2.28835e+06    7.45699e+03
      Potential    Kinetic En.   Total Energy  Conserved En.    Temperature
   -1.69562e+06    3.78222e+05   -1.31740e+06   -1.35518e+06    3.14061e+02
 Pres. DC (bar) Pressure (bar)   Constr. rmsd
   -1.45911e+02    1.17935e+02    3.68002e-06


DD  step 384999 load imb.: force  0.4%
           Step           Time
         385000      770.00000

   Energies (kJ/mol)
           Bond          Angle    Proper Dih.  Improper Dih.          LJ-14
    1.94319e+04    5.48690e+04    8.20925e+04    3.20605e+03    2.43790e+04
     Coulomb-14        LJ (SR)  Disper. corr.   Coulomb (SR)   Coul. recip.
    2.45024e+05    1.60417e+05   -6.06998e+03   -2.28428e+06    7.73873e+03
      Potential    Kinetic En.   Total Energy  Conserved En.    Temperature
   -1.69319e+06    3.75746e+05   -1.31744e+06   -1.35523e+06    3.12005e+02
 Pres. DC (bar) Pressure (bar)   Constr. rmsd
   -1.45681e+02    3.79249e+01    3.52334e-06


DD  step 389999 load imb.: force  0.4%
           Step           Time
         390000      780.00000

   Energies (kJ/mol)
           Bond          Angle    Proper Dih.  Improper Dih.          LJ-14
    1.99100e+04    5.46031e+04    8.22036e+04    3.09741e+03    2.44552e+04
     Coulomb-14        LJ (SR)  Disper. corr.   Coulomb (SR)   Coul. recip.
    2.45078e+05    1.62180e+05   -6.08407e+03   -2.28646e+06    7.56737e+03
      Potential    Kinetic En.   Total Energy  Conserved En.    Temperature
   -1.69345e+06    3.77284e+05   -1.31616e+06   -1.35503e+06    3.13282e+02
 Pres. DC (bar) Pressure (bar)   Constr. rmsd
   -1.46358e+02    9.85650e+01    3.68333e-06


DD  step 394999 load imb.: force  0.4%
           Step           Time
         395000      790.00000

   Energies (kJ/mol)
           Bond          Angle    Proper Dih.  Improper Dih.          LJ-14
    1.96365e+04    5.51628e+04    8.23895e+04    3.08915e+03    2.43080e+04
     Coulomb-14        LJ (SR)  Disper. corr.   Coulomb (SR)   Coul. recip.
    2.44533e+05    1.60919e+05   -6.07138e+03   -2.28332e+06    7.61907e+03
      Potential    Kinetic En.   Total Energy  Conserved En.    Temperature
   -1.69173e+06    3.76669e+05   -1.31507e+06   -1.35504e+06    3.12772e+02
 Pres. DC (bar) Pressure (bar)   Constr. rmsd
   -1.45748e+02    1.62724e+01    3.68361e-06


DD  step 399999 load imb.: force  0.4%
           Step           Time
         400000      800.00000

   Energies (kJ/mol)
           Bond          Angle    Proper Dih.  Improper Dih.          LJ-14
    2.01608e+04    5.44920e+04    8.26320e+04    3.01395e+03    2.41989e+04
     Coulomb-14        LJ (SR)  Disper. corr.   Coulomb (SR)   Coul. recip.
    2.45342e+05    1.59462e+05   -6.07919e+03   -2.28622e+06    7.44907e+03
      Potential    Kinetic En.   Total Energy  Conserved En.    Temperature
   -1.69555e+06    3.76996e+05   -1.31856e+06   -1.35458e+06    3.13043e+02
 Pres. DC (bar) Pressure (bar)   Constr. rmsd
   -1.46123e+02   -4.51078e+01    3.62458e-06


DD  step 404999 load imb.: force  0.4%
           Step           Time
         405000      810.00000

   Energies (kJ/mol)
           Bond          Angle    Proper Dih.  Improper Dih.          LJ-14
    2.01683e+04    5.50556e+04    8.23523e+04    2.95434e+03    2.42492e+04
     Coulomb-14        LJ (SR)  Disper. corr.   Coulomb (SR)   Coul. recip.
    2.45319e+05    1.61887e+05   -6.07451e+03   -2.28807e+06    7.69730e+03
      Potential    Kinetic En.   Total Energy  Conserved En.    Temperature
   -1.69446e+06    3.76999e+05   -1.31746e+06   -1.35476e+06    3.13045e+02
 Pres. DC (bar) Pressure (bar)   Constr. rmsd
   -1.45898e+02   -4.81725e+01    3.61850e-06


DD  step 409999 load imb.: force  0.3%
           Step           Time
         410000      820.00000

   Energies (kJ/mol)
           Bond          Angle    Proper Dih.  Improper Dih.          LJ-14
    1.99773e+04    5.47796e+04    8.24511e+04    3.14143e+03    2.42978e+04
     Coulomb-14        LJ (SR)  Disper. corr.   Coulomb (SR)   Coul. recip.
    2.45237e+05    1.62593e+05   -6.08517e+03   -2.29004e+06    7.41478e+03
      Potential    Kinetic En.   Total Energy  Conserved En.    Temperature
   -1.69624e+06    3.80107e+05   -1.31613e+06   -1.35445e+06    3.15626e+02
 Pres. DC (bar) Pressure (bar)   Constr. rmsd
   -1.46410e+02    5.93682e+01    3.68423e-06


DD  step 414999 load imb.: force  0.4%
           Step           Time
         415000      830.00000

   Energies (kJ/mol)
           Bond          Angle    Proper Dih.  Improper Dih.          LJ-14
    2.01312e+04    5.43354e+04    8.25734e+04    3.09567e+03    2.44271e+04
     Coulomb-14        LJ (SR)  Disper. corr.   Coulomb (SR)   Coul. recip.
    2.45502e+05    1.61413e+05   -6.07609e+03   -2.28706e+06    7.56437e+03
      Potential    Kinetic En.   Total Energy  Conserved En.    Temperature
   -1.69410e+06    3.76698e+05   -1.31740e+06   -1.35407e+06    3.12795e+02
 Pres. DC (bar) Pressure (bar)   Constr. rmsd
   -1.45974e+02    4.97162e+01    3.63020e-06


DD  step 419999 load imb.: force  0.4%
           Step           Time
         420000      840.00000

   Energies (kJ/mol)
           Bond          Angle    Proper Dih.  Improper Dih.          LJ-14
    1.99743e+04    5.39920e+04    8.25545e+04    2.97675e+03    2.43106e+04
     Coulomb-14        LJ (SR)  Disper. corr.   Coulomb (SR)   Coul. recip.
    2.45466e+05    1.59864e+05   -6.07367e+03   -2.28666e+06    7.58734e+03
      Potential    Kinetic En.   Total Energy  Conserved En.    Temperature
   -1.69601e+06    3.78128e+05   -1.31788e+06   -1.35380e+06    3.13983e+02
 Pres. DC (bar) Pressure (bar)   Constr. rmsd
   -1.45858e+02   -1.49938e+01    3.67408e-06


DD  step 424999 load imb.: force  0.3%
           Step           Time
         425000      850.00000

   Energies (kJ/mol)
           Bond          Angle    Proper Dih.  Improper Dih.          LJ-14
    1.96718e+04    5.46325e+04    8.24722e+04    3.13593e+03    2.43664e+04
     Coulomb-14        LJ (SR)  Disper. corr.   Coulomb (SR)   Coul. recip.
    2.45380e+05    1.62809e+05   -6.07125e+03   -2.28830e+06    7.59230e+03
      Potential    Kinetic En.   Total Energy  Conserved En.    Temperature
   -1.69431e+06    3.76879e+05   -1.31743e+06   -1.35420e+06    3.12946e+02
 Pres. DC (bar) Pressure (bar)   Constr. rmsd
   -1.45741e+02    4.64228e+01    3.61871e-06


DD  step 429999 load imb.: force  0.3%
           Step           Time
         430000      860.00000

   Energies (kJ/mol)
           Bond          Angle    Proper Dih.  Improper Dih.          LJ-14
    1.98629e+04    5.40388e+04    8.23503e+04    2.92708e+03    2.43120e+04
     Coulomb-14        LJ (SR)  Disper. corr.   Coulomb (SR)   Coul. recip.
    2.46001e+05    1.59764e+05   -6.07235e+03   -2.28630e+06    7.72859e+03
      Potential    Kinetic En.   Total Energy  Conserved En.    Temperature
   -1.69539e+06    3.77795e+05   -1.31759e+06   -1.35417e+06    3.13706e+02
 Pres. DC (bar) Pressure (bar)   Constr. rmsd
   -1.45794e+02   -8.24741e+01    3.55395e-06


DD  step 434999 load imb.: force  0.3%
           Step           Time
         435000      870.00000

   Energies (kJ/mol)
           Bond          Angle    Proper Dih.  Improper Dih.          LJ-14
    2.01639e+04    5.44048e+04    8.24017e+04    3.06539e+03    2.43445e+04
     Coulomb-14        LJ (SR)  Disper. corr.   Coulomb (SR)   Coul. recip.
    2.45339e+05    1.60860e+05   -6.06957e+03   -2.28650e+06    7.61278e+03
      Potential    Kinetic En.   Total Energy  Conserved En.    Temperature
   -1.69438e+06    3.79038e+05   -1.31534e+06   -1.35340e+06    3.14738e+02
 Pres. DC (bar) Pressure (bar)   Constr. rmsd
   -1.45661e+02   -3.63827e+01    3.73861e-06


DD  step 439999 load imb.: force  0.3%
           Step           Time
         440000      880.00000

   Energies (kJ/mol)
           Bond          Angle    Proper Dih.  Improper Dih.          LJ-14
    1.98418e+04    5.44924e+04    8.25103e+04    3.02932e+03    2.42078e+04
     Coulomb-14        LJ (SR)  Disper. corr.   Coulomb (SR)   Coul. recip.
    2.44824e+05    1.62429e+05   -6.08162e+03   -2.28789e+06    7.58441e+03
      Potential    Kinetic En.   Total Energy  Conserved En.    Temperature
   -1.69505e+06    3.76793e+05   -1.31826e+06   -1.35400e+06    3.12874e+02
 Pres. DC (bar) Pressure (bar)   Constr. rmsd
   -1.46240e+02   -6.29672e+01    3.69372e-06


DD  step 444999 load imb.: force  0.4%
           Step           Time
         445000      890.00000

   Energies (kJ/mol)
           Bond          Angle    Proper Dih.  Improper Dih.          LJ-14
    1.95797e+04    5.41631e+04    8.23793e+04    3.03928e+03    2.43130e+04
     Coulomb-14        LJ (SR)  Disper. corr.   Coulomb (SR)   Coul. recip.
    2.45648e+05    1.59702e+05   -6.08113e+03   -2.28468e+06    7.56900e+03
      Potential    Kinetic En.   Total Energy  Conserved En.    Temperature
   -1.69437e+06    3.76520e+05   -1.31785e+06   -1.35384e+06    3.12647e+02
 Pres. DC (bar) Pressure (bar)   Constr. rmsd
   -1.46216e+02    3.20096e+01    3.78529e-06


DD  step 449999 load imb.: force  0.3%
           Step           Time
         450000      900.00000

   Energies (kJ/mol)
           Bond          Angle    Proper Dih.  Improper Dih.          LJ-14
    1.98643e+04    5.45576e+04    8.25613e+04    3.09324e+03    2.44269e+04
     Coulomb-14        LJ (SR)  Disper. corr.   Coulomb (SR)   Coul. recip.
    2.46134e+05    1.63116e+05   -6.07987e+03   -2.29047e+06    7.54356e+03
      Potential    Kinetic En.   Total Energy  Conserved En.    Temperature
   -1.69525e+06    3.75604e+05   -1.31965e+06   -1.35298e+06    3.11887e+02
 Pres. DC (bar) Pressure (bar)   Constr. rmsd
   -1.46156e+02    1.05212e+02    3.62455e-06


DD  step 454999 load imb.: force  0.3%
           Step           Time
         455000      910.00000

   Energies (kJ/mol)
           Bond          Angle    Proper Dih.  Improper Dih.          LJ-14
    2.00422e+04    5.47350e+04    8.23302e+04    3.16892e+03    2.43348e+04
     Coulomb-14        LJ (SR)  Disper. corr.   Coulomb (SR)   Coul. recip.
    2.45303e+05    1.60761e+05   -6.06050e+03   -2.28385e+06    7.59176e+03
      Potential    Kinetic En.   Total Energy  Conserved En.    Temperature
   -1.69164e+06    3.79600e+05   -1.31204e+06   -1.35221e+06    3.15205e+02
 Pres. DC (bar) Pressure (bar)   Constr. rmsd
   -1.45226e+02   -7.78635e+01    3.71766e-06


DD  step 459999 load imb.: force  0.4%
           Step           Time
         460000      920.00000

   Energies (kJ/mol)
           Bond          Angle    Proper Dih.  Improper Dih.          LJ-14
    1.98785e+04    5.44269e+04    8.26861e+04    3.13867e+03    2.44353e+04
     Coulomb-14        LJ (SR)  Disper. corr.   Coulomb (SR)   Coul. recip.
    2.45299e+05    1.61620e+05   -6.07078e+03   -2.28638e+06    7.66397e+03
      Potential    Kinetic En.   Total Energy  Conserved En.    Temperature
   -1.69330e+06    3.77048e+05   -1.31625e+06   -1.35220e+06    3.13086e+02
 Pres. DC (bar) Pressure (bar)   Constr. rmsd
   -1.45719e+02    6.34743e+01    3.70946e-06


DD  step 464999 load imb.: force  0.4%
           Step           Time
         465000      930.00000

   Energies (kJ/mol)
           Bond          Angle    Proper Dih.  Improper Dih.          LJ-14
    2.01520e+04    5.49485e+04    8.25361e+04    3.11433e+03    2.43106e+04
     Coulomb-14        LJ (SR)  Disper. corr.   Coulomb (SR)   Coul. recip.
    2.45081e+05    1.60585e+05   -6.07371e+03   -2.28560e+06    7.70762e+03
      Potential    Kinetic En.   Total Energy  Conserved En.    Temperature
   -1.69324e+06    3.77828e+05   -1.31541e+06   -1.35162e+06    3.13733e+02
 Pres. DC (bar) Pressure (bar)   Constr. rmsd
   -1.45859e+02   -1.51358e+01    3.75773e-06


DD  step 469999 load imb.: force  0.4%
           Step           Time
         470000      940.00000

   Energies (kJ/mol)
           Bond          Angle    Proper Dih.  Improper Dih.          LJ-14
    1.97572e+04    5.52162e+04    8.25743e+04    3.11407e+03    2.44138e+04
     Coulomb-14        LJ (SR)  Disper. corr.   Coulomb (SR)   Coul. recip.
    2.45358e+05    1.61093e+05   -6.07347e+03   -2.28601e+06    7.49873e+03
      Potential    Kinetic En.   Total Energy  Conserved En.    Temperature
   -1.69306e+06    3.77074e+05   -1.31599e+06   -1.35105e+06    3.13107e+02
 Pres. DC (bar) Pressure (bar)   Constr. rmsd
   -1.45848e+02    8.04572e+01    3.65657e-06



Received the remote second INT/TERM signal, stopping within 3 steps

           Step           Time
         473601      947.20200

Writing checkpoint, step 473601 at Mon Aug  5 01:47:12 2024


   Energies (kJ/mol)
           Bond          Angle    Proper Dih.  Improper Dih.          LJ-14
    1.98110e+04    5.42914e+04    8.24578e+04    3.14879e+03    2.42162e+04
     Coulomb-14        LJ (SR)  Disper. corr.   Coulomb (SR)   Coul. recip.
    2.45213e+05    1.60251e+05   -6.07587e+03   -2.28610e+06    7.71887e+03
      Potential    Kinetic En.   Total Energy  Conserved En.    Temperature
   -1.69506e+06    3.74551e+05   -1.32051e+06   -1.35080e+06    3.11012e+02
 Pres. DC (bar) Pressure (bar)   Constr. rmsd
   -1.45963e+02   -7.09875e+01    3.62449e-06


	<======  ###############  ==>
	<====  A V E R A G E S  ====>
	<==  ###############  ======>

	Statistics over 473602 steps using 4737 frames

   Energies (kJ/mol)
           Bond          Angle    Proper Dih.  Improper Dih.          LJ-14
    1.99737e+04    5.47046e+04    8.24521e+04    3.08820e+03    2.43091e+04
     Coulomb-14        LJ (SR)  Disper. corr.   Coulomb (SR)   Coul. recip.
    2.45327e+05    1.61005e+05   -6.07442e+03   -2.28640e+06    7.58731e+03
      Potential    Kinetic En.   Total Energy  Conserved En.    Temperature
   -1.69403e+06    3.76956e+05   -1.31707e+06   -1.35748e+06    3.13010e+02
 Pres. DC (bar) Pressure (bar)   Constr. rmsd
   -1.45894e+02    1.99692e+00    0.00000e+00

          Box-X          Box-Y          Box-Z
    1.21560e+01    1.14608e+01    9.92531e+00

   Total Virial (kJ/mol)
    1.25790e+05    6.66875e+01   -2.56063e+02
    8.62830e+01    1.25325e+05    2.35278e+01
   -2.56052e+02    8.64497e+01    1.25597e+05

   Pressure (bar)
    3.40606e+00   -8.87706e-01    1.90227e+00
   -1.35856e+00    3.31582e+00    4.91165e-01
    1.90198e+00   -1.02002e+00   -7.31130e-01

  T-Protein_MOLT-Water_and_ions
    3.13026e+02    3.13005e+02


	M E G A - F L O P S   A C C O U N T I N G

 NB=Group-cutoff nonbonded kernels    NxN=N-by-N cluster Verlet kernels
 RF=Reaction-Field  VdW=Van der Waals  QSTab=quadratic-spline table
 W3=SPC/TIP3p  W4=TIP4p (single or pairs)
 V&F=Potential and force  V=Potential only  F=Force only

 Computing:                               M-Number         M-Flops  % Flops
-----------------------------------------------------------------------------
 Pair Search distance check          114251.874304     1028266.869     0.0
 NxN Ewald Elec. + LJ [F]          85718067.823872  5657392476.376    94.7
 NxN Ewald Elec. + LJ [V&F]          866204.689280    92683901.753     1.6
 Calc Weights                        196940.761272     7089867.406     0.1
 Spread Q Bspline                   4201402.907136     8402805.814     0.1
 Gather F Bspline                   4201402.907136    25208417.443     0.4
 3D-FFT                            21414340.270196   171314722.162     2.9
 Solve PME                             5121.996032      327807.746     0.0
 Reset In Box                           656.466432        1969.399     0.0
 CG-CoM                                 656.605044        1969.815     0.0
 Virial                                3286.872144       59163.699     0.0
 Stop-CM                                656.605044        6566.050     0.0
 Calc-Ekin                            65647.059036     1772470.594     0.0
 Lincs                                 6096.592642      365795.559     0.0
 Lincs-Mat                            32758.724856      131034.899     0.0
 Constraint-V                         67918.111046      543344.888     0.0
 Constraint-Vir                        3091.323684       74191.768     0.0
 Settle                               18574.975254     5999717.007     0.1
-----------------------------------------------------------------------------
 Total                                              5972404489.247   100.0
-----------------------------------------------------------------------------


    D O M A I N   D E C O M P O S I T I O N   S T A T I S T I C S

 av. #atoms communicated per step for force:  2 x 74795.5
 av. #atoms communicated per step for LINCS:  2 x 4637.9


Dynamic load balancing report:
 DLB was off during the run due to low measured imbalance.
 Average load imbalance: 0.4%.
 The balanceable part of the MD step is 52%, load imbalance is computed from this.
 Part of the total run time spent waiting due to load imbalance: 0.2%.


     R E A L   C Y C L E   A N D   T I M E   A C C O U N T I N G

On 4 MPI ranks, each using 4 OpenMP threads

 Computing:          Num   Num      Call    Wall time         Giga-Cycles
                     Ranks Threads  Count      (s)         total sum    %
-----------------------------------------------------------------------------
 Domain decomp.         4    4       4736      37.297       1786.925   1.6
 DD comm. load          4    4         96       0.005          0.253   0.0
 Neighbor search        4    4       4737      25.392       1216.557   1.1
 Launch GPU ops.        4    4     947204      29.331       1405.250   1.3
 Comm. coord.           4    4     468865      53.449       2560.754   2.3
 Force                  4    4     473602      23.879       1144.048   1.0
 Wait + Comm. F         4    4     473602      55.134       2641.491   2.4
 PME mesh               4    4     473602    1743.970      83554.472  75.2
 Wait Bonded GPU        4    4       4738       0.012          0.566   0.0
 Wait GPU NB nonloc.    4    4     473602       1.993         95.486   0.1
 Wait GPU NB local      4    4     473602       1.290         61.810   0.1
 NB X/F buffer ops.     4    4    1884934      68.338       3274.118   2.9
 COM pull force         4    4     473602      38.253       1832.735   1.6
 Write traj.            4    4         98       0.250         11.982   0.0
 Update                 4    4     473602      55.259       2647.469   2.4
 Constraints            4    4     473602     122.380       5863.273   5.3
 Comm. energies         4    4     236802      13.992        670.375   0.6
 Rest                                          50.182       2404.229   2.2
-----------------------------------------------------------------------------
 Total                                       2320.406     111171.794 100.0
-----------------------------------------------------------------------------
 Breakdown of PME mesh computation
-----------------------------------------------------------------------------
 PME redist. X/F        4    4     947204     254.896      12212.185  11.0
 PME spread             4    4     473602     320.015      15332.071  13.8
 PME gather             4    4     473602     339.052      16244.139  14.6
 PME 3D-FFT             4    4     947204     599.274      28711.512  25.8
 PME 3D-FFT Comm.       4    4     947204     183.156       8775.100   7.9
 PME solve Elec         4    4     473602      46.673       2236.106   2.0
-----------------------------------------------------------------------------

               Core t (s)   Wall t (s)        (%)
       Time:    37126.468     2320.406     1600.0
                         38:40
                 (ns/day)    (hour/ns)
Performance:       35.269        0.680
Finished mdrun on rank 0 Mon Aug  5 01:47:12 2024

