            --------------------------------------------------------
                             AMBER SQM VERSION 19
 
                                     By
              Ross C. Walker, Michael F. Crowley, Scott Brozell,
                         Tim Giese, Andreas W. Goetz,
                        Tai-Sung Lee and David A. Case
 
            --------------------------------------------------------
 

--------------------------------------------------------------------------------
  QM CALCULATION INFO
--------------------------------------------------------------------------------

| QMMM: Citation for AMBER QMMM Run:
| QMMM: R.C. Walker, M.F. Crowley and D.A. Case, J. COMP. CHEM. 29:1019, 2008

QMMM: SINGLET STATE CALCULATION
QMMM: RHF CALCULATION, NO. OF DOUBLY OCCUPIED LEVELS = 61

| QMMM: *** Selected Hamiltonian *** 
| QMMM: AM1         

| QMMM: *** Parameter sets in use ***
| QMMM: N : M.J.S.DEWAR et al. JACS, 107, 3902, (1985)
| QMMM: C : M.J.S.DEWAR et al. JACS, 107, 3902, (1985)
| QMMM: O : M.J.S.DEWAR et al. JACS, 107, 3902, (1985)
| QMMM: H : M.J.S.DEWAR et al. JACS, 107, 3902, (1985)

| QMMM: *** SCF convergence criteria ***
| QMMM: Energy change                :  0.1D-09 kcal/mol
| QMMM: Error matrix |FP-PF|         :  0.1D+00 au
| QMMM: Density matrix change        :  0.5D-06
| QMMM: Maximum number of SCF cycles :     1000

| QMMM: *** Diagonalization Routine Information ***
| QMMM: Pseudo diagonalizations are allowed.
| QMMM: Auto diagonalization routine selection is in use.
| QMMM:
| QMMM: Timing diagonalization routines:
| QMMM:                              norbs =      114
| QMMM:    diag iterations used for timing =       10
| QMMM:
| QMMM:              Internal diag routine = 0.031346 seconds
| QMMM:                 Dspev diag routine = 0.034002 seconds
| QMMM:                Dspevd diag routine = 0.026275 seconds
| QMMM:                Dspevx diag routine = 0.109915 seconds
| QMMM:                 Dsyev diag routine = 0.036130 seconds
| QMMM:                Dsyevd diag routine = 0.030087 seconds
| QMMM:                Dsyevr diag routine = 0.031156 seconds
| QMMM:
| QMMM:                Pseudo diag routine = 0.012478 seconds
| QMMM:
| QMMM: Using dspevd routine (diag_routine=3).

  QMMM: QM Region Cartesian Coordinates (*=link atom) 
  QMMM: QM_NO.   MM_NO.  ATOM         X         Y         Z
  QMMM:     1        1      N       47.5090   13.1200   22.9780
  QMMM:     2        2      C       48.5120   13.7780   23.7520
  QMMM:     3        3      O       51.7340   16.8220   19.8530
  QMMM:     4        4      C       49.3600   14.4610   25.8840
  QMMM:     5        5      N       48.4040   13.8250   25.0870
  QMMM:     6        6      O       53.8560   14.3320   22.4060
  QMMM:     7        7      C       50.4530   15.0660   25.3220
  QMMM:     8        8      N       49.9700   14.5000   21.7330
  QMMM:     9        9      C       50.5930   15.0330   23.8400
  QMMM:    10       10      N       51.5320   15.5320   22.9150
  QMMM:    11       11      C       49.6170   14.3900   23.0770
  QMMM:    12       12      C       51.1310   15.1930   21.6560
  QMMM:    13       13      C       51.8500   15.5200   20.3620
  QMMM:    14       14      C       51.0610   17.8120   20.5710
  QMMM:    15       15      C       50.9450   19.1690   19.9320
  QMMM:    16       16      C       52.7640   16.2670   23.2440
  QMMM:    17       17      C       54.0250   15.4010   23.2620
  QMMM:    18       18      C       55.2120   16.2130   22.8280
  QMMM:    19       19      C       54.2830   14.8640   24.6470
  QMMM:    20       20      C       51.3920   15.7000   26.1800
  QMMM:    21       21      C       51.2180   15.7090   27.5700
  QMMM:    22       22      C       50.1050   15.0850   28.1310
  QMMM:    23       23      C       49.1750   14.4660   27.3020
  QMMM:    24       24      H       54.6590   13.8060   22.4360
  QMMM:    25       25      H       46.7180   12.6900   23.4370
  QMMM:    26       26      H       47.5900   13.0840   21.9720
  QMMM:    27       27      H       52.2570   16.1850   25.7520
  QMMM:    28       28      H       51.9430   16.1970   28.2040
  QMMM:    29       29      H       49.9660   15.0820   29.2020
  QMMM:    30       30      H       48.3080   13.9860   27.7320
  QMMM:    31       31      H       51.4700   14.8390   19.6000
  QMMM:    32       32      H       52.9110   15.3290   20.5240
  QMMM:    33       33      H       51.5820   17.9400   21.5200
  QMMM:    34       34      H       50.0500   17.4510   20.7580
  QMMM:    35       35      H       51.9410   19.5620   19.7300
  QMMM:    36       36      H       50.4180   19.8440   20.6060
  QMMM:    37       37      H       50.3920   19.0840   18.9970
  QMMM:    38       38      H       52.9010   17.0540   22.5030
  QMMM:    39       39      H       52.6420   16.7140   24.2310
  QMMM:    40       40      H       56.1050   15.5880   22.8440
  QMMM:    41       41      H       55.3450   17.0540   23.5080
  QMMM:    42       42      H       55.0470   16.5860   21.8170
  QMMM:    43       43      H       55.1840   14.2510   24.6370
  QMMM:    44       44      H       53.4350   14.2580   24.9660
  QMMM:    45       45      H       54.4160   15.6950   25.3400

--------------------------------------------------------------------------------
  RESULTS
--------------------------------------------------------------------------------

      iter         sqm energy              rms gradient
      ----    -------------------    -----------------------
xmin    10       -9.3304 kcal/mol        1.2651 kcal/(mol*A)
xmin    20      -11.6375 kcal/mol        0.4423 kcal/(mol*A)
xmin    30      -11.9886 kcal/mol        0.2785 kcal/(mol*A)
xmin    40      -12.4405 kcal/mol        0.1462 kcal/(mol*A)
xmin    50      -12.5972 kcal/mol        0.1029 kcal/(mol*A)
xmin    60      -12.6095 kcal/mol        0.0064 kcal/(mol*A)
xmin    70      -12.6097 kcal/mol        0.0007 kcal/(mol*A)
  ... geometry converged !
 
 Final MO eigenvalues (eV):
 -42.0437  -39.8720  -39.3860  -38.7290  -37.5324  -34.8074  -34.2363  -32.9057
 -32.6941  -32.0781  -29.9880  -29.4446  -28.4909  -27.6222  -26.9341  -23.9642
 -23.5953  -23.2748  -22.5652  -22.0910  -20.3286  -19.5425  -18.7425  -17.9989
 -17.7390  -17.6766  -17.0831  -16.8119  -16.6758  -16.2685  -15.7954  -15.7097
 -15.5298  -15.4319  -15.0924  -14.7571  -14.5818  -14.3568  -14.2045  -13.8298
 -13.5678  -13.4105  -13.2676  -13.1293  -13.0034  -12.8542  -12.7516  -12.5949
 -12.4770  -12.2949  -12.0695  -12.0328  -11.5142  -11.3928  -10.9184  -10.7413
 -10.6971  -10.4656  -10.1181   -8.7148   -8.2785   -0.2134   -0.0534    1.1474
   1.2561    1.3813    2.2458    2.5870    2.7902    2.9272    3.0692    3.1982
   3.2993    3.4226    3.4931    3.5554    3.6167    3.6841    3.7632    3.9177
   3.9554    4.0203    4.0438    4.1121    4.1554    4.2099    4.2463    4.2987
   4.3271    4.3509    4.4206    4.4644    4.5300    4.5469    4.6811    4.7082
   4.7293    4.7882    4.8935    5.0053    5.0286    5.1547    5.2615    5.4853
   5.5357    5.6762    5.8917    5.9297    5.9466    6.1475    6.1518    6.3391
   6.6382    7.2725

 Heat of formation   =        -12.60966350 kcal/mol  (       -0.54679604 eV)

 Total SCF energy    =     -91031.29106964 kcal/mol  (    -3947.41299465 eV)
 Electronic energy   =    -692706.22262745 kcal/mol  (   -30037.99586434 eV)
 Core-core repulsion =     601674.93155780 kcal/mol  (    26090.58286968 eV)
 
    Atomic Charges for Step       1 :
  Atom    Element       Mulliken Charge
     1      N                 -0.339
     2      C                  0.211
     3      O                 -0.278
     4      C                  0.065
     5      N                 -0.246
     6      O                 -0.334
     7      C                 -0.093
     8      N                 -0.123
     9      C                  0.023
    10      N                 -0.142
    11      C                 -0.178
    12      C                 -0.048
    13      C                  0.036
    14      C                 -0.029
    15      C                 -0.215
    16      C                 -0.023
    17      C                  0.062
    18      C                 -0.243
    19      C                 -0.249
    20      C                 -0.108
    21      C                 -0.152
    22      C                 -0.115
    23      C                 -0.118
    24      H                  0.205
    25      H                  0.218
    26      H                  0.227
    27      H                  0.123
    28      H                  0.131
    29      H                  0.133
    30      H                  0.149
    31      H                  0.105
    32      H                  0.146
    33      H                  0.083
    34      H                  0.069
    35      H                  0.084
    36      H                  0.082
    37      H                  0.086
    38      H                  0.145
    39      H                  0.111
    40      H                  0.083
    41      H                  0.086
    42      H                  0.092
    43      H                  0.078
    44      H                  0.100
    45      H                  0.101
 Total Mulliken Charge =      -0.000
 
                  X        Y        Z     TOTAL  
  QM DIPOLE     3.247   -0.086   -0.270    3.259
 
 Final Structure

  QMMM: QM Region Cartesian Coordinates (*=link atom) 
  QMMM: QM_NO.   MM_NO.  ATOM         X         Y         Z
  QMMM:     1        1      N       47.4197   13.5635   23.2630
  QMMM:     2        2      C       48.5077   14.0414   23.9785
  QMMM:     3        3      O       51.7653   17.0069   20.2114
  QMMM:     4        4      C       49.5399   14.6311   26.0122
  QMMM:     5        5      N       48.4921   14.0562   25.3223
  QMMM:     6        6      O       54.5263   15.1150   21.9348
  QMMM:     7        7      C       50.7054   15.2067   25.4046
  QMMM:     8        8      N       49.8629   14.6658   21.8755
  QMMM:     9        9      C       50.7340   15.1701   23.9767
  QMMM:    10       10      N       51.6320   15.6130   23.0031
  QMMM:    11       11      C       49.6386   14.5861   23.2509
  QMMM:    12       12      C       51.0580   15.2806   21.7436
  QMMM:    13       13      C       51.7304   15.6088   20.4379
  QMMM:    14       14      C       50.5018   17.5541   19.8216
  QMMM:    15       15      C       50.7043   19.0421   19.6591
  QMMM:    16       16      C       52.8841   16.2877   23.1603
  QMMM:    17       17      C       54.1452   15.3888   23.2848
  QMMM:    18       18      C       55.2391   16.2020   23.9709
  QMMM:    19       19      C       53.9127   14.0851   24.0308
  QMMM:    20       20      C       51.7165   15.7524   26.2234
  QMMM:    21       21      C       51.5978   15.7524   27.5958
  QMMM:    22       22      C       50.4562   15.1960   28.2046
  QMMM:    23       23      C       49.4536   14.6467   27.4419
  QMMM:    24       24      H       55.2980   14.5382   21.9702
  QMMM:    25       25      H       46.7414   13.0265   23.7500
  QMMM:    26       26      H       47.5863   13.3216   22.3155
  QMMM:    27       27      H       52.6212   16.1806   25.7680
  QMMM:    28       28      H       52.3901   16.1840   28.2240
  QMMM:    29       29      H       50.3744   15.2043   29.3021
  QMMM:    30       30      H       48.5637   14.2106   27.9237
  QMMM:    31       31      H       51.2043   15.0780   19.6001
  QMMM:    32       32      H       52.8165   15.3073   20.4748
  QMMM:    33       33      H       49.7373   17.3297   20.6118
  QMMM:    34       34      H       50.1795   17.0812   18.8554
  QMMM:    35       35      H       51.0260   19.5000   20.6246
  QMMM:    36       36      H       49.7448   19.5101   19.3345
  QMMM:    37       37      H       51.4903   19.2483   18.8939
  QMMM:    38       38      H       53.0365   16.9422   22.2477
  QMMM:    39       39      H       52.8259   16.9570   24.0630
  QMMM:    40       40      H       56.2011   15.6361   23.9551
  QMMM:    41       41      H       54.9585   16.4037   25.0315
  QMMM:    42       42      H       55.3897   17.1712   23.4385
  QMMM:    43       43      H       54.8908   13.5942   24.2537
  QMMM:    44       44      H       53.3023   13.3859   23.4099
  QMMM:    45       45      H       53.3784   14.2734   24.9924

           --------- Calculation Completed ----------

