
 -----------------------------------------------
      Restrained ESP Fit 2.3  Amber 4.1
 -----------------------------------------------
 Resp charges for organic molecule                                               
 -----------------------------------------------


 inopt       =     0   ioutopt     =     1
 nmol        =     1   iqopt       =     2
 ihfree      =     1   irstrnt     =     1
 iunits      =     0   qwt         =   0.00100000
 wtmol(1) =     1.000000
 subtitle:

Resp charges for organic molecule                                               
ich =   1  iuniq =  51
    1    6    0
    2    6    0
    3    6  -99
    4    6  -99
    5    6  -99
    6    6  -99
    7    6  -99
    8    6  -99
    9    6  -99
   10    6  -99
   11    6  -99
   12    6    0
   13    6  -99
   14    6  -99
   15    6  -99
   16    6  -99
   17    6    0
   18    6    0
   19    6  -99
   20    6  -99
   21    9  -99
   22    7  -99
   23    7  -99
   24    7  -99
   25    7  -99
   26    7  -99
   27    8  -99
   28    8  -99
   29    1    0
   30    1   29
   31    1    0
   32    1   31
   33    1   31
   34    1  -99
   35    1  -99
   36    1  -99
   37    1  -99
   38    1  -99
   39    1    0
   40    1   39
   41    1  -99
   42    1  -99
   43    1  -99
   44    1    0
   45    1   44
   46    1    0
   47    1   46
   48    1  -99
   49    1  -99
   50    1  -99
   51    1  -99
 new q0 values to be read  51

  ----------------------------------------------------------------------------
     ATOM                       COORDINATES                         CHARGE
                       X             Y                Z
  ----------------------------------------------------------------------------
  ----------------------------------------------------------------------------


 Charge on the molecule(ich) =    1
 Total number of atoms (iuniq)     =   51
 Weight factor on initial charge restraints(qwt)=     0.10000D-02


  there are  1 charge constraints:


     1       1
     2       1
     3       1
     4       1
     5       1
     6       1
     7       1
     8       1
     9       1
    10       1
    11       1
    12       1
    13       1
    14       1
    15       1
    16       1
    17       1
    18       1
    19       1
    20       1
    21       1
    22       1
    23       1
    24       1
    25       1
    26       1
    27       1
    28       1
    29       1
    30       1
    31       1
    32       1
    33       1
    34       1
    35       1
    36       1
    37       1
    38       1
    39       1
    40       1
    41       1
    42       1
    43       1
    44       1
    45       1
    46       1
    47       1
    48       1
    49       1
    50       1
    51       1

 Reading esp"s for molecule   1
 total number of atoms      =    51
 total number of esp points = 12258


 center     X       Y       Z 
    1  -0.1337030E+02  -0.1928057E+01  -0.5825345E+00
    2  -0.1448227E+01   0.6081331E+01  -0.3296291E+01
    3   0.4555827E+01  -0.5170309E+00  -0.4895619E+00
    4   0.4897248E+01  -0.2677226E+01  -0.1847838E+01
    5   0.7315609E+01  -0.3776137E+01  -0.2088784E+01
    6   0.9373810E+01  -0.2685208E+01  -0.9973879E+00
    7   0.9095053E+01  -0.4280399E+00   0.4485076E+00
    8   0.6676026E+01   0.6367488E+00   0.7238614E+00
    9   0.6479031E+01   0.2823311E+01   0.2262728E+01
   10   0.1093206E+02   0.2594752E+01   0.2881874E+01
   11   0.8589628E+01   0.3805356E+01   0.3334076E+01
   12  -0.1009961E+02  -0.1854645E+01   0.2652699E+01
   13   0.1182819E+02  -0.3833886E+01  -0.1300421E+01
   14  -0.8893589E+01  -0.1761098E+01  -0.1346241E-01
   15  -0.1100229E+02  -0.8005597E+00  -0.1722020E+01
   16  -0.2243804E+01   0.6243182E+00   0.8683026E+00
   17   0.1237770E-02  -0.9952790E+00   0.6426013E-01
   18   0.1659417E+01   0.2633288E+01  -0.2107991E+01
   19  -0.6405944E+00   0.4171438E+01  -0.1319959E+01
   20  -0.4604125E+01  -0.9727799E+00   0.1162973E+01
   21  -0.1119618E+02   0.1768334E+01  -0.1431815E+01
   22  -0.1291657E+02  -0.1456933E+01   0.2181989E+01
   23  -0.6671479E+01  -0.2306505E+00  -0.1447946E+00
   24   0.2154125E+01   0.6720867E+00  -0.2314272E+00
   25   0.1117522E+02   0.5801232E+00   0.1523745E+01
   26   0.1370883E+02  -0.4821468E+01  -0.1604459E+01
   27  -0.2720321E+01   0.2526813E+01  -0.8979146E+00
   28  -0.4671248E+01  -0.2796743E+01   0.2517742E+01
   29  -0.1348791E+02  -0.3944438E+01  -0.8792952E+00
   30  -0.1509193E+02  -0.1014265E+01  -0.1179227E+01
   31   0.5532740E-01   0.7427744E+01  -0.3650130E+01
   32  -0.3095683E+01   0.7114695E+01  -0.2654473E+01
   33  -0.1912161E+01   0.5146412E+01  -0.5059836E+01
   34   0.3332978E+01  -0.3574160E+01  -0.2776744E+01
   35   0.7531956E+01  -0.5479669E+01  -0.3169800E+01
   36   0.4658033E+01   0.3652973E+01   0.2582137E+01
   37   0.1263236E+02   0.3347304E+01   0.3705207E+01
   38   0.8515784E+01   0.5452615E+01   0.4516840E+01
   39  -0.9439920E+01  -0.3671322E+00   0.3874560E+01
   40  -0.9851504E+01  -0.3655337E+01   0.3567096E+01
   41  -0.8440053E+01  -0.3679419E+01  -0.5656195E+00
   42  -0.1075130E+02  -0.1224529E+01  -0.3699065E+01
   43  -0.1842683E+01   0.1442609E+01   0.2710169E+01
   44  -0.4929464E+00  -0.1975601E+01  -0.1682020E+01
   45   0.3950888E+00  -0.2391203E+01   0.1500210E+01
   46   0.3287016E+01   0.3863681E+01  -0.2239019E+01
   47   0.1338672E+01   0.1814607E+01  -0.3973984E+01
   48  -0.2175547E+00   0.5124493E+01   0.4506505E+00
   49  -0.1400115E+02  -0.2558029E+01   0.3297935E+01
   50  -0.1338415E+02   0.3491250E+00   0.2578726E+01
   51  -0.6594571E+01   0.1326297E+01  -0.1200178E+01
 Initial ssvpot =   113.929


 Number of unique UNfrozen centers=   10

 Non-linear optimization requested.
 qchnge =    0.4409210084E-01
 qchnge =    0.1822079960E-03
 qchnge =    0.7687242308E-05
 qchnge =    0.5325414760E-06

 Convergence in    3 iterations


Resp charges for organic molecule                                               

          Point Charges Before & After Optimization

    no.  At.no.    q(init)       q(opt)     ivary    d(rstr)/dq
    1   6      -0.140454      -0.146697      0       0.005633
    2   6      -0.457943      -0.512166      0       0.001916
    3   6       0.198050       0.198050    -99       0.004507
    4   6      -0.260784      -0.260784    -99       0.003580
    5   6      -0.080027      -0.080027    -99       0.007808
    6   6      -0.277909      -0.277909    -99       0.003386
    7   6       0.662247       0.662247    -99       0.001493
    8   6      -0.257886      -0.257886    -99       0.003615
    9   6       0.084814       0.084814    -99       0.007626
   10   6       0.391096       0.391096    -99       0.002477
   11   6      -0.420620      -0.420620    -99       0.002313
   12   6      -0.135100      -0.158805      0       0.005329
   13   6       0.441972       0.441972    -99       0.002207
   14   6       0.314054       0.314054    -99       0.003034
   15   6       0.170615       0.170615    -99       0.005057
   16   6      -0.025160      -0.025160    -99       0.009698
   17   6      -0.117695      -0.102048      0       0.006999
   18   6      -0.127343      -0.094224      0       0.007279
   19   6       0.387039       0.387039    -99       0.002502
   20   6       0.789736       0.789736    -99       0.001256
   21   9      -0.210613      -0.210613    -99       0.004289
   22   7      -0.286910      -0.286910    -99       0.003291
   23   7      -0.700357      -0.700357    -99       0.001414
   24   7      -0.246226      -0.246226    -99       0.003763
   25   7      -0.646960      -0.646960    -99       0.001528
   26   7      -0.480453      -0.480453    -99       0.002038
   27   8      -0.415404      -0.415404    -99       0.002340
   28   8      -0.620480      -0.620480    -99       0.001591
   29   1       0.149709       0.158445      0       0.000000
   30   1       0.157915       0.158445     29       0.000000
   31   1       0.129763       0.143696      0       0.000000
   32   1       0.124198       0.143696     31       0.000000
   33   1       0.134160       0.143696     31       0.000000
   34   1       0.163828       0.163828    -99       0.000000
   35   1       0.183221       0.183221    -99       0.000000
   36   1       0.094851       0.094851    -99       0.000000
   37   1       0.078913       0.078913    -99       0.000000
   38   1       0.189854       0.189854    -99       0.000000
   39   1       0.144618       0.162101      0       0.000000
   40   1       0.160273       0.162101     39       0.000000
   41   1       0.050045       0.050045    -99       0.000000
   42   1       0.113313       0.113313    -99       0.000000
   43   1       0.097497       0.097497    -99       0.000000
   44   1       0.098868       0.106398      0       0.000000
   45   1       0.127363       0.106398     44       0.000000
   46   1       0.102072       0.085804      0       0.000000
   47   1       0.092247       0.085804     46       0.000000
   48   1       0.033808       0.033808    -99       0.000000
   49   1       0.346818       0.346818    -99       0.000000
   50   1       0.346818       0.346818    -99       0.000000
   51   1       0.348554       0.348554    -99       0.000000

 Sum over the calculated charges:      1.000

        Statistics of the fitting:
  The initial sum of squares (ssvpot)                    113.929
  The residual sum of squares (chipot)                     0.026
  The std err of estimate (sqrt(chipot/N))               0.00147
  ESP relative RMS (SQRT(chipot/ssvpot))                 0.01521

 Center of Mass (Angst.):

 X  =   0.00000      Y  =   0.00000      Z  =   0.00000

 Dipole (Debye):

 X  = -33.99968      Y  =   1.11540      Z  =   2.15823

 Dipole Moment (Debye)=  34.08637

 Quadrupole (Debye*Angst.):

 Qxx = 280.86479     QYY =-146.42440     QZZ =-134.44039
 Qxy = -28.65867     QXZ =-229.62239     QYZ =-180.32155
