            --------------------------------------------------------
                             AMBER SQM VERSION 19
 
                                     By
              Ross C. Walker, Michael F. Crowley, Scott Brozell,
                         Tim Giese, Andreas W. Goetz,
                        Tai-Sung Lee and David A. Case
 
            --------------------------------------------------------
 

--------------------------------------------------------------------------------
  QM CALCULATION INFO
--------------------------------------------------------------------------------

| QMMM: Citation for AMBER QMMM Run:
| QMMM: R.C. Walker, M.F. Crowley and D.A. Case, J. COMP. CHEM. 29:1019, 2008

QMMM: SINGLET STATE CALCULATION
QMMM: RHF CALCULATION, NO. OF DOUBLY OCCUPIED LEVELS = 69

| QMMM: *** Selected Hamiltonian *** 
| QMMM: AM1         

| QMMM: *** Parameter sets in use ***
| QMMM: C : M.J.S.DEWAR et al. JACS, 107, 3902, (1985)
| QMMM: N : M.J.S.DEWAR et al. JACS, 107, 3902, (1985)
| QMMM: O : M.J.S.DEWAR et al. JACS, 107, 3902, (1985)
| QMMM: H : M.J.S.DEWAR et al. JACS, 107, 3902, (1985)

| QMMM: *** SCF convergence criteria ***
| QMMM: Energy change                :  0.1D-09 kcal/mol
| QMMM: Error matrix |FP-PF|         :  0.1D+00 au
| QMMM: Density matrix change        :  0.5D-06
| QMMM: Maximum number of SCF cycles :     1000

| QMMM: *** Diagonalization Routine Information ***
| QMMM: Pseudo diagonalizations are allowed.
| QMMM: Auto diagonalization routine selection is in use.
| QMMM:
| QMMM: Timing diagonalization routines:
| QMMM:                              norbs =      131
| QMMM:    diag iterations used for timing =       10
| QMMM:
| QMMM:              Internal diag routine = 0.048675 seconds
| QMMM:                 Dspev diag routine = 0.051086 seconds
| QMMM:                Dspevd diag routine = 0.037679 seconds
| QMMM:                Dspevx diag routine = 0.154942 seconds
| QMMM:                 Dsyev diag routine = 0.053947 seconds
| QMMM:                Dsyevd diag routine = 0.043032 seconds
| QMMM:                Dsyevr diag routine = 0.044048 seconds
| QMMM:
| QMMM:                Pseudo diag routine = 0.019319 seconds
| QMMM:
| QMMM: Using dspevd routine (diag_routine=3).

  QMMM: QM Region Cartesian Coordinates (*=link atom) 
  QMMM: QM_NO.   MM_NO.  ATOM         X         Y         Z
  QMMM:     1        1      C       37.4150   -4.3340   14.7760
  QMMM:     2        2      C       37.9240   -3.8190   13.6510
  QMMM:     3        3      C       38.3320    0.0510   11.6120
  QMMM:     4        4      C       37.9520    1.2780    9.6130
  QMMM:     5        5      C       37.9530    0.0000    8.8930
  QMMM:     6        6      C       38.1290   -1.1490    9.5350
  QMMM:     7        7      C       40.7670   -5.5160   11.5340
  QMMM:     8        8      C       37.8100   -6.3990   16.1020
  QMMM:     9        9      C       38.1050   -5.8150   17.5000
  QMMM:    10       10      C       38.0740   -6.9790   18.5210
  QMMM:    11       11      C       36.4530   -8.2440   17.0930
  QMMM:    12       12      C       36.4210   -7.0760   16.0770
  QMMM:    13       13      C       38.2150    2.4870   11.6960
  QMMM:    14       14      C       37.8550   -0.3970    7.4940
  QMMM:    15       15      C       37.9800   -1.7230    7.5560
  QMMM:    16       16      N       38.0360   -5.4670   15.0050
  QMMM:    17       17      C       38.9480   -4.7500   13.2160
  QMMM:    18       18      N       38.9620   -5.6980   14.0480
  QMMM:    19       19      C       37.7120   -2.5910   12.8800
  QMMM:    20       20      C       38.4620   -2.3900   11.7810
  QMMM:    21       21      C       39.4770   -3.3850   11.3470
  QMMM:    22       22      C       39.7360   -4.5210   12.0050
  QMMM:    23       23      C       38.3000   -1.1440   11.0020
  QMMM:    24       24      N       38.1780    1.2310   10.9490
  QMMM:    25       25      N       36.7880   -7.7130   18.4320
  QMMM:    26       26      O       37.8070    2.3130    8.9860
  QMMM:    27       27      O       38.1610   -2.2530    8.7770
  QMMM:    28       28      H       36.6360   -3.8980   15.3840
  QMMM:    29       29      H       38.4870    0.0780   12.6800
  QMMM:    30       30      H       40.8020   -6.3580   12.2260
  QMMM:    31       31      H       41.7450   -5.0360   11.4960
  QMMM:    32       32      H       40.4990   -5.8740   10.5400
  QMMM:    33       33      H       38.5510   -7.1770   15.9190
  QMMM:    34       34      H       37.3480   -5.0750   17.7590
  QMMM:    35       35      H       39.0880   -5.3450   17.5050
  QMMM:    36       36      H       38.1890   -6.5770   19.5280
  QMMM:    37       37      H       38.8940   -7.6650   18.3080
  QMMM:    38       38      H       37.2070   -8.9710   16.7900
  QMMM:    39       39      H       35.4760   -8.7260   17.1260
  QMMM:    40       40      H       36.2110   -7.4580   15.0780
  QMMM:    41       41      H       35.6520   -6.3580   16.3600
  QMMM:    42       42      H       38.4050    2.2780   12.7490
  QMMM:    43       43      H       37.2580    2.9990   11.5940
  QMMM:    44       44      H       39.0100    3.1210   11.3020
  QMMM:    45       45      H       37.7160    0.2270    6.6240
  QMMM:    46       46      H       37.9380   -2.3390    6.6700
  QMMM:    47       47      H       36.9730   -1.8660   13.1860
  QMMM:    48       48      H       40.0390   -3.1790   10.4480
  QMMM:    49       49      H       36.0500   -7.0830   18.7110
  QMMM:    50       50      H       36.8280   -8.4910   19.0750

--------------------------------------------------------------------------------
  RESULTS
--------------------------------------------------------------------------------

      iter         sqm energy              rms gradient
      ----    -------------------    -----------------------
xmin    10      234.8273 kcal/mol        0.3837 kcal/(mol*A)
xmin    20      234.5368 kcal/mol        0.5901 kcal/(mol*A)
xmin    30      234.2480 kcal/mol        0.1842 kcal/(mol*A)
xmin    40      234.1419 kcal/mol        0.1450 kcal/(mol*A)
xmin    50      234.0505 kcal/mol        0.1289 kcal/(mol*A)
xmin    60      233.9886 kcal/mol        0.0432 kcal/(mol*A)
xmin    70      233.9690 kcal/mol        0.0239 kcal/(mol*A)
xmin    80      233.9655 kcal/mol        0.0105 kcal/(mol*A)
xmin    90      233.9650 kcal/mol        0.0078 kcal/(mol*A)
xmin   100      233.9650 kcal/mol        0.0042 kcal/(mol*A)
xmin   110      233.9649 kcal/mol        0.0030 kcal/(mol*A)
  ... geometry converged !
 
 Final MO eigenvalues (eV):
 -46.0038  -44.2048  -43.7838  -41.6914  -40.9559  -39.2058  -38.4494  -37.0008
 -36.6321  -35.5827  -34.8990  -33.4796  -32.4839  -30.7341  -30.1610  -29.2972
 -29.2266  -29.1262  -27.1867  -26.0326  -25.4993  -24.9918  -24.6827  -24.2842
 -23.4454  -22.7696  -22.6478  -21.6410  -21.1637  -20.4576  -20.3275  -20.0908
 -19.8073  -19.3173  -19.1816  -18.7581  -18.5073  -18.3282  -18.0502  -17.9676
 -17.9376  -17.6186  -17.3916  -17.2094  -17.1405  -16.8579  -16.5654  -16.4660
 -16.0742  -15.9530  -15.8090  -15.7780  -15.5199  -15.4744  -15.3783  -15.0043
 -14.8280  -14.5641  -14.4711  -14.1937  -13.7576  -13.6398  -12.9430  -12.5295
 -12.2827  -12.0644  -11.4100  -10.6532   -9.8258   -4.2474   -2.8089   -2.2466
  -2.2201   -2.1126   -1.8792   -1.6755   -1.4254   -1.3713   -1.2585   -1.0978
  -1.0897   -0.9394   -0.9195   -0.6812   -0.6175   -0.6073   -0.2887   -0.2510
  -0.2296   -0.0997    0.0322    0.2533    0.4779    0.5558    0.5849    0.7668
   0.9864    1.0651    1.2763    1.6136    1.6944    1.7722    1.8143    1.8909
   2.1569    2.2181    2.3721    2.3858    2.4775    2.5180    2.5632    2.6685
   2.8591    2.8700    2.9299    2.9605    3.1345    3.1446    3.2427    3.2876
   3.3241    3.4025    3.5859    3.7201    3.7645    3.8803    3.9950    4.2063
   4.2962    4.3803    5.4422

 Heat of formation   =        233.96490352 kcal/mol  (       10.14547953 eV)

 Total SCF energy    =    -102927.72360741 kcal/mol  (    -4463.28102022 eV)
 Electronic energy   =    -790917.75348779 kcal/mol  (   -34296.76742066 eV)
 Core-core repulsion =     687990.02988038 kcal/mol  (    29833.48640043 eV)
 
    Atomic Charges for Step       1 :
  Atom    Element       Mulliken Charge
     1      C                 -0.143
     2      C                 -0.095
     3      C                  0.042
     4      C                  0.372
     5      C                 -0.222
     6      C                  0.088
     7      C                 -0.178
     8      C                  0.049
     9      C                 -0.208
    10      C                 -0.128
    11      C                 -0.127
    12      C                 -0.211
    13      C                 -0.099
    14      C                 -0.118
    15      C                 -0.104
    16      N                 -0.117
    17      C                 -0.058
    18      N                 -0.079
    19      C                 -0.115
    20      C                  0.022
    21      C                 -0.099
    22      C                 -0.030
    23      C                 -0.144
    24      N                 -0.241
    25      N                 -0.040
    26      O                 -0.333
    27      O                 -0.093
    28      H                  0.170
    29      H                  0.156
    30      H                  0.094
    31      H                  0.094
    32      H                  0.092
    33      H                  0.143
    34      H                  0.118
    35      H                  0.162
    36      H                  0.151
    37      H                  0.151
    38      H                  0.151
    39      H                  0.151
    40      H                  0.164
    41      H                  0.120
    42      H                  0.086
    43      H                  0.083
    44      H                  0.142
    45      H                  0.185
    46      H                  0.200
    47      H                  0.136
    48      H                  0.159
    49      H                  0.247
    50      H                  0.254
 Total Mulliken Charge =       1.000
 
                  X        Y        Z     TOTAL  
  QM DIPOLE   176.854  -34.856   89.033  201.045
 
 Final Structure

  QMMM: QM Region Cartesian Coordinates (*=link atom) 
  QMMM: QM_NO.   MM_NO.  ATOM         X         Y         Z
  QMMM:     1        1      C       37.5824   -4.3594   14.8581
  QMMM:     2        2      C       38.0657   -3.8114   13.6580
  QMMM:     3        3      C       38.1517    0.0419   11.6288
  QMMM:     4        4      C       37.9242    1.3229    9.5470
  QMMM:     5        5      C       38.1076    0.0602    8.8660
  QMMM:     6        6      C       38.3053   -1.1347    9.5784
  QMMM:     7        7      C       40.5841   -5.6062   11.3465
  QMMM:     8        8      C       37.9605   -6.5404   16.0788
  QMMM:     9        9      C       38.2998   -5.9341   17.4529
  QMMM:    10       10      C       38.0763   -6.9607   18.5521
  QMMM:    11       11      C       36.3063   -8.0510   17.2168
  QMMM:    12       12      C       36.5041   -7.0413   16.0977
  QMMM:    13       13      C       37.8177    2.4365   11.7646
  QMMM:    14       14      C       38.1367   -0.2831    7.4634
  QMMM:    15       15      C       38.3472   -1.6429    7.4059
  QMMM:    16       16      N       38.2052   -5.6089   14.9928
  QMMM:    17       17      C       38.9860   -4.8288   13.1291
  QMMM:    18       18      N       39.0353   -5.9033   13.9732
  QMMM:    19       19      C       37.8459   -2.6092   12.9504
  QMMM:    20       20      C       38.5082   -2.4084   11.7608
  QMMM:    21       21      C       39.4040   -3.4069   11.2417
  QMMM:    22       22      C       39.6577   -4.5878   11.8852
  QMMM:    23       23      C       38.3242   -1.1830   11.0013
  QMMM:    24       24      N       37.9643    1.2370   10.9751
  QMMM:    25       25      N       36.6773   -7.4940   18.5562
  QMMM:    26       26      O       37.7421    2.4271    9.0080
  QMMM:    27       27      O       38.4554   -2.1950    8.7005
  QMMM:    28       28      H       36.8792   -3.9687   15.5896
  QMMM:    29       29      H       38.1687    0.1027   12.7351
  QMMM:    30       30      H       40.0421   -6.5709   11.1787
  QMMM:    31       31      H       41.4150   -5.7954   12.0719
  QMMM:    32       32      H       41.0284   -5.2754   10.3756
  QMMM:    33       33      H       38.6346   -7.4407   15.9216
  QMMM:    34       34      H       37.6916   -5.0102   17.6389
  QMMM:    35       35      H       39.3837   -5.6335   17.4828
  QMMM:    36       36      H       38.2738   -6.4960   19.5612
  QMMM:    37       37      H       38.7747   -7.8365   18.4121
  QMMM:    38       38      H       36.9492   -8.9611   17.0359
  QMMM:    39       39      H       35.2255   -8.3724   17.2616
  QMMM:    40       40      H       36.2637   -7.5571   15.1268
  QMMM:    41       41      H       35.7923   -6.1807   16.2034
  QMMM:    42       42      H       38.7265    2.5874   12.4059
  QMMM:    43       43      H       36.9116    2.3536   12.4219
  QMMM:    44       44      H       37.6971    3.3237   11.0847
  QMMM:    45       45      H       38.0140    0.4177    6.6399
  QMMM:    46       46      H       38.4474   -2.3792    6.6140
  QMMM:    47       47      H       37.1431   -1.8671   13.3540
  QMMM:    48       48      H       39.8943   -3.1928   10.2757
  QMMM:    49       49      H       36.0311   -6.7316   18.7901
  QMMM:    50       50      H       36.5917   -8.2270   19.2683

           --------- Calculation Completed ----------

