               :-) GROMACS - gmx mdrun, 2020.5-dev-UNCHECKED (-:

                            GROMACS is written by:
     Emile Apol      Rossen Apostolov      Paul Bauer     Herman J.C. Berendsen
    Par Bjelkmar      Christian Blau   Viacheslav Bolnykh     Kevin Boyd    
 Aldert van Buuren   Rudi van Drunen     Anton Feenstra       Alan Gray     
  Gerrit Groenhof     Anca Hamuraru    Vincent Hindriksen  M. Eric Irrgang  
  Aleksei Iupinov   Christoph Junghans     Joe Jordan     Dimitrios Karkoulis
    Peter Kasson        Jiri Kraus      Carsten Kutzner      Per Larsson    
  Justin A. Lemkul    Viveca Lindahl    Magnus Lundborg     Erik Marklund   
    Pascal Merz     Pieter Meulenhoff    Teemu Murtola       Szilard Pall   
    Sander Pronk      Roland Schulz      Michael Shirts    Alexey Shvetsov  
   Alfons Sijbers     Peter Tieleman      Jon Vincent      Teemu Virolainen 
 Christian Wennberg    Maarten Wolf      Artem Zhmurov   
                           and the project leaders:
        Mark Abraham, Berk Hess, Erik Lindahl, and David van der Spoel

Copyright (c) 1991-2000, University of Groningen, The Netherlands.
Copyright (c) 2001-2019, The GROMACS development team at
Uppsala University, Stockholm University and
the Royal Institute of Technology, Sweden.
check out http://www.gromacs.org for more information.

GROMACS is free software; you can redistribute it and/or modify it
under the terms of the GNU Lesser General Public License
as published by the Free Software Foundation; either version 2.1
of the License, or (at your option) any later version.

GROMACS:      gmx mdrun, version 2020.5-dev-UNCHECKED
Executable:   /afs/math/software/gromacs/ramd-2.0/@sys/@sys/bin/gmx
Data prefix:  /afs/math/software/gromacs/ramd-2.0/@sys/@sys
Working dir:  /net/beegfs/talagayev/gromacs/7crf/GROMACS/4/4_3
Process ID:   6943
Command line:
  gmx mdrun -s 7crf_4_Rep3_tauramd_run.tpr -c confout_4_3_Rep_tauramd.gro -x confout_4_3_Rep_tauramd.xtc -g 2nd_tauramd.log -maxh 160

GROMACS version:    2020.5-dev-UNCHECKED
The source code this program was compiled from has not been verified because the reference checksum was missing during compilation. This means you have an incomplete GROMACS distribution, please make sure to download an intact source distribution and compile that before proceeding.
Computed checksum: NoChecksumFile
Precision:          single
Memory model:       64 bit
MPI library:        thread_mpi
OpenMP support:     enabled (GMX_OPENMP_MAX_THREADS = 64)
GPU support:        CUDA
SIMD instructions:  AVX2_128
FFT library:        fftw-3.3.5-sse2-avx
RDTSCP usage:       enabled
TNG support:        enabled
Hwloc support:      hwloc-2.1.0
Tracing support:    disabled
C compiler:         /usr/bin/clang Clang 12.0.1
C compiler flags:   -mavx2 -mfma -Wall -Wno-unused -Wunused-value -Wunused-parameter -O3 -DNDEBUG
C++ compiler:       /usr/bin/clang++ Clang 12.0.1
C++ compiler flags: -mavx2 -mfma -Wall -Wextra -Wno-missing-field-initializers -Wpointer-arith -Wmissing-prototypes -Wdeprecated -Wno-unused-function -fopenmp=libomp -O3 -DNDEBUG
CUDA compiler:      /afs/math/software/nvidia/cuda/11.6.1/bin/nvcc nvcc: NVIDIA (R) Cuda compiler driver;Copyright (c) 2005-2022 NVIDIA Corporation;Built on Thu_Feb_10_18:23:41_PST_2022;Cuda compilation tools, release 11.6, V11.6.112;Build cuda_11.6.r11.6/compiler.30978841_0
CUDA compiler flags:-gencode;arch=compute_35,code=sm_35;-gencode;arch=compute_37,code=sm_37;-gencode;arch=compute_50,code=sm_50;-gencode;arch=compute_52,code=sm_52;-gencode;arch=compute_60,code=sm_60;-gencode;arch=compute_61,code=sm_61;-gencode;arch=compute_70,code=sm_70;-Wno-deprecated-gpu-targets;-gencode;arch=compute_35,code=compute_35;-gencode;arch=compute_50,code=compute_50;-gencode;arch=compute_52,code=compute_52;-gencode;arch=compute_60,code=compute_60;-gencode;arch=compute_61,code=compute_61;-gencode;arch=compute_70,code=compute_70;-gencode;arch=compute_75,code=compute_75;-gencode;arch=compute_80,code=compute_80;-use_fast_math;-D_FORCE_INLINES;-mavx2 -mfma -Wall -Wextra -Wno-missing-field-initializers -Wpointer-arith -Wmissing-prototypes -Wdeprecated -Wno-unused-function -fopenmp=libomp -O3 -DNDEBUG
CUDA driver:        12.50
CUDA runtime:       11.60


Running on 1 node with total 20 cores, 20 logical cores, 2 compatible GPUs
Hardware detected:
  CPU info:
    Vendor: Intel
    Brand:  Intel(R) Xeon(R) CPU E5-2630 v4 @ 2.20GHz
    Family: 6   Model: 79   Stepping: 1
    Features: aes apic avx avx2 clfsh cmov cx8 cx16 f16c fma hle htt intel lahf mmx msr nonstop_tsc pcid pclmuldq pdcm pdpe1gb popcnt pse rdrnd rdtscp rtm sse2 sse3 sse4.1 sse4.2 ssse3 tdt x2apic
  Hardware topology: Only logical processor count
  GPU info:
    Number of GPUs detected: 2
    #0: NVIDIA NVIDIA GeForce GTX 1080, compute cap.: 6.1, ECC:  no, stat: compatible
    #1: NVIDIA NVIDIA GeForce GTX 1080, compute cap.: 6.1, ECC:  no, stat: compatible

Highest SIMD level requested by all nodes in run: AVX2_256
SIMD instructions selected at compile time:       AVX2_128
Compiled SIMD newer than requested; program might crash.

++++ PLEASE READ AND CITE THE FOLLOWING REFERENCE ++++
M. J. Abraham, T. Murtola, R. Schulz, S. Páll, J. C. Smith, B. Hess, E.
Lindahl
GROMACS: High performance molecular simulations through multi-level
parallelism from laptops to supercomputers
SoftwareX 1 (2015) pp. 19-25
-------- -------- --- Thank You --- -------- --------


++++ PLEASE READ AND CITE THE FOLLOWING REFERENCE ++++
S. Páll, M. J. Abraham, C. Kutzner, B. Hess, E. Lindahl
Tackling Exascale Software Challenges in Molecular Dynamics Simulations with
GROMACS
In S. Markidis & E. Laure (Eds.), Solving Software Challenges for Exascale 8759 (2015) pp. 3-27
-------- -------- --- Thank You --- -------- --------


++++ PLEASE READ AND CITE THE FOLLOWING REFERENCE ++++
S. Pronk, S. Páll, R. Schulz, P. Larsson, P. Bjelkmar, R. Apostolov, M. R.
Shirts, J. C. Smith, P. M. Kasson, D. van der Spoel, B. Hess, and E. Lindahl
GROMACS 4.5: a high-throughput and highly parallel open source molecular
simulation toolkit
Bioinformatics 29 (2013) pp. 845-54
-------- -------- --- Thank You --- -------- --------


++++ PLEASE READ AND CITE THE FOLLOWING REFERENCE ++++
B. Hess and C. Kutzner and D. van der Spoel and E. Lindahl
GROMACS 4: Algorithms for highly efficient, load-balanced, and scalable
molecular simulation
J. Chem. Theory Comput. 4 (2008) pp. 435-447
-------- -------- --- Thank You --- -------- --------


++++ PLEASE READ AND CITE THE FOLLOWING REFERENCE ++++
D. van der Spoel, E. Lindahl, B. Hess, G. Groenhof, A. E. Mark and H. J. C.
Berendsen
GROMACS: Fast, Flexible and Free
J. Comp. Chem. 26 (2005) pp. 1701-1719
-------- -------- --- Thank You --- -------- --------


++++ PLEASE READ AND CITE THE FOLLOWING REFERENCE ++++
E. Lindahl and B. Hess and D. van der Spoel
GROMACS 3.0: A package for molecular simulation and trajectory analysis
J. Mol. Mod. 7 (2001) pp. 306-317
-------- -------- --- Thank You --- -------- --------


++++ PLEASE READ AND CITE THE FOLLOWING REFERENCE ++++
H. J. C. Berendsen, D. van der Spoel and R. van Drunen
GROMACS: A message-passing parallel molecular dynamics implementation
Comp. Phys. Comm. 91 (1995) pp. 43-56
-------- -------- --- Thank You --- -------- --------


++++ PLEASE CITE THE DOI FOR THIS VERSION OF GROMACS ++++
https://doi.org/10.5281/zenodo.4420785
-------- -------- --- Thank You --- -------- --------

Input Parameters:
   integrator                     = md
   tinit                          = 0
   dt                             = 0.002
   nsteps                         = 50000000
   init-step                      = 0
   simulation-part                = 1
   comm-mode                      = Linear
   nstcomm                        = 100
   bd-fric                        = 0
   ld-seed                        = -1208747397
   emtol                          = 10
   emstep                         = 0.01
   niter                          = 20
   fcstep                         = 0
   nstcgsteep                     = 1000
   nbfgscorr                      = 10
   rtpi                           = 0.05
   nstxout                        = 0
   nstvout                        = 0
   nstfout                        = 0
   nstlog                         = 5000
   nstcalcenergy                  = 100
   nstenergy                      = 5000
   nstxout-compressed             = 5000
   compressed-x-precision         = 1000
   cutoff-scheme                  = Verlet
   nstlist                        = 20
   pbc                            = xyz
   periodic-molecules             = false
   verlet-buffer-tolerance        = 0.005
   rlist                          = 1.219
   coulombtype                    = PME
   coulomb-modifier               = Potential-shift
   rcoulomb-switch                = 0
   rcoulomb                       = 1.2
   epsilon-r                      = 1
   epsilon-rf                     = inf
   vdw-type                       = Cut-off
   vdw-modifier                   = None
   rvdw-switch                    = 0
   rvdw                           = 1.2
   DispCorr                       = EnerPres
   table-extension                = 1
   fourierspacing                 = 0.12
   fourier-nx                     = 104
   fourier-ny                     = 104
   fourier-nz                     = 104
   pme-order                      = 4
   ewald-rtol                     = 1e-05
   ewald-rtol-lj                  = 1e-05
   lj-pme-comb-rule               = Geometric
   ewald-geometry                 = 0
   epsilon-surface                = 0
   tcoupl                         = Nose-Hoover
   nsttcouple                     = 2
   nh-chain-length                = 1
   print-nose-hoover-chain-variables = false
   pcoupl                         = Parrinello-Rahman
   pcoupltype                     = Isotropic
   nstpcouple                     = 20
   tau-p                          = 5
   compressibility (3x3):
      compressibility[    0]={ 4.50000e-05,  0.00000e+00,  0.00000e+00}
      compressibility[    1]={ 0.00000e+00,  4.50000e-05,  0.00000e+00}
      compressibility[    2]={ 0.00000e+00,  0.00000e+00,  4.50000e-05}
   ref-p (3x3):
      ref-p[    0]={ 1.00000e+00,  0.00000e+00,  0.00000e+00}
      ref-p[    1]={ 0.00000e+00,  1.00000e+00,  0.00000e+00}
      ref-p[    2]={ 0.00000e+00,  0.00000e+00,  1.00000e+00}
   refcoord-scaling               = COM
   posres-com (3):
      posres-com[0]= 0.00000e+00
      posres-com[1]= 0.00000e+00
      posres-com[2]= 0.00000e+00
   posres-comB (3):
      posres-comB[0]= 0.00000e+00
      posres-comB[1]= 0.00000e+00
      posres-comB[2]= 0.00000e+00
   QMMM                           = false
   QMconstraints                  = 0
   QMMMscheme                     = 0
   MMChargeScaleFactor            = 1
qm-opts:
   ngQM                           = 0
   constraint-algorithm           = Lincs
   continuation                   = true
   Shake-SOR                      = false
   shake-tol                      = 0.0001
   lincs-order                    = 4
   lincs-iter                     = 1
   lincs-warnangle                = 60
   nwall                          = 0
   wall-type                      = 9-3
   wall-r-linpot                  = -1
   wall-atomtype[0]               = -1
   wall-atomtype[1]               = -1
   wall-density[0]                = 0
   wall-density[1]                = 0
   wall-ewald-zfac                = 3
   pull                           = false
   pull-cylinder-r                = 1.5
   pull-constr-tol                = 1e-06
   pull-print-COM                 = false
   pull-print-ref-value           = false
   pull-print-components          = false
   pull-nstxout                   = 10
   pull-nstfout                   = 10
   pull-pbc-ref-prev-step-com     = true
   pull-xout-average              = false
   pull-fout-average              = false
   pull-ngroups                   = 3
   pull-group 0:
     atom: not available
     weight: not available
     pbcatom                        = -1
   pull-group 1:
     atom (24788):
        atom[0,...,24787] = {0,...,24787}
     weight: not available
     pbcatom                        = 17439
   pull-group 2:
     atom (42):
        atom[0,...,41] = {24788,...,24829}
     weight: not available
     pbcatom                        = 24808
   pull-ncoords                   = 3
   pull-coord 0:
   type                           = external-potential
   potential-provider             = RAMD
   geometry                       = direction
   group[0]                       = 1
   group[1]                       = 2
   dim (3):
      dim[0]=1
      dim[1]=1
      dim[2]=1
   origin (3):
      origin[0]= 0.00000e+00
      origin[1]= 0.00000e+00
      origin[2]= 0.00000e+00
   vec (3):
      vec[0]= 1.00000e+00
      vec[1]= 0.00000e+00
      vec[2]= 0.00000e+00
   start                          = false
   init                           = 0
   rate                           = 0
   k                              = 0
   kB                             = 0
   pull-coord 1:
   type                           = external-potential
   potential-provider             = RAMD
   geometry                       = direction
   group[0]                       = 1
   group[1]                       = 2
   dim (3):
      dim[0]=1
      dim[1]=1
      dim[2]=1
   origin (3):
      origin[0]= 0.00000e+00
      origin[1]= 0.00000e+00
      origin[2]= 0.00000e+00
   vec (3):
      vec[0]= 0.00000e+00
      vec[1]= 1.00000e+00
      vec[2]= 0.00000e+00
   start                          = false
   init                           = 0
   rate                           = 0
   k                              = 0
   kB                             = 0
   pull-coord 2:
   type                           = external-potential
   potential-provider             = RAMD
   geometry                       = direction
   group[0]                       = 1
   group[1]                       = 2
   dim (3):
      dim[0]=1
      dim[1]=1
      dim[2]=1
   origin (3):
      origin[0]= 0.00000e+00
      origin[1]= 0.00000e+00
      origin[2]= 0.00000e+00
   vec (3):
      vec[0]= 0.00000e+00
      vec[1]= 0.00000e+00
      vec[2]= 1.00000e+00
   start                          = false
   init                           = 0
   rate                           = 0
   k                              = 0
   kB                             = 0
   ramd                           = true
   ramd-seed                      = 9843
   ramd-ngroups                   = 1
   ramd-group 0:
     force                          = 294
     max_dist                       = 6
     r_min_dist                     = 0.0025
   ramd-eval-freq                 = 50
   ramd-force-out-freq            = 10
   ramd-old-angle-dist            = false
   awh                            = false
   rotation                       = false
   interactiveMD                  = false
   disre                          = No
   disre-weighting                = Conservative
   disre-mixed                    = false
   dr-fc                          = 1000
   dr-tau                         = 0
   nstdisreout                    = 100
   orire-fc                       = 0
   orire-tau                      = 0
   nstorireout                    = 100
   free-energy                    = no
   cos-acceleration               = 0
   deform (3x3):
      deform[    0]={ 0.00000e+00,  0.00000e+00,  0.00000e+00}
      deform[    1]={ 0.00000e+00,  0.00000e+00,  0.00000e+00}
      deform[    2]={ 0.00000e+00,  0.00000e+00,  0.00000e+00}
   simulated-tempering            = false
   swapcoords                     = no
   userint1                       = 0
   userint2                       = 0
   userint3                       = 0
   userint4                       = 0
   userreal1                      = 0
   userreal2                      = 0
   userreal3                      = 0
   userreal4                      = 0
   applied-forces:
     electric-field:
       x:
         E0                       = 0
         omega                    = 0
         t0                       = 0
         sigma                    = 0
       y:
         E0                       = 0
         omega                    = 0
         t0                       = 0
         sigma                    = 0
       z:
         E0                       = 0
         omega                    = 0
         t0                       = 0
         sigma                    = 0
     density-guided-simulation:
       active                     = false
       group                      = protein
       similarity-measure         = inner-product
       atom-spreading-weight      = unity
       force-constant             = 1e+09
       gaussian-transform-spreading-width = 0.2
       gaussian-transform-spreading-range-in-multiples-of-width = 4
       reference-density-filename = reference.mrc
       nst                        = 1
       normalize-densities        = true
       adaptive-force-scaling     = false
       adaptive-force-scaling-time-constant = 4
grpopts:
   nrdf:       62068      227619
   ref-t:         313         313
   tau-t:         0.1         0.1
annealing:          No          No
annealing-npoints:           0           0
   acc:	           0           0           0
   nfreeze:           N           N           N
   energygrp-flags[  0]: 0

Changing nstlist from 20 to 100, rlist from 1.219 to 1.338


Initializing Domain Decomposition on 4 ranks
Dynamic load balancing: auto
Minimum cell size due to atom displacement: 0.784 nm
Initial maximum distances in bonded interactions:
    two-body bonded interactions: 0.456 nm, LJ-14, atoms 3594 3779
  multi-body bonded interactions: 0.456 nm, Proper Dih., atoms 3594 3779
Minimum cell size due to bonded interactions: 0.501 nm
Maximum distance for 5 constraints, at 120 deg. angles, all-trans: 0.219 nm
Estimated maximum distance required for P-LINCS: 0.219 nm
Scaling the initial minimum size with 1/0.8 (option -dds) = 1.25
Using 0 separate PME ranks
Optimizing the DD grid for 4 cells with a minimum initial size of 0.980 nm
The maximum allowed number of cells is: X 10 Y 10 Z 10
Domain decomposition grid 4 x 1 x 1, separate PME ranks 0
PME domain decomposition: 4 x 1 x 1
Domain decomposition rank 0, coordinates 0 0 0

The initial number of communication pulses is: X 1
The initial domain decomposition cell size is: X 2.47 nm

The maximum allowed distance for atoms involved in interactions is:
                 non-bonded interactions           1.338 nm
(the following are initial values, they could change due to box deformation)
            two-body bonded interactions  (-rdd)   1.338 nm
          multi-body bonded interactions  (-rdd)   1.338 nm
  atoms separated by up to 5 constraints  (-rcon)  2.474 nm

When dynamic load balancing gets turned on, these settings will change to:
The maximum number of communication pulses is: X 1
The minimum size for domain decomposition cells is 1.338 nm
The requested allowed shrink of DD cells (option -dds) is: 0.80
The allowed shrink of domain decomposition cells is: X 0.54
The maximum allowed distance for atoms involved in interactions is:
                 non-bonded interactions           1.338 nm
            two-body bonded interactions  (-rdd)   1.338 nm
          multi-body bonded interactions  (-rdd)   1.338 nm
  atoms separated by up to 5 constraints  (-rcon)  1.338 nm

On host node560 2 GPUs selected for this run.
Mapping of GPU IDs to the 4 GPU tasks in the 4 ranks on this node:
  PP:0,PP:0,PP:1,PP:1
PP tasks will do (non-perturbed) short-ranged and most bonded interactions on the GPU
PP task will update and constrain coordinates on the CPU
Using 4 MPI threads

Non-default thread affinity set, disabling internal thread affinity

Using 5 OpenMP threads per tMPI thread

System total charge: 0.000
Will do PME sum in reciprocal space for electrostatic interactions.

++++ PLEASE READ AND CITE THE FOLLOWING REFERENCE ++++
U. Essmann, L. Perera, M. L. Berkowitz, T. Darden, H. Lee and L. G. Pedersen 
A smooth particle mesh Ewald method
J. Chem. Phys. 103 (1995) pp. 8577-8592
-------- -------- --- Thank You --- -------- --------

Using a Gaussian width (1/beta) of 0.384195 nm for Ewald
Potential shift: LJ r^-12: 0.000e+00 r^-6: 0.000e+00, Ewald -8.333e-06
Initialized non-bonded Ewald tables, spacing: 1.02e-03 size: 1176

Generated table with 1169 data points for 1-4 COUL.
Tabscale = 500 points/nm
Generated table with 1169 data points for 1-4 LJ6.
Tabscale = 500 points/nm
Generated table with 1169 data points for 1-4 LJ12.
Tabscale = 500 points/nm

Using GPU 8x8 nonbonded short-range kernels

Using a dual 8x8 pair-list setup updated with dynamic, rolling pruning:
  outer list: updated every 100 steps, buffer 0.138 nm, rlist 1.338 nm
  inner list: updated every  12 steps, buffer 0.001 nm, rlist 1.201 nm
At tolerance 0.005 kJ/mol/ps per atom, equivalent classical 1x1 list would be:
  outer list: updated every 100 steps, buffer 0.293 nm, rlist 1.493 nm
  inner list: updated every  12 steps, buffer 0.052 nm, rlist 1.252 nm

Using Lorentz-Berthelot Lennard-Jones combination rule

Long Range LJ corr.: <C6> 3.6069e-04


Will apply potential COM pulling
with 3 pull coordinates and 2 groups
Pull group 1: 24788 atoms, mass 175617.697
Pull group 2:    42 atoms, mass   400.248

Initializing Parallel LINear Constraint Solver

++++ PLEASE READ AND CITE THE FOLLOWING REFERENCE ++++
B. Hess
P-LINCS: A Parallel Linear Constraint Solver for molecular simulation
J. Chem. Theory Comput. 4 (2008) pp. 116-122
-------- -------- --- Thank You --- -------- --------

The number of constraints is 12419
There are constraints between atoms in different decomposition domains,
will communicate selected coordinates each lincs iteration

++++ PLEASE READ AND CITE THE FOLLOWING REFERENCE ++++
S. Miyamoto and P. A. Kollman
SETTLE: An Analytical Version of the SHAKE and RATTLE Algorithms for Rigid
Water Models
J. Comp. Chem. 13 (1992) pp. 952-962
-------- -------- --- Thank You --- -------- --------


Linking all bonded interactions to atoms

Intra-simulation communication will occur every 2 steps.
There are: 138612 Atoms
Atom distribution over 4 domains: av 34653 stddev 475 min 34017 max 35159

NOTE: DLB will not turn on during the first phase of PME tuning
Center of mass motion removal mode is Linear
We have the following groups for center of mass motion removal:
  0:  Protein_MOL

Started mdrun on rank 0 Fri Aug  2 13:06:57 2024

           Step           Time
              0        0.00000

   Energies (kJ/mol)
           Bond          Angle    Proper Dih.  Improper Dih.          LJ-14
    1.95299e+04    5.29313e+04    8.14608e+04    2.89177e+03    2.41936e+04
     Coulomb-14        LJ (SR)  Disper. corr.   Coulomb (SR)   Coul. recip.
    2.45546e+05    1.70206e+05   -6.12788e+03   -2.32271e+06    7.37715e+03
      Potential    Kinetic En.   Total Energy  Conserved En.    Temperature
   -1.72470e+06    3.63837e+05   -1.36087e+06   -1.36078e+06    3.02116e+02
 Pres. DC (bar) Pressure (bar)   Constr. rmsd
   -1.48473e+02    3.29542e+01    3.61090e-06


DD  step 99 load imb.: force  0.9%
step  600: timed with pme grid 104 104 104, coulomb cutoff 1.200: 2348.4 M-cycles
step  800: timed with pme grid 96 96 96, coulomb cutoff 1.263: 2672.1 M-cycles
step 1000: timed with pme grid 100 100 100, coulomb cutoff 1.212: 4493.8 M-cycles
step 1200: timed with pme grid 104 104 104, coulomb cutoff 1.200: 5586.1 M-cycles
              optimal pme grid 104 104 104, coulomb cutoff 1.200

NOTE: DLB can now turn on, when beneficial

DD  step 4999 load imb.: force  0.7%
           Step           Time
           5000       10.00000

   Energies (kJ/mol)
           Bond          Angle    Proper Dih.  Improper Dih.          LJ-14
    2.01210e+04    5.42947e+04    8.26325e+04    3.19408e+03    2.41583e+04
     Coulomb-14        LJ (SR)  Disper. corr.   Coulomb (SR)   Coul. recip.
    2.44725e+05    1.62570e+05   -6.07018e+03   -2.28491e+06    7.64704e+03
      Potential    Kinetic En.   Total Energy  Conserved En.    Temperature
   -1.69164e+06    3.78158e+05   -1.31348e+06   -1.36187e+06    3.14008e+02
 Pres. DC (bar) Pressure (bar)   Constr. rmsd
   -1.45690e+02    1.34688e+02    3.66291e-06


DD  step 9999 load imb.: force  0.8%
           Step           Time
          10000       20.00000

   Energies (kJ/mol)
           Bond          Angle    Proper Dih.  Improper Dih.          LJ-14
    1.99993e+04    5.50016e+04    8.23986e+04    3.19406e+03    2.40293e+04
     Coulomb-14        LJ (SR)  Disper. corr.   Coulomb (SR)   Coul. recip.
    2.45364e+05    1.60335e+05   -6.07806e+03   -2.28494e+06    7.62429e+03
      Potential    Kinetic En.   Total Energy  Conserved En.    Temperature
   -1.69307e+06    3.76970e+05   -1.31610e+06   -1.36142e+06    3.13021e+02
 Pres. DC (bar) Pressure (bar)   Constr. rmsd
   -1.46069e+02   -4.37128e+01    3.66502e-06


DD  step 14999 load imb.: force  2.0%
           Step           Time
          15000       30.00000

   Energies (kJ/mol)
           Bond          Angle    Proper Dih.  Improper Dih.          LJ-14
    1.98308e+04    5.49744e+04    8.24710e+04    3.18492e+03    2.42248e+04
     Coulomb-14        LJ (SR)  Disper. corr.   Coulomb (SR)   Coul. recip.
    2.44987e+05    1.59326e+05   -6.07648e+03   -2.28362e+06    7.59229e+03
      Potential    Kinetic En.   Total Energy  Conserved En.    Temperature
   -1.69311e+06    3.75851e+05   -1.31726e+06   -1.36150e+06    3.12092e+02
 Pres. DC (bar) Pressure (bar)   Constr. rmsd
   -1.45992e+02   -5.80886e+01    3.68733e-06


DD  step 19999 load imb.: force  9.1%

step 20000 Turning on dynamic load balancing, because the performance loss due to load imbalance is 3.1 %.
           Step           Time
          20000       40.00000

   Energies (kJ/mol)
           Bond          Angle    Proper Dih.  Improper Dih.          LJ-14
    1.98038e+04    5.42050e+04    8.25982e+04    3.17740e+03    2.44907e+04
     Coulomb-14        LJ (SR)  Disper. corr.   Coulomb (SR)   Coul. recip.
    2.45874e+05    1.60667e+05   -6.07862e+03   -2.28788e+06    7.58474e+03
      Potential    Kinetic En.   Total Energy  Conserved En.    Temperature
   -1.69555e+06    3.77477e+05   -1.31808e+06   -1.36165e+06    3.13442e+02
 Pres. DC (bar) Pressure (bar)   Constr. rmsd
   -1.46096e+02    7.72405e+01    3.58130e-06


DD  step 24999  vol min/aver 0.852  load imb.: force  1.3%
           Step           Time
          25000       50.00000

   Energies (kJ/mol)
           Bond          Angle    Proper Dih.  Improper Dih.          LJ-14
    1.97503e+04    5.45074e+04    8.21808e+04    2.97741e+03    2.43521e+04
     Coulomb-14        LJ (SR)  Disper. corr.   Coulomb (SR)   Coul. recip.
    2.44661e+05    1.61653e+05   -6.06030e+03   -2.28580e+06    7.52965e+03
      Potential    Kinetic En.   Total Energy  Conserved En.    Temperature
   -1.69425e+06    3.76580e+05   -1.31767e+06   -1.36175e+06    3.12697e+02
 Pres. DC (bar) Pressure (bar)   Constr. rmsd
   -1.45216e+02    1.63562e+01    3.60978e-06


DD  step 29999  vol min/aver 0.655  load imb.: force  2.2%
           Step           Time
          30000       60.00000

   Energies (kJ/mol)
           Bond          Angle    Proper Dih.  Improper Dih.          LJ-14
    1.98438e+04    5.40995e+04    8.25062e+04    2.98552e+03    2.41592e+04
     Coulomb-14        LJ (SR)  Disper. corr.   Coulomb (SR)   Coul. recip.
    2.46022e+05    1.60475e+05   -6.08388e+03   -2.28601e+06    7.54277e+03
      Potential    Kinetic En.   Total Energy  Conserved En.    Temperature
   -1.69446e+06    3.76782e+05   -1.31768e+06   -1.36138e+06    3.12865e+02
 Pres. DC (bar) Pressure (bar)   Constr. rmsd
   -1.46348e+02   -2.34725e+01    3.55257e-06


DD  step 34999  vol min/aver 0.595  load imb.: force  0.3%
           Step           Time
          35000       70.00000

   Energies (kJ/mol)
           Bond          Angle    Proper Dih.  Improper Dih.          LJ-14
    2.00335e+04    5.47895e+04    8.25397e+04    3.07334e+03    2.41849e+04
     Coulomb-14        LJ (SR)  Disper. corr.   Coulomb (SR)   Coul. recip.
    2.45297e+05    1.63244e+05   -6.07880e+03   -2.28757e+06    7.53827e+03
      Potential    Kinetic En.   Total Energy  Conserved En.    Temperature
   -1.69295e+06    3.77327e+05   -1.31562e+06   -1.36115e+06    3.13317e+02
 Pres. DC (bar) Pressure (bar)   Constr. rmsd
   -1.46104e+02    1.14979e+02    3.76156e-06


DD  step 39999  vol min/aver 0.542  load imb.: force  1.3%
           Step           Time
          40000       80.00000

   Energies (kJ/mol)
           Bond          Angle    Proper Dih.  Improper Dih.          LJ-14
    2.03159e+04    5.45145e+04    8.25839e+04    3.00423e+03    2.40321e+04
     Coulomb-14        LJ (SR)  Disper. corr.   Coulomb (SR)   Coul. recip.
    2.44408e+05    1.61520e+05   -6.07137e+03   -2.28773e+06    7.51698e+03
      Potential    Kinetic En.   Total Energy  Conserved En.    Temperature
   -1.69590e+06    3.76722e+05   -1.31918e+06   -1.36137e+06    3.12815e+02
 Pres. DC (bar) Pressure (bar)   Constr. rmsd
   -1.45747e+02   -5.84056e+01    3.76071e-06

Writing checkpoint, step 42500 at Fri Aug  2 13:22:01 2024



DD  step 44999  vol min/aver 0.582  load imb.: force  2.8%
           Step           Time
          45000       90.00000

   Energies (kJ/mol)
           Bond          Angle    Proper Dih.  Improper Dih.          LJ-14
    1.95043e+04    5.49015e+04    8.22750e+04    2.96115e+03    2.44041e+04
     Coulomb-14        LJ (SR)  Disper. corr.   Coulomb (SR)   Coul. recip.
    2.45098e+05    1.61373e+05   -6.09058e+03   -2.28762e+06    7.59360e+03
      Potential    Kinetic En.   Total Energy  Conserved En.    Temperature
   -1.69560e+06    3.76710e+05   -1.31889e+06   -1.36130e+06    3.12805e+02
 Pres. DC (bar) Pressure (bar)   Constr. rmsd
   -1.46671e+02    5.43629e+01    3.61788e-06


DD  step 49999  vol min/aver 0.540  load imb.: force  2.3%
           Step           Time
          50000      100.00000

   Energies (kJ/mol)
           Bond          Angle    Proper Dih.  Improper Dih.          LJ-14
    2.04451e+04    5.39356e+04    8.25809e+04    3.17059e+03    2.43384e+04
     Coulomb-14        LJ (SR)  Disper. corr.   Coulomb (SR)   Coul. recip.
    2.45339e+05    1.60507e+05   -6.08330e+03   -2.28669e+06    7.49293e+03
      Potential    Kinetic En.   Total Energy  Conserved En.    Temperature
   -1.69496e+06    3.77494e+05   -1.31747e+06   -1.36086e+06    3.13456e+02
 Pres. DC (bar) Pressure (bar)   Constr. rmsd
   -1.46320e+02   -8.46674e+00    3.66818e-06


DD  step 54999  vol min/aver 0.541  load imb.: force  1.4%
           Step           Time
          55000      110.00000

   Energies (kJ/mol)
           Bond          Angle    Proper Dih.  Improper Dih.          LJ-14
    2.02681e+04    5.48160e+04    8.26308e+04    3.10483e+03    2.42994e+04
     Coulomb-14        LJ (SR)  Disper. corr.   Coulomb (SR)   Coul. recip.
    2.45046e+05    1.60575e+05   -6.09733e+03   -2.28613e+06    7.66075e+03
      Potential    Kinetic En.   Total Energy  Conserved En.    Temperature
   -1.69382e+06    3.76950e+05   -1.31687e+06   -1.36078e+06    3.13004e+02
 Pres. DC (bar) Pressure (bar)   Constr. rmsd
   -1.46996e+02    2.41736e+01    3.79875e-06


DD  load balancing is limited by minimum cell size in dimension X
DD  step 59999  vol min/aver 0.540! load imb.: force  1.6%
           Step           Time
          60000      120.00000

   Energies (kJ/mol)
           Bond          Angle    Proper Dih.  Improper Dih.          LJ-14
    2.02535e+04    5.49557e+04    8.24339e+04    3.03037e+03    2.45875e+04
     Coulomb-14        LJ (SR)  Disper. corr.   Coulomb (SR)   Coul. recip.
    2.45292e+05    1.61344e+05   -6.07968e+03   -2.28817e+06    7.48128e+03
      Potential    Kinetic En.   Total Energy  Conserved En.    Temperature
   -1.69487e+06    3.76827e+05   -1.31804e+06   -1.36060e+06    3.12903e+02
 Pres. DC (bar) Pressure (bar)   Constr. rmsd
   -1.46146e+02    1.83531e+01    3.69313e-06


DD  load balancing is limited by minimum cell size in dimension X
DD  step 64999  vol min/aver 0.540! load imb.: force  3.8%
           Step           Time
          65000      130.00000

   Energies (kJ/mol)
           Bond          Angle    Proper Dih.  Improper Dih.          LJ-14
    2.00871e+04    5.52493e+04    8.25520e+04    3.03201e+03    2.44058e+04
     Coulomb-14        LJ (SR)  Disper. corr.   Coulomb (SR)   Coul. recip.
    2.44940e+05    1.60917e+05   -6.08721e+03   -2.28559e+06    7.51727e+03
      Potential    Kinetic En.   Total Energy  Conserved En.    Temperature
   -1.69298e+06    3.78101e+05   -1.31488e+06   -1.36114e+06    3.13960e+02
 Pres. DC (bar) Pressure (bar)   Constr. rmsd
   -1.46509e+02    2.07720e+02    3.71408e-06


DD  load balancing is limited by minimum cell size in dimension X
DD  step 69999  vol min/aver 0.539! load imb.: force  0.6%
           Step           Time
          70000      140.00000

   Energies (kJ/mol)
           Bond          Angle    Proper Dih.  Improper Dih.          LJ-14
    2.01991e+04    5.49968e+04    8.26132e+04    3.17526e+03    2.43337e+04
     Coulomb-14        LJ (SR)  Disper. corr.   Coulomb (SR)   Coul. recip.
    2.45454e+05    1.62087e+05   -6.06258e+03   -2.28568e+06    7.67681e+03
      Potential    Kinetic En.   Total Energy  Conserved En.    Temperature
   -1.69120e+06    3.78798e+05   -1.31241e+06   -1.36075e+06    3.14539e+02
 Pres. DC (bar) Pressure (bar)   Constr. rmsd
   -1.45326e+02    9.28186e+01    3.68275e-06


DD  load balancing is limited by minimum cell size in dimension X
DD  step 74999  vol min/aver 0.539! load imb.: force  0.7%
           Step           Time
          75000      150.00000

   Energies (kJ/mol)
           Bond          Angle    Proper Dih.  Improper Dih.          LJ-14
    1.98060e+04    5.46973e+04    8.27569e+04    3.13037e+03    2.42672e+04
     Coulomb-14        LJ (SR)  Disper. corr.   Coulomb (SR)   Coul. recip.
    2.45606e+05    1.59112e+05   -6.07455e+03   -2.28536e+06    7.67963e+03
      Potential    Kinetic En.   Total Energy  Conserved En.    Temperature
   -1.69437e+06    3.78293e+05   -1.31608e+06   -1.36060e+06    3.14119e+02
 Pres. DC (bar) Pressure (bar)   Constr. rmsd
   -1.45900e+02   -1.18854e+02    3.61638e-06

Writing checkpoint, step 76800 at Fri Aug  2 13:37:06 2024



DD  step 79999  vol min/aver 0.554  load imb.: force  5.1%
           Step           Time
          80000      160.00000

   Energies (kJ/mol)
           Bond          Angle    Proper Dih.  Improper Dih.          LJ-14
    2.00456e+04    5.48999e+04    8.25508e+04    3.08567e+03    2.42617e+04
     Coulomb-14        LJ (SR)  Disper. corr.   Coulomb (SR)   Coul. recip.
    2.45057e+05    1.60941e+05   -6.06876e+03   -2.28591e+06    7.55313e+03
      Potential    Kinetic En.   Total Energy  Conserved En.    Temperature
   -1.69358e+06    3.75364e+05   -1.31822e+06   -1.36069e+06    3.11687e+02
 Pres. DC (bar) Pressure (bar)   Constr. rmsd
   -1.45622e+02   -6.19338e+01    3.67223e-06


DD  step 84999  vol min/aver 0.540  load imb.: force  1.1%
           Step           Time
          85000      170.00000

   Energies (kJ/mol)
           Bond          Angle    Proper Dih.  Improper Dih.          LJ-14
    1.99239e+04    5.58324e+04    8.23487e+04    3.25879e+03    2.43026e+04
     Coulomb-14        LJ (SR)  Disper. corr.   Coulomb (SR)   Coul. recip.
    2.45210e+05    1.59564e+05   -6.07315e+03   -2.28471e+06    7.64370e+03
      Potential    Kinetic En.   Total Energy  Conserved En.    Temperature
   -1.69270e+06    3.76784e+05   -1.31592e+06   -1.36013e+06    3.12867e+02
 Pres. DC (bar) Pressure (bar)   Constr. rmsd
   -1.45833e+02   -4.71506e+01    3.68305e-06


DD  load balancing is limited by minimum cell size in dimension X
DD  step 89999  vol min/aver 0.540! load imb.: force  0.3%
           Step           Time
          90000      180.00000

   Energies (kJ/mol)
           Bond          Angle    Proper Dih.  Improper Dih.          LJ-14
    1.97735e+04    5.48043e+04    8.20922e+04    3.01574e+03    2.42096e+04
     Coulomb-14        LJ (SR)  Disper. corr.   Coulomb (SR)   Coul. recip.
    2.44843e+05    1.59356e+05   -6.08767e+03   -2.28653e+06    7.49586e+03
      Potential    Kinetic En.   Total Energy  Conserved En.    Temperature
   -1.69703e+06    3.76756e+05   -1.32027e+06   -1.36031e+06    3.12844e+02
 Pres. DC (bar) Pressure (bar)   Constr. rmsd
   -1.46531e+02   -1.43228e+01    3.74173e-06


DD  step 94999  vol min/aver 0.541  load imb.: force  0.7%
           Step           Time
          95000      190.00000

   Energies (kJ/mol)
           Bond          Angle    Proper Dih.  Improper Dih.          LJ-14
    2.01893e+04    5.46407e+04    8.24882e+04    3.13356e+03    2.42090e+04
     Coulomb-14        LJ (SR)  Disper. corr.   Coulomb (SR)   Coul. recip.
    2.45626e+05    1.60863e+05   -6.06435e+03   -2.28516e+06    7.56481e+03
      Potential    Kinetic En.   Total Energy  Conserved En.    Temperature
   -1.69251e+06    3.77026e+05   -1.31549e+06   -1.36065e+06    3.13068e+02
 Pres. DC (bar) Pressure (bar)   Constr. rmsd
   -1.45410e+02   -2.22224e+01    3.59162e-06


DD  load balancing is limited by minimum cell size in dimension X
DD  step 99999  vol min/aver 0.539! load imb.: force  1.8%
           Step           Time
         100000      200.00000

   Energies (kJ/mol)
           Bond          Angle    Proper Dih.  Improper Dih.          LJ-14
    1.97500e+04    5.42111e+04    8.22578e+04    2.98933e+03    2.44245e+04
     Coulomb-14        LJ (SR)  Disper. corr.   Coulomb (SR)   Coul. recip.
    2.45655e+05    1.59314e+05   -6.07511e+03   -2.28280e+06    7.52451e+03
      Potential    Kinetic En.   Total Energy  Conserved En.    Temperature
   -1.69275e+06    3.76705e+05   -1.31604e+06   -1.36036e+06    3.12801e+02
 Pres. DC (bar) Pressure (bar)   Constr. rmsd
   -1.45927e+02    2.46039e+01    3.64814e-06


DD  step 104999  vol min/aver 0.546  load imb.: force  2.0%
           Step           Time
         105000      210.00000

   Energies (kJ/mol)
           Bond          Angle    Proper Dih.  Improper Dih.          LJ-14
    1.99306e+04    5.50675e+04    8.24911e+04    3.07927e+03    2.43249e+04
     Coulomb-14        LJ (SR)  Disper. corr.   Coulomb (SR)   Coul. recip.
    2.45181e+05    1.59809e+05   -6.06872e+03   -2.28185e+06    7.52011e+03
      Potential    Kinetic En.   Total Energy  Conserved En.    Temperature
   -1.69052e+06    3.76330e+05   -1.31419e+06   -1.36034e+06    3.12490e+02
 Pres. DC (bar) Pressure (bar)   Constr. rmsd
   -1.45620e+02    3.23790e+01    3.61015e-06

Writing checkpoint, step 106600 at Fri Aug  2 13:51:57 2024



DD  load balancing is limited by minimum cell size in dimension X
DD  step 109999  vol min/aver 0.540! load imb.: force  2.9%
           Step           Time
         110000      220.00000

   Energies (kJ/mol)
           Bond          Angle    Proper Dih.  Improper Dih.          LJ-14
    2.00696e+04    5.43673e+04    8.25997e+04    3.13346e+03    2.43613e+04
     Coulomb-14        LJ (SR)  Disper. corr.   Coulomb (SR)   Coul. recip.
    2.45905e+05    1.60945e+05   -6.08505e+03   -2.28736e+06    7.61104e+03
      Potential    Kinetic En.   Total Energy  Conserved En.    Temperature
   -1.69445e+06    3.77022e+05   -1.31743e+06   -1.36023e+06    3.13065e+02
 Pres. DC (bar) Pressure (bar)   Constr. rmsd
   -1.46405e+02    2.98343e+01    3.67324e-06


DD  step 114999  vol min/aver 0.547  load imb.: force  0.4%
           Step           Time
         115000      230.00000

   Energies (kJ/mol)
           Bond          Angle    Proper Dih.  Improper Dih.          LJ-14
    2.02430e+04    5.48544e+04    8.26006e+04    3.09010e+03    2.41732e+04
     Coulomb-14        LJ (SR)  Disper. corr.   Coulomb (SR)   Coul. recip.
    2.44935e+05    1.60911e+05   -6.07647e+03   -2.28444e+06    7.51669e+03
      Potential    Kinetic En.   Total Energy  Conserved En.    Temperature
   -1.69219e+06    3.76916e+05   -1.31528e+06   -1.36032e+06    3.12976e+02
 Pres. DC (bar) Pressure (bar)   Constr. rmsd
   -1.45992e+02   -2.61440e+01    3.74648e-06


DD  load balancing is limited by minimum cell size in dimension X
DD  step 119999  vol min/aver 0.539! load imb.: force  0.7%
           Step           Time
         120000      240.00000

   Energies (kJ/mol)
           Bond          Angle    Proper Dih.  Improper Dih.          LJ-14
    1.99425e+04    5.50434e+04    8.24403e+04    3.10965e+03    2.39617e+04
     Coulomb-14        LJ (SR)  Disper. corr.   Coulomb (SR)   Coul. recip.
    2.45305e+05    1.60211e+05   -6.07595e+03   -2.28479e+06    7.53081e+03
      Potential    Kinetic En.   Total Energy  Conserved En.    Temperature
   -1.69333e+06    3.76551e+05   -1.31677e+06   -1.36043e+06    3.12673e+02
 Pres. DC (bar) Pressure (bar)   Constr. rmsd
   -1.45967e+02   -8.96151e+01    3.68570e-06


DD  load balancing is limited by minimum cell size in dimension X
DD  step 124999  vol min/aver 0.539! load imb.: force  0.9%
           Step           Time
         125000      250.00000

   Energies (kJ/mol)
           Bond          Angle    Proper Dih.  Improper Dih.          LJ-14
    1.98209e+04    5.45306e+04    8.26464e+04    3.24177e+03    2.43009e+04
     Coulomb-14        LJ (SR)  Disper. corr.   Coulomb (SR)   Coul. recip.
    2.45692e+05    1.61532e+05   -6.07164e+03   -2.28693e+06    7.57689e+03
      Potential    Kinetic En.   Total Energy  Conserved En.    Temperature
   -1.69366e+06    3.76415e+05   -1.31724e+06   -1.36023e+06    3.12561e+02
 Pres. DC (bar) Pressure (bar)   Constr. rmsd
   -1.45760e+02   -2.26603e+01    3.62602e-06


DD  step 129999  vol min/aver 0.541  load imb.: force  0.4%
           Step           Time
         130000      260.00000

   Energies (kJ/mol)
           Bond          Angle    Proper Dih.  Improper Dih.          LJ-14
    2.00742e+04    5.48367e+04    8.22659e+04    3.11520e+03    2.44033e+04
     Coulomb-14        LJ (SR)  Disper. corr.   Coulomb (SR)   Coul. recip.
    2.45502e+05    1.60843e+05   -6.07284e+03   -2.28708e+06    7.55977e+03
      Potential    Kinetic En.   Total Energy  Conserved En.    Temperature
   -1.69456e+06    3.75287e+05   -1.31927e+06   -1.35988e+06    3.11624e+02
 Pres. DC (bar) Pressure (bar)   Constr. rmsd
   -1.45818e+02   -7.61180e+01    3.63733e-06


DD  step 134999  vol min/aver 0.540  load imb.: force  4.7%
           Step           Time
         135000      270.00000

   Energies (kJ/mol)
           Bond          Angle    Proper Dih.  Improper Dih.          LJ-14
    1.98183e+04    5.44523e+04    8.24792e+04    3.24497e+03    2.45062e+04
     Coulomb-14        LJ (SR)  Disper. corr.   Coulomb (SR)   Coul. recip.
    2.45964e+05    1.60597e+05   -6.07091e+03   -2.28580e+06    7.49190e+03
      Potential    Kinetic En.   Total Energy  Conserved En.    Temperature
   -1.69331e+06    3.77997e+05   -1.31532e+06   -1.35953e+06    3.13874e+02
 Pres. DC (bar) Pressure (bar)   Constr. rmsd
   -1.45725e+02    7.60654e+01    3.67332e-06

Writing checkpoint, step 139500 at Fri Aug  2 14:06:59 2024



DD  load balancing is limited by minimum cell size in dimension X
DD  step 139999  vol min/aver 0.539! load imb.: force  2.9%
           Step           Time
         140000      280.00000

   Energies (kJ/mol)
           Bond          Angle    Proper Dih.  Improper Dih.          LJ-14
    1.99765e+04    5.55870e+04    8.24521e+04    3.10554e+03    2.43067e+04
     Coulomb-14        LJ (SR)  Disper. corr.   Coulomb (SR)   Coul. recip.
    2.45581e+05    1.60761e+05   -6.08088e+03   -2.28586e+06    7.48322e+03
      Potential    Kinetic En.   Total Energy  Conserved En.    Temperature
   -1.69269e+06    3.76356e+05   -1.31633e+06   -1.35952e+06    3.12511e+02
 Pres. DC (bar) Pressure (bar)   Constr. rmsd
   -1.46204e+02   -4.07523e+01    3.51274e-06


DD  step 144999  vol min/aver 0.545  load imb.: force  1.3%
           Step           Time
         145000      290.00000

   Energies (kJ/mol)
           Bond          Angle    Proper Dih.  Improper Dih.          LJ-14
    1.99627e+04    5.43309e+04    8.25448e+04    3.13418e+03    2.43076e+04
     Coulomb-14        LJ (SR)  Disper. corr.   Coulomb (SR)   Coul. recip.
    2.45505e+05    1.58573e+05   -6.07519e+03   -2.28449e+06    7.56824e+03
      Potential    Kinetic En.   Total Energy  Conserved En.    Temperature
   -1.69464e+06    3.78302e+05   -1.31634e+06   -1.35936e+06    3.14127e+02
 Pres. DC (bar) Pressure (bar)   Constr. rmsd
   -1.45931e+02   -5.49840e+01    3.58730e-06


DD  load balancing is limited by minimum cell size in dimension X
DD  step 149999  vol min/aver 0.540! load imb.: force  2.0%
           Step           Time
         150000      300.00000

   Energies (kJ/mol)
           Bond          Angle    Proper Dih.  Improper Dih.          LJ-14
    1.96440e+04    5.54065e+04    8.22282e+04    3.03830e+03    2.43840e+04
     Coulomb-14        LJ (SR)  Disper. corr.   Coulomb (SR)   Coul. recip.
    2.45024e+05    1.62403e+05   -6.08677e+03   -2.28926e+06    7.76346e+03
      Potential    Kinetic En.   Total Energy  Conserved En.    Temperature
   -1.69546e+06    3.76467e+05   -1.31899e+06   -1.35938e+06    3.12604e+02
 Pres. DC (bar) Pressure (bar)   Constr. rmsd
   -1.46487e+02    1.63390e+02    3.72773e-06


DD  step 154999  vol min/aver 0.628  load imb.: force  2.7%
           Step           Time
         155000      310.00000

   Energies (kJ/mol)
           Bond          Angle    Proper Dih.  Improper Dih.          LJ-14
    1.95974e+04    5.50878e+04    8.23773e+04    3.03826e+03    2.44212e+04
     Coulomb-14        LJ (SR)  Disper. corr.   Coulomb (SR)   Coul. recip.
    2.44850e+05    1.58325e+05   -6.08676e+03   -2.28296e+06    7.51392e+03
      Potential    Kinetic En.   Total Energy  Conserved En.    Temperature
   -1.69384e+06    3.77842e+05   -1.31600e+06   -1.35962e+06    3.13745e+02
 Pres. DC (bar) Pressure (bar)   Constr. rmsd
   -1.46487e+02   -7.66647e+00    3.73463e-06


DD  step 159999  vol min/aver 0.599  load imb.: force  1.0%
           Step           Time
         160000      320.00000

   Energies (kJ/mol)
           Bond          Angle    Proper Dih.  Improper Dih.          LJ-14
    1.99624e+04    5.47398e+04    8.23947e+04    3.06856e+03    2.43633e+04
     Coulomb-14        LJ (SR)  Disper. corr.   Coulomb (SR)   Coul. recip.
    2.45463e+05    1.64210e+05   -6.07510e+03   -2.29104e+06    7.45041e+03
      Potential    Kinetic En.   Total Energy  Conserved En.    Temperature
   -1.69546e+06    3.76793e+05   -1.31866e+06   -1.35959e+06    3.12874e+02
 Pres. DC (bar) Pressure (bar)   Constr. rmsd
   -1.45926e+02    3.19970e+01    3.69654e-06


DD  step 164999  vol min/aver 0.541  load imb.: force  1.3%
           Step           Time
         165000      330.00000

   Energies (kJ/mol)
           Bond          Angle    Proper Dih.  Improper Dih.          LJ-14
    1.99655e+04    5.38612e+04    8.23502e+04    3.06930e+03    2.40538e+04
     Coulomb-14        LJ (SR)  Disper. corr.   Coulomb (SR)   Coul. recip.
    2.45373e+05    1.62140e+05   -6.06609e+03   -2.28779e+06    7.65681e+03
      Potential    Kinetic En.   Total Energy  Conserved En.    Temperature
   -1.69539e+06    3.75214e+05   -1.32017e+06   -1.35976e+06    3.11563e+02
 Pres. DC (bar) Pressure (bar)   Constr. rmsd
   -1.45494e+02   -4.14852e+01    3.64121e-06


DD  step 169999  vol min/aver 0.551  load imb.: force  4.4%
           Step           Time
         170000      340.00000

   Energies (kJ/mol)
           Bond          Angle    Proper Dih.  Improper Dih.          LJ-14
    2.03915e+04    5.53635e+04    8.24174e+04    2.99160e+03    2.42143e+04
     Coulomb-14        LJ (SR)  Disper. corr.   Coulomb (SR)   Coul. recip.
    2.45496e+05    1.58851e+05   -6.06702e+03   -2.28428e+06    7.51776e+03
      Potential    Kinetic En.   Total Energy  Conserved En.    Temperature
   -1.69311e+06    3.77956e+05   -1.31515e+06   -1.35956e+06    3.13840e+02
 Pres. DC (bar) Pressure (bar)   Constr. rmsd
   -1.45538e+02   -9.35759e+01    3.65104e-06


DD  load balancing is limited by minimum cell size in dimension X
DD  step 174999  vol min/aver 0.539! load imb.: force  3.8%
           Step           Time
         175000      350.00000

   Energies (kJ/mol)
           Bond          Angle    Proper Dih.  Improper Dih.          LJ-14
    1.98155e+04    5.49622e+04    8.27405e+04    3.11395e+03    2.42630e+04
     Coulomb-14        LJ (SR)  Disper. corr.   Coulomb (SR)   Coul. recip.
    2.45320e+05    1.61359e+05   -6.06430e+03   -2.28621e+06    7.75213e+03
      Potential    Kinetic En.   Total Energy  Conserved En.    Temperature
   -1.69295e+06    3.77181e+05   -1.31577e+06   -1.35916e+06    3.13196e+02
 Pres. DC (bar) Pressure (bar)   Constr. rmsd
   -1.45408e+02   -1.97251e+01    3.65705e-06

Writing checkpoint, step 176700 at Fri Aug  2 14:21:58 2024



DD  step 179999  vol min/aver 0.540  load imb.: force  0.5%
           Step           Time
         180000      360.00000

   Energies (kJ/mol)
           Bond          Angle    Proper Dih.  Improper Dih.          LJ-14
    1.93852e+04    5.45527e+04    8.21752e+04    2.98401e+03    2.43400e+04
     Coulomb-14        LJ (SR)  Disper. corr.   Coulomb (SR)   Coul. recip.
    2.45274e+05    1.59620e+05   -6.07995e+03   -2.28539e+06    7.42510e+03
      Potential    Kinetic En.   Total Energy  Conserved En.    Temperature
   -1.69572e+06    3.75008e+05   -1.32071e+06   -1.35928e+06    3.11392e+02
 Pres. DC (bar) Pressure (bar)   Constr. rmsd
   -1.46159e+02    4.63067e+01    3.57411e-06


DD  load balancing is limited by minimum cell size in dimension X
DD  step 184999  vol min/aver 0.539! load imb.: force  1.1%
           Step           Time
         185000      370.00000

   Energies (kJ/mol)
           Bond          Angle    Proper Dih.  Improper Dih.          LJ-14
    2.01239e+04    5.41334e+04    8.25430e+04    3.02907e+03    2.42135e+04
     Coulomb-14        LJ (SR)  Disper. corr.   Coulomb (SR)   Coul. recip.
    2.45333e+05    1.60362e+05   -6.07729e+03   -2.28558e+06    7.63594e+03
      Potential    Kinetic En.   Total Energy  Conserved En.    Temperature
   -1.69428e+06    3.76705e+05   -1.31758e+06   -1.35895e+06    3.12801e+02
 Pres. DC (bar) Pressure (bar)   Constr. rmsd
   -1.46032e+02   -1.08645e+02    3.71213e-06


DD  load balancing is limited by minimum cell size in dimension X
DD  step 189999  vol min/aver 0.539! load imb.: force  1.5%
           Step           Time
         190000      380.00000

   Energies (kJ/mol)
           Bond          Angle    Proper Dih.  Improper Dih.          LJ-14
    1.99273e+04    5.39808e+04    8.24273e+04    3.17098e+03    2.44210e+04
     Coulomb-14        LJ (SR)  Disper. corr.   Coulomb (SR)   Coul. recip.
    2.45759e+05    1.60572e+05   -6.08158e+03   -2.28676e+06    7.60691e+03
      Potential    Kinetic En.   Total Energy  Conserved En.    Temperature
   -1.69498e+06    3.78270e+05   -1.31671e+06   -1.35901e+06    3.14101e+02
 Pres. DC (bar) Pressure (bar)   Constr. rmsd
   -1.46238e+02    2.99525e+01    3.63302e-06


DD  load balancing is limited by minimum cell size in dimension X
DD  step 194999  vol min/aver 0.539! load imb.: force  0.4%
           Step           Time
         195000      390.00000

   Energies (kJ/mol)
           Bond          Angle    Proper Dih.  Improper Dih.          LJ-14
    2.02628e+04    5.53023e+04    8.21734e+04    3.07776e+03    2.40980e+04
     Coulomb-14        LJ (SR)  Disper. corr.   Coulomb (SR)   Coul. recip.
    2.45498e+05    1.57766e+05   -6.07607e+03   -2.28402e+06    7.56942e+03
      Potential    Kinetic En.   Total Energy  Conserved En.    Temperature
   -1.69435e+06    3.76544e+05   -1.31780e+06   -1.35901e+06    3.12667e+02
 Pres. DC (bar) Pressure (bar)   Constr. rmsd
   -1.45973e+02   -1.69492e+02    3.66981e-06


DD  load balancing is limited by minimum cell size in dimension X
DD  step 199999  vol min/aver 0.539! load imb.: force  8.6%
           Step           Time
         200000      400.00000

   Energies (kJ/mol)
           Bond          Angle    Proper Dih.  Improper Dih.          LJ-14
    1.96210e+04    5.46382e+04    8.22158e+04    3.04254e+03    2.42740e+04
     Coulomb-14        LJ (SR)  Disper. corr.   Coulomb (SR)   Coul. recip.
    2.44795e+05    1.60700e+05   -6.07272e+03   -2.28462e+06    7.66833e+03
      Potential    Kinetic En.   Total Energy  Conserved En.    Temperature
   -1.69373e+06    3.77839e+05   -1.31589e+06   -1.35888e+06    3.13742e+02
 Pres. DC (bar) Pressure (bar)   Constr. rmsd
   -1.45812e+02    9.03348e+01    3.77738e-06


DD  step 204999  vol min/aver 0.563  load imb.: force  1.6%
           Step           Time
         205000      410.00000

   Energies (kJ/mol)
           Bond          Angle    Proper Dih.  Improper Dih.          LJ-14
    1.97715e+04    5.44833e+04    8.26336e+04    3.01837e+03    2.40250e+04
     Coulomb-14        LJ (SR)  Disper. corr.   Coulomb (SR)   Coul. recip.
    2.45899e+05    1.61345e+05   -6.06990e+03   -2.28739e+06    7.57549e+03
      Potential    Kinetic En.   Total Energy  Conserved En.    Temperature
   -1.69471e+06    3.76563e+05   -1.31815e+06   -1.35863e+06    3.12683e+02
 Pres. DC (bar) Pressure (bar)   Constr. rmsd
   -1.45677e+02   -1.19806e+02    3.65453e-06


DD  load balancing is limited by minimum cell size in dimension X
DD  step 209999  vol min/aver 0.539! load imb.: force  0.5%
           Step           Time
         210000      420.00000

   Energies (kJ/mol)
           Bond          Angle    Proper Dih.  Improper Dih.          LJ-14
    1.98545e+04    5.48472e+04    8.22859e+04    3.13923e+03    2.43249e+04
     Coulomb-14        LJ (SR)  Disper. corr.   Coulomb (SR)   Coul. recip.
    2.45393e+05    1.59361e+05   -6.05864e+03   -2.28325e+06    7.49285e+03
      Potential    Kinetic En.   Total Energy  Conserved En.    Temperature
   -1.69261e+06    3.77154e+05   -1.31546e+06   -1.35853e+06    3.13174e+02
 Pres. DC (bar) Pressure (bar)   Constr. rmsd
   -1.45137e+02   -8.02219e+01    3.75122e-06

Writing checkpoint, step 212800 at Fri Aug  2 14:36:58 2024



DD  step 214999  vol min/aver 0.540  load imb.: force  1.9%
           Step           Time
         215000      430.00000

   Energies (kJ/mol)
           Bond          Angle    Proper Dih.  Improper Dih.          LJ-14
    2.02301e+04    5.46249e+04    8.25777e+04    3.17191e+03    2.42902e+04
     Coulomb-14        LJ (SR)  Disper. corr.   Coulomb (SR)   Coul. recip.
    2.45617e+05    1.59377e+05   -6.06391e+03   -2.28321e+06    7.55810e+03
      Potential    Kinetic En.   Total Energy  Conserved En.    Temperature
   -1.69183e+06    3.77221e+05   -1.31461e+06   -1.35876e+06    3.13230e+02
 Pres. DC (bar) Pressure (bar)   Constr. rmsd
   -1.45389e+02    7.13486e+01    3.74428e-06


DD  load balancing is limited by minimum cell size in dimension X
DD  step 219999  vol min/aver 0.539! load imb.: force  1.3%
           Step           Time
         220000      440.00000

   Energies (kJ/mol)
           Bond          Angle    Proper Dih.  Improper Dih.          LJ-14
    2.02554e+04    5.53251e+04    8.27613e+04    3.18274e+03    2.41693e+04
     Coulomb-14        LJ (SR)  Disper. corr.   Coulomb (SR)   Coul. recip.
    2.45042e+05    1.59549e+05   -6.07618e+03   -2.28422e+06    7.86417e+03
      Potential    Kinetic En.   Total Energy  Conserved En.    Temperature
   -1.69215e+06    3.77911e+05   -1.31423e+06   -1.35842e+06    3.13802e+02
 Pres. DC (bar) Pressure (bar)   Constr. rmsd
   -1.45978e+02   -1.27343e+02    3.75603e-06


DD  load balancing is limited by minimum cell size in dimension X
DD  step 224999  vol min/aver 0.539! load imb.: force  0.9%
           Step           Time
         225000      450.00000

   Energies (kJ/mol)
           Bond          Angle    Proper Dih.  Improper Dih.          LJ-14
    2.04879e+04    5.48823e+04    8.26859e+04    3.09159e+03    2.39869e+04
     Coulomb-14        LJ (SR)  Disper. corr.   Coulomb (SR)   Coul. recip.
    2.44880e+05    1.61096e+05   -6.06832e+03   -2.28499e+06    7.55117e+03
      Potential    Kinetic En.   Total Energy  Conserved En.    Temperature
   -1.69240e+06    3.76473e+05   -1.31593e+06   -1.35844e+06    3.12609e+02
 Pres. DC (bar) Pressure (bar)   Constr. rmsd
   -1.45601e+02   -9.91122e+01    3.67839e-06


DD  load balancing is limited by minimum cell size in dimension X
DD  step 229999  vol min/aver 0.539! load imb.: force  3.1%
           Step           Time
         230000      460.00000

   Energies (kJ/mol)
           Bond          Angle    Proper Dih.  Improper Dih.          LJ-14
    1.98080e+04    5.42234e+04    8.26044e+04    3.15596e+03    2.41823e+04
     Coulomb-14        LJ (SR)  Disper. corr.   Coulomb (SR)   Coul. recip.
    2.45403e+05    1.58006e+05   -6.07072e+03   -2.28047e+06    7.50731e+03
      Potential    Kinetic En.   Total Energy  Conserved En.    Temperature
   -1.69165e+06    3.76950e+05   -1.31470e+06   -1.35840e+06    3.13005e+02
 Pres. DC (bar) Pressure (bar)   Constr. rmsd
   -1.45716e+02   -1.20407e+02    3.72657e-06


DD  load balancing is limited by minimum cell size in dimension X
DD  step 234999  vol min/aver 0.539! load imb.: force  1.8%
           Step           Time
         235000      470.00000

   Energies (kJ/mol)
           Bond          Angle    Proper Dih.  Improper Dih.          LJ-14
    2.00152e+04    5.41162e+04    8.23743e+04    2.95316e+03    2.44493e+04
     Coulomb-14        LJ (SR)  Disper. corr.   Coulomb (SR)   Coul. recip.
    2.45699e+05    1.59259e+05   -6.05243e+03   -2.28612e+06    7.64689e+03
      Potential    Kinetic En.   Total Energy  Conserved En.    Temperature
   -1.69566e+06    3.74052e+05   -1.32161e+06   -1.35838e+06    3.10598e+02
 Pres. DC (bar) Pressure (bar)   Constr. rmsd
   -1.44840e+02   -2.18141e+02    3.65018e-06


DD  load balancing is limited by minimum cell size in dimension X
DD  step 239999  vol min/aver 0.540! load imb.: force  1.0%
           Step           Time
         240000      480.00000

   Energies (kJ/mol)
           Bond          Angle    Proper Dih.  Improper Dih.          LJ-14
    2.00991e+04    5.48850e+04    8.22226e+04    2.97500e+03    2.41985e+04
     Coulomb-14        LJ (SR)  Disper. corr.   Coulomb (SR)   Coul. recip.
    2.44935e+05    1.61441e+05   -6.07657e+03   -2.28738e+06    7.43228e+03
      Potential    Kinetic En.   Total Energy  Conserved En.    Temperature
   -1.69526e+06    3.75330e+05   -1.31993e+06   -1.35800e+06    3.11659e+02
 Pres. DC (bar) Pressure (bar)   Constr. rmsd
   -1.45997e+02   -6.83648e+01    3.63216e-06

Writing checkpoint, step 241700 at Fri Aug  2 14:52:04 2024



DD  load balancing is limited by minimum cell size in dimension X
DD  step 244999  vol min/aver 0.539! load imb.: force  2.9%
           Step           Time
         245000      490.00000

   Energies (kJ/mol)
           Bond          Angle    Proper Dih.  Improper Dih.          LJ-14
    1.94294e+04    5.48134e+04    8.23501e+04    3.08751e+03    2.44959e+04
     Coulomb-14        LJ (SR)  Disper. corr.   Coulomb (SR)   Coul. recip.
    2.45912e+05    1.60227e+05   -6.06895e+03   -2.28541e+06    7.57413e+03
      Potential    Kinetic En.   Total Energy  Conserved En.    Temperature
   -1.69359e+06    3.78719e+05   -1.31487e+06   -1.35809e+06    3.14473e+02
 Pres. DC (bar) Pressure (bar)   Constr. rmsd
   -1.45631e+02    1.05297e+02    3.60719e-06


DD  step 249999  vol min/aver 0.541  load imb.: force  1.1%
           Step           Time
         250000      500.00000

   Energies (kJ/mol)
           Bond          Angle    Proper Dih.  Improper Dih.          LJ-14
    1.97828e+04    5.49189e+04    8.23890e+04    3.07862e+03    2.42659e+04
     Coulomb-14        LJ (SR)  Disper. corr.   Coulomb (SR)   Coul. recip.
    2.45347e+05    1.61956e+05   -6.06633e+03   -2.28577e+06    7.71315e+03
      Potential    Kinetic En.   Total Energy  Conserved En.    Temperature
   -1.69238e+06    3.76723e+05   -1.31566e+06   -1.35825e+06    3.12816e+02
 Pres. DC (bar) Pressure (bar)   Constr. rmsd
   -1.45505e+02    1.51894e+02    3.75266e-06


DD  step 254999  vol min/aver 0.541  load imb.: force  1.6%
           Step           Time
         255000      510.00000

   Energies (kJ/mol)
           Bond          Angle    Proper Dih.  Improper Dih.          LJ-14
    2.00956e+04    5.48305e+04    8.23091e+04    3.19713e+03    2.39048e+04
     Coulomb-14        LJ (SR)  Disper. corr.   Coulomb (SR)   Coul. recip.
    2.45378e+05    1.62842e+05   -6.06969e+03   -2.28715e+06    7.46341e+03
      Potential    Kinetic En.   Total Energy  Conserved En.    Temperature
   -1.69320e+06    3.78572e+05   -1.31463e+06   -1.35804e+06    3.14352e+02
 Pres. DC (bar) Pressure (bar)   Constr. rmsd
   -1.45666e+02   -4.64708e+01    3.62546e-06


DD  load balancing is limited by minimum cell size in dimension X
DD  step 259999  vol min/aver 0.540! load imb.: force  1.6%
           Step           Time
         260000      520.00000

   Energies (kJ/mol)
           Bond          Angle    Proper Dih.  Improper Dih.          LJ-14
    1.98607e+04    5.49648e+04    8.26267e+04    3.15264e+03    2.43141e+04
     Coulomb-14        LJ (SR)  Disper. corr.   Coulomb (SR)   Coul. recip.
    2.45775e+05    1.59841e+05   -6.09163e+03   -2.28698e+06    7.57431e+03
      Potential    Kinetic En.   Total Energy  Conserved En.    Temperature
   -1.69497e+06    3.76041e+05   -1.31893e+06   -1.35811e+06    3.12250e+02
 Pres. DC (bar) Pressure (bar)   Constr. rmsd
   -1.46722e+02   -1.75926e+02    3.75336e-06


DD  load balancing is limited by minimum cell size in dimension X
DD  step 264999  vol min/aver 0.539! load imb.: force  9.5%
           Step           Time
         265000      530.00000

   Energies (kJ/mol)
           Bond          Angle    Proper Dih.  Improper Dih.          LJ-14
    1.97830e+04    5.51315e+04    8.28602e+04    3.10199e+03    2.43527e+04
     Coulomb-14        LJ (SR)  Disper. corr.   Coulomb (SR)   Coul. recip.
    2.45037e+05    1.59632e+05   -6.07187e+03   -2.28448e+06    7.42816e+03
      Potential    Kinetic En.   Total Energy  Conserved En.    Temperature
   -1.69323e+06    3.76576e+05   -1.31665e+06   -1.35791e+06    3.12694e+02
 Pres. DC (bar) Pressure (bar)   Constr. rmsd
   -1.45771e+02   -5.22319e+01    3.68431e-06

Writing checkpoint, step 269400 at Fri Aug  2 15:06:57 2024



DD  load balancing is limited by minimum cell size in dimension X
DD  step 269999  vol min/aver 0.539! load imb.: force  4.0%
           Step           Time
         270000      540.00000

   Energies (kJ/mol)
           Bond          Angle    Proper Dih.  Improper Dih.          LJ-14
    2.04962e+04    5.46219e+04    8.21144e+04    3.02168e+03    2.43656e+04
     Coulomb-14        LJ (SR)  Disper. corr.   Coulomb (SR)   Coul. recip.
    2.45872e+05    1.60355e+05   -6.06799e+03   -2.28510e+06    7.67795e+03
      Potential    Kinetic En.   Total Energy  Conserved En.    Temperature
   -1.69265e+06    3.76290e+05   -1.31636e+06   -1.35772e+06    3.12456e+02
 Pres. DC (bar) Pressure (bar)   Constr. rmsd
   -1.45585e+02   -7.96399e+01    3.55753e-06


DD  load balancing is limited by minimum cell size in dimension X
DD  step 274999  vol min/aver 0.539! load imb.: force  0.5%
           Step           Time
         275000      550.00000

   Energies (kJ/mol)
           Bond          Angle    Proper Dih.  Improper Dih.          LJ-14
    2.00421e+04    5.50750e+04    8.27476e+04    3.11195e+03    2.43509e+04
     Coulomb-14        LJ (SR)  Disper. corr.   Coulomb (SR)   Coul. recip.
    2.46059e+05    1.59759e+05   -6.07835e+03   -2.28627e+06    7.56852e+03
      Potential    Kinetic En.   Total Energy  Conserved En.    Temperature
   -1.69363e+06    3.76480e+05   -1.31715e+06   -1.35801e+06    3.12614e+02
 Pres. DC (bar) Pressure (bar)   Constr. rmsd
   -1.46083e+02   -4.44203e+01    3.68212e-06


DD  load balancing is limited by minimum cell size in dimension X
DD  step 279999  vol min/aver 0.539! load imb.: force  4.5%
           Step           Time
         280000      560.00000

   Energies (kJ/mol)
           Bond          Angle    Proper Dih.  Improper Dih.          LJ-14
    2.01635e+04    5.46344e+04    8.23971e+04    3.18344e+03    2.40985e+04
     Coulomb-14        LJ (SR)  Disper. corr.   Coulomb (SR)   Coul. recip.
    2.45402e+05    1.61182e+05   -6.06695e+03   -2.28769e+06    7.64476e+03
      Potential    Kinetic En.   Total Energy  Conserved En.    Temperature
   -1.69506e+06    3.76891e+05   -1.31817e+06   -1.35732e+06    3.12955e+02
 Pres. DC (bar) Pressure (bar)   Constr. rmsd
   -1.45535e+02   -3.53386e+01    3.56195e-06


DD  load balancing is limited by minimum cell size in dimension X
DD  step 284999  vol min/aver 0.539! load imb.: force  1.3%
           Step           Time
         285000      570.00000

   Energies (kJ/mol)
           Bond          Angle    Proper Dih.  Improper Dih.          LJ-14
    2.04489e+04    5.42018e+04    8.26368e+04    3.10448e+03    2.43029e+04
     Coulomb-14        LJ (SR)  Disper. corr.   Coulomb (SR)   Coul. recip.
    2.45191e+05    1.59110e+05   -6.07597e+03   -2.28606e+06    7.51403e+03
      Potential    Kinetic En.   Total Energy  Conserved En.    Temperature
   -1.69563e+06    3.76002e+05   -1.31962e+06   -1.35765e+06    3.12217e+02
 Pres. DC (bar) Pressure (bar)   Constr. rmsd
   -1.45968e+02   -1.46968e+02    3.60394e-06


DD  step 289999  vol min/aver 0.560  load imb.: force  1.0%
           Step           Time
         290000      580.00000

   Energies (kJ/mol)
           Bond          Angle    Proper Dih.  Improper Dih.          LJ-14
    1.99874e+04    5.46067e+04    8.25770e+04    3.12432e+03    2.45248e+04
     Coulomb-14        LJ (SR)  Disper. corr.   Coulomb (SR)   Coul. recip.
    2.45841e+05    1.61189e+05   -6.07190e+03   -2.28717e+06    7.61515e+03
      Potential    Kinetic En.   Total Energy  Conserved En.    Temperature
   -1.69378e+06    3.77062e+05   -1.31671e+06   -1.35740e+06    3.13098e+02
 Pres. DC (bar) Pressure (bar)   Constr. rmsd
   -1.45773e+02    5.51466e+01    3.83183e-06


DD  step 294999  vol min/aver 0.543  load imb.: force  7.6%
           Step           Time
         295000      590.00000

   Energies (kJ/mol)
           Bond          Angle    Proper Dih.  Improper Dih.          LJ-14
    1.95361e+04    5.50071e+04    8.20625e+04    3.03424e+03    2.43482e+04
     Coulomb-14        LJ (SR)  Disper. corr.   Coulomb (SR)   Coul. recip.
    2.45593e+05    1.59332e+05   -6.06776e+03   -2.28381e+06    7.63193e+03
      Potential    Kinetic En.   Total Energy  Conserved En.    Temperature
   -1.69333e+06    3.76784e+05   -1.31655e+06   -1.35750e+06    3.12866e+02
 Pres. DC (bar) Pressure (bar)   Constr. rmsd
   -1.45574e+02    7.22800e+01    3.63250e-06


DD  load balancing is limited by minimum cell size in dimension X
DD  step 299999  vol min/aver 0.539! load imb.: force  4.8%
           Step           Time
         300000      600.00000

   Energies (kJ/mol)
           Bond          Angle    Proper Dih.  Improper Dih.          LJ-14
    2.00818e+04    5.40508e+04    8.25047e+04    3.08631e+03    2.43709e+04
     Coulomb-14        LJ (SR)  Disper. corr.   Coulomb (SR)   Coul. recip.
    2.46118e+05    1.61380e+05   -6.07085e+03   -2.28789e+06    7.76400e+03
      Potential    Kinetic En.   Total Energy  Conserved En.    Temperature
   -1.69460e+06    3.78446e+05   -1.31616e+06   -1.35730e+06    3.14246e+02
 Pres. DC (bar) Pressure (bar)   Constr. rmsd
   -1.45722e+02    1.69263e+01    3.61378e-06

Writing checkpoint, step 302700 at Fri Aug  2 15:21:58 2024



DD  load balancing is limited by minimum cell size in dimension X
DD  step 304999  vol min/aver 0.539! load imb.: force  1.0%
           Step           Time
         305000      610.00000

   Energies (kJ/mol)
           Bond          Angle    Proper Dih.  Improper Dih.          LJ-14
    2.01345e+04    5.45621e+04    8.27592e+04    3.11892e+03    2.42615e+04
     Coulomb-14        LJ (SR)  Disper. corr.   Coulomb (SR)   Coul. recip.
    2.45700e+05    1.59351e+05   -6.07334e+03   -2.28454e+06    7.66120e+03
      Potential    Kinetic En.   Total Energy  Conserved En.    Temperature
   -1.69307e+06    3.79588e+05   -1.31348e+06   -1.35710e+06    3.15195e+02
 Pres. DC (bar) Pressure (bar)   Constr. rmsd
   -1.45842e+02   -9.43143e+01    3.68058e-06


DD  load balancing is limited by minimum cell size in dimension X
DD  step 309999  vol min/aver 0.539! load imb.: force  3.3%
           Step           Time
         310000      620.00000

   Energies (kJ/mol)
           Bond          Angle    Proper Dih.  Improper Dih.          LJ-14
    1.95518e+04    5.38754e+04    8.23294e+04    2.88328e+03    2.46746e+04
     Coulomb-14        LJ (SR)  Disper. corr.   Coulomb (SR)   Coul. recip.
    2.46433e+05    1.62113e+05   -6.06455e+03   -2.28722e+06    7.67198e+03
      Potential    Kinetic En.   Total Energy  Conserved En.    Temperature
   -1.69375e+06    3.79126e+05   -1.31463e+06   -1.35724e+06    3.14811e+02
 Pres. DC (bar) Pressure (bar)   Constr. rmsd
   -1.45420e+02    1.52372e+02    3.64247e-06


DD  load balancing is limited by minimum cell size in dimension X
DD  step 314999  vol min/aver 0.539! load imb.: force  1.7%
           Step           Time
         315000      630.00000

   Energies (kJ/mol)
           Bond          Angle    Proper Dih.  Improper Dih.          LJ-14
    2.00216e+04    5.38894e+04    8.27079e+04    3.09655e+03    2.42357e+04
     Coulomb-14        LJ (SR)  Disper. corr.   Coulomb (SR)   Coul. recip.
    2.45620e+05    1.59659e+05   -6.06940e+03   -2.28554e+06    7.51315e+03
      Potential    Kinetic En.   Total Energy  Conserved En.    Temperature
   -1.69487e+06    3.74824e+05   -1.32004e+06   -1.35746e+06    3.11239e+02
 Pres. DC (bar) Pressure (bar)   Constr. rmsd
   -1.45653e+02   -1.70872e+02    3.59467e-06


DD  step 319999  vol min/aver 0.546  load imb.: force  3.3%
           Step           Time
         320000      640.00000

   Energies (kJ/mol)
           Bond          Angle    Proper Dih.  Improper Dih.          LJ-14
    1.99503e+04    5.48090e+04    8.27252e+04    3.10123e+03    2.41274e+04
     Coulomb-14        LJ (SR)  Disper. corr.   Coulomb (SR)   Coul. recip.
    2.45352e+05    1.60738e+05   -6.07453e+03   -2.28670e+06    7.60190e+03
      Potential    Kinetic En.   Total Energy  Conserved En.    Temperature
   -1.69436e+06    3.77133e+05   -1.31723e+06   -1.35706e+06    3.13156e+02
 Pres. DC (bar) Pressure (bar)   Constr. rmsd
   -1.45899e+02   -1.00201e+02    3.76567e-06


DD  load balancing is limited by minimum cell size in dimension X
DD  step 324999  vol min/aver 0.540! load imb.: force  0.8%
           Step           Time
         325000      650.00000

   Energies (kJ/mol)
           Bond          Angle    Proper Dih.  Improper Dih.          LJ-14
    1.97594e+04    5.52485e+04    8.26510e+04    3.16369e+03    2.45864e+04
     Coulomb-14        LJ (SR)  Disper. corr.   Coulomb (SR)   Coul. recip.
    2.45384e+05    1.61195e+05   -6.08176e+03   -2.28647e+06    7.47051e+03
      Potential    Kinetic En.   Total Energy  Conserved En.    Temperature
   -1.69309e+06    3.77882e+05   -1.31521e+06   -1.35698e+06    3.13778e+02
 Pres. DC (bar) Pressure (bar)   Constr. rmsd
   -1.46246e+02    1.04779e+02    3.71403e-06


DD  load balancing is limited by minimum cell size in dimension X
DD  step 329999  vol min/aver 0.539! load imb.: force  0.8%
           Step           Time
         330000      660.00000

   Energies (kJ/mol)
           Bond          Angle    Proper Dih.  Improper Dih.          LJ-14
    1.98604e+04    5.45219e+04    8.22498e+04    2.95275e+03    2.43025e+04
     Coulomb-14        LJ (SR)  Disper. corr.   Coulomb (SR)   Coul. recip.
    2.45232e+05    1.62413e+05   -6.07271e+03   -2.28697e+06    7.73248e+03
      Potential    Kinetic En.   Total Energy  Conserved En.    Temperature
   -1.69378e+06    3.77109e+05   -1.31667e+06   -1.35667e+06    3.13137e+02
 Pres. DC (bar) Pressure (bar)   Constr. rmsd
   -1.45811e+02    7.78948e+01    3.71328e-06


DD  step 334999  vol min/aver 0.551  load imb.: force  1.0%
           Step           Time
         335000      670.00000

   Energies (kJ/mol)
           Bond          Angle    Proper Dih.  Improper Dih.          LJ-14
    2.00504e+04    5.46268e+04    8.24066e+04    3.08272e+03    2.44933e+04
     Coulomb-14        LJ (SR)  Disper. corr.   Coulomb (SR)   Coul. recip.
    2.45627e+05    1.61416e+05   -6.05872e+03   -2.28636e+06    7.71160e+03
      Potential    Kinetic En.   Total Energy  Conserved En.    Temperature
   -1.69301e+06    3.75449e+05   -1.31756e+06   -1.35675e+06    3.11758e+02
 Pres. DC (bar) Pressure (bar)   Constr. rmsd
   -1.45140e+02    5.90560e+01    3.60979e-06

Writing checkpoint, step 337300 at Fri Aug  2 15:36:58 2024



DD  load balancing is limited by minimum cell size in dimension X
DD  step 339999  vol min/aver 0.539! load imb.: force  1.2%
           Step           Time
         340000      680.00000

   Energies (kJ/mol)
           Bond          Angle    Proper Dih.  Improper Dih.          LJ-14
    2.01870e+04    5.54389e+04    8.26559e+04    3.01228e+03    2.40280e+04
     Coulomb-14        LJ (SR)  Disper. corr.   Coulomb (SR)   Coul. recip.
    2.44557e+05    1.61459e+05   -6.05941e+03   -2.28696e+06    7.68563e+03
      Potential    Kinetic En.   Total Energy  Conserved En.    Temperature
   -1.69399e+06    3.75221e+05   -1.31877e+06   -1.35629e+06    3.11569e+02
 Pres. DC (bar) Pressure (bar)   Constr. rmsd
   -1.45173e+02   -1.36649e+02    3.60371e-06


DD  load balancing is limited by minimum cell size in dimension X
DD  step 344999  vol min/aver 0.539! load imb.: force  1.2%
           Step           Time
         345000      690.00000

   Energies (kJ/mol)
           Bond          Angle    Proper Dih.  Improper Dih.          LJ-14
    1.98079e+04    5.42703e+04    8.21326e+04    3.00084e+03    2.41865e+04
     Coulomb-14        LJ (SR)  Disper. corr.   Coulomb (SR)   Coul. recip.
    2.45405e+05    1.61466e+05   -6.06520e+03   -2.28575e+06    7.63265e+03
      Potential    Kinetic En.   Total Energy  Conserved En.    Temperature
   -1.69391e+06    3.76720e+05   -1.31719e+06   -1.35597e+06    3.12814e+02
 Pres. DC (bar) Pressure (bar)   Constr. rmsd
   -1.45451e+02   -1.47383e+01    3.62505e-06


DD  load balancing is limited by minimum cell size in dimension X
DD  step 349999  vol min/aver 0.540! load imb.: force  4.8%
           Step           Time
         350000      700.00000

   Energies (kJ/mol)
           Bond          Angle    Proper Dih.  Improper Dih.          LJ-14
    2.00221e+04    5.48739e+04    8.25439e+04    3.26102e+03    2.44101e+04
     Coulomb-14        LJ (SR)  Disper. corr.   Coulomb (SR)   Coul. recip.
    2.45533e+05    1.59669e+05   -6.08675e+03   -2.28526e+06    7.62223e+03
      Potential    Kinetic En.   Total Energy  Conserved En.    Temperature
   -1.69341e+06    3.76264e+05   -1.31715e+06   -1.35593e+06    3.12435e+02
 Pres. DC (bar) Pressure (bar)   Constr. rmsd
   -1.46486e+02    1.20406e+01    3.67282e-06


DD  load balancing is limited by minimum cell size in dimension X
DD  step 354999  vol min/aver 0.539! load imb.: force  0.5%
           Step           Time
         355000      710.00000

   Energies (kJ/mol)
           Bond          Angle    Proper Dih.  Improper Dih.          LJ-14
    1.98410e+04    5.47385e+04    8.24675e+04    3.00584e+03    2.43145e+04
     Coulomb-14        LJ (SR)  Disper. corr.   Coulomb (SR)   Coul. recip.
    2.45668e+05    1.62495e+05   -6.07635e+03   -2.28689e+06    7.66255e+03
      Potential    Kinetic En.   Total Energy  Conserved En.    Temperature
   -1.69277e+06    3.78186e+05   -1.31458e+06   -1.35611e+06    3.14031e+02
 Pres. DC (bar) Pressure (bar)   Constr. rmsd
   -1.45986e+02    9.57935e+01    3.70143e-06


DD  step 359999  vol min/aver 0.543  load imb.: force  3.1%
           Step           Time
         360000      720.00000

   Energies (kJ/mol)
           Bond          Angle    Proper Dih.  Improper Dih.          LJ-14
    2.02054e+04    5.50012e+04    8.24331e+04    3.01995e+03    2.39274e+04
     Coulomb-14        LJ (SR)  Disper. corr.   Coulomb (SR)   Coul. recip.
    2.44870e+05    1.59521e+05   -6.07218e+03   -2.28232e+06    7.62997e+03
      Potential    Kinetic En.   Total Energy  Conserved En.    Temperature
   -1.69178e+06    3.76586e+05   -1.31519e+06   -1.35548e+06    3.12703e+02
 Pres. DC (bar) Pressure (bar)   Constr. rmsd
   -1.45786e+02   -1.01393e+02    3.63248e-06


DD  step 364999  vol min/aver 0.575  load imb.: force  2.3%
           Step           Time
         365000      730.00000

   Energies (kJ/mol)
           Bond          Angle    Proper Dih.  Improper Dih.          LJ-14
    1.99901e+04    5.47136e+04    8.24092e+04    2.97696e+03    2.44128e+04
     Coulomb-14        LJ (SR)  Disper. corr.   Coulomb (SR)   Coul. recip.
    2.45596e+05    1.58443e+05   -6.06523e+03   -2.28247e+06    7.58574e+03
      Potential    Kinetic En.   Total Energy  Conserved En.    Temperature
   -1.69240e+06    3.76195e+05   -1.31621e+06   -1.35541e+06    3.12378e+02
 Pres. DC (bar) Pressure (bar)   Constr. rmsd
   -1.45453e+02   -1.13577e+02    3.68089e-06


DD  step 369999  vol min/aver 0.544  load imb.: force  1.2%
           Step           Time
         370000      740.00000

   Energies (kJ/mol)
           Bond          Angle    Proper Dih.  Improper Dih.          LJ-14
    2.00787e+04    5.53842e+04    8.25748e+04    3.19013e+03    2.41526e+04
     Coulomb-14        LJ (SR)  Disper. corr.   Coulomb (SR)   Coul. recip.
    2.45468e+05    1.61768e+05   -6.07748e+03   -2.28700e+06    7.55658e+03
      Potential    Kinetic En.   Total Energy  Conserved En.    Temperature
   -1.69290e+06    3.78560e+05   -1.31434e+06   -1.35529e+06    3.14342e+02
 Pres. DC (bar) Pressure (bar)   Constr. rmsd
   -1.46041e+02    1.76155e+01    3.70893e-06

Writing checkpoint, step 372000 at Fri Aug  2 15:51:58 2024



DD  step 374999  vol min/aver 0.562  load imb.: force  0.5%
           Step           Time
         375000      750.00000

   Energies (kJ/mol)
           Bond          Angle    Proper Dih.  Improper Dih.          LJ-14
    2.00462e+04    5.44945e+04    8.24854e+04    2.96325e+03    2.42365e+04
     Coulomb-14        LJ (SR)  Disper. corr.   Coulomb (SR)   Coul. recip.
    2.45486e+05    1.61350e+05   -6.07422e+03   -2.28624e+06    7.76603e+03
      Potential    Kinetic En.   Total Energy  Conserved En.    Temperature
   -1.69348e+06    3.76845e+05   -1.31664e+06   -1.35531e+06    3.12918e+02
 Pres. DC (bar) Pressure (bar)   Constr. rmsd
   -1.45884e+02    5.42555e+00    3.64236e-06


DD  step 379999  vol min/aver 0.552  load imb.: force  0.6%
           Step           Time
         380000      760.00000

   Energies (kJ/mol)
           Bond          Angle    Proper Dih.  Improper Dih.          LJ-14
    1.95400e+04    5.44385e+04    8.28419e+04    3.20255e+03    2.45225e+04
     Coulomb-14        LJ (SR)  Disper. corr.   Coulomb (SR)   Coul. recip.
    2.45611e+05    1.63297e+05   -6.08432e+03   -2.28980e+06    7.56799e+03
      Potential    Kinetic En.   Total Energy  Conserved En.    Temperature
   -1.69486e+06    3.75747e+05   -1.31911e+06   -1.35519e+06    3.12006e+02
 Pres. DC (bar) Pressure (bar)   Constr. rmsd
   -1.46370e+02    2.03584e+02    3.60538e-06


DD  step 384999  vol min/aver 0.626  load imb.: force  0.6%
           Step           Time
         385000      770.00000

   Energies (kJ/mol)
           Bond          Angle    Proper Dih.  Improper Dih.          LJ-14
    2.03860e+04    5.44375e+04    8.22929e+04    3.06407e+03    2.43704e+04
     Coulomb-14        LJ (SR)  Disper. corr.   Coulomb (SR)   Coul. recip.
    2.45544e+05    1.61440e+05   -6.07014e+03   -2.28549e+06    7.56515e+03
      Potential    Kinetic En.   Total Energy  Conserved En.    Temperature
   -1.69246e+06    3.77812e+05   -1.31465e+06   -1.35498e+06    3.13720e+02
 Pres. DC (bar) Pressure (bar)   Constr. rmsd
   -1.45688e+02    4.03873e+01    3.77620e-06


DD  load balancing is limited by minimum cell size in dimension X
DD  step 389999  vol min/aver 0.539! load imb.: force  0.8%
           Step           Time
         390000      780.00000

   Energies (kJ/mol)
           Bond          Angle    Proper Dih.  Improper Dih.          LJ-14
    1.99804e+04    5.47135e+04    8.22405e+04    3.06025e+03    2.42549e+04
     Coulomb-14        LJ (SR)  Disper. corr.   Coulomb (SR)   Coul. recip.
    2.45609e+05    1.62112e+05   -6.07175e+03   -2.28767e+06    7.69527e+03
      Potential    Kinetic En.   Total Energy  Conserved En.    Temperature
   -1.69408e+06    3.76185e+05   -1.31789e+06   -1.35481e+06    3.12369e+02
 Pres. DC (bar) Pressure (bar)   Constr. rmsd
   -1.45766e+02    3.02639e+01    3.70379e-06


DD  step 394999  vol min/aver 0.541  load imb.: force  1.2%
           Step           Time
         395000      790.00000

   Energies (kJ/mol)
           Bond          Angle    Proper Dih.  Improper Dih.          LJ-14
    1.99560e+04    5.41267e+04    8.24651e+04    3.13899e+03    2.42322e+04
     Coulomb-14        LJ (SR)  Disper. corr.   Coulomb (SR)   Coul. recip.
    2.46199e+05    1.61904e+05   -6.07305e+03   -2.28795e+06    7.76164e+03
      Potential    Kinetic En.   Total Energy  Conserved En.    Temperature
   -1.69424e+06    3.77821e+05   -1.31642e+06   -1.35513e+06    3.13727e+02
 Pres. DC (bar) Pressure (bar)   Constr. rmsd
   -1.45828e+02   -5.55571e+01    3.62122e-06


DD  load balancing is limited by minimum cell size in dimension X
DD  step 399999  vol min/aver 0.540! load imb.: force  6.2%
           Step           Time
         400000      800.00000

   Energies (kJ/mol)
           Bond          Angle    Proper Dih.  Improper Dih.          LJ-14
    2.02368e+04    5.45329e+04    8.24523e+04    2.93191e+03    2.40713e+04
     Coulomb-14        LJ (SR)  Disper. corr.   Coulomb (SR)   Coul. recip.
    2.44866e+05    1.59153e+05   -6.08240e+03   -2.28387e+06    7.55808e+03
      Potential    Kinetic En.   Total Energy  Conserved En.    Temperature
   -1.69415e+06    3.75400e+05   -1.31875e+06   -1.35454e+06    3.11718e+02
 Pres. DC (bar) Pressure (bar)   Constr. rmsd
   -1.46277e+02   -2.05597e+02    3.72549e-06


DD  step 404999  vol min/aver 0.562  load imb.: force  1.4%
           Step           Time
         405000      810.00000

   Energies (kJ/mol)
           Bond          Angle    Proper Dih.  Improper Dih.          LJ-14
    1.99570e+04    5.50764e+04    8.24645e+04    3.04913e+03    2.41491e+04
     Coulomb-14        LJ (SR)  Disper. corr.   Coulomb (SR)   Coul. recip.
    2.45505e+05    1.59602e+05   -6.05771e+03   -2.28338e+06    7.62005e+03
      Potential    Kinetic En.   Total Energy  Conserved En.    Temperature
   -1.69202e+06    3.78317e+05   -1.31370e+06   -1.35471e+06    3.14140e+02
 Pres. DC (bar) Pressure (bar)   Constr. rmsd
   -1.45092e+02   -1.15124e+02    3.61926e-06


DD  step 409999  vol min/aver 0.540  load imb.: force  0.3%
           Step           Time
         410000      820.00000

   Energies (kJ/mol)
           Bond          Angle    Proper Dih.  Improper Dih.          LJ-14
    2.01612e+04    5.49870e+04    8.23142e+04    3.18746e+03    2.40985e+04
     Coulomb-14        LJ (SR)  Disper. corr.   Coulomb (SR)   Coul. recip.
    2.45793e+05    1.60385e+05   -6.09055e+03   -2.28623e+06    7.58849e+03
      Potential    Kinetic En.   Total Energy  Conserved En.    Temperature
   -1.69381e+06    3.77496e+05   -1.31631e+06   -1.35407e+06    3.13458e+02
 Pres. DC (bar) Pressure (bar)   Constr. rmsd
   -1.46669e+02   -7.87007e+01    3.61596e-06


DD  step 414999  vol min/aver 0.540  load imb.: force  1.5%
           Step           Time
         415000      830.00000

   Energies (kJ/mol)
           Bond          Angle    Proper Dih.  Improper Dih.          LJ-14
    1.99426e+04    5.46124e+04    8.25247e+04    3.14129e+03    2.44370e+04
     Coulomb-14        LJ (SR)  Disper. corr.   Coulomb (SR)   Coul. recip.
    2.45435e+05    1.62007e+05   -6.05847e+03   -2.28760e+06    7.78973e+03
      Potential    Kinetic En.   Total Energy  Conserved En.    Temperature
   -1.69377e+06    3.77705e+05   -1.31606e+06   -1.35414e+06    3.13631e+02
 Pres. DC (bar) Pressure (bar)   Constr. rmsd
   -1.45128e+02    6.13836e+01    3.62139e-06

Writing checkpoint, step 416000 at Fri Aug  2 16:06:57 2024



DD  step 419999  vol min/aver 0.549  load imb.: force  0.4%
           Step           Time
         420000      840.00000

   Energies (kJ/mol)
           Bond          Angle    Proper Dih.  Improper Dih.          LJ-14
    2.01726e+04    5.47967e+04    8.22667e+04    3.10610e+03    2.41615e+04
     Coulomb-14        LJ (SR)  Disper. corr.   Coulomb (SR)   Coul. recip.
    2.45202e+05    1.61590e+05   -6.07496e+03   -2.28826e+06    7.61279e+03
      Potential    Kinetic En.   Total Energy  Conserved En.    Temperature
   -1.69543e+06    3.76733e+05   -1.31869e+06   -1.35335e+06    3.12824e+02
 Pres. DC (bar) Pressure (bar)   Constr. rmsd
   -1.45919e+02    9.83315e+00    3.64694e-06



Received the remote second INT/TERM signal, stopping within 3 steps

           Step           Time
         420851      841.70200

Writing checkpoint, step 420851 at Fri Aug  2 16:08:49 2024


   Energies (kJ/mol)
           Bond          Angle    Proper Dih.  Improper Dih.          LJ-14
    2.03107e+04    5.50539e+04    8.24071e+04    3.03451e+03    2.41288e+04
     Coulomb-14        LJ (SR)  Disper. corr.   Coulomb (SR)   Coul. recip.
    2.45613e+05    1.61265e+05   -6.06618e+03   -2.28748e+06    7.65542e+03
      Potential    Kinetic En.   Total Energy  Conserved En.    Temperature
   -1.69408e+06    3.77871e+05   -1.31620e+06   -1.35318e+06    3.13769e+02
 Pres. DC (bar) Pressure (bar)   Constr. rmsd
   -1.45498e+02   -7.44977e+01    3.67851e-06


	<======  ###############  ==>
	<====  A V E R A G E S  ====>
	<==  ###############  ======>

	Statistics over 420852 steps using 4209 frames

   Energies (kJ/mol)
           Bond          Angle    Proper Dih.  Improper Dih.          LJ-14
    1.99624e+04    5.47234e+04    8.24671e+04    3.08671e+03    2.42962e+04
     Coulomb-14        LJ (SR)  Disper. corr.   Coulomb (SR)   Coul. recip.
    2.45381e+05    1.61014e+05   -6.07469e+03   -2.28636e+06    7.58733e+03
      Potential    Kinetic En.   Total Energy  Conserved En.    Temperature
   -1.69391e+06    3.76929e+05   -1.31698e+06   -1.35850e+06    3.12987e+02
 Pres. DC (bar) Pressure (bar)   Constr. rmsd
   -1.45907e+02    6.85210e-01    0.00000e+00

          Box-X          Box-Y          Box-Z
    1.21558e+01    1.14606e+01    9.92517e+00

   Total Virial (kJ/mol)
    1.25903e+05    2.48179e+01   -1.99144e+01
    4.31965e+01    1.25444e+05    4.70239e+01
   -2.65383e+01    8.23496e+01    1.25502e+05

   Pressure (bar)
    1.77095e+00    5.39966e-02   -2.90740e+00
   -3.88177e-01    1.64906e-01    6.28158e-01
   -2.74837e+00   -2.20796e-01    1.19778e-01

  T-Protein_MOLT-Water_and_ions
    3.12936e+02    3.13001e+02


	M E G A - F L O P S   A C C O U N T I N G

 NB=Group-cutoff nonbonded kernels    NxN=N-by-N cluster Verlet kernels
 RF=Reaction-Field  VdW=Van der Waals  QSTab=quadratic-spline table
 W3=SPC/TIP3p  W4=TIP4p (single or pairs)
 V&F=Potential and force  V=Potential only  F=Force only

 Computing:                               M-Number         M-Flops  % Flops
-----------------------------------------------------------------------------
 Pair Search distance check           98509.719552      886587.476     0.0
 NxN Ewald Elec. + LJ [F]          75966050.977088  5013759364.488    94.7
 NxN Ewald Elec. + LJ [V&F]          767606.243264    82133868.029     1.6
 Calc Weights                        175005.412272     6300194.842     0.1
 Spread Q Bspline                   3733448.795136     7466897.590     0.1
 Gather F Bspline                   3733448.795136    22400692.771     0.4
 3D-FFT                            19028853.500696   152230828.006     2.9
 Solve PME                             4551.452032      291292.930     0.0
 Reset In Box                           583.279296        1749.838     0.0
 CG-CoM                                 583.417908        1750.254     0.0
 Virial                                2920.738848       52573.299     0.0
 Stop-CM                                583.417908        5834.179     0.0
 Calc-Ekin                            58335.276036     1575052.453     0.0
 Lincs                                 5419.556848      325173.411     0.0
 Lincs-Mat                            29103.363648      116413.455     0.0
 Constraint-V                         60338.626352      482709.011     0.0
 Constraint-Vir                        2746.136143       65907.267     0.0
 Settle                               16499.837552     5329447.529     0.1
-----------------------------------------------------------------------------
 Total                                              5293426336.827   100.0
-----------------------------------------------------------------------------


    D O M A I N   D E C O M P O S I T I O N   S T A T I S T I C S

 av. #atoms communicated per step for force:  2 x 74483.8
 av. #atoms communicated per step for LINCS:  2 x 4603.0


Dynamic load balancing report:
 DLB was turned on during the run due to measured imbalance.
 Average load imbalance: 3.4%.
 The balanceable part of the MD step is 51%, load imbalance is computed from this.
 Part of the total run time spent waiting due to load imbalance: 1.8%.
 Steps where the load balancing was limited by -rdd, -rcon and/or -dds: X 0 %


     R E A L   C Y C L E   A N D   T I M E   A C C O U N T I N G

On 4 MPI ranks, each using 5 OpenMP threads

 Computing:          Num   Num      Call    Wall time         Giga-Cycles
                     Ranks Threads  Count      (s)         total sum    %
-----------------------------------------------------------------------------
 Domain decomp.         4    5       4208     125.638       5528.023   1.2
 DD comm. load          4    5       4014       4.557        200.490   0.0
 DD comm. bounds        4    5       4009       3.805        167.428   0.0
 Neighbor search        4    5       4209      47.566       2092.907   0.4
 Launch GPU ops.        4    5     841704      45.640       2008.149   0.4
 Comm. coord.           4    5     416643     420.456      18499.975   3.9
 Force                  4    5     420852      41.780       1838.306   0.4
 Wait + Comm. F         4    5     420852     318.611      14018.812   2.9
 PME mesh               4    5     420852    6888.635     303098.402  63.1
 Wait Bonded GPU        4    5       4210       0.006          0.255   0.0
 Wait GPU NB nonloc.    4    5     420852       4.484        197.297   0.0
 Wait GPU NB local      4    5     420852       1.190         52.375   0.0
 NB X/F buffer ops.     4    5    1674990     355.502      15642.011   3.3
 COM pull force         4    5     420852    1062.365      46743.815   9.7
 Write traj.            4    5         98       1.096         48.207   0.0
 Update                 4    5     420852     149.314       6569.769   1.4
 Constraints            4    5     420852     673.368      29628.045   6.2
 Comm. energies         4    5     210427     494.370      21752.161   4.5
 Rest                                         273.719      12043.582   2.5
-----------------------------------------------------------------------------
 Total                                      10912.101     480130.008 100.0
-----------------------------------------------------------------------------
 Breakdown of PME mesh computation
-----------------------------------------------------------------------------
 PME redist. X/F        4    5     841704    2214.324      97429.756  20.3
 PME spread             4    5     420852    1121.671      49353.273  10.3
 PME gather             4    5     420852    1047.575      46093.064   9.6
 PME 3D-FFT             4    5     841704    1200.135      52805.677  11.0
 PME 3D-FFT Comm.       4    5     841704    1228.952      54073.613  11.3
 PME solve Elec         4    5     420852      72.618       3195.156   0.7
-----------------------------------------------------------------------------

               Core t (s)   Wall t (s)        (%)
       Time:   218241.987    10912.101     2000.0
                         3h01:52
                 (ns/day)    (hour/ns)
Performance:        6.664        3.601
Finished mdrun on rank 0 Fri Aug  2 16:08:49 2024

