               :-) GROMACS - gmx mdrun, 2020.5-dev-UNCHECKED (-:

                            GROMACS is written by:
     Emile Apol      Rossen Apostolov      Paul Bauer     Herman J.C. Berendsen
    Par Bjelkmar      Christian Blau   Viacheslav Bolnykh     Kevin Boyd    
 Aldert van Buuren   Rudi van Drunen     Anton Feenstra       Alan Gray     
  Gerrit Groenhof     Anca Hamuraru    Vincent Hindriksen  M. Eric Irrgang  
  Aleksei Iupinov   Christoph Junghans     Joe Jordan     Dimitrios Karkoulis
    Peter Kasson        Jiri Kraus      Carsten Kutzner      Per Larsson    
  Justin A. Lemkul    Viveca Lindahl    Magnus Lundborg     Erik Marklund   
    Pascal Merz     Pieter Meulenhoff    Teemu Murtola       Szilard Pall   
    Sander Pronk      Roland Schulz      Michael Shirts    Alexey Shvetsov  
   Alfons Sijbers     Peter Tieleman      Jon Vincent      Teemu Virolainen 
 Christian Wennberg    Maarten Wolf      Artem Zhmurov   
                           and the project leaders:
        Mark Abraham, Berk Hess, Erik Lindahl, and David van der Spoel

Copyright (c) 1991-2000, University of Groningen, The Netherlands.
Copyright (c) 2001-2019, The GROMACS development team at
Uppsala University, Stockholm University and
the Royal Institute of Technology, Sweden.
check out http://www.gromacs.org for more information.

GROMACS is free software; you can redistribute it and/or modify it
under the terms of the GNU Lesser General Public License
as published by the Free Software Foundation; either version 2.1
of the License, or (at your option) any later version.

GROMACS:      gmx mdrun, version 2020.5-dev-UNCHECKED
Executable:   /afs/math/software/gromacs/ramd-2.0/@sys/@sys/bin/gmx
Data prefix:  /afs/math/software/gromacs/ramd-2.0/@sys/@sys
Working dir:  /net/beegfs/talagayev/gromacs/7crf/GROMACS/4/4_16
Process ID:   22072
Command line:
  gmx mdrun -s 7crf_4_Rep16_tauramd_run.tpr -c confout_4_16_Rep_tauramd.gro -x confout_4_16_Rep_tauramd.xtc -g 2nd_tauramd.log -maxh 160

GROMACS version:    2020.5-dev-UNCHECKED
The source code this program was compiled from has not been verified because the reference checksum was missing during compilation. This means you have an incomplete GROMACS distribution, please make sure to download an intact source distribution and compile that before proceeding.
Computed checksum: NoChecksumFile
Precision:          single
Memory model:       64 bit
MPI library:        thread_mpi
OpenMP support:     enabled (GMX_OPENMP_MAX_THREADS = 64)
GPU support:        CUDA
SIMD instructions:  AVX2_128
FFT library:        fftw-3.3.5-sse2-avx
RDTSCP usage:       enabled
TNG support:        enabled
Hwloc support:      hwloc-2.1.0
Tracing support:    disabled
C compiler:         /usr/bin/clang Clang 12.0.1
C compiler flags:   -mavx2 -mfma -Wall -Wno-unused -Wunused-value -Wunused-parameter -O3 -DNDEBUG
C++ compiler:       /usr/bin/clang++ Clang 12.0.1
C++ compiler flags: -mavx2 -mfma -Wall -Wextra -Wno-missing-field-initializers -Wpointer-arith -Wmissing-prototypes -Wdeprecated -Wno-unused-function -fopenmp=libomp -O3 -DNDEBUG
CUDA compiler:      /afs/math/software/nvidia/cuda/11.6.1/bin/nvcc nvcc: NVIDIA (R) Cuda compiler driver;Copyright (c) 2005-2022 NVIDIA Corporation;Built on Thu_Feb_10_18:23:41_PST_2022;Cuda compilation tools, release 11.6, V11.6.112;Build cuda_11.6.r11.6/compiler.30978841_0
CUDA compiler flags:-gencode;arch=compute_35,code=sm_35;-gencode;arch=compute_37,code=sm_37;-gencode;arch=compute_50,code=sm_50;-gencode;arch=compute_52,code=sm_52;-gencode;arch=compute_60,code=sm_60;-gencode;arch=compute_61,code=sm_61;-gencode;arch=compute_70,code=sm_70;-Wno-deprecated-gpu-targets;-gencode;arch=compute_35,code=compute_35;-gencode;arch=compute_50,code=compute_50;-gencode;arch=compute_52,code=compute_52;-gencode;arch=compute_60,code=compute_60;-gencode;arch=compute_61,code=compute_61;-gencode;arch=compute_70,code=compute_70;-gencode;arch=compute_75,code=compute_75;-gencode;arch=compute_80,code=compute_80;-use_fast_math;-D_FORCE_INLINES;-mavx2 -mfma -Wall -Wextra -Wno-missing-field-initializers -Wpointer-arith -Wmissing-prototypes -Wdeprecated -Wno-unused-function -fopenmp=libomp -O3 -DNDEBUG
CUDA driver:        12.50
CUDA runtime:       11.60


Running on 1 node with total 20 cores, 20 logical cores, 2 compatible GPUs
Hardware detected:
  CPU info:
    Vendor: Intel
    Brand:  Intel(R) Xeon(R) CPU E5-2630 v4 @ 2.20GHz
    Family: 6   Model: 79   Stepping: 1
    Features: aes apic avx avx2 clfsh cmov cx8 cx16 f16c fma hle htt intel lahf mmx msr nonstop_tsc pcid pclmuldq pdcm pdpe1gb popcnt pse rdrnd rdtscp rtm sse2 sse3 sse4.1 sse4.2 ssse3 tdt x2apic
  Hardware topology: Only logical processor count
  GPU info:
    Number of GPUs detected: 2
    #0: NVIDIA NVIDIA GeForce GTX 1080, compute cap.: 6.1, ECC:  no, stat: compatible
    #1: NVIDIA NVIDIA GeForce GTX 1080, compute cap.: 6.1, ECC:  no, stat: compatible

Highest SIMD level requested by all nodes in run: AVX2_256
SIMD instructions selected at compile time:       AVX2_128
Compiled SIMD newer than requested; program might crash.

++++ PLEASE READ AND CITE THE FOLLOWING REFERENCE ++++
M. J. Abraham, T. Murtola, R. Schulz, S. Páll, J. C. Smith, B. Hess, E.
Lindahl
GROMACS: High performance molecular simulations through multi-level
parallelism from laptops to supercomputers
SoftwareX 1 (2015) pp. 19-25
-------- -------- --- Thank You --- -------- --------


++++ PLEASE READ AND CITE THE FOLLOWING REFERENCE ++++
S. Páll, M. J. Abraham, C. Kutzner, B. Hess, E. Lindahl
Tackling Exascale Software Challenges in Molecular Dynamics Simulations with
GROMACS
In S. Markidis & E. Laure (Eds.), Solving Software Challenges for Exascale 8759 (2015) pp. 3-27
-------- -------- --- Thank You --- -------- --------


++++ PLEASE READ AND CITE THE FOLLOWING REFERENCE ++++
S. Pronk, S. Páll, R. Schulz, P. Larsson, P. Bjelkmar, R. Apostolov, M. R.
Shirts, J. C. Smith, P. M. Kasson, D. van der Spoel, B. Hess, and E. Lindahl
GROMACS 4.5: a high-throughput and highly parallel open source molecular
simulation toolkit
Bioinformatics 29 (2013) pp. 845-54
-------- -------- --- Thank You --- -------- --------


++++ PLEASE READ AND CITE THE FOLLOWING REFERENCE ++++
B. Hess and C. Kutzner and D. van der Spoel and E. Lindahl
GROMACS 4: Algorithms for highly efficient, load-balanced, and scalable
molecular simulation
J. Chem. Theory Comput. 4 (2008) pp. 435-447
-------- -------- --- Thank You --- -------- --------


++++ PLEASE READ AND CITE THE FOLLOWING REFERENCE ++++
D. van der Spoel, E. Lindahl, B. Hess, G. Groenhof, A. E. Mark and H. J. C.
Berendsen
GROMACS: Fast, Flexible and Free
J. Comp. Chem. 26 (2005) pp. 1701-1719
-------- -------- --- Thank You --- -------- --------


++++ PLEASE READ AND CITE THE FOLLOWING REFERENCE ++++
E. Lindahl and B. Hess and D. van der Spoel
GROMACS 3.0: A package for molecular simulation and trajectory analysis
J. Mol. Mod. 7 (2001) pp. 306-317
-------- -------- --- Thank You --- -------- --------


++++ PLEASE READ AND CITE THE FOLLOWING REFERENCE ++++
H. J. C. Berendsen, D. van der Spoel and R. van Drunen
GROMACS: A message-passing parallel molecular dynamics implementation
Comp. Phys. Comm. 91 (1995) pp. 43-56
-------- -------- --- Thank You --- -------- --------


++++ PLEASE CITE THE DOI FOR THIS VERSION OF GROMACS ++++
https://doi.org/10.5281/zenodo.4420785
-------- -------- --- Thank You --- -------- --------

Input Parameters:
   integrator                     = md
   tinit                          = 0
   dt                             = 0.002
   nsteps                         = 50000000
   init-step                      = 0
   simulation-part                = 1
   comm-mode                      = Linear
   nstcomm                        = 100
   bd-fric                        = 0
   ld-seed                        = -9453573
   emtol                          = 10
   emstep                         = 0.01
   niter                          = 20
   fcstep                         = 0
   nstcgsteep                     = 1000
   nbfgscorr                      = 10
   rtpi                           = 0.05
   nstxout                        = 0
   nstvout                        = 0
   nstfout                        = 0
   nstlog                         = 5000
   nstcalcenergy                  = 100
   nstenergy                      = 5000
   nstxout-compressed             = 5000
   compressed-x-precision         = 1000
   cutoff-scheme                  = Verlet
   nstlist                        = 20
   pbc                            = xyz
   periodic-molecules             = false
   verlet-buffer-tolerance        = 0.005
   rlist                          = 1.219
   coulombtype                    = PME
   coulomb-modifier               = Potential-shift
   rcoulomb-switch                = 0
   rcoulomb                       = 1.2
   epsilon-r                      = 1
   epsilon-rf                     = inf
   vdw-type                       = Cut-off
   vdw-modifier                   = None
   rvdw-switch                    = 0
   rvdw                           = 1.2
   DispCorr                       = EnerPres
   table-extension                = 1
   fourierspacing                 = 0.12
   fourier-nx                     = 104
   fourier-ny                     = 104
   fourier-nz                     = 104
   pme-order                      = 4
   ewald-rtol                     = 1e-05
   ewald-rtol-lj                  = 1e-05
   lj-pme-comb-rule               = Geometric
   ewald-geometry                 = 0
   epsilon-surface                = 0
   tcoupl                         = Nose-Hoover
   nsttcouple                     = 2
   nh-chain-length                = 1
   print-nose-hoover-chain-variables = false
   pcoupl                         = Parrinello-Rahman
   pcoupltype                     = Isotropic
   nstpcouple                     = 20
   tau-p                          = 5
   compressibility (3x3):
      compressibility[    0]={ 4.50000e-05,  0.00000e+00,  0.00000e+00}
      compressibility[    1]={ 0.00000e+00,  4.50000e-05,  0.00000e+00}
      compressibility[    2]={ 0.00000e+00,  0.00000e+00,  4.50000e-05}
   ref-p (3x3):
      ref-p[    0]={ 1.00000e+00,  0.00000e+00,  0.00000e+00}
      ref-p[    1]={ 0.00000e+00,  1.00000e+00,  0.00000e+00}
      ref-p[    2]={ 0.00000e+00,  0.00000e+00,  1.00000e+00}
   refcoord-scaling               = COM
   posres-com (3):
      posres-com[0]= 0.00000e+00
      posres-com[1]= 0.00000e+00
      posres-com[2]= 0.00000e+00
   posres-comB (3):
      posres-comB[0]= 0.00000e+00
      posres-comB[1]= 0.00000e+00
      posres-comB[2]= 0.00000e+00
   QMMM                           = false
   QMconstraints                  = 0
   QMMMscheme                     = 0
   MMChargeScaleFactor            = 1
qm-opts:
   ngQM                           = 0
   constraint-algorithm           = Lincs
   continuation                   = true
   Shake-SOR                      = false
   shake-tol                      = 0.0001
   lincs-order                    = 4
   lincs-iter                     = 1
   lincs-warnangle                = 60
   nwall                          = 0
   wall-type                      = 9-3
   wall-r-linpot                  = -1
   wall-atomtype[0]               = -1
   wall-atomtype[1]               = -1
   wall-density[0]                = 0
   wall-density[1]                = 0
   wall-ewald-zfac                = 3
   pull                           = false
   pull-cylinder-r                = 1.5
   pull-constr-tol                = 1e-06
   pull-print-COM                 = false
   pull-print-ref-value           = false
   pull-print-components          = false
   pull-nstxout                   = 10
   pull-nstfout                   = 10
   pull-pbc-ref-prev-step-com     = true
   pull-xout-average              = false
   pull-fout-average              = false
   pull-ngroups                   = 3
   pull-group 0:
     atom: not available
     weight: not available
     pbcatom                        = -1
   pull-group 1:
     atom (24788):
        atom[0,...,24787] = {0,...,24787}
     weight: not available
     pbcatom                        = 17439
   pull-group 2:
     atom (42):
        atom[0,...,41] = {24788,...,24829}
     weight: not available
     pbcatom                        = 24808
   pull-ncoords                   = 3
   pull-coord 0:
   type                           = external-potential
   potential-provider             = RAMD
   geometry                       = direction
   group[0]                       = 1
   group[1]                       = 2
   dim (3):
      dim[0]=1
      dim[1]=1
      dim[2]=1
   origin (3):
      origin[0]= 0.00000e+00
      origin[1]= 0.00000e+00
      origin[2]= 0.00000e+00
   vec (3):
      vec[0]= 1.00000e+00
      vec[1]= 0.00000e+00
      vec[2]= 0.00000e+00
   start                          = false
   init                           = 0
   rate                           = 0
   k                              = 0
   kB                             = 0
   pull-coord 1:
   type                           = external-potential
   potential-provider             = RAMD
   geometry                       = direction
   group[0]                       = 1
   group[1]                       = 2
   dim (3):
      dim[0]=1
      dim[1]=1
      dim[2]=1
   origin (3):
      origin[0]= 0.00000e+00
      origin[1]= 0.00000e+00
      origin[2]= 0.00000e+00
   vec (3):
      vec[0]= 0.00000e+00
      vec[1]= 1.00000e+00
      vec[2]= 0.00000e+00
   start                          = false
   init                           = 0
   rate                           = 0
   k                              = 0
   kB                             = 0
   pull-coord 2:
   type                           = external-potential
   potential-provider             = RAMD
   geometry                       = direction
   group[0]                       = 1
   group[1]                       = 2
   dim (3):
      dim[0]=1
      dim[1]=1
      dim[2]=1
   origin (3):
      origin[0]= 0.00000e+00
      origin[1]= 0.00000e+00
      origin[2]= 0.00000e+00
   vec (3):
      vec[0]= 0.00000e+00
      vec[1]= 0.00000e+00
      vec[2]= 1.00000e+00
   start                          = false
   init                           = 0
   rate                           = 0
   k                              = 0
   kB                             = 0
   ramd                           = true
   ramd-seed                      = 9856
   ramd-ngroups                   = 1
   ramd-group 0:
     force                          = 294
     max_dist                       = 6
     r_min_dist                     = 0.0025
   ramd-eval-freq                 = 50
   ramd-force-out-freq            = 10
   ramd-old-angle-dist            = false
   awh                            = false
   rotation                       = false
   interactiveMD                  = false
   disre                          = No
   disre-weighting                = Conservative
   disre-mixed                    = false
   dr-fc                          = 1000
   dr-tau                         = 0
   nstdisreout                    = 100
   orire-fc                       = 0
   orire-tau                      = 0
   nstorireout                    = 100
   free-energy                    = no
   cos-acceleration               = 0
   deform (3x3):
      deform[    0]={ 0.00000e+00,  0.00000e+00,  0.00000e+00}
      deform[    1]={ 0.00000e+00,  0.00000e+00,  0.00000e+00}
      deform[    2]={ 0.00000e+00,  0.00000e+00,  0.00000e+00}
   simulated-tempering            = false
   swapcoords                     = no
   userint1                       = 0
   userint2                       = 0
   userint3                       = 0
   userint4                       = 0
   userreal1                      = 0
   userreal2                      = 0
   userreal3                      = 0
   userreal4                      = 0
   applied-forces:
     electric-field:
       x:
         E0                       = 0
         omega                    = 0
         t0                       = 0
         sigma                    = 0
       y:
         E0                       = 0
         omega                    = 0
         t0                       = 0
         sigma                    = 0
       z:
         E0                       = 0
         omega                    = 0
         t0                       = 0
         sigma                    = 0
     density-guided-simulation:
       active                     = false
       group                      = protein
       similarity-measure         = inner-product
       atom-spreading-weight      = unity
       force-constant             = 1e+09
       gaussian-transform-spreading-width = 0.2
       gaussian-transform-spreading-range-in-multiples-of-width = 4
       reference-density-filename = reference.mrc
       nst                        = 1
       normalize-densities        = true
       adaptive-force-scaling     = false
       adaptive-force-scaling-time-constant = 4
grpopts:
   nrdf:       62068      227619
   ref-t:         313         313
   tau-t:         0.1         0.1
annealing:          No          No
annealing-npoints:           0           0
   acc:	           0           0           0
   nfreeze:           N           N           N
   energygrp-flags[  0]: 0

Changing nstlist from 20 to 100, rlist from 1.219 to 1.338


Initializing Domain Decomposition on 4 ranks
Dynamic load balancing: auto
Minimum cell size due to atom displacement: 0.784 nm
Initial maximum distances in bonded interactions:
    two-body bonded interactions: 0.456 nm, LJ-14, atoms 3594 3779
  multi-body bonded interactions: 0.456 nm, Proper Dih., atoms 3594 3779
Minimum cell size due to bonded interactions: 0.501 nm
Maximum distance for 5 constraints, at 120 deg. angles, all-trans: 0.219 nm
Estimated maximum distance required for P-LINCS: 0.219 nm
Scaling the initial minimum size with 1/0.8 (option -dds) = 1.25
Using 0 separate PME ranks
Optimizing the DD grid for 4 cells with a minimum initial size of 0.980 nm
The maximum allowed number of cells is: X 10 Y 10 Z 10
Domain decomposition grid 4 x 1 x 1, separate PME ranks 0
PME domain decomposition: 4 x 1 x 1
Domain decomposition rank 0, coordinates 0 0 0

The initial number of communication pulses is: X 1
The initial domain decomposition cell size is: X 2.47 nm

The maximum allowed distance for atoms involved in interactions is:
                 non-bonded interactions           1.338 nm
(the following are initial values, they could change due to box deformation)
            two-body bonded interactions  (-rdd)   1.338 nm
          multi-body bonded interactions  (-rdd)   1.338 nm
  atoms separated by up to 5 constraints  (-rcon)  2.474 nm

When dynamic load balancing gets turned on, these settings will change to:
The maximum number of communication pulses is: X 1
The minimum size for domain decomposition cells is 1.338 nm
The requested allowed shrink of DD cells (option -dds) is: 0.80
The allowed shrink of domain decomposition cells is: X 0.54
The maximum allowed distance for atoms involved in interactions is:
                 non-bonded interactions           1.338 nm
            two-body bonded interactions  (-rdd)   1.338 nm
          multi-body bonded interactions  (-rdd)   1.338 nm
  atoms separated by up to 5 constraints  (-rcon)  1.338 nm

On host node560 2 GPUs selected for this run.
Mapping of GPU IDs to the 4 GPU tasks in the 4 ranks on this node:
  PP:0,PP:0,PP:1,PP:1
PP tasks will do (non-perturbed) short-ranged and most bonded interactions on the GPU
PP task will update and constrain coordinates on the CPU
Using 4 MPI threads

Non-default thread affinity set, disabling internal thread affinity

Using 5 OpenMP threads per tMPI thread

System total charge: 0.000
Will do PME sum in reciprocal space for electrostatic interactions.

++++ PLEASE READ AND CITE THE FOLLOWING REFERENCE ++++
U. Essmann, L. Perera, M. L. Berkowitz, T. Darden, H. Lee and L. G. Pedersen 
A smooth particle mesh Ewald method
J. Chem. Phys. 103 (1995) pp. 8577-8592
-------- -------- --- Thank You --- -------- --------

Using a Gaussian width (1/beta) of 0.384195 nm for Ewald
Potential shift: LJ r^-12: 0.000e+00 r^-6: 0.000e+00, Ewald -8.333e-06
Initialized non-bonded Ewald tables, spacing: 1.02e-03 size: 1176

Generated table with 1169 data points for 1-4 COUL.
Tabscale = 500 points/nm
Generated table with 1169 data points for 1-4 LJ6.
Tabscale = 500 points/nm
Generated table with 1169 data points for 1-4 LJ12.
Tabscale = 500 points/nm

Using GPU 8x8 nonbonded short-range kernels

Using a dual 8x8 pair-list setup updated with dynamic, rolling pruning:
  outer list: updated every 100 steps, buffer 0.138 nm, rlist 1.338 nm
  inner list: updated every  12 steps, buffer 0.001 nm, rlist 1.201 nm
At tolerance 0.005 kJ/mol/ps per atom, equivalent classical 1x1 list would be:
  outer list: updated every 100 steps, buffer 0.293 nm, rlist 1.493 nm
  inner list: updated every  12 steps, buffer 0.052 nm, rlist 1.252 nm

Using Lorentz-Berthelot Lennard-Jones combination rule

Long Range LJ corr.: <C6> 3.6069e-04


Will apply potential COM pulling
with 3 pull coordinates and 2 groups
Pull group 1: 24788 atoms, mass 175617.697
Pull group 2:    42 atoms, mass   400.248

Initializing Parallel LINear Constraint Solver

++++ PLEASE READ AND CITE THE FOLLOWING REFERENCE ++++
B. Hess
P-LINCS: A Parallel Linear Constraint Solver for molecular simulation
J. Chem. Theory Comput. 4 (2008) pp. 116-122
-------- -------- --- Thank You --- -------- --------

The number of constraints is 12419
There are constraints between atoms in different decomposition domains,
will communicate selected coordinates each lincs iteration

++++ PLEASE READ AND CITE THE FOLLOWING REFERENCE ++++
S. Miyamoto and P. A. Kollman
SETTLE: An Analytical Version of the SHAKE and RATTLE Algorithms for Rigid
Water Models
J. Comp. Chem. 13 (1992) pp. 952-962
-------- -------- --- Thank You --- -------- --------


Linking all bonded interactions to atoms

Intra-simulation communication will occur every 2 steps.
There are: 138612 Atoms
Atom distribution over 4 domains: av 34653 stddev 475 min 34017 max 35159

NOTE: DLB will not turn on during the first phase of PME tuning
Center of mass motion removal mode is Linear
We have the following groups for center of mass motion removal:
  0:  Protein_MOL

Started mdrun on rank 0 Fri Jul 26 20:25:14 2024

           Step           Time
              0        0.00000

   Energies (kJ/mol)
           Bond          Angle    Proper Dih.  Improper Dih.          LJ-14
    1.95299e+04    5.29313e+04    8.14607e+04    2.89177e+03    2.41936e+04
     Coulomb-14        LJ (SR)  Disper. corr.   Coulomb (SR)   Coul. recip.
    2.45547e+05    1.70206e+05   -6.12788e+03   -2.32271e+06    7.37715e+03
      Potential    Kinetic En.   Total Energy  Conserved En.    Temperature
   -1.72470e+06    3.63837e+05   -1.36087e+06   -1.36078e+06    3.02116e+02
 Pres. DC (bar) Pressure (bar)   Constr. rmsd
   -1.48473e+02    2.89684e+01    3.60601e-06


DD  step 99 load imb.: force  2.3%
step  600: timed with pme grid 104 104 104, coulomb cutoff 1.200: 6083.3 M-cycles
step  800: timed with pme grid 96 96 96, coulomb cutoff 1.263: 9143.7 M-cycles
step 1000: timed with pme grid 100 100 100, coulomb cutoff 1.212: 5657.4 M-cycles
step 1200: timed with pme grid 104 104 104, coulomb cutoff 1.200: 4306.3 M-cycles
step 1400: timed with pme grid 104 104 104, coulomb cutoff 1.200: 8342.2 M-cycles
              optimal pme grid 104 104 104, coulomb cutoff 1.200

NOTE: DLB can now turn on, when beneficial

DD  step 4999 load imb.: force  0.3%
           Step           Time
           5000       10.00000

   Energies (kJ/mol)
           Bond          Angle    Proper Dih.  Improper Dih.          LJ-14
    1.96824e+04    5.45341e+04    8.21116e+04    3.06477e+03    2.44962e+04
     Coulomb-14        LJ (SR)  Disper. corr.   Coulomb (SR)   Coul. recip.
    2.44590e+05    1.60802e+05   -6.06720e+03   -2.28588e+06    7.70851e+03
      Potential    Kinetic En.   Total Energy  Conserved En.    Temperature
   -1.69495e+06    3.76666e+05   -1.31829e+06   -1.36173e+06    3.12768e+02
 Pres. DC (bar) Pressure (bar)   Constr. rmsd
   -1.45547e+02    1.00985e+02    3.61968e-06


DD  step 9999 load imb.: force  0.8%
           Step           Time
          10000       20.00000

   Energies (kJ/mol)
           Bond          Angle    Proper Dih.  Improper Dih.          LJ-14
    1.97240e+04    5.41149e+04    8.22515e+04    3.03022e+03    2.43454e+04
     Coulomb-14        LJ (SR)  Disper. corr.   Coulomb (SR)   Coul. recip.
    2.45631e+05    1.62526e+05   -6.07650e+03   -2.28883e+06    7.60713e+03
      Potential    Kinetic En.   Total Energy  Conserved En.    Temperature
   -1.69567e+06    3.76168e+05   -1.31951e+06   -1.36161e+06    3.12355e+02
 Pres. DC (bar) Pressure (bar)   Constr. rmsd
   -1.45994e+02    1.09998e+02    3.57241e-06


DD  step 14999 load imb.: force  0.4%
           Step           Time
          15000       30.00000

   Energies (kJ/mol)
           Bond          Angle    Proper Dih.  Improper Dih.          LJ-14
    1.96040e+04    5.44969e+04    8.22169e+04    2.95023e+03    2.39894e+04
     Coulomb-14        LJ (SR)  Disper. corr.   Coulomb (SR)   Coul. recip.
    2.45744e+05    1.59674e+05   -6.07019e+03   -2.28533e+06    7.72682e+03
      Potential    Kinetic En.   Total Energy  Conserved En.    Temperature
   -1.69500e+06    3.76327e+05   -1.31867e+06   -1.36177e+06    3.12487e+02
 Pres. DC (bar) Pressure (bar)   Constr. rmsd
   -1.45691e+02   -1.50804e+02    3.64176e-06


DD  step 19999 load imb.: force  1.5%
           Step           Time
          20000       40.00000

   Energies (kJ/mol)
           Bond          Angle    Proper Dih.  Improper Dih.          LJ-14
    2.00054e+04    5.47775e+04    8.21515e+04    3.02870e+03    2.42260e+04
     Coulomb-14        LJ (SR)  Disper. corr.   Coulomb (SR)   Coul. recip.
    2.45148e+05    1.61423e+05   -6.07952e+03   -2.28661e+06    7.39558e+03
      Potential    Kinetic En.   Total Energy  Conserved En.    Temperature
   -1.69454e+06    3.75975e+05   -1.31856e+06   -1.36155e+06    3.12194e+02
 Pres. DC (bar) Pressure (bar)   Constr. rmsd
   -1.46139e+02    5.99330e+00    3.63555e-06


DD  step 24999 load imb.: force  0.5%
           Step           Time
          25000       50.00000

   Energies (kJ/mol)
           Bond          Angle    Proper Dih.  Improper Dih.          LJ-14
    1.98345e+04    5.36597e+04    8.22254e+04    2.93522e+03    2.43699e+04
     Coulomb-14        LJ (SR)  Disper. corr.   Coulomb (SR)   Coul. recip.
    2.45193e+05    1.62519e+05   -6.08122e+03   -2.28618e+06    7.48217e+03
      Potential    Kinetic En.   Total Energy  Conserved En.    Temperature
   -1.69404e+06    3.75365e+05   -1.31868e+06   -1.36191e+06    3.11688e+02
 Pres. DC (bar) Pressure (bar)   Constr. rmsd
   -1.46221e+02    1.51175e+02    3.58656e-06


DD  step 29999 load imb.: force  1.7%
           Step           Time
          30000       60.00000

   Energies (kJ/mol)
           Bond          Angle    Proper Dih.  Improper Dih.          LJ-14
    1.99775e+04    5.45697e+04    8.23815e+04    3.05729e+03    2.43535e+04
     Coulomb-14        LJ (SR)  Disper. corr.   Coulomb (SR)   Coul. recip.
    2.44960e+05    1.62414e+05   -6.06356e+03   -2.28640e+06    7.52793e+03
      Potential    Kinetic En.   Total Energy  Conserved En.    Temperature
   -1.69322e+06    3.76975e+05   -1.31625e+06   -1.36149e+06    3.13025e+02
 Pres. DC (bar) Pressure (bar)   Constr. rmsd
   -1.45373e+02    6.89453e+01    3.73018e-06


DD  step 34999 load imb.: force  1.5%
           Step           Time
          35000       70.00000

   Energies (kJ/mol)
           Bond          Angle    Proper Dih.  Improper Dih.          LJ-14
    2.04690e+04    5.49386e+04    8.22445e+04    3.09420e+03    2.41717e+04
     Coulomb-14        LJ (SR)  Disper. corr.   Coulomb (SR)   Coul. recip.
    2.44942e+05    1.63801e+05   -6.08344e+03   -2.29056e+06    7.39657e+03
      Potential    Kinetic En.   Total Energy  Conserved En.    Temperature
   -1.69558e+06    3.77197e+05   -1.31838e+06   -1.36160e+06    3.13210e+02
 Pres. DC (bar) Pressure (bar)   Constr. rmsd
   -1.46327e+02    8.10777e+01    3.73572e-06


DD  step 39999 load imb.: force  1.7%
           Step           Time
          40000       80.00000

   Energies (kJ/mol)
           Bond          Angle    Proper Dih.  Improper Dih.          LJ-14
    2.00699e+04    5.47479e+04    8.26140e+04    3.10992e+03    2.42679e+04
     Coulomb-14        LJ (SR)  Disper. corr.   Coulomb (SR)   Coul. recip.
    2.45196e+05    1.60270e+05   -6.06589e+03   -2.28536e+06    7.63769e+03
      Potential    Kinetic En.   Total Energy  Conserved En.    Temperature
   -1.69351e+06    3.76200e+05   -1.31731e+06   -1.36098e+06    3.12382e+02
 Pres. DC (bar) Pressure (bar)   Constr. rmsd
   -1.45484e+02    2.57026e+01    3.57456e-06


DD  step 44999 load imb.: force  2.1%
           Step           Time
          45000       90.00000

   Energies (kJ/mol)
           Bond          Angle    Proper Dih.  Improper Dih.          LJ-14
    2.02468e+04    5.47062e+04    8.21183e+04    3.16236e+03    2.42298e+04
     Coulomb-14        LJ (SR)  Disper. corr.   Coulomb (SR)   Coul. recip.
    2.45028e+05    1.60811e+05   -6.08216e+03   -2.28619e+06    7.62249e+03
      Potential    Kinetic En.   Total Energy  Conserved En.    Temperature
   -1.69435e+06    3.74621e+05   -1.31972e+06   -1.36152e+06    3.11070e+02
 Pres. DC (bar) Pressure (bar)   Constr. rmsd
   -1.46266e+02   -7.37178e+01    3.61900e-06

Writing checkpoint, step 46800 at Fri Jul 26 20:40:14 2024



DD  step 49999 load imb.: force  2.6%
           Step           Time
          50000      100.00000

   Energies (kJ/mol)
           Bond          Angle    Proper Dih.  Improper Dih.          LJ-14
    2.02090e+04    5.49778e+04    8.25373e+04    3.25834e+03    2.41372e+04
     Coulomb-14        LJ (SR)  Disper. corr.   Coulomb (SR)   Coul. recip.
    2.44728e+05    1.60790e+05   -6.07766e+03   -2.28519e+06    7.50662e+03
      Potential    Kinetic En.   Total Energy  Conserved En.    Temperature
   -1.69312e+06    3.77405e+05   -1.31572e+06   -1.36130e+06    3.13382e+02
 Pres. DC (bar) Pressure (bar)   Constr. rmsd
   -1.46049e+02   -8.24221e+01    3.57922e-06


DD  step 54999 load imb.: force  0.9%
           Step           Time
          55000      110.00000

   Energies (kJ/mol)
           Bond          Angle    Proper Dih.  Improper Dih.          LJ-14
    1.99944e+04    5.47558e+04    8.21716e+04    2.85602e+03    2.41270e+04
     Coulomb-14        LJ (SR)  Disper. corr.   Coulomb (SR)   Coul. recip.
    2.45310e+05    1.61999e+05   -6.08756e+03   -2.28826e+06    7.63531e+03
      Potential    Kinetic En.   Total Energy  Conserved En.    Temperature
   -1.69550e+06    3.74271e+05   -1.32123e+06   -1.36133e+06    3.10780e+02
 Pres. DC (bar) Pressure (bar)   Constr. rmsd
   -1.46526e+02    5.59722e+01    3.57798e-06


DD  step 59999 load imb.: force  1.2%
           Step           Time
          60000      120.00000

   Energies (kJ/mol)
           Bond          Angle    Proper Dih.  Improper Dih.          LJ-14
    1.98226e+04    5.48409e+04    8.26334e+04    3.14902e+03    2.43706e+04
     Coulomb-14        LJ (SR)  Disper. corr.   Coulomb (SR)   Coul. recip.
    2.45401e+05    1.60152e+05   -6.05294e+03   -2.28527e+06    7.69152e+03
      Potential    Kinetic En.   Total Energy  Conserved En.    Temperature
   -1.69326e+06    3.77165e+05   -1.31610e+06   -1.36110e+06    3.13183e+02
 Pres. DC (bar) Pressure (bar)   Constr. rmsd
   -1.44864e+02   -6.40489e+00    3.73017e-06


DD  step 64999 load imb.: force  0.4%
           Step           Time
          65000      130.00000

   Energies (kJ/mol)
           Bond          Angle    Proper Dih.  Improper Dih.          LJ-14
    1.97741e+04    5.42795e+04    8.22273e+04    3.05212e+03    2.42981e+04
     Coulomb-14        LJ (SR)  Disper. corr.   Coulomb (SR)   Coul. recip.
    2.45369e+05    1.61492e+05   -6.06239e+03   -2.28636e+06    7.72690e+03
      Potential    Kinetic En.   Total Energy  Conserved En.    Temperature
   -1.69421e+06    3.78703e+05   -1.31550e+06   -1.36097e+06    3.14460e+02
 Pres. DC (bar) Pressure (bar)   Constr. rmsd
   -1.45317e+02    6.07957e+01    3.67758e-06


DD  step 69999 load imb.: force  0.4%
           Step           Time
          70000      140.00000

   Energies (kJ/mol)
           Bond          Angle    Proper Dih.  Improper Dih.          LJ-14
    1.98759e+04    5.48399e+04    8.25739e+04    3.03528e+03    2.45702e+04
     Coulomb-14        LJ (SR)  Disper. corr.   Coulomb (SR)   Coul. recip.
    2.45647e+05    1.60733e+05   -6.06664e+03   -2.28660e+06    7.66921e+03
      Potential    Kinetic En.   Total Energy  Conserved En.    Temperature
   -1.69373e+06    3.76881e+05   -1.31684e+06   -1.36114e+06    3.12947e+02
 Pres. DC (bar) Pressure (bar)   Constr. rmsd
   -1.45520e+02    3.13438e+01    3.62358e-06


DD  step 74999 load imb.: force  4.7%
           Step           Time
          75000      150.00000

   Energies (kJ/mol)
           Bond          Angle    Proper Dih.  Improper Dih.          LJ-14
    2.00712e+04    5.48573e+04    8.25631e+04    2.95249e+03    2.43236e+04
     Coulomb-14        LJ (SR)  Disper. corr.   Coulomb (SR)   Coul. recip.
    2.45609e+05    1.63609e+05   -6.08055e+03   -2.29055e+06    7.51229e+03
      Potential    Kinetic En.   Total Energy  Conserved En.    Temperature
   -1.69513e+06    3.76736e+05   -1.31840e+06   -1.36054e+06    3.12827e+02
 Pres. DC (bar) Pressure (bar)   Constr. rmsd
   -1.46188e+02    1.00153e+02    3.54502e-06


DD  step 79999 load imb.: force  1.0%
           Step           Time
          80000      160.00000

   Energies (kJ/mol)
           Bond          Angle    Proper Dih.  Improper Dih.          LJ-14
    2.01289e+04    5.46746e+04    8.23625e+04    3.14547e+03    2.43068e+04
     Coulomb-14        LJ (SR)  Disper. corr.   Coulomb (SR)   Coul. recip.
    2.45222e+05    1.58668e+05   -6.08785e+03   -2.28235e+06    7.67746e+03
      Potential    Kinetic En.   Total Energy  Conserved En.    Temperature
   -1.69225e+06    3.75690e+05   -1.31656e+06   -1.36082e+06    3.11958e+02
 Pres. DC (bar) Pressure (bar)   Constr. rmsd
   -1.46539e+02   -1.17216e+02    3.73334e-06


DD  step 84999 load imb.: force  0.4%
           Step           Time
          85000      170.00000

   Energies (kJ/mol)
           Bond          Angle    Proper Dih.  Improper Dih.          LJ-14
    1.94169e+04    5.44448e+04    8.23041e+04    2.98159e+03    2.43323e+04
     Coulomb-14        LJ (SR)  Disper. corr.   Coulomb (SR)   Coul. recip.
    2.46183e+05    1.62567e+05   -6.08020e+03   -2.28739e+06    7.55449e+03
      Potential    Kinetic En.   Total Energy  Conserved En.    Temperature
   -1.69368e+06    3.76412e+05   -1.31727e+06   -1.36102e+06    3.12557e+02
 Pres. DC (bar) Pressure (bar)   Constr. rmsd
   -1.46171e+02    1.80072e+02    3.68014e-06


DD  step 89999 load imb.: force  1.8%
           Step           Time
          90000      180.00000

   Energies (kJ/mol)
           Bond          Angle    Proper Dih.  Improper Dih.          LJ-14
    1.97892e+04    5.43956e+04    8.27082e+04    3.13569e+03    2.42672e+04
     Coulomb-14        LJ (SR)  Disper. corr.   Coulomb (SR)   Coul. recip.
    2.44576e+05    1.58493e+05   -6.05648e+03   -2.28071e+06    7.63800e+03
      Potential    Kinetic En.   Total Energy  Conserved En.    Temperature
   -1.69177e+06    3.76502e+05   -1.31527e+06   -1.36065e+06    3.12633e+02
 Pres. DC (bar) Pressure (bar)   Constr. rmsd
   -1.45033e+02   -4.80455e+01    3.67668e-06


DD  step 94999 load imb.: force  1.2%
           Step           Time
          95000      190.00000

   Energies (kJ/mol)
           Bond          Angle    Proper Dih.  Improper Dih.          LJ-14
    1.99913e+04    5.50506e+04    8.22885e+04    3.08476e+03    2.41355e+04
     Coulomb-14        LJ (SR)  Disper. corr.   Coulomb (SR)   Coul. recip.
    2.45147e+05    1.62911e+05   -6.06610e+03   -2.28776e+06    7.71762e+03
      Potential    Kinetic En.   Total Energy  Conserved En.    Temperature
   -1.69350e+06    3.78208e+05   -1.31529e+06   -1.36081e+06    3.14049e+02
 Pres. DC (bar) Pressure (bar)   Constr. rmsd
   -1.45495e+02   -4.11079e+01    3.73682e-06

Writing checkpoint, step 97300 at Fri Jul 26 20:55:15 2024



DD  step 99999 load imb.: force  1.5%
           Step           Time
         100000      200.00000

   Energies (kJ/mol)
           Bond          Angle    Proper Dih.  Improper Dih.          LJ-14
    1.97013e+04    5.44890e+04    8.26029e+04    3.17350e+03    2.43860e+04
     Coulomb-14        LJ (SR)  Disper. corr.   Coulomb (SR)   Coul. recip.
    2.45394e+05    1.61635e+05   -6.08838e+03   -2.28739e+06    7.54933e+03
      Potential    Kinetic En.   Total Energy  Conserved En.    Temperature
   -1.69455e+06    3.75627e+05   -1.31892e+06   -1.36057e+06    3.11906e+02
 Pres. DC (bar) Pressure (bar)   Constr. rmsd
   -1.46565e+02    1.30966e+02    3.70371e-06


DD  step 104999 load imb.: force  1.0%
           Step           Time
         105000      210.00000

   Energies (kJ/mol)
           Bond          Angle    Proper Dih.  Improper Dih.          LJ-14
    1.99035e+04    5.52283e+04    8.23714e+04    3.02115e+03    2.42505e+04
     Coulomb-14        LJ (SR)  Disper. corr.   Coulomb (SR)   Coul. recip.
    2.45570e+05    1.62884e+05   -6.06978e+03   -2.28786e+06    7.50677e+03
      Potential    Kinetic En.   Total Energy  Conserved En.    Temperature
   -1.69320e+06    3.75169e+05   -1.31803e+06   -1.36035e+06    3.11526e+02
 Pres. DC (bar) Pressure (bar)   Constr. rmsd
   -1.45671e+02   -9.82025e+00    3.66297e-06


DD  step 109999 load imb.: force  2.3%
           Step           Time
         110000      220.00000

   Energies (kJ/mol)
           Bond          Angle    Proper Dih.  Improper Dih.          LJ-14
    2.00691e+04    5.45113e+04    8.22487e+04    2.97269e+03    2.42051e+04
     Coulomb-14        LJ (SR)  Disper. corr.   Coulomb (SR)   Coul. recip.
    2.45692e+05    1.63325e+05   -6.08950e+03   -2.28996e+06    7.48085e+03
      Potential    Kinetic En.   Total Energy  Conserved En.    Temperature
   -1.69555e+06    3.78394e+05   -1.31715e+06   -1.36018e+06    3.14204e+02
 Pres. DC (bar) Pressure (bar)   Constr. rmsd
   -1.46619e+02    5.96554e+01    3.60639e-06


DD  step 114999 load imb.: force  0.8%
           Step           Time
         115000      230.00000

   Energies (kJ/mol)
           Bond          Angle    Proper Dih.  Improper Dih.          LJ-14
    2.01194e+04    5.42508e+04    8.25584e+04    3.13403e+03    2.42623e+04
     Coulomb-14        LJ (SR)  Disper. corr.   Coulomb (SR)   Coul. recip.
    2.45664e+05    1.64481e+05   -6.07156e+03   -2.28939e+06    7.60736e+03
      Potential    Kinetic En.   Total Energy  Conserved En.    Temperature
   -1.69338e+06    3.77044e+05   -1.31634e+06   -1.36053e+06    3.13083e+02
 Pres. DC (bar) Pressure (bar)   Constr. rmsd
   -1.45756e+02   -1.18362e+01    3.63742e-06


DD  step 119999 load imb.: force  0.7%
           Step           Time
         120000      240.00000

   Energies (kJ/mol)
           Bond          Angle    Proper Dih.  Improper Dih.          LJ-14
    1.98472e+04    5.42221e+04    8.27293e+04    3.08700e+03    2.43387e+04
     Coulomb-14        LJ (SR)  Disper. corr.   Coulomb (SR)   Coul. recip.
    2.45474e+05    1.61374e+05   -6.07919e+03   -2.28540e+06    7.75387e+03
      Potential    Kinetic En.   Total Energy  Conserved En.    Temperature
   -1.69265e+06    3.76104e+05   -1.31655e+06   -1.36043e+06    3.12302e+02
 Pres. DC (bar) Pressure (bar)   Constr. rmsd
   -1.46123e+02   -1.85651e+01    3.55151e-06


DD  step 124999 load imb.: force  1.0%
           Step           Time
         125000      250.00000

   Energies (kJ/mol)
           Bond          Angle    Proper Dih.  Improper Dih.          LJ-14
    1.97572e+04    5.52914e+04    8.28798e+04    3.06556e+03    2.41189e+04
     Coulomb-14        LJ (SR)  Disper. corr.   Coulomb (SR)   Coul. recip.
    2.45220e+05    1.61850e+05   -6.06153e+03   -2.28497e+06    7.70432e+03
      Potential    Kinetic En.   Total Energy  Conserved En.    Temperature
   -1.69114e+06    3.77346e+05   -1.31379e+06   -1.36038e+06    3.13333e+02
 Pres. DC (bar) Pressure (bar)   Constr. rmsd
   -1.45275e+02    5.03992e+00    3.68294e-06


DD  step 129999 load imb.: force  1.1%
           Step           Time
         130000      260.00000

   Energies (kJ/mol)
           Bond          Angle    Proper Dih.  Improper Dih.          LJ-14
    2.01751e+04    5.47599e+04    8.22007e+04    3.14407e+03    2.43993e+04
     Coulomb-14        LJ (SR)  Disper. corr.   Coulomb (SR)   Coul. recip.
    2.45683e+05    1.59574e+05   -6.07619e+03   -2.28488e+06    7.58924e+03
      Potential    Kinetic En.   Total Energy  Conserved En.    Temperature
   -1.69343e+06    3.75930e+05   -1.31750e+06   -1.36031e+06    3.12157e+02
 Pres. DC (bar) Pressure (bar)   Constr. rmsd
   -1.45979e+02   -3.35704e+01    3.58244e-06


DD  step 134999 load imb.: force  0.8%
           Step           Time
         135000      270.00000

   Energies (kJ/mol)
           Bond          Angle    Proper Dih.  Improper Dih.          LJ-14
    1.94048e+04    5.44225e+04    8.27050e+04    3.19652e+03    2.43012e+04
     Coulomb-14        LJ (SR)  Disper. corr.   Coulomb (SR)   Coul. recip.
    2.44737e+05    1.62020e+05   -6.07489e+03   -2.28568e+06    7.64782e+03
      Potential    Kinetic En.   Total Energy  Conserved En.    Temperature
   -1.69332e+06    3.78060e+05   -1.31526e+06   -1.36004e+06    3.13926e+02
 Pres. DC (bar) Pressure (bar)   Constr. rmsd
   -1.45916e+02    2.00173e+01    3.58503e-06


DD  step 139999 load imb.: force  0.9%
           Step           Time
         140000      280.00000

   Energies (kJ/mol)
           Bond          Angle    Proper Dih.  Improper Dih.          LJ-14
    2.02663e+04    5.51952e+04    8.25184e+04    2.99649e+03    2.40383e+04
     Coulomb-14        LJ (SR)  Disper. corr.   Coulomb (SR)   Coul. recip.
    2.44736e+05    1.60122e+05   -6.06356e+03   -2.28375e+06    7.58462e+03
      Potential    Kinetic En.   Total Energy  Conserved En.    Temperature
   -1.69235e+06    3.78358e+05   -1.31400e+06   -1.35995e+06    3.14173e+02
 Pres. DC (bar) Pressure (bar)   Constr. rmsd
   -1.45372e+02   -1.85741e+02    3.65335e-06


DD  step 144999 load imb.: force  0.5%
           Step           Time
         145000      290.00000

   Energies (kJ/mol)
           Bond          Angle    Proper Dih.  Improper Dih.          LJ-14
    1.96847e+04    5.49116e+04    8.22908e+04    3.04348e+03    2.43507e+04
     Coulomb-14        LJ (SR)  Disper. corr.   Coulomb (SR)   Coul. recip.
    2.45438e+05    1.60404e+05   -6.06748e+03   -2.28332e+06    7.78884e+03
      Potential    Kinetic En.   Total Energy  Conserved En.    Temperature
   -1.69147e+06    3.76125e+05   -1.31535e+06   -1.36009e+06    3.12320e+02
 Pres. DC (bar) Pressure (bar)   Constr. rmsd
   -1.45561e+02    9.77498e+01    3.66648e-06


DD  step 149999 load imb.: force  0.7%
           Step           Time
         150000      300.00000

   Energies (kJ/mol)
           Bond          Angle    Proper Dih.  Improper Dih.          LJ-14
    1.97388e+04    5.37112e+04    8.23372e+04    2.95365e+03    2.42390e+04
     Coulomb-14        LJ (SR)  Disper. corr.   Coulomb (SR)   Coul. recip.
    2.45441e+05    1.62318e+05   -6.08085e+03   -2.28792e+06    7.49921e+03
      Potential    Kinetic En.   Total Energy  Conserved En.    Temperature
   -1.69577e+06    3.76938e+05   -1.31883e+06   -1.36002e+06    3.12994e+02
 Pres. DC (bar) Pressure (bar)   Constr. rmsd
   -1.46203e+02    1.27970e+02    3.58108e-06


DD  step 154999 load imb.: force  0.4%
           Step           Time
         155000      310.00000

   Energies (kJ/mol)
           Bond          Angle    Proper Dih.  Improper Dih.          LJ-14
    1.92708e+04    5.46335e+04    8.24360e+04    3.17707e+03    2.42559e+04
     Coulomb-14        LJ (SR)  Disper. corr.   Coulomb (SR)   Coul. recip.
    2.45163e+05    1.63194e+05   -6.08257e+03   -2.29018e+06    7.58468e+03
      Potential    Kinetic En.   Total Energy  Conserved En.    Temperature
   -1.69655e+06    3.76725e+05   -1.31982e+06   -1.35990e+06    3.12818e+02
 Pres. DC (bar) Pressure (bar)   Constr. rmsd
   -1.46285e+02    1.13642e+02    3.63570e-06


DD  step 159999 load imb.: force  0.7%
           Step           Time
         160000      320.00000

   Energies (kJ/mol)
           Bond          Angle    Proper Dih.  Improper Dih.          LJ-14
    1.97025e+04    5.55593e+04    8.24804e+04    2.95270e+03    2.41959e+04
     Coulomb-14        LJ (SR)  Disper. corr.   Coulomb (SR)   Coul. recip.
    2.45145e+05    1.59522e+05   -6.08297e+03   -2.28354e+06    7.39881e+03
      Potential    Kinetic En.   Total Energy  Conserved En.    Temperature
   -1.69267e+06    3.78814e+05   -1.31385e+06   -1.35980e+06    3.14552e+02
 Pres. DC (bar) Pressure (bar)   Constr. rmsd
   -1.46305e+02   -2.41916e+01    3.66763e-06


DD  step 164999 load imb.: force  0.8%
           Step           Time
         165000      330.00000

   Energies (kJ/mol)
           Bond          Angle    Proper Dih.  Improper Dih.          LJ-14
    1.97468e+04    5.44725e+04    8.25381e+04    3.06337e+03    2.43735e+04
     Coulomb-14        LJ (SR)  Disper. corr.   Coulomb (SR)   Coul. recip.
    2.45030e+05    1.61991e+05   -6.07044e+03   -2.28532e+06    7.56641e+03
      Potential    Kinetic En.   Total Energy  Conserved En.    Temperature
   -1.69261e+06    3.75536e+05   -1.31707e+06   -1.35964e+06    3.11830e+02
 Pres. DC (bar) Pressure (bar)   Constr. rmsd
   -1.45703e+02    1.09520e+02    3.54274e-06

Writing checkpoint, step 166500 at Fri Jul 26 21:10:15 2024



DD  step 169999 load imb.: force  0.7%
           Step           Time
         170000      340.00000

   Energies (kJ/mol)
           Bond          Angle    Proper Dih.  Improper Dih.          LJ-14
    2.03935e+04    5.45861e+04    8.24902e+04    3.20268e+03    2.42655e+04
     Coulomb-14        LJ (SR)  Disper. corr.   Coulomb (SR)   Coul. recip.
    2.44882e+05    1.63846e+05   -6.07929e+03   -2.29068e+06    7.49790e+03
      Potential    Kinetic En.   Total Energy  Conserved En.    Temperature
   -1.69559e+06    3.76768e+05   -1.31883e+06   -1.35983e+06    3.12853e+02
 Pres. DC (bar) Pressure (bar)   Constr. rmsd
   -1.46128e+02    2.92169e+01    3.56930e-06


DD  step 174999 load imb.: force  1.0%
           Step           Time
         175000      350.00000

   Energies (kJ/mol)
           Bond          Angle    Proper Dih.  Improper Dih.          LJ-14
    1.99137e+04    5.45884e+04    8.20756e+04    3.06108e+03    2.41912e+04
     Coulomb-14        LJ (SR)  Disper. corr.   Coulomb (SR)   Coul. recip.
    2.44736e+05    1.61623e+05   -6.07921e+03   -2.28645e+06    7.58351e+03
      Potential    Kinetic En.   Total Energy  Conserved En.    Temperature
   -1.69476e+06    3.76922e+05   -1.31783e+06   -1.35975e+06    3.12982e+02
 Pres. DC (bar) Pressure (bar)   Constr. rmsd
   -1.46124e+02    9.68649e+00    3.63828e-06


DD  step 179999 load imb.: force  1.3%
           Step           Time
         180000      360.00000

   Energies (kJ/mol)
           Bond          Angle    Proper Dih.  Improper Dih.          LJ-14
    2.00817e+04    5.51129e+04    8.24473e+04    3.17300e+03    2.43026e+04
     Coulomb-14        LJ (SR)  Disper. corr.   Coulomb (SR)   Coul. recip.
    2.44526e+05    1.61371e+05   -6.08335e+03   -2.28507e+06    7.60893e+03
      Potential    Kinetic En.   Total Energy  Conserved En.    Temperature
   -1.69253e+06    3.77552e+05   -1.31498e+06   -1.35961e+06    3.13505e+02
 Pres. DC (bar) Pressure (bar)   Constr. rmsd
   -1.46323e+02    3.24206e+01    3.58291e-06


DD  step 184999 load imb.: force  0.5%
           Step           Time
         185000      370.00000

   Energies (kJ/mol)
           Bond          Angle    Proper Dih.  Improper Dih.          LJ-14
    1.99788e+04    5.52493e+04    8.27067e+04    2.97893e+03    2.42687e+04
     Coulomb-14        LJ (SR)  Disper. corr.   Coulomb (SR)   Coul. recip.
    2.44836e+05    1.61000e+05   -6.07637e+03   -2.28652e+06    7.65929e+03
      Potential    Kinetic En.   Total Energy  Conserved En.    Temperature
   -1.69392e+06    3.77270e+05   -1.31665e+06   -1.35949e+06    3.13271e+02
 Pres. DC (bar) Pressure (bar)   Constr. rmsd
   -1.45987e+02   -3.23972e+01    3.72839e-06


DD  step 189999 load imb.: force  1.9%
           Step           Time
         190000      380.00000

   Energies (kJ/mol)
           Bond          Angle    Proper Dih.  Improper Dih.          LJ-14
    1.98553e+04    5.48441e+04    8.20213e+04    3.10106e+03    2.43477e+04
     Coulomb-14        LJ (SR)  Disper. corr.   Coulomb (SR)   Coul. recip.
    2.44536e+05    1.60507e+05   -6.07135e+03   -2.28526e+06    7.67681e+03
      Potential    Kinetic En.   Total Energy  Conserved En.    Temperature
   -1.69444e+06    3.76597e+05   -1.31784e+06   -1.35941e+06    3.12711e+02
 Pres. DC (bar) Pressure (bar)   Constr. rmsd
   -1.45746e+02    8.65860e+01    3.65408e-06


DD  step 194999 load imb.: force  0.8%
           Step           Time
         195000      390.00000

   Energies (kJ/mol)
           Bond          Angle    Proper Dih.  Improper Dih.          LJ-14
    1.98379e+04    5.37530e+04    8.27168e+04    3.01433e+03    2.45336e+04
     Coulomb-14        LJ (SR)  Disper. corr.   Coulomb (SR)   Coul. recip.
    2.46116e+05    1.59325e+05   -6.06041e+03   -2.28470e+06    7.56970e+03
      Potential    Kinetic En.   Total Energy  Conserved En.    Temperature
   -1.69389e+06    3.76854e+05   -1.31704e+06   -1.35923e+06    3.12925e+02
 Pres. DC (bar) Pressure (bar)   Constr. rmsd
   -1.45222e+02   -6.12157e+01    3.72100e-06


DD  step 199999 load imb.: force  1.6%
           Step           Time
         200000      400.00000

   Energies (kJ/mol)
           Bond          Angle    Proper Dih.  Improper Dih.          LJ-14
    1.95367e+04    5.45193e+04    8.25381e+04    3.18262e+03    2.43836e+04
     Coulomb-14        LJ (SR)  Disper. corr.   Coulomb (SR)   Coul. recip.
    2.44944e+05    1.60787e+05   -6.08206e+03   -2.28545e+06    7.63264e+03
      Potential    Kinetic En.   Total Energy  Conserved En.    Temperature
   -1.69401e+06    3.79139e+05   -1.31487e+06   -1.35955e+06    3.14822e+02
 Pres. DC (bar) Pressure (bar)   Constr. rmsd
   -1.46261e+02    1.15831e+02    3.53967e-06


DD  step 204999 load imb.: force  1.4%
           Step           Time
         205000      410.00000

   Energies (kJ/mol)
           Bond          Angle    Proper Dih.  Improper Dih.          LJ-14
    2.02192e+04    5.54326e+04    8.26633e+04    3.11380e+03    2.39819e+04
     Coulomb-14        LJ (SR)  Disper. corr.   Coulomb (SR)   Coul. recip.
    2.44881e+05    1.60392e+05   -6.08992e+03   -2.28559e+06    7.70737e+03
      Potential    Kinetic En.   Total Energy  Conserved En.    Temperature
   -1.69329e+06    3.76944e+05   -1.31634e+06   -1.35911e+06    3.13000e+02
 Pres. DC (bar) Pressure (bar)   Constr. rmsd
   -1.46639e+02    7.12225e+00    3.63760e-06


DD  step 209999 load imb.: force  1.2%
           Step           Time
         210000      420.00000

   Energies (kJ/mol)
           Bond          Angle    Proper Dih.  Improper Dih.          LJ-14
    2.01859e+04    5.48121e+04    8.23223e+04    3.10638e+03    2.44027e+04
     Coulomb-14        LJ (SR)  Disper. corr.   Coulomb (SR)   Coul. recip.
    2.45415e+05    1.60418e+05   -6.07593e+03   -2.28488e+06    7.60894e+03
      Potential    Kinetic En.   Total Energy  Conserved En.    Temperature
   -1.69269e+06    3.75822e+05   -1.31687e+06   -1.35884e+06    3.12068e+02
 Pres. DC (bar) Pressure (bar)   Constr. rmsd
   -1.45966e+02   -4.74117e+01    3.67831e-06


DD  step 214999 load imb.: force  0.5%
           Step           Time
         215000      430.00000

   Energies (kJ/mol)
           Bond          Angle    Proper Dih.  Improper Dih.          LJ-14
    1.98022e+04    5.46471e+04    8.24093e+04    3.02287e+03    2.41406e+04
     Coulomb-14        LJ (SR)  Disper. corr.   Coulomb (SR)   Coul. recip.
    2.45168e+05    1.60342e+05   -6.06503e+03   -2.28544e+06    7.46082e+03
      Potential    Kinetic En.   Total Energy  Conserved En.    Temperature
   -1.69451e+06    3.77514e+05   -1.31699e+06   -1.35941e+06    3.13473e+02
 Pres. DC (bar) Pressure (bar)   Constr. rmsd
   -1.45443e+02   -6.70125e+01    3.72756e-06


DD  step 219999 load imb.: force  0.4%
           Step           Time
         220000      440.00000

   Energies (kJ/mol)
           Bond          Angle    Proper Dih.  Improper Dih.          LJ-14
    1.99047e+04    5.49663e+04    8.26250e+04    3.13113e+03    2.42057e+04
     Coulomb-14        LJ (SR)  Disper. corr.   Coulomb (SR)   Coul. recip.
    2.45185e+05    1.61243e+05   -6.06028e+03   -2.28483e+06    7.64540e+03
      Potential    Kinetic En.   Total Energy  Conserved En.    Temperature
   -1.69198e+06    3.76954e+05   -1.31503e+06   -1.35954e+06    3.13008e+02
 Pres. DC (bar) Pressure (bar)   Constr. rmsd
   -1.45215e+02   -1.50867e+02    3.61196e-06


DD  step 224999 load imb.: force  2.4%
           Step           Time
         225000      450.00000

   Energies (kJ/mol)
           Bond          Angle    Proper Dih.  Improper Dih.          LJ-14
    1.99016e+04    5.44290e+04    8.23664e+04    3.16052e+03    2.44644e+04
     Coulomb-14        LJ (SR)  Disper. corr.   Coulomb (SR)   Coul. recip.
    2.45514e+05    1.59139e+05   -6.07973e+03   -2.28431e+06    7.68080e+03
      Potential    Kinetic En.   Total Energy  Conserved En.    Temperature
   -1.69373e+06    3.76771e+05   -1.31696e+06   -1.35928e+06    3.12856e+02
 Pres. DC (bar) Pressure (bar)   Constr. rmsd
   -1.46149e+02   -9.12824e+01    3.73116e-06


DD  step 229999 load imb.: force  2.7%
           Step           Time
         230000      460.00000

   Energies (kJ/mol)
           Bond          Angle    Proper Dih.  Improper Dih.          LJ-14
    1.96060e+04    5.45877e+04    8.21427e+04    3.06989e+03    2.42192e+04
     Coulomb-14        LJ (SR)  Disper. corr.   Coulomb (SR)   Coul. recip.
    2.45498e+05    1.60362e+05   -6.07025e+03   -2.28600e+06    7.70771e+03
      Potential    Kinetic En.   Total Energy  Conserved En.    Temperature
   -1.69488e+06    3.77242e+05   -1.31764e+06   -1.35927e+06    3.13247e+02
 Pres. DC (bar) Pressure (bar)   Constr. rmsd
   -1.45693e+02   -6.75152e+01    3.60798e-06


DD  step 234999 load imb.: force  0.4%
           Step           Time
         235000      470.00000

   Energies (kJ/mol)
           Bond          Angle    Proper Dih.  Improper Dih.          LJ-14
    2.02124e+04    5.48965e+04    8.22030e+04    3.05762e+03    2.41284e+04
     Coulomb-14        LJ (SR)  Disper. corr.   Coulomb (SR)   Coul. recip.
    2.44682e+05    1.61081e+05   -6.07540e+03   -2.28576e+06    7.51808e+03
      Potential    Kinetic En.   Total Energy  Conserved En.    Temperature
   -1.69405e+06    3.76756e+05   -1.31730e+06   -1.35901e+06    3.12843e+02
 Pres. DC (bar) Pressure (bar)   Constr. rmsd
   -1.45941e+02   -4.36855e+01    3.70244e-06

Writing checkpoint, step 236000 at Fri Jul 26 21:25:15 2024



DD  step 239999 load imb.: force  5.0%
           Step           Time
         240000      480.00000

   Energies (kJ/mol)
           Bond          Angle    Proper Dih.  Improper Dih.          LJ-14
    2.00358e+04    5.39110e+04    8.26653e+04    3.08695e+03    2.41317e+04
     Coulomb-14        LJ (SR)  Disper. corr.   Coulomb (SR)   Coul. recip.
    2.45208e+05    1.59927e+05   -6.08144e+03   -2.28404e+06    7.55793e+03
      Potential    Kinetic En.   Total Energy  Conserved En.    Temperature
   -1.69360e+06    3.76391e+05   -1.31721e+06   -1.35895e+06    3.12540e+02
 Pres. DC (bar) Pressure (bar)   Constr. rmsd
   -1.46231e+02   -1.05086e+01    3.55957e-06


DD  step 244999 load imb.: force  1.5%
           Step           Time
         245000      490.00000

   Energies (kJ/mol)
           Bond          Angle    Proper Dih.  Improper Dih.          LJ-14
    2.02254e+04    5.46964e+04    8.25346e+04    3.11959e+03    2.42799e+04
     Coulomb-14        LJ (SR)  Disper. corr.   Coulomb (SR)   Coul. recip.
    2.44861e+05    1.58527e+05   -6.07563e+03   -2.28175e+06    7.58577e+03
      Potential    Kinetic En.   Total Energy  Conserved En.    Temperature
   -1.69200e+06    3.75820e+05   -1.31618e+06   -1.35869e+06    3.12066e+02
 Pres. DC (bar) Pressure (bar)   Constr. rmsd
   -1.45952e+02   -5.90882e+01    3.57845e-06


DD  step 249999 load imb.: force  1.0%
           Step           Time
         250000      500.00000

   Energies (kJ/mol)
           Bond          Angle    Proper Dih.  Improper Dih.          LJ-14
    2.02256e+04    5.46899e+04    8.23243e+04    3.06756e+03    2.42907e+04
     Coulomb-14        LJ (SR)  Disper. corr.   Coulomb (SR)   Coul. recip.
    2.45064e+05    1.61011e+05   -6.06633e+03   -2.28596e+06    7.62879e+03
      Potential    Kinetic En.   Total Energy  Conserved En.    Temperature
   -1.69373e+06    3.77085e+05   -1.31664e+06   -1.35820e+06    3.13116e+02
 Pres. DC (bar) Pressure (bar)   Constr. rmsd
   -1.45505e+02   -9.86947e+01    3.65783e-06


DD  step 254999 load imb.: force  1.6%
           Step           Time
         255000      510.00000

   Energies (kJ/mol)
           Bond          Angle    Proper Dih.  Improper Dih.          LJ-14
    2.01236e+04    5.44399e+04    8.28834e+04    3.22938e+03    2.41786e+04
     Coulomb-14        LJ (SR)  Disper. corr.   Coulomb (SR)   Coul. recip.
    2.45032e+05    1.59655e+05   -6.06723e+03   -2.28274e+06    7.57275e+03
      Potential    Kinetic En.   Total Energy  Conserved En.    Temperature
   -1.69169e+06    3.76273e+05   -1.31542e+06   -1.35886e+06    3.12442e+02
 Pres. DC (bar) Pressure (bar)   Constr. rmsd
   -1.45548e+02    1.94850e+01    3.70625e-06


DD  step 259999 load imb.: force  1.3%
           Step           Time
         260000      520.00000

   Energies (kJ/mol)
           Bond          Angle    Proper Dih.  Improper Dih.          LJ-14
    1.99474e+04    5.48898e+04    8.23960e+04    3.03699e+03    2.43610e+04
     Coulomb-14        LJ (SR)  Disper. corr.   Coulomb (SR)   Coul. recip.
    2.45322e+05    1.60018e+05   -6.07750e+03   -2.28683e+06    7.58508e+03
      Potential    Kinetic En.   Total Energy  Conserved En.    Temperature
   -1.69535e+06    3.77966e+05   -1.31738e+06   -1.35863e+06    3.13848e+02
 Pres. DC (bar) Pressure (bar)   Constr. rmsd
   -1.46042e+02   -1.56586e-01    3.60686e-06


DD  step 264999 load imb.: force  0.3%
           Step           Time
         265000      530.00000

   Energies (kJ/mol)
           Bond          Angle    Proper Dih.  Improper Dih.          LJ-14
    2.03427e+04    5.44066e+04    8.23959e+04    3.05263e+03    2.44254e+04
     Coulomb-14        LJ (SR)  Disper. corr.   Coulomb (SR)   Coul. recip.
    2.45286e+05    1.61917e+05   -6.07466e+03   -2.28588e+06    7.49136e+03
      Potential    Kinetic En.   Total Energy  Conserved En.    Temperature
   -1.69263e+06    3.76730e+05   -1.31590e+06   -1.35862e+06    3.12822e+02
 Pres. DC (bar) Pressure (bar)   Constr. rmsd
   -1.45905e+02    3.89587e+01    3.67746e-06


DD  step 269999 load imb.: force  0.4%
           Step           Time
         270000      540.00000

   Energies (kJ/mol)
           Bond          Angle    Proper Dih.  Improper Dih.          LJ-14
    2.01025e+04    5.44347e+04    8.21025e+04    3.03710e+03    2.41481e+04
     Coulomb-14        LJ (SR)  Disper. corr.   Coulomb (SR)   Coul. recip.
    2.44834e+05    1.60754e+05   -6.07446e+03   -2.28788e+06    7.58006e+03
      Potential    Kinetic En.   Total Energy  Conserved En.    Temperature
   -1.69696e+06    3.77202e+05   -1.31976e+06   -1.35856e+06    3.13213e+02
 Pres. DC (bar) Pressure (bar)   Constr. rmsd
   -1.45896e+02   -8.77415e+01    3.67920e-06


DD  step 274999 load imb.: force  2.0%
           Step           Time
         275000      550.00000

   Energies (kJ/mol)
           Bond          Angle    Proper Dih.  Improper Dih.          LJ-14
    1.94955e+04    5.45127e+04    8.24610e+04    3.07583e+03    2.45604e+04
     Coulomb-14        LJ (SR)  Disper. corr.   Coulomb (SR)   Coul. recip.
    2.45486e+05    1.59516e+05   -6.06743e+03   -2.28406e+06    7.65430e+03
      Potential    Kinetic En.   Total Energy  Conserved En.    Temperature
   -1.69336e+06    3.78005e+05   -1.31536e+06   -1.35809e+06    3.13881e+02
 Pres. DC (bar) Pressure (bar)   Constr. rmsd
   -1.45558e+02    2.85012e+01    3.58555e-06


DD  step 279999 load imb.: force  0.8%
           Step           Time
         280000      560.00000

   Energies (kJ/mol)
           Bond          Angle    Proper Dih.  Improper Dih.          LJ-14
    2.01158e+04    5.48185e+04    8.26975e+04    3.05987e+03    2.42493e+04
     Coulomb-14        LJ (SR)  Disper. corr.   Coulomb (SR)   Coul. recip.
    2.45778e+05    1.59217e+05   -6.07604e+03   -2.28479e+06    7.61783e+03
      Potential    Kinetic En.   Total Energy  Conserved En.    Temperature
   -1.69331e+06    3.77134e+05   -1.31618e+06   -1.35845e+06    3.13158e+02
 Pres. DC (bar) Pressure (bar)   Constr. rmsd
   -1.45972e+02   -9.87224e+01    3.55554e-06


DD  step 284999 load imb.: force  1.3%
           Step           Time
         285000      570.00000

   Energies (kJ/mol)
           Bond          Angle    Proper Dih.  Improper Dih.          LJ-14
    1.98510e+04    5.46158e+04    8.26926e+04    3.07348e+03    2.40850e+04
     Coulomb-14        LJ (SR)  Disper. corr.   Coulomb (SR)   Coul. recip.
    2.44839e+05    1.64005e+05   -6.07652e+03   -2.28913e+06    7.62997e+03
      Potential    Kinetic En.   Total Energy  Conserved En.    Temperature
   -1.69442e+06    3.75676e+05   -1.31874e+06   -1.35828e+06    3.11947e+02
 Pres. DC (bar) Pressure (bar)   Constr. rmsd
   -1.45995e+02    9.79115e+01    3.67274e-06


DD  step 289999 load imb.: force  1.3%
           Step           Time
         290000      580.00000

   Energies (kJ/mol)
           Bond          Angle    Proper Dih.  Improper Dih.          LJ-14
    2.01614e+04    5.45319e+04    8.24585e+04    3.19709e+03    2.41551e+04
     Coulomb-14        LJ (SR)  Disper. corr.   Coulomb (SR)   Coul. recip.
    2.44824e+05    1.57921e+05   -6.07394e+03   -2.28122e+06    7.47235e+03
      Potential    Kinetic En.   Total Energy  Conserved En.    Temperature
   -1.69257e+06    3.75295e+05   -1.31727e+06   -1.35842e+06    3.11631e+02
 Pres. DC (bar) Pressure (bar)   Constr. rmsd
   -1.45871e+02   -1.18398e+02    3.66810e-06


DD  step 294999 load imb.: force  0.7%
           Step           Time
         295000      590.00000

   Energies (kJ/mol)
           Bond          Angle    Proper Dih.  Improper Dih.          LJ-14
    2.01845e+04    5.47447e+04    8.25298e+04    2.97272e+03    2.43173e+04
     Coulomb-14        LJ (SR)  Disper. corr.   Coulomb (SR)   Coul. recip.
    2.45443e+05    1.60723e+05   -6.06718e+03   -2.28379e+06    7.64198e+03
      Potential    Kinetic En.   Total Energy  Conserved En.    Temperature
   -1.69130e+06    3.77111e+05   -1.31419e+06   -1.35833e+06    3.13138e+02
 Pres. DC (bar) Pressure (bar)   Constr. rmsd
   -1.45546e+02    5.46091e+01    3.66932e-06


DD  step 299999 load imb.: force  0.6%
           Step           Time
         300000      600.00000

   Energies (kJ/mol)
           Bond          Angle    Proper Dih.  Improper Dih.          LJ-14
    2.05547e+04    5.49737e+04    8.24937e+04    3.17164e+03    2.43829e+04
     Coulomb-14        LJ (SR)  Disper. corr.   Coulomb (SR)   Coul. recip.
    2.45542e+05    1.60906e+05   -6.07367e+03   -2.28525e+06    7.48252e+03
      Potential    Kinetic En.   Total Energy  Conserved En.    Temperature
   -1.69181e+06    3.74418e+05   -1.31740e+06   -1.35798e+06    3.10902e+02
 Pres. DC (bar) Pressure (bar)   Constr. rmsd
   -1.45858e+02    1.95328e+01    3.51445e-06

Writing checkpoint, step 301800 at Fri Jul 26 21:40:14 2024



DD  step 304999 load imb.: force  1.1%
           Step           Time
         305000      610.00000

   Energies (kJ/mol)
           Bond          Angle    Proper Dih.  Improper Dih.          LJ-14
    1.99183e+04    5.51256e+04    8.24274e+04    2.98355e+03    2.41434e+04
     Coulomb-14        LJ (SR)  Disper. corr.   Coulomb (SR)   Coul. recip.
    2.45187e+05    1.61261e+05   -6.08038e+03   -2.28675e+06    7.55299e+03
      Potential    Kinetic En.   Total Energy  Conserved En.    Temperature
   -1.69423e+06    3.78295e+05   -1.31593e+06   -1.35772e+06    3.14121e+02
 Pres. DC (bar) Pressure (bar)   Constr. rmsd
   -1.46180e+02   -1.07552e+01    3.65052e-06


DD  step 309999 load imb.: force  1.2%
           Step           Time
         310000      620.00000

   Energies (kJ/mol)
           Bond          Angle    Proper Dih.  Improper Dih.          LJ-14
    2.00282e+04    5.46005e+04    8.27898e+04    3.19290e+03    2.39597e+04
     Coulomb-14        LJ (SR)  Disper. corr.   Coulomb (SR)   Coul. recip.
    2.44806e+05    1.60105e+05   -6.07906e+03   -2.28460e+06    7.52706e+03
      Potential    Kinetic En.   Total Energy  Conserved En.    Temperature
   -1.69367e+06    3.75714e+05   -1.31796e+06   -1.35778e+06    3.11979e+02
 Pres. DC (bar) Pressure (bar)   Constr. rmsd
   -1.46117e+02   -1.68595e+02    3.56340e-06


DD  step 314999 load imb.: force  0.9%
           Step           Time
         315000      630.00000

   Energies (kJ/mol)
           Bond          Angle    Proper Dih.  Improper Dih.          LJ-14
    2.00603e+04    5.54921e+04    8.24893e+04    3.04718e+03    2.43356e+04
     Coulomb-14        LJ (SR)  Disper. corr.   Coulomb (SR)   Coul. recip.
    2.45586e+05    1.59293e+05   -6.05342e+03   -2.28162e+06    7.67683e+03
      Potential    Kinetic En.   Total Energy  Conserved En.    Temperature
   -1.68969e+06    3.76622e+05   -1.31307e+06   -1.35765e+06    3.12732e+02
 Pres. DC (bar) Pressure (bar)   Constr. rmsd
   -1.44887e+02   -1.33892e+02    3.62288e-06


DD  step 319999 load imb.: force  2.1%
           Step           Time
         320000      640.00000

   Energies (kJ/mol)
           Bond          Angle    Proper Dih.  Improper Dih.          LJ-14
    1.98809e+04    5.53338e+04    8.25826e+04    3.19407e+03    2.46061e+04
     Coulomb-14        LJ (SR)  Disper. corr.   Coulomb (SR)   Coul. recip.
    2.45889e+05    1.62394e+05   -6.07276e+03   -2.28988e+06    7.66653e+03
      Potential    Kinetic En.   Total Energy  Conserved En.    Temperature
   -1.69441e+06    3.76790e+05   -1.31761e+06   -1.35754e+06    3.12872e+02
 Pres. DC (bar) Pressure (bar)   Constr. rmsd
   -1.45814e+02    2.47162e+01    3.62886e-06


DD  step 324999 load imb.: force  1.5%
           Step           Time
         325000      650.00000

   Energies (kJ/mol)
           Bond          Angle    Proper Dih.  Improper Dih.          LJ-14
    1.96224e+04    5.43625e+04    8.22748e+04    3.08297e+03    2.42441e+04
     Coulomb-14        LJ (SR)  Disper. corr.   Coulomb (SR)   Coul. recip.
    2.45308e+05    1.61041e+05   -6.08712e+03   -2.28575e+06    7.72052e+03
      Potential    Kinetic En.   Total Energy  Conserved En.    Temperature
   -1.69418e+06    3.78592e+05   -1.31559e+06   -1.35768e+06    3.14368e+02
 Pres. DC (bar) Pressure (bar)   Constr. rmsd
   -1.46504e+02    1.99373e+01    3.72411e-06


DD  step 329999 load imb.: force  1.4%
           Step           Time
         330000      660.00000

   Energies (kJ/mol)
           Bond          Angle    Proper Dih.  Improper Dih.          LJ-14
    2.00517e+04    5.50353e+04    8.24086e+04    2.93757e+03    2.40749e+04
     Coulomb-14        LJ (SR)  Disper. corr.   Coulomb (SR)   Coul. recip.
    2.45782e+05    1.60927e+05   -6.08184e+03   -2.28572e+06    7.67417e+03
      Potential    Kinetic En.   Total Energy  Conserved En.    Temperature
   -1.69291e+06    3.77484e+05   -1.31542e+06   -1.35764e+06    3.13448e+02
 Pres. DC (bar) Pressure (bar)   Constr. rmsd
   -1.46250e+02   -5.25891e+01    3.63685e-06


DD  step 334999 load imb.: force  0.9%
           Step           Time
         335000      670.00000

   Energies (kJ/mol)
           Bond          Angle    Proper Dih.  Improper Dih.          LJ-14
    2.02393e+04    5.52027e+04    8.24315e+04    3.13558e+03    2.41859e+04
     Coulomb-14        LJ (SR)  Disper. corr.   Coulomb (SR)   Coul. recip.
    2.45463e+05    1.62326e+05   -6.07368e+03   -2.28630e+06    7.67036e+03
      Potential    Kinetic En.   Total Energy  Conserved En.    Temperature
   -1.69172e+06    3.77993e+05   -1.31373e+06   -1.35736e+06    3.13870e+02
 Pres. DC (bar) Pressure (bar)   Constr. rmsd
   -1.45858e+02   -1.15279e+01    3.76298e-06


DD  step 339999 load imb.: force  1.0%
           Step           Time
         340000      680.00000

   Energies (kJ/mol)
           Bond          Angle    Proper Dih.  Improper Dih.          LJ-14
    1.99359e+04    5.50312e+04    8.26189e+04    2.91005e+03    2.40716e+04
     Coulomb-14        LJ (SR)  Disper. corr.   Coulomb (SR)   Coul. recip.
    2.44703e+05    1.61703e+05   -6.07438e+03   -2.28530e+06    7.54554e+03
      Potential    Kinetic En.   Total Energy  Conserved En.    Temperature
   -1.69286e+06    3.78629e+05   -1.31423e+06   -1.35768e+06    3.14399e+02
 Pres. DC (bar) Pressure (bar)   Constr. rmsd
   -1.45892e+02    2.63489e+01    3.56069e-06


DD  step 344999 load imb.: force  1.5%
           Step           Time
         345000      690.00000

   Energies (kJ/mol)
           Bond          Angle    Proper Dih.  Improper Dih.          LJ-14
    2.03519e+04    5.50217e+04    8.24546e+04    2.98115e+03    2.41456e+04
     Coulomb-14        LJ (SR)  Disper. corr.   Coulomb (SR)   Coul. recip.
    2.45190e+05    1.61027e+05   -6.06875e+03   -2.28532e+06    7.58467e+03
      Potential    Kinetic En.   Total Energy  Conserved En.    Temperature
   -1.69264e+06    3.78120e+05   -1.31452e+06   -1.35711e+06    3.13976e+02
 Pres. DC (bar) Pressure (bar)   Constr. rmsd
   -1.45621e+02   -5.24541e+01    3.65932e-06


DD  step 349999 load imb.: force  1.1%
           Step           Time
         350000      700.00000

   Energies (kJ/mol)
           Bond          Angle    Proper Dih.  Improper Dih.          LJ-14
    1.99476e+04    5.49501e+04    8.27242e+04    3.21497e+03    2.43023e+04
     Coulomb-14        LJ (SR)  Disper. corr.   Coulomb (SR)   Coul. recip.
    2.45706e+05    1.59117e+05   -6.07622e+03   -2.28480e+06    7.52768e+03
      Potential    Kinetic En.   Total Energy  Conserved En.    Temperature
   -1.69339e+06    3.76211e+05   -1.31718e+06   -1.35706e+06    3.12391e+02
 Pres. DC (bar) Pressure (bar)   Constr. rmsd
   -1.45980e+02   -7.81841e+01    3.71732e-06


DD  step 354999 load imb.: force  1.0%
           Step           Time
         355000      710.00000

   Energies (kJ/mol)
           Bond          Angle    Proper Dih.  Improper Dih.          LJ-14
    1.97508e+04    5.48261e+04    8.24025e+04    3.09121e+03    2.41913e+04
     Coulomb-14        LJ (SR)  Disper. corr.   Coulomb (SR)   Coul. recip.
    2.45228e+05    1.61157e+05   -6.06317e+03   -2.28511e+06    7.50560e+03
      Potential    Kinetic En.   Total Energy  Conserved En.    Temperature
   -1.69302e+06    3.75974e+05   -1.31704e+06   -1.35716e+06    3.12194e+02
 Pres. DC (bar) Pressure (bar)   Constr. rmsd
   -1.45354e+02   -5.75129e+01    3.63870e-06


DD  step 359999 load imb.: force  2.2%
           Step           Time
         360000      720.00000

   Energies (kJ/mol)
           Bond          Angle    Proper Dih.  Improper Dih.          LJ-14
    1.97863e+04    5.52225e+04    8.26535e+04    3.25968e+03    2.43128e+04
     Coulomb-14        LJ (SR)  Disper. corr.   Coulomb (SR)   Coul. recip.
    2.45365e+05    1.60968e+05   -6.06767e+03   -2.28516e+06    7.54150e+03
      Potential    Kinetic En.   Total Energy  Conserved En.    Temperature
   -1.69212e+06    3.77916e+05   -1.31420e+06   -1.35704e+06    3.13807e+02
 Pres. DC (bar) Pressure (bar)   Constr. rmsd
   -1.45570e+02   -7.37018e+00    3.61414e-06


DD  step 364999 load imb.: force  1.4%
           Step           Time
         365000      730.00000

   Energies (kJ/mol)
           Bond          Angle    Proper Dih.  Improper Dih.          LJ-14
    1.99532e+04    5.47693e+04    8.28274e+04    3.12259e+03    2.41717e+04
     Coulomb-14        LJ (SR)  Disper. corr.   Coulomb (SR)   Coul. recip.
    2.45269e+05    1.61169e+05   -6.07352e+03   -2.28733e+06    7.39575e+03
      Potential    Kinetic En.   Total Energy  Conserved En.    Temperature
   -1.69473e+06    3.76303e+05   -1.31842e+06   -1.35717e+06    3.12467e+02
 Pres. DC (bar) Pressure (bar)   Constr. rmsd
   -1.45851e+02    5.31881e+01    3.58145e-06


DD  step 369999 load imb.: force  1.7%
           Step           Time
         370000      740.00000

   Energies (kJ/mol)
           Bond          Angle    Proper Dih.  Improper Dih.          LJ-14
    2.00738e+04    5.51197e+04    8.23840e+04    3.22420e+03    2.43391e+04
     Coulomb-14        LJ (SR)  Disper. corr.   Coulomb (SR)   Coul. recip.
    2.45267e+05    1.60835e+05   -6.06906e+03   -2.28630e+06    7.69896e+03
      Potential    Kinetic En.   Total Energy  Conserved En.    Temperature
   -1.69343e+06    3.77632e+05   -1.31580e+06   -1.35724e+06    3.13571e+02
 Pres. DC (bar) Pressure (bar)   Constr. rmsd
   -1.45636e+02    4.32946e+01    3.60055e-06


DD  step 374999 load imb.: force  0.5%
           Step           Time
         375000      750.00000

   Energies (kJ/mol)
           Bond          Angle    Proper Dih.  Improper Dih.          LJ-14
    2.00754e+04    5.42298e+04    8.22160e+04    3.14094e+03    2.43951e+04
     Coulomb-14        LJ (SR)  Disper. corr.   Coulomb (SR)   Coul. recip.
    2.45099e+05    1.61712e+05   -6.08055e+03   -2.28631e+06    7.57883e+03
      Potential    Kinetic En.   Total Energy  Conserved En.    Temperature
   -1.69394e+06    3.76570e+05   -1.31737e+06   -1.35666e+06    3.12689e+02
 Pres. DC (bar) Pressure (bar)   Constr. rmsd
   -1.46188e+02    3.15671e+00    3.56975e-06

Writing checkpoint, step 377300 at Fri Jul 26 21:55:15 2024



DD  step 379999 load imb.: force  5.9%
           Step           Time
         380000      760.00000

   Energies (kJ/mol)
           Bond          Angle    Proper Dih.  Improper Dih.          LJ-14
    1.99777e+04    5.46570e+04    8.23243e+04    3.07090e+03    2.43253e+04
     Coulomb-14        LJ (SR)  Disper. corr.   Coulomb (SR)   Coul. recip.
    2.44953e+05    1.60645e+05   -6.07262e+03   -2.28570e+06    7.56759e+03
      Potential    Kinetic En.   Total Energy  Conserved En.    Temperature
   -1.69425e+06    3.78269e+05   -1.31598e+06   -1.35687e+06    3.14099e+02
 Pres. DC (bar) Pressure (bar)   Constr. rmsd
   -1.45807e+02    4.38293e+01    3.67419e-06


DD  step 384999 load imb.: force  1.4%
           Step           Time
         385000      770.00000

   Energies (kJ/mol)
           Bond          Angle    Proper Dih.  Improper Dih.          LJ-14
    1.99709e+04    5.53574e+04    8.24839e+04    3.18771e+03    2.42628e+04
     Coulomb-14        LJ (SR)  Disper. corr.   Coulomb (SR)   Coul. recip.
    2.44884e+05    1.59743e+05   -6.05568e+03   -2.28138e+06    7.70971e+03
      Potential    Kinetic En.   Total Energy  Conserved En.    Temperature
   -1.68983e+06    3.76360e+05   -1.31347e+06   -1.35666e+06    3.12514e+02
 Pres. DC (bar) Pressure (bar)   Constr. rmsd
   -1.44995e+02   -7.20571e+01    3.65245e-06


DD  step 389999 load imb.: force  0.7%
           Step           Time
         390000      780.00000

   Energies (kJ/mol)
           Bond          Angle    Proper Dih.  Improper Dih.          LJ-14
    1.96637e+04    5.50540e+04    8.21622e+04    3.07279e+03    2.43123e+04
     Coulomb-14        LJ (SR)  Disper. corr.   Coulomb (SR)   Coul. recip.
    2.44950e+05    1.61682e+05   -6.07899e+03   -2.28540e+06    7.36031e+03
      Potential    Kinetic En.   Total Energy  Conserved En.    Temperature
   -1.69322e+06    3.76814e+05   -1.31641e+06   -1.35650e+06    3.12891e+02
 Pres. DC (bar) Pressure (bar)   Constr. rmsd
   -1.46113e+02    7.21828e+01    3.64852e-06


DD  step 394999 load imb.: force  0.5%
           Step           Time
         395000      790.00000

   Energies (kJ/mol)
           Bond          Angle    Proper Dih.  Improper Dih.          LJ-14
    1.99723e+04    5.43255e+04    8.24289e+04    3.22726e+03    2.44072e+04
     Coulomb-14        LJ (SR)  Disper. corr.   Coulomb (SR)   Coul. recip.
    2.45635e+05    1.61815e+05   -6.08165e+03   -2.28924e+06    7.57474e+03
      Potential    Kinetic En.   Total Energy  Conserved En.    Temperature
   -1.69593e+06    3.75303e+05   -1.32063e+06   -1.35666e+06    3.11637e+02
 Pres. DC (bar) Pressure (bar)   Constr. rmsd
   -1.46241e+02    7.51620e+01    3.71133e-06


DD  step 399999 load imb.: force  1.9%
           Step           Time
         400000      800.00000

   Energies (kJ/mol)
           Bond          Angle    Proper Dih.  Improper Dih.          LJ-14
    2.03416e+04    5.47919e+04    8.27013e+04    3.10160e+03    2.43243e+04
     Coulomb-14        LJ (SR)  Disper. corr.   Coulomb (SR)   Coul. recip.
    2.45390e+05    1.61915e+05   -6.08186e+03   -2.28848e+06    7.73637e+03
      Potential    Kinetic En.   Total Energy  Conserved En.    Temperature
   -1.69426e+06    3.75869e+05   -1.31839e+06   -1.35635e+06    3.12107e+02
 Pres. DC (bar) Pressure (bar)   Constr. rmsd
   -1.46251e+02    3.87490e+01    3.74352e-06


DD  step 404999 load imb.: force  2.1%
           Step           Time
         405000      810.00000

   Energies (kJ/mol)
           Bond          Angle    Proper Dih.  Improper Dih.          LJ-14
    1.97954e+04    5.53322e+04    8.26619e+04    3.14727e+03    2.43797e+04
     Coulomb-14        LJ (SR)  Disper. corr.   Coulomb (SR)   Coul. recip.
    2.45279e+05    1.60619e+05   -6.06624e+03   -2.28413e+06    7.65012e+03
      Potential    Kinetic En.   Total Energy  Conserved En.    Temperature
   -1.69133e+06    3.76424e+05   -1.31491e+06   -1.35651e+06    3.12568e+02
 Pres. DC (bar) Pressure (bar)   Constr. rmsd
   -1.45501e+02   -7.14786e+01    3.65833e-06


DD  step 409999 load imb.: force  3.5%
           Step           Time
         410000      820.00000

   Energies (kJ/mol)
           Bond          Angle    Proper Dih.  Improper Dih.          LJ-14
    1.95520e+04    5.42430e+04    8.23581e+04    2.99269e+03    2.44565e+04
     Coulomb-14        LJ (SR)  Disper. corr.   Coulomb (SR)   Coul. recip.
    2.45577e+05    1.60469e+05   -6.07289e+03   -2.28499e+06    7.58059e+03
      Potential    Kinetic En.   Total Energy  Conserved En.    Temperature
   -1.69383e+06    3.76607e+05   -1.31722e+06   -1.35676e+06    3.12719e+02
 Pres. DC (bar) Pressure (bar)   Constr. rmsd
   -1.45820e+02    1.15492e+02    3.63238e-06


DD  step 414999 load imb.: force  1.4%
           Step           Time
         415000      830.00000

   Energies (kJ/mol)
           Bond          Angle    Proper Dih.  Improper Dih.          LJ-14
    1.95071e+04    5.48906e+04    8.23270e+04    3.02318e+03    2.43506e+04
     Coulomb-14        LJ (SR)  Disper. corr.   Coulomb (SR)   Coul. recip.
    2.45532e+05    1.60690e+05   -6.08753e+03   -2.28834e+06    7.56205e+03
      Potential    Kinetic En.   Total Energy  Conserved En.    Temperature
   -1.69654e+06    3.76239e+05   -1.32030e+06   -1.35618e+06    3.12414e+02
 Pres. DC (bar) Pressure (bar)   Constr. rmsd
   -1.46524e+02    4.52462e+01    3.63113e-06


DD  step 419999 load imb.: force  1.3%
           Step           Time
         420000      840.00000

   Energies (kJ/mol)
           Bond          Angle    Proper Dih.  Improper Dih.          LJ-14
    2.01487e+04    5.48786e+04    8.22443e+04    3.15778e+03    2.43179e+04
     Coulomb-14        LJ (SR)  Disper. corr.   Coulomb (SR)   Coul. recip.
    2.44853e+05    1.61220e+05   -6.07944e+03   -2.28718e+06    7.64143e+03
      Potential    Kinetic En.   Total Energy  Conserved En.    Temperature
   -1.69480e+06    3.76446e+05   -1.31835e+06   -1.35648e+06    3.12586e+02
 Pres. DC (bar) Pressure (bar)   Constr. rmsd
   -1.46135e+02    7.41759e+01    3.73522e-06


DD  step 424999 load imb.: force  1.5%
           Step           Time
         425000      850.00000

   Energies (kJ/mol)
           Bond          Angle    Proper Dih.  Improper Dih.          LJ-14
    1.96943e+04    5.45806e+04    8.23187e+04    3.08197e+03    2.43003e+04
     Coulomb-14        LJ (SR)  Disper. corr.   Coulomb (SR)   Coul. recip.
    2.45518e+05    1.59619e+05   -6.06452e+03   -2.28389e+06    7.67549e+03
      Potential    Kinetic En.   Total Energy  Conserved En.    Temperature
   -1.69317e+06    3.76082e+05   -1.31709e+06   -1.35602e+06    3.12284e+02
 Pres. DC (bar) Pressure (bar)   Constr. rmsd
   -1.45419e+02   -7.76970e+00    3.75013e-06


DD  step 429999 load imb.: force  3.0%
           Step           Time
         430000      860.00000

   Energies (kJ/mol)
           Bond          Angle    Proper Dih.  Improper Dih.          LJ-14
    1.96171e+04    5.41781e+04    8.21655e+04    3.05507e+03    2.43629e+04
     Coulomb-14        LJ (SR)  Disper. corr.   Coulomb (SR)   Coul. recip.
    2.45830e+05    1.60359e+05   -6.05646e+03   -2.28345e+06    7.67939e+03
      Potential    Kinetic En.   Total Energy  Conserved En.    Temperature
   -1.69226e+06    3.75501e+05   -1.31676e+06   -1.35617e+06    3.11801e+02
 Pres. DC (bar) Pressure (bar)   Constr. rmsd
   -1.45032e+02   -3.46067e+01    3.60332e-06


DD  step 434999 load imb.: force  0.7%
           Step           Time
         435000      870.00000

   Energies (kJ/mol)
           Bond          Angle    Proper Dih.  Improper Dih.          LJ-14
    1.98639e+04    5.46480e+04    8.23262e+04    2.91438e+03    2.42082e+04
     Coulomb-14        LJ (SR)  Disper. corr.   Coulomb (SR)   Coul. recip.
    2.45628e+05    1.60043e+05   -6.07071e+03   -2.28584e+06    7.71682e+03
      Potential    Kinetic En.   Total Energy  Conserved En.    Temperature
   -1.69456e+06    3.76275e+05   -1.31828e+06   -1.35569e+06    3.12444e+02
 Pres. DC (bar) Pressure (bar)   Constr. rmsd
   -1.45715e+02   -6.55443e+01    3.63516e-06


DD  step 439999 load imb.: force  1.4%
           Step           Time
         440000      880.00000

   Energies (kJ/mol)
           Bond          Angle    Proper Dih.  Improper Dih.          LJ-14
    1.99260e+04    5.50189e+04    8.23793e+04    3.11083e+03    2.42808e+04
     Coulomb-14        LJ (SR)  Disper. corr.   Coulomb (SR)   Coul. recip.
    2.45429e+05    1.59523e+05   -6.07897e+03   -2.28631e+06    7.64221e+03
      Potential    Kinetic En.   Total Energy  Conserved En.    Temperature
   -1.69508e+06    3.77293e+05   -1.31779e+06   -1.35567e+06    3.13289e+02
 Pres. DC (bar) Pressure (bar)   Constr. rmsd
   -1.46112e+02    5.71509e+01    3.72458e-06

Writing checkpoint, step 441700 at Fri Jul 26 22:10:22 2024



DD  step 444999 load imb.: force  0.1%
           Step           Time
         445000      890.00000

   Energies (kJ/mol)
           Bond          Angle    Proper Dih.  Improper Dih.          LJ-14
    2.02280e+04    5.53493e+04    8.23787e+04    3.05017e+03    2.40545e+04
     Coulomb-14        LJ (SR)  Disper. corr.   Coulomb (SR)   Coul. recip.
    2.44767e+05    1.62369e+05   -6.08625e+03   -2.28791e+06    7.67418e+03
      Potential    Kinetic En.   Total Energy  Conserved En.    Temperature
   -1.69412e+06    3.75875e+05   -1.31825e+06   -1.35537e+06    3.12112e+02
 Pres. DC (bar) Pressure (bar)   Constr. rmsd
   -1.46462e+02    4.20545e+01    3.65584e-06


DD  step 449999 load imb.: force  0.4%
           Step           Time
         450000      900.00000

   Energies (kJ/mol)
           Bond          Angle    Proper Dih.  Improper Dih.          LJ-14
    2.01533e+04    5.49688e+04    8.26663e+04    3.04202e+03    2.44268e+04
     Coulomb-14        LJ (SR)  Disper. corr.   Coulomb (SR)   Coul. recip.
    2.45153e+05    1.59459e+05   -6.06186e+03   -2.28575e+06    7.65693e+03
      Potential    Kinetic En.   Total Energy  Conserved En.    Temperature
   -1.69428e+06    3.77969e+05   -1.31631e+06   -1.35514e+06    3.13851e+02
 Pres. DC (bar) Pressure (bar)   Constr. rmsd
   -1.45291e+02    1.12443e+01    3.72844e-06


DD  step 454999 load imb.: force  1.5%
           Step           Time
         455000      910.00000

   Energies (kJ/mol)
           Bond          Angle    Proper Dih.  Improper Dih.          LJ-14
    1.97805e+04    5.49875e+04    8.22904e+04    3.10111e+03    2.43716e+04
     Coulomb-14        LJ (SR)  Disper. corr.   Coulomb (SR)   Coul. recip.
    2.45657e+05    1.62301e+05   -6.06823e+03   -2.28655e+06    7.48995e+03
      Potential    Kinetic En.   Total Energy  Conserved En.    Temperature
   -1.69263e+06    3.77507e+05   -1.31513e+06   -1.35478e+06    3.13467e+02
 Pres. DC (bar) Pressure (bar)   Constr. rmsd
   -1.45597e+02    6.14122e+01    3.64117e-06



Received the remote second INT/TERM signal, stopping within 3 steps

           Step           Time
         456801      913.60200

Writing checkpoint, step 456801 at Fri Jul 26 22:14:15 2024


   Energies (kJ/mol)
           Bond          Angle    Proper Dih.  Improper Dih.          LJ-14
    1.97944e+04    5.59171e+04    8.24241e+04    3.13296e+03    2.42493e+04
     Coulomb-14        LJ (SR)  Disper. corr.   Coulomb (SR)   Coul. recip.
    2.45282e+05    1.61300e+05   -6.06341e+03   -2.28668e+06    7.54919e+03
      Potential    Kinetic En.   Total Energy  Conserved En.    Temperature
   -1.69310e+06    3.78132e+05   -1.31497e+06   -1.35462e+06    3.13986e+02
 Pres. DC (bar) Pressure (bar)   Constr. rmsd
   -1.45365e+02    5.74101e+01    3.73816e-06


	<======  ###############  ==>
	<====  A V E R A G E S  ====>
	<==  ###############  ======>

	Statistics over 456802 steps using 4569 frames

   Energies (kJ/mol)
           Bond          Angle    Proper Dih.  Improper Dih.          LJ-14
    1.99733e+04    5.46946e+04    8.24440e+04    3.08365e+03    2.42981e+04
     Coulomb-14        LJ (SR)  Disper. corr.   Coulomb (SR)   Coul. recip.
    2.45277e+05    1.61032e+05   -6.07408e+03   -2.28624e+06    7.58192e+03
      Potential    Kinetic En.   Total Energy  Conserved En.    Temperature
   -1.69393e+06    3.76920e+05   -1.31701e+06   -1.35889e+06    3.12980e+02
 Pres. DC (bar) Pressure (bar)   Constr. rmsd
   -1.45878e+02    1.42587e+00    0.00000e+00

          Box-X          Box-Y          Box-Z
    1.21562e+01    1.14610e+01    9.92550e+00

   Total Virial (kJ/mol)
    1.25817e+05   -5.17976e+00   -1.54414e+02
    1.99834e+01    1.25434e+05    1.85539e+01
   -1.55097e+02    7.73734e+01    1.25496e+05

   Pressure (bar)
    2.88233e+00    8.94451e-01   -9.35765e-01
    2.89872e-01    2.68329e-01    1.38873e+00
   -9.19424e-01   -2.45664e-02    1.12694e+00

  T-Protein_MOLT-Water_and_ions
    3.12956e+02    3.12986e+02


	M E G A - F L O P S   A C C O U N T I N G

 NB=Group-cutoff nonbonded kernels    NxN=N-by-N cluster Verlet kernels
 RF=Reaction-Field  VdW=Van der Waals  QSTab=quadratic-spline table
 W3=SPC/TIP3p  W4=TIP4p (single or pairs)
 V&F=Potential and force  V=Potential only  F=Force only

 Computing:                               M-Number         M-Flops  % Flops
-----------------------------------------------------------------------------
 Pair Search distance check          110187.921216      991691.291     0.0
 NxN Ewald Elec. + LJ [F]          82673181.771840  5456429996.941    94.7
 NxN Ewald Elec. + LJ [V&F]          835448.058048    89392942.211     1.6
 Calc Weights                        189954.716472     6838369.793     0.1
 Spread Q Bspline                   4052367.284736     8104734.569     0.1
 Gather F Bspline                   4052367.284736    24314203.708     0.4
 3D-FFT                            20654602.303796   165236818.430     2.9
 Solve PME                             4940.287232      316178.383     0.0
 Reset In Box                           633.179616        1899.539     0.0
 CG-CoM                                 633.318228        1899.955     0.0
 Virial                                3170.286864       57065.164     0.0
 Stop-CM                                633.318228        6333.182     0.0
 Calc-Ekin                            63318.377436     1709596.191     0.0
 Lincs                                 5882.625670      352957.540     0.0
 Lincs-Mat                            31638.677352      126554.709     0.0
 Constraint-V                         65514.804098      524118.433     0.0
 Constraint-Vir                        2981.857088       71564.570     0.0
 Settle                               17916.517586     5787035.180     0.1
-----------------------------------------------------------------------------
 Total                                              5760263959.791   100.0
-----------------------------------------------------------------------------


    D O M A I N   D E C O M P O S I T I O N   S T A T I S T I C S

 av. #atoms communicated per step for force:  2 x 74828.4
 av. #atoms communicated per step for LINCS:  2 x 4645.2


Dynamic load balancing report:
 DLB was off during the run due to low measured imbalance.
 Average load imbalance: 1.5%.
 The balanceable part of the MD step is 49%, load imbalance is computed from this.
 Part of the total run time spent waiting due to load imbalance: 0.8%.


     R E A L   C Y C L E   A N D   T I M E   A C C O U N T I N G

On 4 MPI ranks, each using 5 OpenMP threads

 Computing:          Num   Num      Call    Wall time         Giga-Cycles
                     Ranks Threads  Count      (s)         total sum    %
-----------------------------------------------------------------------------
 Domain decomp.         4    5       4568      85.962       3782.284   1.3
 DD comm. load          4    5         93       0.045          1.981   0.0
 Neighbor search        4    5       4569      50.658       2228.955   0.8
 Launch GPU ops.        4    5     913604      51.576       2269.331   0.8
 Comm. coord.           4    5     452233     176.314       7757.780   2.7
 Force                  4    5     456802      32.222       1417.761   0.5
 Wait + Comm. F         4    5     456802     157.320       6922.034   2.4
 PME mesh               4    5     456802    4516.064     198705.643  69.0
 Wait Bonded GPU        4    5       4570       0.007          0.299   0.0
 Wait GPU NB nonloc.    4    5     456802       4.437        195.224   0.1
 Wait GPU NB local      4    5     456802       1.300         57.217   0.0
 NB X/F buffer ops.     4    5    1818070     218.930       9632.864   3.3
 COM pull force         4    5     456802     436.437      19203.112   6.7
 Write traj.            4    5        100       0.773         34.030   0.0
 Update                 4    5     456802     124.380       5472.697   1.9
 Constraints            4    5     456802     357.487      15729.354   5.5
 Comm. energies         4    5     228402     154.794       6810.899   2.4
 Rest                                         173.096       7616.182   2.6
-----------------------------------------------------------------------------
 Total                                       6541.803     287837.647 100.0
-----------------------------------------------------------------------------
 Breakdown of PME mesh computation
-----------------------------------------------------------------------------
 PME redist. X/F        4    5     913604     911.467      40104.303  13.9
 PME spread             4    5     456802     878.120      38637.055  13.4
 PME gather             4    5     456802     824.631      36283.539  12.6
 PME 3D-FFT             4    5     913604    1099.296      48368.741  16.8
 PME 3D-FFT Comm.       4    5     913604     723.439      31831.119  11.1
 PME solve Elec         4    5     456802      76.253       3355.131   1.2
-----------------------------------------------------------------------------

               Core t (s)   Wall t (s)        (%)
       Time:   130836.026     6541.803     2000.0
                         1h49:01
                 (ns/day)    (hour/ns)
Performance:       12.066        1.989
Finished mdrun on rank 0 Fri Jul 26 22:14:15 2024

