            --------------------------------------------------------
                             AMBER SQM VERSION 19
 
                                     By
              Ross C. Walker, Michael F. Crowley, Scott Brozell,
                         Tim Giese, Andreas W. Goetz,
                        Tai-Sung Lee and David A. Case
 
            --------------------------------------------------------
 

--------------------------------------------------------------------------------
  QM CALCULATION INFO
--------------------------------------------------------------------------------

| QMMM: Citation for AMBER QMMM Run:
| QMMM: R.C. Walker, M.F. Crowley and D.A. Case, J. COMP. CHEM. 29:1019, 2008

QMMM: SINGLET STATE CALCULATION
QMMM: RHF CALCULATION, NO. OF DOUBLY OCCUPIED LEVELS = 47

| QMMM: *** Selected Hamiltonian *** 
| QMMM: AM1         

| QMMM: *** Parameter sets in use ***
| QMMM: N : M.J.S.DEWAR et al. JACS, 107, 3902, (1985)
| QMMM: C : M.J.S.DEWAR et al. JACS, 107, 3902, (1985)
| QMMM: O : M.J.S.DEWAR et al. JACS, 107, 3902, (1985)
| QMMM: H : M.J.S.DEWAR et al. JACS, 107, 3902, (1985)

| QMMM: *** SCF convergence criteria ***
| QMMM: Energy change                :  0.1D-09 kcal/mol
| QMMM: Error matrix |FP-PF|         :  0.1D+00 au
| QMMM: Density matrix change        :  0.5D-06
| QMMM: Maximum number of SCF cycles :     1000

| QMMM: *** Diagonalization Routine Information ***
| QMMM: Pseudo diagonalizations are allowed.
| QMMM: Auto diagonalization routine selection is in use.
| QMMM:
| QMMM: Timing diagonalization routines:
| QMMM:                              norbs =       88
| QMMM:    diag iterations used for timing =       15
| QMMM:
| QMMM:              Internal diag routine = 0.029144 seconds
| QMMM:                 Dspev diag routine = 0.028336 seconds
| QMMM:                Dspevd diag routine = 0.021353 seconds
| QMMM:                Dspevx diag routine = 0.093349 seconds
| QMMM:                 Dsyev diag routine = 0.029036 seconds
| QMMM:                Dsyevd diag routine = 0.024555 seconds
| QMMM:                Dsyevr diag routine = 0.025913 seconds
| QMMM:
| QMMM:                Pseudo diag routine = 0.008762 seconds
| QMMM:
| QMMM: Using dspevd routine (diag_routine=3).

  QMMM: QM Region Cartesian Coordinates (*=link atom) 
  QMMM: QM_NO.   MM_NO.  ATOM         X         Y         Z
  QMMM:     1        1      N       60.6290  -30.1660   35.3590
  QMMM:     2        2      C       61.4580  -30.7040   36.1670
  QMMM:     3        3      O       60.5340  -31.8330   39.4220
  QMMM:     4        4      C       61.0550  -29.8270   34.1600
  QMMM:     5        5      N       62.7330  -30.9750   35.9050
  QMMM:     6        6      C       62.3680  -30.0610   33.8350
  QMMM:     7        7      N       59.3710  -30.0010   35.8550
  QMMM:     8        8      C       63.2280  -30.6510   34.7340
  QMMM:     9        9      N       62.5090  -31.6710   38.6290
  QMMM:    10       10      C       59.3710  -30.4710   37.0880
  QMMM:    11       11      C       60.6320  -30.9210   37.3450
  QMMM:    12       12      C       60.1520  -29.1810   33.1930
  QMMM:    13       13      C       60.0410  -29.5710   31.8820
  QMMM:    14       14      C       59.1760  -28.9020   31.0470
  QMMM:    15       15      C       58.4350  -27.8570   31.5000
  QMMM:    16       16      C       59.4080  -28.1130   33.6180
  QMMM:    17       17      C       58.5400  -27.4590   32.7910
  QMMM:    18       18      C       61.2320  -31.5250   38.5330
  QMMM:    19       19      C       59.0290  -29.3010   29.6240
  QMMM:    20       20      H       62.7320  -29.7780   32.8590
  QMMM:    21       21      H       64.2620  -30.8380   34.4870
  QMMM:    22       22      H       58.5310  -30.4950   37.7660
  QMMM:    23       23      H       60.6280  -30.3970   31.5080
  QMMM:    24       24      H       57.7610  -27.3430   30.8300
  QMMM:    25       25      H       59.5110  -27.7770   34.6390
  QMMM:    26       26      H       57.9460  -26.6360   33.1610
  QMMM:    27       27      H       62.9120  -32.0520   39.4730
  QMMM:    28       28      H       63.1070  -31.4040   37.8600
  QMMM:    29       29      H       58.3010  -28.6510   29.1380
  QMMM:    30       30      H       58.6870  -30.3350   29.5700
  QMMM:    31       31      H       59.9910  -29.2100   29.1200

--------------------------------------------------------------------------------
  RESULTS
--------------------------------------------------------------------------------

      iter         sqm energy              rms gradient
      ----    -------------------    -----------------------
xmin    10       89.5421 kcal/mol        0.1979 kcal/(mol*A)
xmin    20       89.4738 kcal/mol        0.0147 kcal/(mol*A)
xmin    30       89.4731 kcal/mol        0.0475 kcal/(mol*A)
xmin    40       89.4694 kcal/mol        0.0862 kcal/(mol*A)
xmin    50       89.4601 kcal/mol        0.1303 kcal/(mol*A)
xmin    60       89.4538 kcal/mol        0.0448 kcal/(mol*A)
xmin    70       89.4518 kcal/mol        0.0239 kcal/(mol*A)
xmin    80       89.4516 kcal/mol        0.0060 kcal/(mol*A)
xmin    90       89.4514 kcal/mol        0.0171 kcal/(mol*A)
xmin   100       89.4513 kcal/mol        0.0087 kcal/(mol*A)
xmin   110       89.4513 kcal/mol        0.0008 kcal/(mol*A)
  ... geometry converged !
 
 Final MO eigenvalues (eV):
 -42.4643  -40.2046  -38.8918  -38.2218  -35.7657  -33.7912  -33.5300  -32.0201
 -31.0446  -30.4100  -27.9605  -25.8994  -25.0965  -23.5799  -23.2451  -22.3991
 -20.5634  -19.0726  -18.6396  -17.9705  -17.5353  -16.9820  -16.9611  -16.5458
 -16.2442  -16.1039  -14.9455  -14.9318  -14.7235  -14.6171  -14.4708  -14.2801
 -13.9332  -13.7112  -13.4445  -13.2143  -12.6810  -12.6663  -12.3970  -11.9627
 -11.3684  -10.7031  -10.1988  -10.1833  -10.1432   -9.8226   -9.0911   -1.0873
  -0.5582    0.0441    0.0757    0.7618    1.0384    1.7936    2.4035    2.4951
   2.6116    2.6775    2.7421    2.9032    3.3823    3.4965    3.6125    3.6440
   3.7929    3.8300    3.8919    4.0206    4.0503    4.1148    4.1925    4.1996
   4.4290    4.4521    4.5205    4.6071    4.7660    5.0026    5.1136    5.1448
   5.2638    5.2784    5.6012    5.8936    6.1040    6.3103    6.6500    7.5074


 Heat of formation   =         89.45129001 kcal/mol  (        3.87889901 eV)

 Total SCF energy    =     -71559.88097865 kcal/mol  (    -3103.06929355 eV)
 Electronic energy   =    -444361.50778588 kcal/mol  (   -19268.96092042 eV)
 Core-core repulsion =     372801.62680723 kcal/mol  (    16165.89162687 eV)
 
    Atomic Charges for Step       1 :
  Atom    Element       Mulliken Charge
     1      N                 -0.070
     2      C                  0.045
     3      O                 -0.395
     4      C                  0.146
     5      N                 -0.133
     6      C                 -0.247
     7      N                 -0.092
     8      C                 -0.016
     9      N                 -0.428
    10      C                 -0.064
    11      C                 -0.229
    12      C                 -0.072
    13      C                 -0.102
    14      C                 -0.074
    15      C                 -0.107
    16      C                 -0.079
    17      C                 -0.131
    18      C                  0.388
    19      C                 -0.181
    20      H                  0.168
    21      H                  0.173
    22      H                  0.208
    23      H                  0.138
    24      H                  0.137
    25      H                  0.152
    26      H                  0.141
    27      H                  0.227
    28      H                  0.237
    29      H                  0.086
    30      H                  0.092
    31      H                  0.083
 Total Mulliken Charge =      -0.000
 
                  X        Y        Z     TOTAL  
  QM DIPOLE     2.267    1.754   -6.179    6.811
 
 Final Structure

  QMMM: QM Region Cartesian Coordinates (*=link atom) 
  QMMM: QM_NO.   MM_NO.  ATOM         X         Y         Z
  QMMM:     1        1      N       60.6086  -30.0547   35.3847
  QMMM:     2        2      C       61.5852  -30.6893   36.2602
  QMMM:     3        3      O       60.4861  -31.7610   39.6488
  QMMM:     4        4      C       61.0074  -29.6575   34.1101
  QMMM:     5        5      N       62.8895  -30.9056   35.8817
  QMMM:     6        6      C       62.3276  -29.8857   33.7449
  QMMM:     7        7      N       59.4003  -29.9598   35.9708
  QMMM:     8        8      C       63.2281  -30.5109   34.6653
  QMMM:     9        9      N       62.5886  -32.0299   38.8367
  QMMM:    10       10      C       59.5277  -30.5034   37.2066
  QMMM:    11       11      C       60.8684  -30.9774   37.4509
  QMMM:    12       12      C       60.0631  -29.0241   33.1800
  QMMM:    13       13      C       60.0116  -29.4852   31.8570
  QMMM:    14       14      C       59.1437  -28.8922   30.9364
  QMMM:    15       15      C       58.3292  -27.8289   31.3474
  QMMM:    16       16      C       59.2432  -27.9643   33.5835
  QMMM:    17       17      C       58.3816  -27.3703   32.6612
  QMMM:    18       18      C       61.2911  -31.6055   38.7008
  QMMM:    19       19      C       59.0721  -29.3923   29.5441
  QMMM:    20       20      H       62.6815  -29.5802   32.7519
  QMMM:    21       21      H       64.2788  -30.6863   34.3660
  QMMM:    22       22      H       58.6922  -30.5614   37.9124
  QMMM:    23       23      H       60.6528  -30.3236   31.5440
  QMMM:    24       24      H       57.6446  -27.3576   30.6260
  QMMM:    25       25      H       59.2731  -27.5945   34.6196
  QMMM:    26       26      H       57.7375  -26.5362   32.9782
  QMMM:    27       27      H       62.8620  -32.4548   39.6872
  QMMM:    28       28      H       63.2543  -31.9296   38.1166
  QMMM:    29       29      H       58.8917  -28.5521   28.8289
  QMMM:    30       30      H       58.2295  -30.1228   29.4452
  QMMM:    31       31      H       60.0189  -29.9090   29.2512

           --------- Calculation Completed ----------

