            --------------------------------------------------------
                             AMBER SQM VERSION 19
 
                                     By
              Ross C. Walker, Michael F. Crowley, Scott Brozell,
                         Tim Giese, Andreas W. Goetz,
                        Tai-Sung Lee and David A. Case
 
            --------------------------------------------------------
 

--------------------------------------------------------------------------------
  QM CALCULATION INFO
--------------------------------------------------------------------------------

| QMMM: Citation for AMBER QMMM Run:
| QMMM: R.C. Walker, M.F. Crowley and D.A. Case, J. COMP. CHEM. 29:1019, 2008

QMMM: SINGLET STATE CALCULATION
QMMM: RHF CALCULATION, NO. OF DOUBLY OCCUPIED LEVELS = 54

| QMMM: *** Selected Hamiltonian *** 
| QMMM: AM1         

| QMMM: *** Parameter sets in use ***
| QMMM: N : M.J.S.DEWAR et al. JACS, 107, 3902, (1985)
| QMMM: C : M.J.S.DEWAR et al. JACS, 107, 3902, (1985)
| QMMM: O : M.J.S.DEWAR et al. JACS, 107, 3902, (1985)
| QMMM: S : M.J.S.DEWAR et al. INORG. CHEM., 29, 3881, (1990)
| QMMM: H : M.J.S.DEWAR et al. JACS, 107, 3902, (1985)

| QMMM: *** SCF convergence criteria ***
| QMMM: Energy change                :  0.1D-09 kcal/mol
| QMMM: Error matrix |FP-PF|         :  0.1D+00 au
| QMMM: Density matrix change        :  0.5D-06
| QMMM: Maximum number of SCF cycles :     1000

| QMMM: *** Diagonalization Routine Information ***
| QMMM: Pseudo diagonalizations are allowed.
| QMMM: Auto diagonalization routine selection is in use.
| QMMM:
| QMMM: Timing diagonalization routines:
| QMMM:                              norbs =      101
| QMMM:    diag iterations used for timing =       10
| QMMM:
| QMMM:              Internal diag routine = 0.021352 seconds
| QMMM:                 Dspev diag routine = 0.025537 seconds
| QMMM:                Dspevd diag routine = 0.019828 seconds
| QMMM:                Dspevx diag routine = 0.083375 seconds
| QMMM:                 Dsyev diag routine = 0.027637 seconds
| QMMM:                Dsyevd diag routine = 0.022859 seconds
| QMMM:                Dsyevr diag routine = 0.024207 seconds
| QMMM:
| QMMM:                Pseudo diag routine = 0.008602 seconds
| QMMM:
| QMMM: Using dspevd routine (diag_routine=3).

  QMMM: QM Region Cartesian Coordinates (*=link atom) 
  QMMM: QM_NO.   MM_NO.  ATOM         X         Y         Z
  QMMM:     1        1      N      -65.2680    0.1150  -26.9230
  QMMM:     2        2      C      -64.2450   -0.1600  -27.7540
  QMMM:     3        3      O      -61.5370    3.5070  -27.9000
  QMMM:     4        4      C      -66.0700   -0.9290  -28.6020
  QMMM:     5        5      N      -64.7810   -0.8180  -28.7570
  QMMM:     6        6      C      -62.9840   -2.1510  -29.5560
  QMMM:     7        7      N      -66.4570   -0.3950  -27.4510
  QMMM:     8        8      C      -62.0910   -2.5470  -30.5470
  QMMM:     9        9      C      -63.9970   -1.1930  -29.7540
  QMMM:    10       10      C      -62.1620   -1.9450  -31.8690
  QMMM:    11       11      C      -64.0640   -0.5850  -31.0080
  QMMM:    12       12      C      -63.2090   -0.9320  -32.0510
  QMMM:    13       13      C      -66.7140   -1.7320  -31.2420
  QMMM:    14       14      C      -62.7910    0.1960  -27.5390
  QMMM:    15       15      C      -62.7160    1.5790  -26.9200
  QMMM:    16       16      C      -62.6930    2.6500  -28.0070
  QMMM:    17       17      C      -61.2410   -2.3370  -32.9880
  QMMM:    18       18      C      -63.3670   -0.2660  -33.3820
  QMMM:    19       19      C      -61.0570   -3.5880  -30.2850
  QMMM:    20       20      S      -67.2540   -1.6800  -29.6040
  QMMM:    21       21      H      -61.5870    4.1520  -28.6090
  QMMM:    22       22      H      -62.8950   -2.6040  -28.5800
  QMMM:    23       23      H      -64.8050    0.1820  -31.1760
  QMMM:    24       24      H      -67.4740   -2.2090  -31.8600
  QMMM:    25       25      H      -65.7870   -2.3020  -31.3010
  QMMM:    26       26      H      -66.5400   -0.7170  -31.6000
  QMMM:    27       27      H      -62.2670    0.1930  -28.4950
  QMMM:    28       28      H      -62.3300   -0.5310  -26.8700
  QMMM:    29       29      H      -63.5860    1.7340  -26.2820
  QMMM:    30       30      H      -61.8080    1.6560  -26.3220
  QMMM:    31       31      H      -62.6800    2.1620  -28.9810
  QMMM:    32       32      H      -63.5920    3.2600  -27.9190
  QMMM:    33       33      H      -61.4820   -1.7550  -33.8770
  QMMM:    34       34      H      -61.3630   -3.3980  -33.2040
  QMMM:    35       35      H      -60.2090   -2.1430  -32.6950
  QMMM:    36       36      H      -62.6200   -0.6550  -34.0740
  QMMM:    37       37      H      -63.2310    0.8100  -33.2690
  QMMM:    38       38      H      -64.3640   -0.4670  -33.7730
  QMMM:    39       39      H      -61.1410   -3.9320  -29.2540
  QMMM:    40       40      H      -60.0660   -3.1650  -30.4480
  QMMM:    41       41      H      -61.2080   -4.4290  -30.9620

--------------------------------------------------------------------------------
  RESULTS
--------------------------------------------------------------------------------

      iter         sqm energy              rms gradient
      ----    -------------------    -----------------------
xmin    10       27.8504 kcal/mol        0.9317 kcal/(mol*A)
xmin    20       25.2707 kcal/mol        0.3780 kcal/(mol*A)
xmin    30       24.7384 kcal/mol        0.4630 kcal/(mol*A)
xmin    40       23.2908 kcal/mol        1.2344 kcal/(mol*A)
xmin    50       22.3958 kcal/mol        0.3320 kcal/(mol*A)
xmin    60       22.2465 kcal/mol        0.0402 kcal/(mol*A)
xmin    70       22.2400 kcal/mol        0.0844 kcal/(mol*A)
xmin    80       22.2325 kcal/mol        0.0414 kcal/(mol*A)
xmin    90       22.2253 kcal/mol        0.0476 kcal/(mol*A)
xmin   100       22.2143 kcal/mol        0.2140 kcal/(mol*A)
xmin   110       22.2180 kcal/mol        0.0732 kcal/(mol*A)
xmin   120       22.2017 kcal/mol        0.0305 kcal/(mol*A)
xmin   130       21.9829 kcal/mol        0.4436 kcal/(mol*A)
xmin   140       21.6568 kcal/mol        0.2050 kcal/(mol*A)
xmin   150       21.5278 kcal/mol        0.0936 kcal/(mol*A)
xmin   160       21.5005 kcal/mol        0.1207 kcal/(mol*A)
xmin   170       21.4957 kcal/mol        0.0330 kcal/(mol*A)
xmin   180       21.4947 kcal/mol        0.0136 kcal/(mol*A)
xmin   190       21.4946 kcal/mol        0.0047 kcal/(mol*A)
xmin   200       21.4946 kcal/mol        0.0027 kcal/(mol*A)
xmin   210       21.4945 kcal/mol        0.0011 kcal/(mol*A)
  ... geometry converged !
 
 Final MO eigenvalues (eV):
 -42.0748  -40.3367  -38.2324  -36.1269  -35.0734  -34.6781  -32.4476  -30.6946
 -29.7950  -29.6182  -27.7381  -27.2348  -26.7007  -24.0454  -23.3622  -22.1293
 -21.7424  -20.6084  -18.8597  -18.1934  -17.6108  -17.3121  -16.7738  -16.4633
 -16.1930  -15.7652  -15.6353  -15.4351  -14.9282  -14.7522  -14.5112  -14.3493
 -14.2604  -13.9950  -13.8123  -13.7223  -13.6226  -13.5639  -13.1422  -13.0220
 -12.9167  -12.7937  -12.3466  -12.2393  -12.1817  -11.9496  -11.8914  -11.3994
 -11.0737  -10.7464  -10.5610   -9.7515   -9.3410   -8.3445   -0.4019   -0.0061
   0.1776    0.6411    1.1920    1.3936    1.6859    2.2324    3.2679    3.3412
   3.4252    3.4435    3.6710    3.6808    3.7395    3.7850    3.8222    3.9093
   3.9726    3.9758    3.9878    4.1113    4.1278    4.1588    4.2118    4.3048
   4.3211    4.3390    4.3876    4.4323    4.4784    4.5112    4.5860    4.6022
   4.6734    4.7431    4.8180    4.8654    5.0001    5.1039    5.1610    5.2009
   5.3449    5.4938    5.9739    6.3914    7.4938

 Heat of formation   =         21.49454327 kcal/mol  (        0.93207334 eV)

 Total SCF energy    =     -77126.30691969 kcal/mol  (    -3344.44763539 eV)
 Electronic energy   =    -543249.23528169 kcal/mol  (   -23557.05456319 eV)
 Core-core repulsion =     466122.92836200 kcal/mol  (    20212.60692780 eV)
 
    Atomic Charges for Step       1 :
  Atom    Element       Mulliken Charge
     1      N                 -0.078
     2      C                 -0.074
     3      O                 -0.331
     4      C                 -0.254
     5      N                 -0.111
     6      C                 -0.135
     7      N                 -0.099
     8      C                 -0.054
     9      C                  0.045
    10      C                 -0.064
    11      C                 -0.134
    12      C                 -0.049
    13      C                 -0.362
    14      C                 -0.082
    15      C                 -0.157
    16      C                 -0.020
    17      C                 -0.183
    18      C                 -0.182
    19      C                 -0.182
    20      S                  0.307
    21      H                  0.199
    22      H                  0.145
    23      H                  0.155
    24      H                  0.117
    25      H                  0.120
    26      H                  0.119
    27      H                  0.099
    28      H                  0.103
    29      H                  0.117
    30      H                  0.099
    31      H                  0.057
    32      H                  0.078
    33      H                  0.087
    34      H                  0.090
    35      H                  0.086
    36      H                  0.089
    37      H                  0.087
    38      H                  0.089
    39      H                  0.085
    40      H                  0.089
    41      H                  0.089
 Total Mulliken Charge =       0.000
 
                  X        Y        Z     TOTAL  
  QM DIPOLE     2.329   -2.459   -4.767    5.847
 
 Final Structure

  QMMM: QM Region Cartesian Coordinates (*=link atom) 
  QMMM: QM_NO.   MM_NO.  ATOM         X         Y         Z
  QMMM:     1        1      N      -65.4154    0.4923  -27.5790
  QMMM:     2        2      C      -64.2228    0.0686  -28.0986
  QMMM:     3        3      O      -62.3225    3.7727  -26.6496
  QMMM:     4        4      C      -65.8865   -0.4302  -29.5163
  QMMM:     5        5      N      -64.4906   -0.5470  -29.3468
  QMMM:     6        6      C      -62.5131   -1.9218  -29.7875
  QMMM:     7        7      N      -66.3913    0.2042  -28.4084
  QMMM:     8        8      C      -61.6068   -2.4845  -30.6880
  QMMM:     9        9      C      -63.5766   -1.1248  -30.2526
  QMMM:    10       10      C      -61.7478   -2.2660  -32.0694
  QMMM:    11       11      C      -63.7285   -0.9255  -31.6386
  QMMM:    12       12      C      -62.8243   -1.4938  -32.5381
  QMMM:    13       13      C      -68.4112   -0.8480  -30.3782
  QMMM:    14       14      C      -62.8711    0.2004  -27.4919
  QMMM:    15       15      C      -62.7155    1.4439  -26.6430
  QMMM:    16       16      C      -62.7697    2.7110  -27.4799
  QMMM:    17       17      C      -60.7810   -2.8666  -33.0192
  QMMM:    18       18      C      -63.0219   -1.2681  -33.9912
  QMMM:    19       19      C      -60.4994   -3.3217  -30.1648
  QMMM:    20       20      S      -66.7341   -0.9918  -30.8629
  QMMM:    21       21      H      -62.5820    4.5916  -27.0861
  QMMM:    22       22      H      -62.3938   -2.1158  -28.7092
  QMMM:    23       23      H      -64.5701   -0.3228  -32.0243
  QMMM:    24       24      H      -68.9947   -1.2440  -31.2426
  QMMM:    25       25      H      -68.7077    0.2072  -30.1844
  QMMM:    26       26      H      -68.6439   -1.4473  -29.4697
  QMMM:    27       27      H      -62.0916    0.1985  -28.3029
  QMMM:    28       28      H      -62.6941   -0.7041  -26.8455
  QMMM:    29       29      H      -63.5089    1.4878  -25.8524
  QMMM:    30       30      H      -61.7237    1.3981  -26.1185
  QMMM:    31       31      H      -62.0881    2.6308  -28.3703
  QMMM:    32       32      H      -63.8158    2.9026  -27.8377
  QMMM:    33       33      H      -60.7080   -2.2688  -33.9611
  QMMM:    34       34      H      -61.1069   -3.9044  -33.2852
  QMMM:    35       35      H      -59.7582   -2.9246  -32.5701
  QMMM:    36       36      H      -62.2064   -0.6164  -34.3954
  QMMM:    37       37      H      -64.0012   -0.7695  -34.1956
  QMMM:    38       38      H      -63.0010   -2.2414  -34.5427
  QMMM:    39       39      H      -60.6315   -3.5381  -29.0763
  QMMM:    40       40      H      -59.5204   -2.7962  -30.3016
  QMMM:    41       41      H      -60.4548   -4.2955  -30.7142

           --------- Calculation Completed ----------

