
 -----------------------------------------------
      Restrained ESP Fit 2.3  Amber 4.1
 -----------------------------------------------
 Resp charges for organic molecule                                               
 -----------------------------------------------


 inopt       =     0   ioutopt     =     1
 nmol        =     1   iqopt       =     0
 ihfree      =     1   irstrnt     =     1
 iunits      =     0   qwt         =   0.00050000
 wtmol(1) =     1.000000
 subtitle:

Resp charges for organic molecule                                               
ich =   0  iuniq =  42
    1    6    0
    2    7    0
    3    8    0
    4    6    0
    5    6    0
    6    6    0
    7    6    4
    8    6    0
    9    6    0
   10    6    0
   11    6    0
   12    6    0
   13    6    0
   14    6    0
   15    6    0
   16    6    0
   17   53    0
   18    6    0
   19    7    0
   20    8    0
   21    6    5
   22    1    0
   23    1    0
   24    1    0
   25    1   22
   26    1    0
   27    1    0
   28    1    0
   29    1    0
   30    1    0
   31    1    0
   32    1    0
   33    1    0
   34    1    0
   35    1    0
   36    1    0
   37    1    0
   38    1    0
   39    1    0
   40    1    0
   41    1    0
   42    1   23

  ----------------------------------------------------------------------------
     ATOM                       COORDINATES                         CHARGE
                       X             Y                Z
  ----------------------------------------------------------------------------
  ----------------------------------------------------------------------------


 Charge on the molecule(ich) =    0
 Total number of atoms (iuniq)     =   42
 Weight factor on initial charge restraints(qwt)=     0.50000D-03


  there are  1 charge constraints:


     1       1
     2       1
     3       1
     4       1
     5       1
     6       1
     7       1
     8       1
     9       1
    10       1
    11       1
    12       1
    13       1
    14       1
    15       1
    16       1
    17       1
    18       1
    19       1
    20       1
    21       1
    22       1
    23       1
    24       1
    25       1
    26       1
    27       1
    28       1
    29       1
    30       1
    31       1
    32       1
    33       1
    34       1
    35       1
    36       1
    37       1
    38       1
    39       1
    40       1
    41       1
    42       1

 Reading esp"s for molecule   1
 total number of atoms      =    42
 total number of esp points = 10881


 center     X       Y       Z 
    1  -0.1842592E+01   0.2839771E+01   0.8185424E+00
    2  -0.4036908E+00  -0.3841061E+01  -0.7762314E+00
    3   0.6019131E+01  -0.3044456E+01   0.1100926E+01
    4  -0.4444038E+01   0.6403359E+01  -0.1265361E+00
    5  -0.8582833E+00   0.4077655E+01   0.2886400E+01
    6  -0.3490396E+01   0.7641674E+01   0.1975682E+01
    7  -0.1694202E+01   0.6487904E+01   0.3478710E+01
    8  -0.8794520E+00   0.3198456E+00   0.2135315E+00
    9  -0.2191886E+01  -0.2120953E+01  -0.2775970E+00
   10   0.1859339E+01  -0.2581838E+01  -0.6073712E+00
   11   0.3748736E+01   0.1576891E+01   0.3208963E+00
   12   0.4842293E+01   0.3062129E+01  -0.1875682E+01
   13   0.2925324E+01   0.4959796E+01  -0.2841180E+01
   14   0.7147875E+01   0.4514410E+01  -0.9983026E+00
   15   0.4436039E+01  -0.3666479E+01  -0.9876747E+00
   16   0.8103332E+01  -0.4765747E+01   0.1037265E+01
   17  -0.6224077E+01  -0.3015258E+01  -0.2158294E+00
   18   0.9517008E+01  -0.4549602E+01   0.3466581E+01
   19   0.1593445E+01  -0.1493375E+00  -0.6615175E-01
   20   0.5618981E+01   0.1379150E+01  -0.3833207E+01
   21  -0.3605486E+01   0.3993271E+01  -0.7169110E+00
   22  -0.5839499E+01   0.7315600E+01  -0.1304092E+01
   23   0.5595403E+00   0.3173511E+01   0.4042035E+01
   24  -0.4153264E+01   0.9514916E+01   0.2440262E+01
   25  -0.9446098E+00   0.7460170E+01   0.5107814E+01
   26   0.3152371E+01   0.2958649E+01   0.1727680E+01
   27   0.5286422E+01   0.4384240E+00   0.1085602E+01
   28   0.2369930E+01   0.6215190E+01  -0.1306027E+01
   29   0.1267581E+01   0.3962659E+01  -0.3546619E+01
   30   0.3761282E+01   0.6066206E+01  -0.4365035E+01
   31   0.6608899E+01   0.5819069E+01   0.5011005E+00
   32   0.7934752E+01   0.5574839E+01  -0.2578796E+01
   33   0.8560595E+01   0.3195999E+01  -0.2863313E+00
   34   0.5252153E+01  -0.2895160E+01  -0.2714707E+01
   35   0.4294975E+01  -0.5715091E+01  -0.1150813E+01
   36   0.7407871E+01  -0.6690441E+01   0.8066843E+00
   37   0.9346838E+01  -0.4293357E+01  -0.5342388E+00
   38   0.8267277E+01  -0.5023895E+01   0.5033799E+01
   39   0.1020157E+02  -0.2619523E+01   0.3693088E+01
   40   0.1111578E+02  -0.5846850E+01   0.3446989E+01
   41   0.6877569E+01   0.2735454E+00  -0.3137797E+01
   42  -0.4326764E+01   0.3026946E+01  -0.2364782E+01
 Initial ssvpot =     2.133


 Number of unique UNfrozen centers=   38

 Non-linear optimization requested.
 qchnge =    0.4022289164E-01
 qchnge =    0.3118232758E-02
 qchnge =    0.6712234916E-03
 qchnge =    0.1854242300E-03
 qchnge =    0.5774697915E-04
 qchnge =    0.1900484407E-04
 qchnge =    0.6384473755E-05
 qchnge =    0.2159585785E-05
 qchnge =    0.7320859412E-06

 Convergence in    8 iterations


Resp charges for organic molecule                                               

          Point Charges Before & After Optimization

    no.  At.no.    q(init)       q(opt)     ivary    d(rstr)/dq
    1   6       0.000000       0.064095      0       0.004209
    2   7       0.000000      -0.590555      0       0.000835
    3   8       0.000000      -0.196807      0       0.002265
    4   6       0.000000      -0.077204      0       0.003958
    5   6       0.000000      -0.080912      0       0.003887
    6   6       0.000000      -0.040730      0       0.004631
    7   6       0.000000      -0.077204      4       0.003958
    8   6       0.000000      -0.158161      0       0.002672
    9   6       0.000000       0.383533      0       0.001261
   10   6       0.000000       0.455611      0       0.001072
   11   6       0.000000      -0.150412      0       0.002768
   12   6       0.000000       0.667562      0       0.000741
   13   6       0.000000      -0.429946      0       0.001133
   14   6       0.000000      -0.520586      0       0.000943
   15   6       0.000000      -0.211070      0       0.002141
   16   6       0.000000       0.198992      0       0.002245
   17  53       0.000000      -0.149849      0       0.002775
   18   6       0.000000      -0.365162      0       0.001321
   19   7       0.000000      -0.057306      0       0.004338
   20   8       0.000000      -0.593167      0       0.000831
   21   6       0.000000      -0.080912      5       0.003887
   22   1       0.000000       0.068349      0       0.000000
   23   1       0.000000       0.072416      0       0.000000
   24   1       0.000000       0.058384      0       0.000000
   25   1       0.000000       0.068349     22       0.000000
   26   1       0.000000       0.090426      0       0.000000
   27   1       0.000000       0.027539      0       0.000000
   28   1       0.000000       0.109602      0       0.000000
   29   1       0.000000       0.115234      0       0.000000
   30   1       0.000000       0.108088      0       0.000000
   31   1       0.000000       0.114853      0       0.000000
   32   1       0.000000       0.133940      0       0.000000
   33   1       0.000000       0.121878      0       0.000000
   34   1       0.000000       0.066636      0       0.000000
   35   1       0.000000       0.096791      0       0.000000
   36   1       0.000000       0.037252      0       0.000000
   37   1       0.000000       0.007029      0       0.000000
   38   1       0.000000       0.097725      0       0.000000
   39   1       0.000000       0.101911      0       0.000000
   40   1       0.000000       0.094746      0       0.000000
   41   1       0.000000       0.346623      0       0.000000
   42   1       0.000000       0.072416     23       0.000000

 Sum over the calculated charges:     -0.000

        Statistics of the fitting:
  The initial sum of squares (ssvpot)                      2.133
  The residual sum of squares (chipot)                     0.019
  The std err of estimate (sqrt(chipot/N))               0.00133
  ESP relative RMS (SQRT(chipot/ssvpot))                 0.09463

 Center of Mass (Angst.):

 X  =   0.00000      Y  =   0.00000      Z  =   0.00000

 Dipole (Debye):

 X  =   5.02987      Y  =   2.93016      Z  =   1.18717

 Dipole Moment (Debye)=   5.94094

 Quadrupole (Debye*Angst.):

 Qxx =  18.35903     QYY =   0.80254     QZZ = -19.16157
 Qxy = -52.49740     QXZ = -15.86346     QYZ = -18.94413
