               :-) GROMACS - gmx mdrun, 2020.5-dev-UNCHECKED (-:

                            GROMACS is written by:
     Emile Apol      Rossen Apostolov      Paul Bauer     Herman J.C. Berendsen
    Par Bjelkmar      Christian Blau   Viacheslav Bolnykh     Kevin Boyd    
 Aldert van Buuren   Rudi van Drunen     Anton Feenstra       Alan Gray     
  Gerrit Groenhof     Anca Hamuraru    Vincent Hindriksen  M. Eric Irrgang  
  Aleksei Iupinov   Christoph Junghans     Joe Jordan     Dimitrios Karkoulis
    Peter Kasson        Jiri Kraus      Carsten Kutzner      Per Larsson    
  Justin A. Lemkul    Viveca Lindahl    Magnus Lundborg     Erik Marklund   
    Pascal Merz     Pieter Meulenhoff    Teemu Murtola       Szilard Pall   
    Sander Pronk      Roland Schulz      Michael Shirts    Alexey Shvetsov  
   Alfons Sijbers     Peter Tieleman      Jon Vincent      Teemu Virolainen 
 Christian Wennberg    Maarten Wolf      Artem Zhmurov   
                           and the project leaders:
        Mark Abraham, Berk Hess, Erik Lindahl, and David van der Spoel

Copyright (c) 1991-2000, University of Groningen, The Netherlands.
Copyright (c) 2001-2019, The GROMACS development team at
Uppsala University, Stockholm University and
the Royal Institute of Technology, Sweden.
check out http://www.gromacs.org for more information.

GROMACS is free software; you can redistribute it and/or modify it
under the terms of the GNU Lesser General Public License
as published by the Free Software Foundation; either version 2.1
of the License, or (at your option) any later version.

GROMACS:      gmx mdrun, version 2020.5-dev-UNCHECKED
Executable:   /afs/math/software/gromacs/ramd-2.0/@sys/@sys/bin/gmx
Data prefix:  /afs/math/software/gromacs/ramd-2.0/@sys/@sys
Working dir:  /net/beegfs/talagayev/gromacs/7tyx/GROMACS/5/5_18
Process ID:   1495
Command line:
  gmx mdrun -s 7tyx_5_Rep18_tauramd_run.tpr -c confout_5_18_Rep_tauramd.gro -x confout_5_18_Rep_tauramd.xtc -g 2nd_tauramd.log -maxh 160

GROMACS version:    2020.5-dev-UNCHECKED
The source code this program was compiled from has not been verified because the reference checksum was missing during compilation. This means you have an incomplete GROMACS distribution, please make sure to download an intact source distribution and compile that before proceeding.
Computed checksum: NoChecksumFile
Precision:          single
Memory model:       64 bit
MPI library:        thread_mpi
OpenMP support:     enabled (GMX_OPENMP_MAX_THREADS = 64)
GPU support:        CUDA
SIMD instructions:  AVX2_128
FFT library:        fftw-3.3.5-sse2-avx
RDTSCP usage:       enabled
TNG support:        enabled
Hwloc support:      hwloc-2.1.0
Tracing support:    disabled
C compiler:         /usr/bin/clang Clang 12.0.1
C compiler flags:   -mavx2 -mfma -Wall -Wno-unused -Wunused-value -Wunused-parameter -O3 -DNDEBUG
C++ compiler:       /usr/bin/clang++ Clang 12.0.1
C++ compiler flags: -mavx2 -mfma -Wall -Wextra -Wno-missing-field-initializers -Wpointer-arith -Wmissing-prototypes -Wdeprecated -Wno-unused-function -fopenmp=libomp -O3 -DNDEBUG
CUDA compiler:      /afs/math/software/nvidia/cuda/11.6.1/bin/nvcc nvcc: NVIDIA (R) Cuda compiler driver;Copyright (c) 2005-2022 NVIDIA Corporation;Built on Thu_Feb_10_18:23:41_PST_2022;Cuda compilation tools, release 11.6, V11.6.112;Build cuda_11.6.r11.6/compiler.30978841_0
CUDA compiler flags:-gencode;arch=compute_35,code=sm_35;-gencode;arch=compute_37,code=sm_37;-gencode;arch=compute_50,code=sm_50;-gencode;arch=compute_52,code=sm_52;-gencode;arch=compute_60,code=sm_60;-gencode;arch=compute_61,code=sm_61;-gencode;arch=compute_70,code=sm_70;-Wno-deprecated-gpu-targets;-gencode;arch=compute_35,code=compute_35;-gencode;arch=compute_50,code=compute_50;-gencode;arch=compute_52,code=compute_52;-gencode;arch=compute_60,code=compute_60;-gencode;arch=compute_61,code=compute_61;-gencode;arch=compute_70,code=compute_70;-gencode;arch=compute_75,code=compute_75;-gencode;arch=compute_80,code=compute_80;-use_fast_math;-D_FORCE_INLINES;-mavx2 -mfma -Wall -Wextra -Wno-missing-field-initializers -Wpointer-arith -Wmissing-prototypes -Wdeprecated -Wno-unused-function -fopenmp=libomp -O3 -DNDEBUG
CUDA driver:        12.50
CUDA runtime:       11.60


Running on 1 node with total 20 cores, 20 logical cores, 2 compatible GPUs
Hardware detected:
  CPU info:
    Vendor: Intel
    Brand:  Intel(R) Xeon(R) CPU E5-2630 v4 @ 2.20GHz
    Family: 6   Model: 79   Stepping: 1
    Features: aes apic avx avx2 clfsh cmov cx8 cx16 f16c fma hle htt intel lahf mmx msr nonstop_tsc pcid pclmuldq pdcm pdpe1gb popcnt pse rdrnd rdtscp rtm sse2 sse3 sse4.1 sse4.2 ssse3 tdt x2apic
  Hardware topology: Only logical processor count
  GPU info:
    Number of GPUs detected: 2
    #0: NVIDIA NVIDIA GeForce GTX 1080, compute cap.: 6.1, ECC:  no, stat: compatible
    #1: NVIDIA NVIDIA GeForce GTX 1080, compute cap.: 6.1, ECC:  no, stat: compatible

Highest SIMD level requested by all nodes in run: AVX2_256
SIMD instructions selected at compile time:       AVX2_128
Compiled SIMD newer than requested; program might crash.

++++ PLEASE READ AND CITE THE FOLLOWING REFERENCE ++++
M. J. Abraham, T. Murtola, R. Schulz, S. Páll, J. C. Smith, B. Hess, E.
Lindahl
GROMACS: High performance molecular simulations through multi-level
parallelism from laptops to supercomputers
SoftwareX 1 (2015) pp. 19-25
-------- -------- --- Thank You --- -------- --------


++++ PLEASE READ AND CITE THE FOLLOWING REFERENCE ++++
S. Páll, M. J. Abraham, C. Kutzner, B. Hess, E. Lindahl
Tackling Exascale Software Challenges in Molecular Dynamics Simulations with
GROMACS
In S. Markidis & E. Laure (Eds.), Solving Software Challenges for Exascale 8759 (2015) pp. 3-27
-------- -------- --- Thank You --- -------- --------


++++ PLEASE READ AND CITE THE FOLLOWING REFERENCE ++++
S. Pronk, S. Páll, R. Schulz, P. Larsson, P. Bjelkmar, R. Apostolov, M. R.
Shirts, J. C. Smith, P. M. Kasson, D. van der Spoel, B. Hess, and E. Lindahl
GROMACS 4.5: a high-throughput and highly parallel open source molecular
simulation toolkit
Bioinformatics 29 (2013) pp. 845-54
-------- -------- --- Thank You --- -------- --------


++++ PLEASE READ AND CITE THE FOLLOWING REFERENCE ++++
B. Hess and C. Kutzner and D. van der Spoel and E. Lindahl
GROMACS 4: Algorithms for highly efficient, load-balanced, and scalable
molecular simulation
J. Chem. Theory Comput. 4 (2008) pp. 435-447
-------- -------- --- Thank You --- -------- --------


++++ PLEASE READ AND CITE THE FOLLOWING REFERENCE ++++
D. van der Spoel, E. Lindahl, B. Hess, G. Groenhof, A. E. Mark and H. J. C.
Berendsen
GROMACS: Fast, Flexible and Free
J. Comp. Chem. 26 (2005) pp. 1701-1719
-------- -------- --- Thank You --- -------- --------


++++ PLEASE READ AND CITE THE FOLLOWING REFERENCE ++++
E. Lindahl and B. Hess and D. van der Spoel
GROMACS 3.0: A package for molecular simulation and trajectory analysis
J. Mol. Mod. 7 (2001) pp. 306-317
-------- -------- --- Thank You --- -------- --------


++++ PLEASE READ AND CITE THE FOLLOWING REFERENCE ++++
H. J. C. Berendsen, D. van der Spoel and R. van Drunen
GROMACS: A message-passing parallel molecular dynamics implementation
Comp. Phys. Comm. 91 (1995) pp. 43-56
-------- -------- --- Thank You --- -------- --------


++++ PLEASE CITE THE DOI FOR THIS VERSION OF GROMACS ++++
https://doi.org/10.5281/zenodo.4420785
-------- -------- --- Thank You --- -------- --------

Input Parameters:
   integrator                     = md
   tinit                          = 0
   dt                             = 0.002
   nsteps                         = 50000000
   init-step                      = 0
   simulation-part                = 1
   comm-mode                      = Linear
   nstcomm                        = 100
   bd-fric                        = 0
   ld-seed                        = -1384541
   emtol                          = 10
   emstep                         = 0.01
   niter                          = 20
   fcstep                         = 0
   nstcgsteep                     = 1000
   nbfgscorr                      = 10
   rtpi                           = 0.05
   nstxout                        = 0
   nstvout                        = 0
   nstfout                        = 0
   nstlog                         = 5000
   nstcalcenergy                  = 100
   nstenergy                      = 5000
   nstxout-compressed             = 5000
   compressed-x-precision         = 1000
   cutoff-scheme                  = Verlet
   nstlist                        = 20
   pbc                            = xyz
   periodic-molecules             = false
   verlet-buffer-tolerance        = 0.005
   rlist                          = 1.22
   coulombtype                    = PME
   coulomb-modifier               = Potential-shift
   rcoulomb-switch                = 0
   rcoulomb                       = 1.2
   epsilon-r                      = 1
   epsilon-rf                     = inf
   vdw-type                       = Cut-off
   vdw-modifier                   = None
   rvdw-switch                    = 0
   rvdw                           = 1.2
   DispCorr                       = EnerPres
   table-extension                = 1
   fourierspacing                 = 0.12
   fourier-nx                     = 104
   fourier-ny                     = 104
   fourier-nz                     = 104
   pme-order                      = 4
   ewald-rtol                     = 1e-05
   ewald-rtol-lj                  = 1e-05
   lj-pme-comb-rule               = Geometric
   ewald-geometry                 = 0
   epsilon-surface                = 0
   tcoupl                         = Nose-Hoover
   nsttcouple                     = 2
   nh-chain-length                = 1
   print-nose-hoover-chain-variables = false
   pcoupl                         = Parrinello-Rahman
   pcoupltype                     = Isotropic
   nstpcouple                     = 20
   tau-p                          = 5
   compressibility (3x3):
      compressibility[    0]={ 4.50000e-05,  0.00000e+00,  0.00000e+00}
      compressibility[    1]={ 0.00000e+00,  4.50000e-05,  0.00000e+00}
      compressibility[    2]={ 0.00000e+00,  0.00000e+00,  4.50000e-05}
   ref-p (3x3):
      ref-p[    0]={ 1.00000e+00,  0.00000e+00,  0.00000e+00}
      ref-p[    1]={ 0.00000e+00,  1.00000e+00,  0.00000e+00}
      ref-p[    2]={ 0.00000e+00,  0.00000e+00,  1.00000e+00}
   refcoord-scaling               = COM
   posres-com (3):
      posres-com[0]= 0.00000e+00
      posres-com[1]= 0.00000e+00
      posres-com[2]= 0.00000e+00
   posres-comB (3):
      posres-comB[0]= 0.00000e+00
      posres-comB[1]= 0.00000e+00
      posres-comB[2]= 0.00000e+00
   QMMM                           = false
   QMconstraints                  = 0
   QMMMscheme                     = 0
   MMChargeScaleFactor            = 1
qm-opts:
   ngQM                           = 0
   constraint-algorithm           = Lincs
   continuation                   = true
   Shake-SOR                      = false
   shake-tol                      = 0.0001
   lincs-order                    = 4
   lincs-iter                     = 1
   lincs-warnangle                = 60
   nwall                          = 0
   wall-type                      = 9-3
   wall-r-linpot                  = -1
   wall-atomtype[0]               = -1
   wall-atomtype[1]               = -1
   wall-density[0]                = 0
   wall-density[1]                = 0
   wall-ewald-zfac                = 3
   pull                           = false
   pull-cylinder-r                = 1.5
   pull-constr-tol                = 1e-06
   pull-print-COM                 = false
   pull-print-ref-value           = false
   pull-print-components          = false
   pull-nstxout                   = 10
   pull-nstfout                   = 10
   pull-pbc-ref-prev-step-com     = true
   pull-xout-average              = false
   pull-fout-average              = false
   pull-ngroups                   = 3
   pull-group 0:
     atom: not available
     weight: not available
     pbcatom                        = -1
   pull-group 1:
     atom (24606):
        atom[0,...,24605] = {0,...,24605}
     weight: not available
     pbcatom                        = 17340
   pull-group 2:
     atom (51):
        atom[0,...,50] = {24606,...,24656}
     weight: not available
     pbcatom                        = 24631
   pull-ncoords                   = 3
   pull-coord 0:
   type                           = external-potential
   potential-provider             = RAMD
   geometry                       = direction
   group[0]                       = 1
   group[1]                       = 2
   dim (3):
      dim[0]=1
      dim[1]=1
      dim[2]=1
   origin (3):
      origin[0]= 0.00000e+00
      origin[1]= 0.00000e+00
      origin[2]= 0.00000e+00
   vec (3):
      vec[0]= 1.00000e+00
      vec[1]= 0.00000e+00
      vec[2]= 0.00000e+00
   start                          = false
   init                           = 0
   rate                           = 0
   k                              = 0
   kB                             = 0
   pull-coord 1:
   type                           = external-potential
   potential-provider             = RAMD
   geometry                       = direction
   group[0]                       = 1
   group[1]                       = 2
   dim (3):
      dim[0]=1
      dim[1]=1
      dim[2]=1
   origin (3):
      origin[0]= 0.00000e+00
      origin[1]= 0.00000e+00
      origin[2]= 0.00000e+00
   vec (3):
      vec[0]= 0.00000e+00
      vec[1]= 1.00000e+00
      vec[2]= 0.00000e+00
   start                          = false
   init                           = 0
   rate                           = 0
   k                              = 0
   kB                             = 0
   pull-coord 2:
   type                           = external-potential
   potential-provider             = RAMD
   geometry                       = direction
   group[0]                       = 1
   group[1]                       = 2
   dim (3):
      dim[0]=1
      dim[1]=1
      dim[2]=1
   origin (3):
      origin[0]= 0.00000e+00
      origin[1]= 0.00000e+00
      origin[2]= 0.00000e+00
   vec (3):
      vec[0]= 0.00000e+00
      vec[1]= 0.00000e+00
      vec[2]= 1.00000e+00
   start                          = false
   init                           = 0
   rate                           = 0
   k                              = 0
   kB                             = 0
   ramd                           = true
   ramd-seed                      = 9858
   ramd-ngroups                   = 1
   ramd-group 0:
     force                          = 294
     max_dist                       = 6
     r_min_dist                     = 0.0025
   ramd-eval-freq                 = 50
   ramd-force-out-freq            = 10
   ramd-old-angle-dist            = false
   awh                            = false
   rotation                       = false
   interactiveMD                  = false
   disre                          = No
   disre-weighting                = Conservative
   disre-mixed                    = false
   dr-fc                          = 1000
   dr-tau                         = 0
   nstdisreout                    = 100
   orire-fc                       = 0
   orire-tau                      = 0
   nstorireout                    = 100
   free-energy                    = no
   cos-acceleration               = 0
   deform (3x3):
      deform[    0]={ 0.00000e+00,  0.00000e+00,  0.00000e+00}
      deform[    1]={ 0.00000e+00,  0.00000e+00,  0.00000e+00}
      deform[    2]={ 0.00000e+00,  0.00000e+00,  0.00000e+00}
   simulated-tempering            = false
   swapcoords                     = no
   userint1                       = 0
   userint2                       = 0
   userint3                       = 0
   userint4                       = 0
   userreal1                      = 0
   userreal2                      = 0
   userreal3                      = 0
   userreal4                      = 0
   applied-forces:
     electric-field:
       x:
         E0                       = 0
         omega                    = 0
         t0                       = 0
         sigma                    = 0
       y:
         E0                       = 0
         omega                    = 0
         t0                       = 0
         sigma                    = 0
       z:
         E0                       = 0
         omega                    = 0
         t0                       = 0
         sigma                    = 0
     density-guided-simulation:
       active                     = false
       group                      = protein
       similarity-measure         = inner-product
       atom-spreading-weight      = unity
       force-constant             = 1e+09
       gaussian-transform-spreading-width = 0.2
       gaussian-transform-spreading-range-in-multiples-of-width = 4
       reference-density-filename = reference.mrc
       nst                        = 1
       normalize-densities        = true
       adaptive-force-scaling     = false
       adaptive-force-scaling-time-constant = 4
grpopts:
   nrdf:       61637      249480
   ref-t:         313         313
   tau-t:         0.1         0.1
annealing:          No          No
annealing-npoints:           0           0
   acc:	           0           0           0
   nfreeze:           N           N           N
   energygrp-flags[  0]: 0

Changing nstlist from 20 to 100, rlist from 1.22 to 1.339


Initializing Domain Decomposition on 4 ranks
Dynamic load balancing: auto
Minimum cell size due to atom displacement: 0.784 nm
Initial maximum distances in bonded interactions:
    two-body bonded interactions: 0.449 nm, LJ-14, atoms 15843 16028
  multi-body bonded interactions: 0.449 nm, Proper Dih., atoms 15843 16028
Minimum cell size due to bonded interactions: 0.493 nm
Maximum distance for 5 constraints, at 120 deg. angles, all-trans: 0.219 nm
Estimated maximum distance required for P-LINCS: 0.219 nm
Scaling the initial minimum size with 1/0.8 (option -dds) = 1.25
Using 0 separate PME ranks
Optimizing the DD grid for 4 cells with a minimum initial size of 0.980 nm
The maximum allowed number of cells is: X 10 Y 10 Z 10
Domain decomposition grid 4 x 1 x 1, separate PME ranks 0
PME domain decomposition: 4 x 1 x 1
Domain decomposition rank 0, coordinates 0 0 0

The initial number of communication pulses is: X 1
The initial domain decomposition cell size is: X 2.54 nm

The maximum allowed distance for atoms involved in interactions is:
                 non-bonded interactions           1.339 nm
(the following are initial values, they could change due to box deformation)
            two-body bonded interactions  (-rdd)   1.339 nm
          multi-body bonded interactions  (-rdd)   1.339 nm
  atoms separated by up to 5 constraints  (-rcon)  2.538 nm

When dynamic load balancing gets turned on, these settings will change to:
The maximum number of communication pulses is: X 1
The minimum size for domain decomposition cells is 1.339 nm
The requested allowed shrink of DD cells (option -dds) is: 0.80
The allowed shrink of domain decomposition cells is: X 0.53
The maximum allowed distance for atoms involved in interactions is:
                 non-bonded interactions           1.339 nm
            two-body bonded interactions  (-rdd)   1.339 nm
          multi-body bonded interactions  (-rdd)   1.339 nm
  atoms separated by up to 5 constraints  (-rcon)  1.339 nm

On host node563 2 GPUs selected for this run.
Mapping of GPU IDs to the 4 GPU tasks in the 4 ranks on this node:
  PP:0,PP:0,PP:1,PP:1
PP tasks will do (non-perturbed) short-ranged and most bonded interactions on the GPU
PP task will update and constrain coordinates on the CPU
Using 4 MPI threads

Non-default thread affinity set, disabling internal thread affinity

Using 5 OpenMP threads per tMPI thread

System total charge: 0.000
Will do PME sum in reciprocal space for electrostatic interactions.

++++ PLEASE READ AND CITE THE FOLLOWING REFERENCE ++++
U. Essmann, L. Perera, M. L. Berkowitz, T. Darden, H. Lee and L. G. Pedersen 
A smooth particle mesh Ewald method
J. Chem. Phys. 103 (1995) pp. 8577-8592
-------- -------- --- Thank You --- -------- --------

Using a Gaussian width (1/beta) of 0.384195 nm for Ewald
Potential shift: LJ r^-12: 0.000e+00 r^-6: 0.000e+00, Ewald -8.333e-06
Initialized non-bonded Ewald tables, spacing: 1.02e-03 size: 1176

Generated table with 1169 data points for 1-4 COUL.
Tabscale = 500 points/nm
Generated table with 1169 data points for 1-4 LJ6.
Tabscale = 500 points/nm
Generated table with 1169 data points for 1-4 LJ12.
Tabscale = 500 points/nm

Using GPU 8x8 nonbonded short-range kernels

Using a dual 8x8 pair-list setup updated with dynamic, rolling pruning:
  outer list: updated every 100 steps, buffer 0.139 nm, rlist 1.339 nm
  inner list: updated every  12 steps, buffer 0.002 nm, rlist 1.202 nm
At tolerance 0.005 kJ/mol/ps per atom, equivalent classical 1x1 list would be:
  outer list: updated every 100 steps, buffer 0.294 nm, rlist 1.494 nm
  inner list: updated every  12 steps, buffer 0.052 nm, rlist 1.252 nm

Using Lorentz-Berthelot Lennard-Jones combination rule

Long Range LJ corr.: <C6> 3.5367e-04


Will apply potential COM pulling
with 3 pull coordinates and 2 groups
Pull group 1: 24606 atoms, mass 174282.247
Pull group 2:    51 atoms, mass   384.434

Initializing Parallel LINear Constraint Solver

++++ PLEASE READ AND CITE THE FOLLOWING REFERENCE ++++
B. Hess
P-LINCS: A Parallel Linear Constraint Solver for molecular simulation
J. Chem. Theory Comput. 4 (2008) pp. 116-122
-------- -------- --- Thank You --- -------- --------

The number of constraints is 12331
There are constraints between atoms in different decomposition domains,
will communicate selected coordinates each lincs iteration

++++ PLEASE READ AND CITE THE FOLLOWING REFERENCE ++++
S. Miyamoto and P. A. Kollman
SETTLE: An Analytical Version of the SHAKE and RATTLE Algorithms for Rigid
Water Models
J. Comp. Chem. 13 (1992) pp. 952-962
-------- -------- --- Thank You --- -------- --------


Linking all bonded interactions to atoms

Intra-simulation communication will occur every 2 steps.
There are: 149368 Atoms
Atom distribution over 4 domains: av 37342 stddev 398 min 36923 max 37821

NOTE: DLB will not turn on during the first phase of PME tuning
Center of mass motion removal mode is Linear
We have the following groups for center of mass motion removal:
  0:  Protein_MOL

Started mdrun on rank 0 Sat May 25 15:13:04 2024

           Step           Time
              0        0.00000

   Energies (kJ/mol)
           Bond          Angle    Proper Dih.  Improper Dih.          LJ-14
    1.94693e+04    5.31350e+04    8.15680e+04    3.03007e+03    2.40047e+04
     Coulomb-14        LJ (SR)  Disper. corr.   Coulomb (SR)   Coul. recip.
    2.42538e+05    1.94036e+05   -6.46148e+03   -2.48736e+06    7.83716e+03
      Potential    Kinetic En.   Total Energy  Conserved En.    Temperature
   -1.86820e+06    3.89064e+05   -1.47914e+06   -1.47905e+06    3.00811e+02
 Pres. DC (bar) Pressure (bar)   Constr. rmsd
   -1.44983e+02   -2.09485e+01    3.49843e-06


DD  step 99 load imb.: force  1.5%
step  600: timed with pme grid 104 104 104, coulomb cutoff 1.200: 7794.2 M-cycles
step  800: timed with pme grid 96 96 96, coulomb cutoff 1.295: 2401.9 M-cycles
step 1000: timed with pme grid 84 84 84, coulomb cutoff 1.480: 2093.0 M-cycles
step 1200: timed with pme grid 72 72 72, coulomb cutoff 1.727: 5966.2 M-cycles
step 1400: timed with pme grid 80 80 80, coulomb cutoff 1.554: 4563.6 M-cycles
step 1600: timed with pme grid 84 84 84, coulomb cutoff 1.480: 3481.0 M-cycles
              optimal pme grid 84 84 84, coulomb cutoff 1.480

NOTE: DLB can now turn on, when beneficial

DD  step 4999 load imb.: force  3.4%
           Step           Time
           5000       10.00000

   Energies (kJ/mol)
           Bond          Angle    Proper Dih.  Improper Dih.          LJ-14
    2.03234e+04    5.43397e+04    8.14646e+04    2.97059e+03    2.40045e+04
     Coulomb-14        LJ (SR)  Disper. corr.   Coulomb (SR)   Coul. recip.
    2.42043e+05    1.84891e+05   -6.40515e+03   -2.44634e+06    4.11663e+03
      Potential    Kinetic En.   Total Energy  Conserved En.    Temperature
   -1.83859e+06    4.06355e+05   -1.43223e+06   -1.48035e+06    3.14180e+02
 Pres. DC (bar) Pressure (bar)   Constr. rmsd
   -1.42467e+02   -7.34417e+01    3.65920e-06


DD  step 9999 load imb.: force  1.1%
           Step           Time
          10000       20.00000

   Energies (kJ/mol)
           Bond          Angle    Proper Dih.  Improper Dih.          LJ-14
    1.97747e+04    5.39418e+04    8.16082e+04    3.05724e+03    2.41241e+04
     Coulomb-14        LJ (SR)  Disper. corr.   Coulomb (SR)   Coul. recip.
    2.42465e+05    1.82955e+05   -6.40672e+03   -2.44186e+06    4.15184e+03
      Potential    Kinetic En.   Total Energy  Conserved En.    Temperature
   -1.83619e+06    4.06593e+05   -1.42960e+06   -1.48059e+06    3.14363e+02
 Pres. DC (bar) Pressure (bar)   Constr. rmsd
   -1.42536e+02    1.41769e-01    3.55725e-06


DD  step 14999 load imb.: force  0.4%
           Step           Time
          15000       30.00000

   Energies (kJ/mol)
           Bond          Angle    Proper Dih.  Improper Dih.          LJ-14
    1.96975e+04    5.41627e+04    8.19906e+04    3.03115e+03    2.42081e+04
     Coulomb-14        LJ (SR)  Disper. corr.   Coulomb (SR)   Coul. recip.
    2.42340e+05    1.81970e+05   -6.41482e+03   -2.44277e+06    4.11455e+03
      Potential    Kinetic En.   Total Energy  Conserved En.    Temperature
   -1.83767e+06    4.03670e+05   -1.43400e+06   -1.48039e+06    3.12103e+02
 Pres. DC (bar) Pressure (bar)   Constr. rmsd
   -1.42897e+02   -4.98998e+01    3.55543e-06


DD  step 19999 load imb.: force  0.9%
           Step           Time
          20000       40.00000

   Energies (kJ/mol)
           Bond          Angle    Proper Dih.  Improper Dih.          LJ-14
    1.98755e+04    5.33778e+04    8.15611e+04    3.09175e+03    2.42336e+04
     Coulomb-14        LJ (SR)  Disper. corr.   Coulomb (SR)   Coul. recip.
    2.42118e+05    1.84247e+05   -6.40180e+03   -2.44304e+06    4.07756e+03
      Potential    Kinetic En.   Total Energy  Conserved En.    Temperature
   -1.83685e+06    4.04867e+05   -1.43199e+06   -1.48066e+06    3.13029e+02
 Pres. DC (bar) Pressure (bar)   Constr. rmsd
   -1.42317e+02    1.95953e-01    3.50276e-06


DD  step 24999 load imb.: force  1.2%
           Step           Time
          25000       50.00000

   Energies (kJ/mol)
           Bond          Angle    Proper Dih.  Improper Dih.          LJ-14
    1.97123e+04    5.43393e+04    8.20934e+04    3.01228e+03    2.41739e+04
     Coulomb-14        LJ (SR)  Disper. corr.   Coulomb (SR)   Coul. recip.
    2.42040e+05    1.81989e+05   -6.40675e+03   -2.44137e+06    4.01793e+03
      Potential    Kinetic En.   Total Energy  Conserved En.    Temperature
   -1.83640e+06    4.04441e+05   -1.43196e+06   -1.48025e+06    3.12699e+02
 Pres. DC (bar) Pressure (bar)   Constr. rmsd
   -1.42537e+02    1.16334e+01    3.54805e-06


DD  step 29999 load imb.: force  1.2%
           Step           Time
          30000       60.00000

   Energies (kJ/mol)
           Bond          Angle    Proper Dih.  Improper Dih.          LJ-14
    1.95720e+04    5.40456e+04    8.19632e+04    3.18052e+03    2.41706e+04
     Coulomb-14        LJ (SR)  Disper. corr.   Coulomb (SR)   Coul. recip.
    2.41869e+05    1.81105e+05   -6.40141e+03   -2.43862e+06    4.15715e+03
      Potential    Kinetic En.   Total Energy  Conserved En.    Temperature
   -1.83496e+06    4.04044e+05   -1.43092e+06   -1.48016e+06    3.12392e+02
 Pres. DC (bar) Pressure (bar)   Constr. rmsd
   -1.42300e+02   -7.42114e+01    3.54508e-06


DD  step 34999 load imb.: force  0.9%
           Step           Time
          35000       70.00000

   Energies (kJ/mol)
           Bond          Angle    Proper Dih.  Improper Dih.          LJ-14
    2.05244e+04    5.40177e+04    8.16005e+04    3.16511e+03    2.41017e+04
     Coulomb-14        LJ (SR)  Disper. corr.   Coulomb (SR)   Coul. recip.
    2.42148e+05    1.82922e+05   -6.38474e+03   -2.44314e+06    4.06142e+03
      Potential    Kinetic En.   Total Energy  Conserved En.    Temperature
   -1.83699e+06    4.03487e+05   -1.43350e+06   -1.47999e+06    3.11962e+02
 Pres. DC (bar) Pressure (bar)   Constr. rmsd
   -1.41560e+02   -1.91679e+02    3.59976e-06


DD  step 39999 load imb.: force  1.7%
           Step           Time
          40000       80.00000

   Energies (kJ/mol)
           Bond          Angle    Proper Dih.  Improper Dih.          LJ-14
    1.98762e+04    5.42338e+04    8.21119e+04    3.08649e+03    2.40966e+04
     Coulomb-14        LJ (SR)  Disper. corr.   Coulomb (SR)   Coul. recip.
    2.42454e+05    1.84902e+05   -6.40976e+03   -2.44705e+06    4.00667e+03
      Potential    Kinetic En.   Total Energy  Conserved En.    Temperature
   -1.83869e+06    4.03809e+05   -1.43488e+06   -1.47956e+06    3.12211e+02
 Pres. DC (bar) Pressure (bar)   Constr. rmsd
   -1.42672e+02    5.35385e+01    3.50410e-06


DD  step 44999 load imb.: force  1.5%
           Step           Time
          45000       90.00000

   Energies (kJ/mol)
           Bond          Angle    Proper Dih.  Improper Dih.          LJ-14
    1.98169e+04    5.43643e+04    8.18543e+04    3.10815e+03    2.43015e+04
     Coulomb-14        LJ (SR)  Disper. corr.   Coulomb (SR)   Coul. recip.
    2.41956e+05    1.83519e+05   -6.40767e+03   -2.44342e+06    4.15162e+03
      Potential    Kinetic En.   Total Energy  Conserved En.    Temperature
   -1.83676e+06    4.05969e+05   -1.43079e+06   -1.47980e+06    3.13881e+02
 Pres. DC (bar) Pressure (bar)   Constr. rmsd
   -1.42579e+02    3.44597e+01    3.50994e-06


DD  step 49999 load imb.: force  2.4%
           Step           Time
          50000      100.00000

   Energies (kJ/mol)
           Bond          Angle    Proper Dih.  Improper Dih.          LJ-14
    1.95715e+04    5.40937e+04    8.15505e+04    3.02632e+03    2.43113e+04
     Coulomb-14        LJ (SR)  Disper. corr.   Coulomb (SR)   Coul. recip.
    2.42057e+05    1.82739e+05   -6.39837e+03   -2.44206e+06    4.11147e+03
      Potential    Kinetic En.   Total Energy  Conserved En.    Temperature
   -1.83699e+06    4.03482e+05   -1.43351e+06   -1.47993e+06    3.11958e+02
 Pres. DC (bar) Pressure (bar)   Constr. rmsd
   -1.42165e+02   -2.24312e+01    3.56701e-06


DD  step 54999 load imb.: force  1.0%
           Step           Time
          55000      110.00000

   Energies (kJ/mol)
           Bond          Angle    Proper Dih.  Improper Dih.          LJ-14
    1.98807e+04    5.40834e+04    8.18679e+04    3.18354e+03    2.41831e+04
     Coulomb-14        LJ (SR)  Disper. corr.   Coulomb (SR)   Coul. recip.
    2.42963e+05    1.84905e+05   -6.40358e+03   -2.44674e+06    4.18550e+03
      Potential    Kinetic En.   Total Energy  Conserved En.    Temperature
   -1.83789e+06    4.06156e+05   -1.43174e+06   -1.47945e+06    3.14026e+02
 Pres. DC (bar) Pressure (bar)   Constr. rmsd
   -1.42397e+02   -1.01957e+01    3.63563e-06


DD  step 59999 load imb.: force  1.4%
           Step           Time
          60000      120.00000

   Energies (kJ/mol)
           Bond          Angle    Proper Dih.  Improper Dih.          LJ-14
    1.97711e+04    5.43181e+04    8.14171e+04    2.94476e+03    2.41937e+04
     Coulomb-14        LJ (SR)  Disper. corr.   Coulomb (SR)   Coul. recip.
    2.42520e+05    1.83160e+05   -6.40442e+03   -2.44497e+06    4.12663e+03
      Potential    Kinetic En.   Total Energy  Conserved En.    Temperature
   -1.83893e+06    4.02326e+05   -1.43660e+06   -1.47949e+06    3.11064e+02
 Pres. DC (bar) Pressure (bar)   Constr. rmsd
   -1.42434e+02   -1.44034e+01    3.59911e-06


DD  step 64999 load imb.: force  1.5%
           Step           Time
          65000      130.00000

   Energies (kJ/mol)
           Bond          Angle    Proper Dih.  Improper Dih.          LJ-14
    1.99574e+04    5.47756e+04    8.18792e+04    3.03956e+03    2.41391e+04
     Coulomb-14        LJ (SR)  Disper. corr.   Coulomb (SR)   Coul. recip.
    2.42349e+05    1.85058e+05   -6.40655e+03   -2.44733e+06    4.25352e+03
      Potential    Kinetic En.   Total Energy  Conserved En.    Temperature
   -1.83828e+06    4.01300e+05   -1.43698e+06   -1.47936e+06    3.10271e+02
 Pres. DC (bar) Pressure (bar)   Constr. rmsd
   -1.42529e+02   -5.89998e+01    3.54784e-06

Writing checkpoint, step 68000 at Sat May 25 15:28:04 2024



DD  step 69999 load imb.: force  1.2%
           Step           Time
          70000      140.00000

   Energies (kJ/mol)
           Bond          Angle    Proper Dih.  Improper Dih.          LJ-14
    1.99355e+04    5.42637e+04    8.19112e+04    3.13052e+03    2.41810e+04
     Coulomb-14        LJ (SR)  Disper. corr.   Coulomb (SR)   Coul. recip.
    2.42056e+05    1.81838e+05   -6.41431e+03   -2.44369e+06    4.08754e+03
      Potential    Kinetic En.   Total Energy  Conserved En.    Temperature
   -1.83870e+06    4.03647e+05   -1.43506e+06   -1.47971e+06    3.12086e+02
 Pres. DC (bar) Pressure (bar)   Constr. rmsd
   -1.42874e+02    3.18954e-01    3.56499e-06


DD  step 74999 load imb.: force  2.3%
           Step           Time
          75000      150.00000

   Energies (kJ/mol)
           Bond          Angle    Proper Dih.  Improper Dih.          LJ-14
    1.97734e+04    5.43745e+04    8.18629e+04    3.12710e+03    2.43930e+04
     Coulomb-14        LJ (SR)  Disper. corr.   Coulomb (SR)   Coul. recip.
    2.42865e+05    1.81415e+05   -6.39965e+03   -2.43998e+06    4.04079e+03
      Potential    Kinetic En.   Total Energy  Conserved En.    Temperature
   -1.83453e+06    4.04274e+05   -1.43026e+06   -1.47936e+06    3.12570e+02
 Pres. DC (bar) Pressure (bar)   Constr. rmsd
   -1.42222e+02   -3.15754e+01    3.56420e-06


DD  step 79999 load imb.: force  1.0%
           Step           Time
          80000      160.00000

   Energies (kJ/mol)
           Bond          Angle    Proper Dih.  Improper Dih.          LJ-14
    2.00165e+04    5.39718e+04    8.22251e+04    3.14046e+03    2.41413e+04
     Coulomb-14        LJ (SR)  Disper. corr.   Coulomb (SR)   Coul. recip.
    2.42344e+05    1.82837e+05   -6.41266e+03   -2.44595e+06    4.19744e+03
      Potential    Kinetic En.   Total Energy  Conserved En.    Temperature
   -1.83949e+06    4.05435e+05   -1.43405e+06   -1.47904e+06    3.13468e+02
 Pres. DC (bar) Pressure (bar)   Constr. rmsd
   -1.42801e+02   -1.78296e+01    3.67664e-06


DD  step 84999 load imb.: force  4.1%
           Step           Time
          85000      170.00000

   Energies (kJ/mol)
           Bond          Angle    Proper Dih.  Improper Dih.          LJ-14
    2.00120e+04    5.40108e+04    8.17025e+04    3.06793e+03    2.41128e+04
     Coulomb-14        LJ (SR)  Disper. corr.   Coulomb (SR)   Coul. recip.
    2.43218e+05    1.82607e+05   -6.41106e+03   -2.44416e+06    4.11804e+03
      Potential    Kinetic En.   Total Energy  Conserved En.    Temperature
   -1.83773e+06    4.04223e+05   -1.43350e+06   -1.47890e+06    3.12531e+02
 Pres. DC (bar) Pressure (bar)   Constr. rmsd
   -1.42730e+02   -1.41750e+01    3.55764e-06


DD  step 89999 load imb.: force  1.3%
           Step           Time
          90000      180.00000

   Energies (kJ/mol)
           Bond          Angle    Proper Dih.  Improper Dih.          LJ-14
    1.99572e+04    5.42545e+04    8.17313e+04    3.11690e+03    2.44253e+04
     Coulomb-14        LJ (SR)  Disper. corr.   Coulomb (SR)   Coul. recip.
    2.42746e+05    1.83364e+05   -6.40457e+03   -2.44663e+06    4.16363e+03
      Potential    Kinetic En.   Total Energy  Conserved En.    Temperature
   -1.83928e+06    4.04556e+05   -1.43472e+06   -1.47902e+06    3.12788e+02
 Pres. DC (bar) Pressure (bar)   Constr. rmsd
   -1.42441e+02   -3.01873e+01    3.70495e-06


DD  step 94999 load imb.: force  1.2%
           Step           Time
          95000      190.00000

   Energies (kJ/mol)
           Bond          Angle    Proper Dih.  Improper Dih.          LJ-14
    1.99274e+04    5.46275e+04    8.17888e+04    2.98574e+03    2.41636e+04
     Coulomb-14        LJ (SR)  Disper. corr.   Coulomb (SR)   Coul. recip.
    2.42598e+05    1.81769e+05   -6.40632e+03   -2.44338e+06    4.20553e+03
      Potential    Kinetic En.   Total Energy  Conserved En.    Temperature
   -1.83772e+06    4.05985e+05   -1.43173e+06   -1.47875e+06    3.13893e+02
 Pres. DC (bar) Pressure (bar)   Constr. rmsd
   -1.42519e+02   -2.36246e+01    3.62286e-06


DD  step 99999 load imb.: force  1.5%
           Step           Time
         100000      200.00000

   Energies (kJ/mol)
           Bond          Angle    Proper Dih.  Improper Dih.          LJ-14
    1.94670e+04    5.47820e+04    8.16664e+04    3.07922e+03    2.42934e+04
     Coulomb-14        LJ (SR)  Disper. corr.   Coulomb (SR)   Coul. recip.
    2.42249e+05    1.84341e+05   -6.40305e+03   -2.44531e+06    4.14373e+03
      Potential    Kinetic En.   Total Energy  Conserved En.    Temperature
   -1.83769e+06    4.05288e+05   -1.43240e+06   -1.47913e+06    3.13355e+02
 Pres. DC (bar) Pressure (bar)   Constr. rmsd
   -1.42373e+02   -4.10069e+01    3.55542e-06


DD  step 104999 load imb.: force  1.5%
           Step           Time
         105000      210.00000

   Energies (kJ/mol)
           Bond          Angle    Proper Dih.  Improper Dih.          LJ-14
    1.95412e+04    5.43633e+04    8.18699e+04    3.09295e+03    2.42521e+04
     Coulomb-14        LJ (SR)  Disper. corr.   Coulomb (SR)   Coul. recip.
    2.42811e+05    1.82262e+05   -6.41251e+03   -2.44153e+06    4.09393e+03
      Potential    Kinetic En.   Total Energy  Conserved En.    Temperature
   -1.83566e+06    4.03141e+05   -1.43252e+06   -1.47874e+06    3.11694e+02
 Pres. DC (bar) Pressure (bar)   Constr. rmsd
   -1.42794e+02    1.85636e+01    3.52142e-06


DD  step 109999 load imb.: force  1.9%
           Step           Time
         110000      220.00000

   Energies (kJ/mol)
           Bond          Angle    Proper Dih.  Improper Dih.          LJ-14
    2.01766e+04    5.45339e+04    8.19456e+04    3.02320e+03    2.43946e+04
     Coulomb-14        LJ (SR)  Disper. corr.   Coulomb (SR)   Coul. recip.
    2.42009e+05    1.83367e+05   -6.40964e+03   -2.44479e+06    4.10384e+03
      Potential    Kinetic En.   Total Energy  Conserved En.    Temperature
   -1.83765e+06    4.04745e+05   -1.43290e+06   -1.47859e+06    3.12934e+02
 Pres. DC (bar) Pressure (bar)   Constr. rmsd
   -1.42666e+02    6.86915e+01    3.64564e-06


DD  step 114999 load imb.: force  2.3%
           Step           Time
         115000      230.00000

   Energies (kJ/mol)
           Bond          Angle    Proper Dih.  Improper Dih.          LJ-14
    1.97008e+04    5.40853e+04    8.18081e+04    3.10846e+03    2.41234e+04
     Coulomb-14        LJ (SR)  Disper. corr.   Coulomb (SR)   Coul. recip.
    2.42278e+05    1.86220e+05   -6.39853e+03   -2.44370e+06    4.04001e+03
      Potential    Kinetic En.   Total Energy  Conserved En.    Temperature
   -1.83474e+06    4.05283e+05   -1.42945e+06   -1.47863e+06    3.13350e+02
 Pres. DC (bar) Pressure (bar)   Constr. rmsd
   -1.42172e+02    1.44507e+02    3.60691e-06


DD  step 119999 load imb.: force  1.4%
           Step           Time
         120000      240.00000

   Energies (kJ/mol)
           Bond          Angle    Proper Dih.  Improper Dih.          LJ-14
    1.94039e+04    5.42308e+04    8.18003e+04    3.11998e+03    2.41923e+04
     Coulomb-14        LJ (SR)  Disper. corr.   Coulomb (SR)   Coul. recip.
    2.42505e+05    1.83569e+05   -6.41129e+03   -2.44558e+06    4.02230e+03
      Potential    Kinetic En.   Total Energy  Conserved En.    Temperature
   -1.83915e+06    4.05559e+05   -1.43359e+06   -1.47840e+06    3.13564e+02
 Pres. DC (bar) Pressure (bar)   Constr. rmsd
   -1.42740e+02    6.89953e+01    3.56787e-06


DD  step 124999 load imb.: force  0.8%
           Step           Time
         125000      250.00000

   Energies (kJ/mol)
           Bond          Angle    Proper Dih.  Improper Dih.          LJ-14
    1.97101e+04    5.36184e+04    8.19329e+04    3.06504e+03    2.41640e+04
     Coulomb-14        LJ (SR)  Disper. corr.   Coulomb (SR)   Coul. recip.
    2.42639e+05    1.84559e+05   -6.40397e+03   -2.44452e+06    4.11203e+03
      Potential    Kinetic En.   Total Energy  Conserved En.    Temperature
   -1.83713e+06    4.04665e+05   -1.43246e+06   -1.47855e+06    3.12873e+02
 Pres. DC (bar) Pressure (bar)   Constr. rmsd
   -1.42414e+02    1.36945e+02    3.45112e-06


DD  step 129999 load imb.: force  1.8%
           Step           Time
         130000      260.00000

   Energies (kJ/mol)
           Bond          Angle    Proper Dih.  Improper Dih.          LJ-14
    2.04032e+04    5.44568e+04    8.19555e+04    3.00752e+03    2.40994e+04
     Coulomb-14        LJ (SR)  Disper. corr.   Coulomb (SR)   Coul. recip.
    2.42470e+05    1.83220e+05   -6.39070e+03   -2.44220e+06    4.07897e+03
      Potential    Kinetic En.   Total Energy  Conserved En.    Temperature
   -1.83490e+06    4.05710e+05   -1.42919e+06   -1.47859e+06    3.13680e+02
 Pres. DC (bar) Pressure (bar)   Constr. rmsd
   -1.41824e+02   -1.58391e+02    3.56448e-06

Writing checkpoint, step 134100 at Sat May 25 15:43:04 2024



DD  step 134999 load imb.: force  1.2%
           Step           Time
         135000      270.00000

   Energies (kJ/mol)
           Bond          Angle    Proper Dih.  Improper Dih.          LJ-14
    1.96944e+04    5.50795e+04    8.17224e+04    3.10944e+03    2.39936e+04
     Coulomb-14        LJ (SR)  Disper. corr.   Coulomb (SR)   Coul. recip.
    2.42515e+05    1.83052e+05   -6.40507e+03   -2.44628e+06    4.05847e+03
      Potential    Kinetic En.   Total Energy  Conserved En.    Temperature
   -1.83946e+06    4.06390e+05   -1.43307e+06   -1.47810e+06    3.14206e+02
 Pres. DC (bar) Pressure (bar)   Constr. rmsd
   -1.42463e+02   -8.27572e+01    3.58308e-06


DD  step 139999 load imb.: force  4.4%
           Step           Time
         140000      280.00000

   Energies (kJ/mol)
           Bond          Angle    Proper Dih.  Improper Dih.          LJ-14
    1.95987e+04    5.35733e+04    8.19425e+04    3.06224e+03    2.41411e+04
     Coulomb-14        LJ (SR)  Disper. corr.   Coulomb (SR)   Coul. recip.
    2.43076e+05    1.83303e+05   -6.40890e+03   -2.44296e+06    4.17769e+03
      Potential    Kinetic En.   Total Energy  Conserved En.    Temperature
   -1.83649e+06    4.03356e+05   -1.43314e+06   -1.47823e+06    3.11861e+02
 Pres. DC (bar) Pressure (bar)   Constr. rmsd
   -1.42634e+02    1.65924e+01    3.53431e-06


DD  step 144999 load imb.: force  3.6%
           Step           Time
         145000      290.00000

   Energies (kJ/mol)
           Bond          Angle    Proper Dih.  Improper Dih.          LJ-14
    1.98171e+04    5.34789e+04    8.20580e+04    3.01580e+03    2.42946e+04
     Coulomb-14        LJ (SR)  Disper. corr.   Coulomb (SR)   Coul. recip.
    2.43094e+05    1.82166e+05   -6.40161e+03   -2.44476e+06    4.19965e+03
      Potential    Kinetic En.   Total Energy  Conserved En.    Temperature
   -1.83904e+06    4.05893e+05   -1.43314e+06   -1.47797e+06    3.13822e+02
 Pres. DC (bar) Pressure (bar)   Constr. rmsd
   -1.42309e+02    1.74190e+01    3.56739e-06


DD  step 149999 load imb.: force  1.1%
           Step           Time
         150000      300.00000

   Energies (kJ/mol)
           Bond          Angle    Proper Dih.  Improper Dih.          LJ-14
    1.99340e+04    5.35780e+04    8.19725e+04    3.03659e+03    2.44043e+04
     Coulomb-14        LJ (SR)  Disper. corr.   Coulomb (SR)   Coul. recip.
    2.43523e+05    1.83232e+05   -6.40282e+03   -2.44327e+06    4.14286e+03
      Potential    Kinetic En.   Total Energy  Conserved En.    Temperature
   -1.83585e+06    4.03713e+05   -1.43214e+06   -1.47775e+06    3.12136e+02
 Pres. DC (bar) Pressure (bar)   Constr. rmsd
   -1.42363e+02   -1.32481e+01    3.54694e-06


DD  step 154999 load imb.: force  1.1%
           Step           Time
         155000      310.00000

   Energies (kJ/mol)
           Bond          Angle    Proper Dih.  Improper Dih.          LJ-14
    2.00818e+04    5.50186e+04    8.16297e+04    2.91893e+03    2.38438e+04
     Coulomb-14        LJ (SR)  Disper. corr.   Coulomb (SR)   Coul. recip.
    2.41693e+05    1.84137e+05   -6.40121e+03   -2.44574e+06    4.12039e+03
      Potential    Kinetic En.   Total Energy  Conserved En.    Temperature
   -1.83870e+06    4.03835e+05   -1.43486e+06   -1.47810e+06    3.12231e+02
 Pres. DC (bar) Pressure (bar)   Constr. rmsd
   -1.42291e+02   -6.99022e+01    3.59981e-06


DD  step 159999 load imb.: force  0.6%
           Step           Time
         160000      320.00000

   Energies (kJ/mol)
           Bond          Angle    Proper Dih.  Improper Dih.          LJ-14
    1.96360e+04    5.36103e+04    8.20107e+04    3.10767e+03    2.43167e+04
     Coulomb-14        LJ (SR)  Disper. corr.   Coulomb (SR)   Coul. recip.
    2.42856e+05    1.79903e+05   -6.39391e+03   -2.43835e+06    4.21239e+03
      Potential    Kinetic En.   Total Energy  Conserved En.    Temperature
   -1.83509e+06    4.04531e+05   -1.43056e+06   -1.47786e+06    3.12769e+02
 Pres. DC (bar) Pressure (bar)   Constr. rmsd
   -1.41967e+02    2.21556e+01    3.63123e-06


DD  step 164999 load imb.: force  1.5%
           Step           Time
         165000      330.00000

   Energies (kJ/mol)
           Bond          Angle    Proper Dih.  Improper Dih.          LJ-14
    1.94569e+04    5.36737e+04    8.20941e+04    3.03678e+03    2.41675e+04
     Coulomb-14        LJ (SR)  Disper. corr.   Coulomb (SR)   Coul. recip.
    2.43201e+05    1.83180e+05   -6.40645e+03   -2.44375e+06    4.18015e+03
      Potential    Kinetic En.   Total Energy  Conserved En.    Temperature
   -1.83717e+06    4.05199e+05   -1.43197e+06   -1.47772e+06    3.13286e+02
 Pres. DC (bar) Pressure (bar)   Constr. rmsd
   -1.42524e+02    4.65939e+01    3.59340e-06


DD  step 169999 load imb.: force  3.2%
           Step           Time
         170000      340.00000

   Energies (kJ/mol)
           Bond          Angle    Proper Dih.  Improper Dih.          LJ-14
    1.94955e+04    5.42380e+04    8.14872e+04    3.02685e+03    2.41834e+04
     Coulomb-14        LJ (SR)  Disper. corr.   Coulomb (SR)   Coul. recip.
    2.42873e+05    1.82333e+05   -6.40279e+03   -2.44172e+06    4.08372e+03
      Potential    Kinetic En.   Total Energy  Conserved En.    Temperature
   -1.83641e+06    4.03881e+05   -1.43253e+06   -1.47794e+06    3.12267e+02
 Pres. DC (bar) Pressure (bar)   Constr. rmsd
   -1.42361e+02    6.04307e+01    3.47660e-06


DD  step 174999 load imb.: force  0.9%
           Step           Time
         175000      350.00000

   Energies (kJ/mol)
           Bond          Angle    Proper Dih.  Improper Dih.          LJ-14
    1.99340e+04    5.44982e+04    8.13222e+04    3.01646e+03    2.43392e+04
     Coulomb-14        LJ (SR)  Disper. corr.   Coulomb (SR)   Coul. recip.
    2.42670e+05    1.84973e+05   -6.42409e+03   -2.44751e+06    3.96977e+03
      Potential    Kinetic En.   Total Energy  Conserved En.    Temperature
   -1.83921e+06    4.03702e+05   -1.43551e+06   -1.47792e+06    3.12128e+02
 Pres. DC (bar) Pressure (bar)   Constr. rmsd
   -1.43311e+02    1.69183e+02    3.64423e-06


DD  step 179999 load imb.: force  2.0%
           Step           Time
         180000      360.00000

   Energies (kJ/mol)
           Bond          Angle    Proper Dih.  Improper Dih.          LJ-14
    2.03076e+04    5.41634e+04    8.21408e+04    3.10126e+03    2.40835e+04
     Coulomb-14        LJ (SR)  Disper. corr.   Coulomb (SR)   Coul. recip.
    2.42498e+05    1.84241e+05   -6.40848e+03   -2.44469e+06    4.09529e+03
      Potential    Kinetic En.   Total Energy  Conserved En.    Temperature
   -1.83646e+06    4.06052e+05   -1.43041e+06   -1.47712e+06    3.13945e+02
 Pres. DC (bar) Pressure (bar)   Constr. rmsd
   -1.42615e+02    8.65012e+00    3.58333e-06


DD  step 184999 load imb.: force  4.9%
           Step           Time
         185000      370.00000

   Energies (kJ/mol)
           Bond          Angle    Proper Dih.  Improper Dih.          LJ-14
    1.91820e+04    5.40674e+04    8.20090e+04    3.04700e+03    2.43507e+04
     Coulomb-14        LJ (SR)  Disper. corr.   Coulomb (SR)   Coul. recip.
    2.42613e+05    1.81526e+05   -6.40409e+03   -2.44245e+06    4.22672e+03
      Potential    Kinetic En.   Total Energy  Conserved En.    Temperature
   -1.83784e+06    4.03257e+05   -1.43458e+06   -1.47766e+06    3.11784e+02
 Pres. DC (bar) Pressure (bar)   Constr. rmsd
   -1.42419e+02    3.20912e+01    3.59038e-06


DD  step 189999 load imb.: force  0.6%
           Step           Time
         190000      380.00000

   Energies (kJ/mol)
           Bond          Angle    Proper Dih.  Improper Dih.          LJ-14
    1.99174e+04    5.41483e+04    8.18861e+04    3.00365e+03    2.44169e+04
     Coulomb-14        LJ (SR)  Disper. corr.   Coulomb (SR)   Coul. recip.
    2.43006e+05    1.83546e+05   -6.41331e+03   -2.44544e+06    4.10433e+03
      Potential    Kinetic En.   Total Energy  Conserved En.    Temperature
   -1.83783e+06    4.03502e+05   -1.43433e+06   -1.47754e+06    3.11974e+02
 Pres. DC (bar) Pressure (bar)   Constr. rmsd
   -1.42830e+02   -5.90934e+01    3.53602e-06

Writing checkpoint, step 192700 at Sat May 25 15:58:05 2024



DD  step 194999 load imb.: force  2.7%
           Step           Time
         195000      390.00000

   Energies (kJ/mol)
           Bond          Angle    Proper Dih.  Improper Dih.          LJ-14
    1.99367e+04    5.46795e+04    8.17118e+04    3.17886e+03    2.41644e+04
     Coulomb-14        LJ (SR)  Disper. corr.   Coulomb (SR)   Coul. recip.
    2.42060e+05    1.80704e+05   -6.39505e+03   -2.44026e+06    4.13828e+03
      Potential    Kinetic En.   Total Energy  Conserved En.    Temperature
   -1.83608e+06    4.06566e+05   -1.42952e+06   -1.47733e+06    3.14343e+02
 Pres. DC (bar) Pressure (bar)   Constr. rmsd
   -1.42018e+02   -1.24249e+02    3.58795e-06


DD  step 199999 load imb.: force  0.4%
           Step           Time
         200000      400.00000

   Energies (kJ/mol)
           Bond          Angle    Proper Dih.  Improper Dih.          LJ-14
    1.97721e+04    5.45204e+04    8.19593e+04    3.21767e+03    2.41243e+04
     Coulomb-14        LJ (SR)  Disper. corr.   Coulomb (SR)   Coul. recip.
    2.42859e+05    1.84279e+05   -6.41766e+03   -2.44465e+06    4.14832e+03
      Potential    Kinetic En.   Total Energy  Conserved En.    Temperature
   -1.83619e+06    4.01990e+05   -1.43420e+06   -1.47729e+06    3.10805e+02
 Pres. DC (bar) Pressure (bar)   Constr. rmsd
   -1.43024e+02   -3.90873e+01    3.53344e-06


DD  step 204999 load imb.: force  0.8%
           Step           Time
         205000      410.00000

   Energies (kJ/mol)
           Bond          Angle    Proper Dih.  Improper Dih.          LJ-14
    1.99089e+04    5.40077e+04    8.18171e+04    3.09639e+03    2.43686e+04
     Coulomb-14        LJ (SR)  Disper. corr.   Coulomb (SR)   Coul. recip.
    2.42268e+05    1.81778e+05   -6.38983e+03   -2.44157e+06    4.13689e+03
      Potential    Kinetic En.   Total Energy  Conserved En.    Temperature
   -1.83658e+06    4.05071e+05   -1.43151e+06   -1.47729e+06    3.13186e+02
 Pres. DC (bar) Pressure (bar)   Constr. rmsd
   -1.41786e+02    3.71225e+00    3.67841e-06


DD  step 209999 load imb.: force  2.5%
           Step           Time
         210000      420.00000

   Energies (kJ/mol)
           Bond          Angle    Proper Dih.  Improper Dih.          LJ-14
    1.99566e+04    5.47314e+04    8.19013e+04    2.95971e+03    2.43339e+04
     Coulomb-14        LJ (SR)  Disper. corr.   Coulomb (SR)   Coul. recip.
    2.42645e+05    1.83072e+05   -6.39468e+03   -2.44076e+06    4.13130e+03
      Potential    Kinetic En.   Total Energy  Conserved En.    Temperature
   -1.83342e+06    4.05685e+05   -1.42774e+06   -1.47664e+06    3.13661e+02
 Pres. DC (bar) Pressure (bar)   Constr. rmsd
   -1.42001e+02    7.07750e+01    3.62030e-06


DD  step 214999 load imb.: force  1.2%
           Step           Time
         215000      430.00000

   Energies (kJ/mol)
           Bond          Angle    Proper Dih.  Improper Dih.          LJ-14
    1.99723e+04    5.42111e+04    8.19073e+04    3.05126e+03    2.44982e+04
     Coulomb-14        LJ (SR)  Disper. corr.   Coulomb (SR)   Coul. recip.
    2.42595e+05    1.83730e+05   -6.40567e+03   -2.44492e+06    4.09858e+03
      Potential    Kinetic En.   Total Energy  Conserved En.    Temperature
   -1.83727e+06    4.05585e+05   -1.43168e+06   -1.47675e+06    3.13584e+02
 Pres. DC (bar) Pressure (bar)   Constr. rmsd
   -1.42490e+02    3.15817e+01    3.61503e-06


DD  step 219999 load imb.: force  2.5%
           Step           Time
         220000      440.00000

   Energies (kJ/mol)
           Bond          Angle    Proper Dih.  Improper Dih.          LJ-14
    1.97961e+04    5.43025e+04    8.16219e+04    3.07906e+03    2.41542e+04
     Coulomb-14        LJ (SR)  Disper. corr.   Coulomb (SR)   Coul. recip.
    2.42008e+05    1.82664e+05   -6.42503e+03   -2.44615e+06    4.11380e+03
      Potential    Kinetic En.   Total Energy  Conserved En.    Temperature
   -1.84084e+06    4.03565e+05   -1.43727e+06   -1.47698e+06    3.12022e+02
 Pres. DC (bar) Pressure (bar)   Constr. rmsd
   -1.43352e+02   -3.20771e+01    3.64740e-06


DD  step 224999 load imb.: force  2.0%
           Step           Time
         225000      450.00000

   Energies (kJ/mol)
           Bond          Angle    Proper Dih.  Improper Dih.          LJ-14
    1.97618e+04    5.40859e+04    8.16196e+04    3.10515e+03    2.39314e+04
     Coulomb-14        LJ (SR)  Disper. corr.   Coulomb (SR)   Coul. recip.
    2.41436e+05    1.84468e+05   -6.41393e+03   -2.44533e+06    4.14698e+03
      Potential    Kinetic En.   Total Energy  Conserved En.    Temperature
   -1.83919e+06    4.03781e+05   -1.43541e+06   -1.47694e+06    3.12189e+02
 Pres. DC (bar) Pressure (bar)   Constr. rmsd
   -1.42857e+02    2.13649e+01    3.48158e-06


DD  step 229999 load imb.: force  2.4%
           Step           Time
         230000      460.00000

   Energies (kJ/mol)
           Bond          Angle    Proper Dih.  Improper Dih.          LJ-14
    1.94130e+04    5.39456e+04    8.16007e+04    3.01683e+03    2.42117e+04
     Coulomb-14        LJ (SR)  Disper. corr.   Coulomb (SR)   Coul. recip.
    2.42247e+05    1.80571e+05   -6.39382e+03   -2.44000e+06    4.04951e+03
      Potential    Kinetic En.   Total Energy  Conserved En.    Temperature
   -1.83734e+06    4.05727e+05   -1.43161e+06   -1.47689e+06    3.13694e+02
 Pres. DC (bar) Pressure (bar)   Constr. rmsd
   -1.41963e+02    3.34824e+01    3.64290e-06


DD  step 234999 load imb.: force  2.4%
           Step           Time
         235000      470.00000

   Energies (kJ/mol)
           Bond          Angle    Proper Dih.  Improper Dih.          LJ-14
    2.00933e+04    5.39946e+04    8.19565e+04    3.11654e+03    2.42409e+04
     Coulomb-14        LJ (SR)  Disper. corr.   Coulomb (SR)   Coul. recip.
    2.42958e+05    1.83903e+05   -6.41022e+03   -2.44537e+06    4.03762e+03
      Potential    Kinetic En.   Total Energy  Conserved En.    Temperature
   -1.83748e+06    4.03968e+05   -1.43351e+06   -1.47675e+06    3.12334e+02
 Pres. DC (bar) Pressure (bar)   Constr. rmsd
   -1.42692e+02    3.06487e+01    3.60810e-06


DD  step 239999 load imb.: force  0.5%
           Step           Time
         240000      480.00000

   Energies (kJ/mol)
           Bond          Angle    Proper Dih.  Improper Dih.          LJ-14
    2.01686e+04    5.42579e+04    8.18360e+04    3.19193e+03    2.40005e+04
     Coulomb-14        LJ (SR)  Disper. corr.   Coulomb (SR)   Coul. recip.
    2.42277e+05    1.79493e+05   -6.39214e+03   -2.43649e+06    4.07173e+03
      Potential    Kinetic En.   Total Energy  Conserved En.    Temperature
   -1.83358e+06    4.04961e+05   -1.42862e+06   -1.47648e+06    3.13101e+02
 Pres. DC (bar) Pressure (bar)   Constr. rmsd
   -1.41888e+02   -1.95956e+02    3.64856e-06


DD  step 244999 load imb.: force  1.8%
           Step           Time
         245000      490.00000

   Energies (kJ/mol)
           Bond          Angle    Proper Dih.  Improper Dih.          LJ-14
    1.99095e+04    5.38569e+04    8.17686e+04    3.03057e+03    2.41408e+04
     Coulomb-14        LJ (SR)  Disper. corr.   Coulomb (SR)   Coul. recip.
    2.42508e+05    1.83235e+05   -6.41086e+03   -2.44377e+06    4.09066e+03
      Potential    Kinetic En.   Total Energy  Conserved En.    Temperature
   -1.83764e+06    4.04131e+05   -1.43351e+06   -1.47661e+06    3.12460e+02
 Pres. DC (bar) Pressure (bar)   Constr. rmsd
   -1.42721e+02   -1.92056e+01    3.62904e-06


DD  step 249999 load imb.: force  2.2%
           Step           Time
         250000      500.00000

   Energies (kJ/mol)
           Bond          Angle    Proper Dih.  Improper Dih.          LJ-14
    2.02697e+04    5.45050e+04    8.20046e+04    3.06737e+03    2.43544e+04
     Coulomb-14        LJ (SR)  Disper. corr.   Coulomb (SR)   Coul. recip.
    2.42468e+05    1.85503e+05   -6.42226e+03   -2.44822e+06    4.20863e+03
      Potential    Kinetic En.   Total Energy  Conserved En.    Temperature
   -1.83826e+06    4.06647e+05   -1.43162e+06   -1.47648e+06    3.14405e+02
 Pres. DC (bar) Pressure (bar)   Constr. rmsd
   -1.43229e+02    1.70315e+02    3.67772e-06

Writing checkpoint, step 253100 at Sat May 25 16:13:04 2024



DD  step 254999 load imb.: force  1.2%
           Step           Time
         255000      510.00000

   Energies (kJ/mol)
           Bond          Angle    Proper Dih.  Improper Dih.          LJ-14
    1.94653e+04    5.45363e+04    8.16215e+04    2.98090e+03    2.44890e+04
     Coulomb-14        LJ (SR)  Disper. corr.   Coulomb (SR)   Coul. recip.
    2.42431e+05    1.82047e+05   -6.40642e+03   -2.44107e+06    4.16441e+03
      Potential    Kinetic En.   Total Energy  Conserved En.    Temperature
   -1.83574e+06    4.05475e+05   -1.43026e+06   -1.47624e+06    3.13499e+02
 Pres. DC (bar) Pressure (bar)   Constr. rmsd
   -1.42523e+02   -5.39653e+01    3.62327e-06


DD  step 259999 load imb.: force  1.1%
           Step           Time
         260000      520.00000

   Energies (kJ/mol)
           Bond          Angle    Proper Dih.  Improper Dih.          LJ-14
    2.03296e+04    5.44119e+04    8.18241e+04    3.01741e+03    2.43170e+04
     Coulomb-14        LJ (SR)  Disper. corr.   Coulomb (SR)   Coul. recip.
    2.41975e+05    1.81723e+05   -6.40583e+03   -2.44363e+06    4.13800e+03
      Potential    Kinetic En.   Total Energy  Conserved En.    Temperature
   -1.83830e+06    4.06585e+05   -1.43171e+06   -1.47628e+06    3.14358e+02
 Pres. DC (bar) Pressure (bar)   Constr. rmsd
   -1.42497e+02   -6.36548e+01    3.61212e-06


DD  step 264999 load imb.: force  1.3%
           Step           Time
         265000      530.00000

   Energies (kJ/mol)
           Bond          Angle    Proper Dih.  Improper Dih.          LJ-14
    2.01056e+04    5.38102e+04    8.20611e+04    3.10838e+03    2.39972e+04
     Coulomb-14        LJ (SR)  Disper. corr.   Coulomb (SR)   Coul. recip.
    2.42241e+05    1.81494e+05   -6.41561e+03   -2.44355e+06    4.13990e+03
      Potential    Kinetic En.   Total Energy  Conserved En.    Temperature
   -1.83900e+06    4.02849e+05   -1.43615e+06   -1.47625e+06    3.11469e+02
 Pres. DC (bar) Pressure (bar)   Constr. rmsd
   -1.42932e+02   -7.99909e+01    3.57420e-06


DD  step 269999 load imb.: force  1.8%
           Step           Time
         270000      540.00000

   Energies (kJ/mol)
           Bond          Angle    Proper Dih.  Improper Dih.          LJ-14
    1.98857e+04    5.36907e+04    8.17770e+04    3.02820e+03    2.44055e+04
     Coulomb-14        LJ (SR)  Disper. corr.   Coulomb (SR)   Coul. recip.
    2.42116e+05    1.83430e+05   -6.39681e+03   -2.44311e+06    4.22425e+03
      Potential    Kinetic En.   Total Energy  Conserved En.    Temperature
   -1.83695e+06    4.04734e+05   -1.43221e+06   -1.47630e+06    3.12926e+02
 Pres. DC (bar) Pressure (bar)   Constr. rmsd
   -1.42096e+02    4.74809e+01    3.57898e-06


DD  step 274999 load imb.: force  2.0%
           Step           Time
         275000      550.00000

   Energies (kJ/mol)
           Bond          Angle    Proper Dih.  Improper Dih.          LJ-14
    1.97471e+04    5.44622e+04    8.15836e+04    3.06803e+03    2.42450e+04
     Coulomb-14        LJ (SR)  Disper. corr.   Coulomb (SR)   Coul. recip.
    2.41908e+05    1.84547e+05   -6.38700e+03   -2.44401e+06    4.11764e+03
      Potential    Kinetic En.   Total Energy  Conserved En.    Temperature
   -1.83672e+06    4.04298e+05   -1.43243e+06   -1.47608e+06    3.12589e+02
 Pres. DC (bar) Pressure (bar)   Constr. rmsd
   -1.41660e+02   -2.54495e+01    3.55595e-06


DD  step 279999 load imb.: force  0.8%
           Step           Time
         280000      560.00000

   Energies (kJ/mol)
           Bond          Angle    Proper Dih.  Improper Dih.          LJ-14
    2.00489e+04    5.39700e+04    8.13151e+04    3.05737e+03    2.40856e+04
     Coulomb-14        LJ (SR)  Disper. corr.   Coulomb (SR)   Coul. recip.
    2.41390e+05    1.82883e+05   -6.41257e+03   -2.43922e+06    4.09302e+03
      Potential    Kinetic En.   Total Energy  Conserved En.    Temperature
   -1.83478e+06    4.04569e+05   -1.43022e+06   -1.47586e+06    3.12798e+02
 Pres. DC (bar) Pressure (bar)   Constr. rmsd
   -1.42797e+02   -1.37604e+00    3.64534e-06


DD  step 284999 load imb.: force  3.2%
           Step           Time
         285000      570.00000

   Energies (kJ/mol)
           Bond          Angle    Proper Dih.  Improper Dih.          LJ-14
    1.92581e+04    5.45988e+04    8.17285e+04    3.00110e+03    2.43094e+04
     Coulomb-14        LJ (SR)  Disper. corr.   Coulomb (SR)   Coul. recip.
    2.42325e+05    1.81872e+05   -6.40426e+03   -2.44370e+06    4.06945e+03
      Potential    Kinetic En.   Total Energy  Conserved En.    Temperature
   -1.83894e+06    4.06500e+05   -1.43244e+06   -1.47610e+06    3.14292e+02
 Pres. DC (bar) Pressure (bar)   Constr. rmsd
   -1.42427e+02    5.29459e+01    3.58328e-06


DD  step 289999 load imb.: force  2.8%
           Step           Time
         290000      580.00000

   Energies (kJ/mol)
           Bond          Angle    Proper Dih.  Improper Dih.          LJ-14
    1.99698e+04    5.30887e+04    8.15777e+04    3.06767e+03    2.42843e+04
     Coulomb-14        LJ (SR)  Disper. corr.   Coulomb (SR)   Coul. recip.
    2.42458e+05    1.82559e+05   -6.40755e+03   -2.44576e+06    4.06060e+03
      Potential    Kinetic En.   Total Energy  Conserved En.    Temperature
   -1.84111e+06    4.04922e+05   -1.43618e+06   -1.47565e+06    3.13072e+02
 Pres. DC (bar) Pressure (bar)   Constr. rmsd
   -1.42573e+02   -4.59308e+01    3.49658e-06


DD  step 294999 load imb.: force  0.6%
           Step           Time
         295000      590.00000

   Energies (kJ/mol)
           Bond          Angle    Proper Dih.  Improper Dih.          LJ-14
    1.96261e+04    5.47545e+04    8.11943e+04    3.04521e+03    2.40168e+04
     Coulomb-14        LJ (SR)  Disper. corr.   Coulomb (SR)   Coul. recip.
    2.42278e+05    1.83747e+05   -6.39255e+03   -2.44264e+06    4.02414e+03
      Potential    Kinetic En.   Total Energy  Conserved En.    Temperature
   -1.83635e+06    4.03729e+05   -1.43262e+06   -1.47560e+06    3.12149e+02
 Pres. DC (bar) Pressure (bar)   Constr. rmsd
   -1.41907e+02    3.50156e+01    3.56603e-06


DD  step 299999 load imb.: force  4.4%
           Step           Time
         300000      600.00000

   Energies (kJ/mol)
           Bond          Angle    Proper Dih.  Improper Dih.          LJ-14
    1.96309e+04    5.47543e+04    8.18677e+04    3.01897e+03    2.40481e+04
     Coulomb-14        LJ (SR)  Disper. corr.   Coulomb (SR)   Coul. recip.
    2.41887e+05    1.83998e+05   -6.39964e+03   -2.44394e+06    4.19564e+03
      Potential    Kinetic En.   Total Energy  Conserved En.    Temperature
   -1.83694e+06    4.02880e+05   -1.43406e+06   -1.47578e+06    3.11493e+02
 Pres. DC (bar) Pressure (bar)   Constr. rmsd
   -1.42221e+02   -4.35580e+00    3.68267e-06


DD  step 304999 load imb.: force  1.8%
           Step           Time
         305000      610.00000

   Energies (kJ/mol)
           Bond          Angle    Proper Dih.  Improper Dih.          LJ-14
    1.95715e+04    5.44541e+04    8.16399e+04    3.02809e+03    2.39568e+04
     Coulomb-14        LJ (SR)  Disper. corr.   Coulomb (SR)   Coul. recip.
    2.42228e+05    1.83703e+05   -6.40433e+03   -2.44326e+06    4.10703e+03
      Potential    Kinetic En.   Total Energy  Conserved En.    Temperature
   -1.83698e+06    4.04102e+05   -1.43288e+06   -1.47574e+06    3.12437e+02
 Pres. DC (bar) Pressure (bar)   Constr. rmsd
   -1.42430e+02   -8.84219e+01    3.56298e-06


DD  step 309999 load imb.: force  3.1%
           Step           Time
         310000      620.00000

   Energies (kJ/mol)
           Bond          Angle    Proper Dih.  Improper Dih.          LJ-14
    1.98772e+04    5.42676e+04    8.15945e+04    3.16066e+03    2.39220e+04
     Coulomb-14        LJ (SR)  Disper. corr.   Coulomb (SR)   Coul. recip.
    2.42233e+05    1.83411e+05   -6.39776e+03   -2.44322e+06    4.14023e+03
      Potential    Kinetic En.   Total Energy  Conserved En.    Temperature
   -1.83701e+06    4.06396e+05   -1.43062e+06   -1.47533e+06    3.14211e+02
 Pres. DC (bar) Pressure (bar)   Constr. rmsd
   -1.42138e+02   -3.94885e+01    3.74179e-06


DD  step 314999 load imb.: force  0.9%
           Step           Time
         315000      630.00000

   Energies (kJ/mol)
           Bond          Angle    Proper Dih.  Improper Dih.          LJ-14
    1.93701e+04    5.46623e+04    8.18587e+04    2.99902e+03    2.42965e+04
     Coulomb-14        LJ (SR)  Disper. corr.   Coulomb (SR)   Coul. recip.
    2.42539e+05    1.84171e+05   -6.40901e+03   -2.44624e+06    4.07401e+03
      Potential    Kinetic En.   Total Energy  Conserved En.    Temperature
   -1.83867e+06    4.05645e+05   -1.43303e+06   -1.47520e+06    3.13630e+02
 Pres. DC (bar) Pressure (bar)   Constr. rmsd
   -1.42638e+02    1.31254e+02    3.64183e-06

Writing checkpoint, step 315200 at Sat May 25 16:28:04 2024



DD  step 319999 load imb.: force  0.9%
           Step           Time
         320000      640.00000

   Energies (kJ/mol)
           Bond          Angle    Proper Dih.  Improper Dih.          LJ-14
    1.98528e+04    5.40996e+04    8.13336e+04    2.90996e+03    2.45556e+04
     Coulomb-14        LJ (SR)  Disper. corr.   Coulomb (SR)   Coul. recip.
    2.42015e+05    1.82540e+05   -6.40953e+03   -2.44494e+06    4.04202e+03
      Potential    Kinetic En.   Total Energy  Conserved En.    Temperature
   -1.84000e+06    4.05378e+05   -1.43462e+06   -1.47514e+06    3.13424e+02
 Pres. DC (bar) Pressure (bar)   Constr. rmsd
   -1.42661e+02    4.50106e+01    3.61428e-06


DD  step 324999 load imb.: force  2.2%
           Step           Time
         325000      650.00000

   Energies (kJ/mol)
           Bond          Angle    Proper Dih.  Improper Dih.          LJ-14
    1.98019e+04    5.48598e+04    8.15828e+04    3.12864e+03    2.41785e+04
     Coulomb-14        LJ (SR)  Disper. corr.   Coulomb (SR)   Coul. recip.
    2.42072e+05    1.83406e+05   -6.39186e+03   -2.44032e+06    4.14059e+03
      Potential    Kinetic En.   Total Energy  Conserved En.    Temperature
   -1.83354e+06    4.04616e+05   -1.42892e+06   -1.47540e+06    3.12835e+02
 Pres. DC (bar) Pressure (bar)   Constr. rmsd
   -1.41876e+02    3.21374e+01    3.63316e-06


DD  step 329999 load imb.: force  0.9%
           Step           Time
         330000      660.00000

   Energies (kJ/mol)
           Bond          Angle    Proper Dih.  Improper Dih.          LJ-14
    1.97499e+04    5.44762e+04    8.17055e+04    3.01116e+03    2.42796e+04
     Coulomb-14        LJ (SR)  Disper. corr.   Coulomb (SR)   Coul. recip.
    2.42006e+05    1.83020e+05   -6.40947e+03   -2.44552e+06    4.09085e+03
      Potential    Kinetic En.   Total Energy  Conserved En.    Temperature
   -1.83959e+06    4.04297e+05   -1.43530e+06   -1.47514e+06    3.12588e+02
 Pres. DC (bar) Pressure (bar)   Constr. rmsd
   -1.42659e+02    4.19876e-01    3.60302e-06


DD  step 334999 load imb.: force  2.7%
           Step           Time
         335000      670.00000

   Energies (kJ/mol)
           Bond          Angle    Proper Dih.  Improper Dih.          LJ-14
    1.97687e+04    5.45285e+04    8.18106e+04    3.13298e+03    2.41473e+04
     Coulomb-14        LJ (SR)  Disper. corr.   Coulomb (SR)   Coul. recip.
    2.42404e+05    1.81885e+05   -6.41635e+03   -2.44294e+06    4.12191e+03
      Potential    Kinetic En.   Total Energy  Conserved En.    Temperature
   -1.83756e+06    4.06307e+05   -1.43125e+06   -1.47526e+06    3.14142e+02
 Pres. DC (bar) Pressure (bar)   Constr. rmsd
   -1.42965e+02    1.25125e+00    3.46237e-06


DD  step 339999 load imb.: force  2.3%
           Step           Time
         340000      680.00000

   Energies (kJ/mol)
           Bond          Angle    Proper Dih.  Improper Dih.          LJ-14
    1.99420e+04    5.41396e+04    8.16495e+04    3.03619e+03    2.42454e+04
     Coulomb-14        LJ (SR)  Disper. corr.   Coulomb (SR)   Coul. recip.
    2.42779e+05    1.83508e+05   -6.42841e+03   -2.44531e+06    4.13882e+03
      Potential    Kinetic En.   Total Energy  Conserved En.    Temperature
   -1.83830e+06    4.05012e+05   -1.43328e+06   -1.47483e+06    3.13141e+02
 Pres. DC (bar) Pressure (bar)   Constr. rmsd
   -1.43503e+02    7.70275e+01    3.59321e-06


DD  step 344999 load imb.: force  1.3%
           Step           Time
         345000      690.00000

   Energies (kJ/mol)
           Bond          Angle    Proper Dih.  Improper Dih.          LJ-14
    1.99555e+04    5.39415e+04    8.17989e+04    3.02023e+03    2.39719e+04
     Coulomb-14        LJ (SR)  Disper. corr.   Coulomb (SR)   Coul. recip.
    2.42798e+05    1.82359e+05   -6.40911e+03   -2.44262e+06    4.20388e+03
      Potential    Kinetic En.   Total Energy  Conserved En.    Temperature
   -1.83698e+06    4.03239e+05   -1.43374e+06   -1.47517e+06    3.11770e+02
 Pres. DC (bar) Pressure (bar)   Constr. rmsd
   -1.42643e+02   -2.97752e+01    3.56561e-06


DD  step 349999 load imb.: force  0.9%
           Step           Time
         350000      700.00000

   Energies (kJ/mol)
           Bond          Angle    Proper Dih.  Improper Dih.          LJ-14
    1.99124e+04    5.40874e+04    8.16329e+04    3.11099e+03    2.40844e+04
     Coulomb-14        LJ (SR)  Disper. corr.   Coulomb (SR)   Coul. recip.
    2.42156e+05    1.81866e+05   -6.40825e+03   -2.44298e+06    4.13272e+03
      Potential    Kinetic En.   Total Energy  Conserved En.    Temperature
   -1.83841e+06    4.04101e+05   -1.43431e+06   -1.47454e+06    3.12436e+02
 Pres. DC (bar) Pressure (bar)   Constr. rmsd
   -1.42604e+02   -1.22914e+02    3.63294e-06


DD  step 354999 load imb.: force  0.2%
           Step           Time
         355000      710.00000

   Energies (kJ/mol)
           Bond          Angle    Proper Dih.  Improper Dih.          LJ-14
    1.99709e+04    5.38720e+04    8.15729e+04    3.16590e+03    2.42668e+04
     Coulomb-14        LJ (SR)  Disper. corr.   Coulomb (SR)   Coul. recip.
    2.42391e+05    1.81981e+05   -6.40608e+03   -2.44262e+06    4.02547e+03
      Potential    Kinetic En.   Total Energy  Conserved En.    Temperature
   -1.83778e+06    4.02935e+05   -1.43485e+06   -1.47443e+06    3.11535e+02
 Pres. DC (bar) Pressure (bar)   Constr. rmsd
   -1.42508e+02   -8.67542e+01    3.68897e-06


DD  step 359999 load imb.: force  5.0%
           Step           Time
         360000      720.00000

   Energies (kJ/mol)
           Bond          Angle    Proper Dih.  Improper Dih.          LJ-14
    1.97829e+04    5.42887e+04    8.16698e+04    3.01994e+03    2.41683e+04
     Coulomb-14        LJ (SR)  Disper. corr.   Coulomb (SR)   Coul. recip.
    2.41886e+05    1.81169e+05   -6.39393e+03   -2.43839e+06    4.06143e+03
      Potential    Kinetic En.   Total Energy  Conserved En.    Temperature
   -1.83473e+06    4.05568e+05   -1.42917e+06   -1.47398e+06    3.13571e+02
 Pres. DC (bar) Pressure (bar)   Constr. rmsd
   -1.41968e+02   -4.20036e+01    3.61991e-06


DD  step 364999 load imb.: force  1.5%
           Step           Time
         365000      730.00000

   Energies (kJ/mol)
           Bond          Angle    Proper Dih.  Improper Dih.          LJ-14
    1.99986e+04    5.43483e+04    8.18300e+04    2.99510e+03    2.39732e+04
     Coulomb-14        LJ (SR)  Disper. corr.   Coulomb (SR)   Coul. recip.
    2.42756e+05    1.82448e+05   -6.38502e+03   -2.44114e+06    4.22406e+03
      Potential    Kinetic En.   Total Energy  Conserved En.    Temperature
   -1.83495e+06    4.05014e+05   -1.42994e+06   -1.47385e+06    3.13143e+02
 Pres. DC (bar) Pressure (bar)   Constr. rmsd
   -1.41573e+02   -1.08251e+02    3.53639e-06


DD  step 369999 load imb.: force  1.1%
           Step           Time
         370000      740.00000

   Energies (kJ/mol)
           Bond          Angle    Proper Dih.  Improper Dih.          LJ-14
    1.98278e+04    5.42260e+04    8.18548e+04    2.98401e+03    2.41272e+04
     Coulomb-14        LJ (SR)  Disper. corr.   Coulomb (SR)   Coul. recip.
    2.42218e+05    1.82997e+05   -6.41005e+03   -2.44582e+06    4.08619e+03
      Potential    Kinetic En.   Total Energy  Conserved En.    Temperature
   -1.83991e+06    4.04545e+05   -1.43537e+06   -1.47379e+06    3.12780e+02
 Pres. DC (bar) Pressure (bar)   Constr. rmsd
   -1.42685e+02   -3.03134e+01    3.58467e-06


DD  step 374999 load imb.: force 10.6%
           Step           Time
         375000      750.00000

   Energies (kJ/mol)
           Bond          Angle    Proper Dih.  Improper Dih.          LJ-14
    1.96157e+04    5.43134e+04    8.17291e+04    3.01908e+03    2.40324e+04
     Coulomb-14        LJ (SR)  Disper. corr.   Coulomb (SR)   Coul. recip.
    2.41624e+05    1.84128e+05   -6.40064e+03   -2.44369e+06    4.16807e+03
      Potential    Kinetic En.   Total Energy  Conserved En.    Temperature
   -1.83746e+06    4.06014e+05   -1.43145e+06   -1.47355e+06    3.13916e+02
 Pres. DC (bar) Pressure (bar)   Constr. rmsd
   -1.42266e+02   -9.99834e+00    3.51754e-06


DD  step 379999 load imb.: force  2.6%
           Step           Time
         380000      760.00000

   Energies (kJ/mol)
           Bond          Angle    Proper Dih.  Improper Dih.          LJ-14
    1.94424e+04    5.43113e+04    8.18418e+04    3.09479e+03    2.43023e+04
     Coulomb-14        LJ (SR)  Disper. corr.   Coulomb (SR)   Coul. recip.
    2.42756e+05    1.83155e+05   -6.40630e+03   -2.44627e+06    4.02794e+03
      Potential    Kinetic En.   Total Energy  Conserved En.    Temperature
   -1.83975e+06    4.03954e+05   -1.43579e+06   -1.47356e+06    3.12323e+02
 Pres. DC (bar) Pressure (bar)   Constr. rmsd
   -1.42518e+02    2.56143e+01    3.56028e-06

Writing checkpoint, step 381700 at Sat May 25 16:43:06 2024



DD  step 384999 load imb.: force  5.9%
           Step           Time
         385000      770.00000

   Energies (kJ/mol)
           Bond          Angle    Proper Dih.  Improper Dih.          LJ-14
    1.96473e+04    5.44694e+04    8.15176e+04    2.97210e+03    2.44870e+04
     Coulomb-14        LJ (SR)  Disper. corr.   Coulomb (SR)   Coul. recip.
    2.42260e+05    1.84452e+05   -6.41035e+03   -2.44530e+06    4.10074e+03
      Potential    Kinetic En.   Total Energy  Conserved En.    Temperature
   -1.83781e+06    4.05624e+05   -1.43218e+06   -1.47375e+06    3.13615e+02
 Pres. DC (bar) Pressure (bar)   Constr. rmsd
   -1.42698e+02    1.30931e+02    3.55774e-06


DD  step 389999 load imb.: force  1.2%
           Step           Time
         390000      780.00000

   Energies (kJ/mol)
           Bond          Angle    Proper Dih.  Improper Dih.          LJ-14
    1.98527e+04    5.47901e+04    8.21197e+04    2.99187e+03    2.38729e+04
     Coulomb-14        LJ (SR)  Disper. corr.   Coulomb (SR)   Coul. recip.
    2.41394e+05    1.81875e+05   -6.40632e+03   -2.43843e+06    4.13397e+03
      Potential    Kinetic En.   Total Energy  Conserved En.    Temperature
   -1.83381e+06    4.05160e+05   -1.42865e+06   -1.47359e+06    3.13255e+02
 Pres. DC (bar) Pressure (bar)   Constr. rmsd
   -1.42518e+02   -2.02651e+01    3.62843e-06


DD  step 394999 load imb.: force  1.6%
           Step           Time
         395000      790.00000

   Energies (kJ/mol)
           Bond          Angle    Proper Dih.  Improper Dih.          LJ-14
    1.97767e+04    5.40110e+04    8.15731e+04    3.13009e+03    2.42058e+04
     Coulomb-14        LJ (SR)  Disper. corr.   Coulomb (SR)   Coul. recip.
    2.42361e+05    1.83952e+05   -6.40160e+03   -2.44119e+06    3.99991e+03
      Potential    Kinetic En.   Total Energy  Conserved En.    Temperature
   -1.83458e+06    4.06435e+05   -1.42815e+06   -1.47323e+06    3.14241e+02
 Pres. DC (bar) Pressure (bar)   Constr. rmsd
   -1.42309e+02    2.21898e+01    3.58206e-06


DD  step 399999 load imb.: force 14.3%
           Step           Time
         400000      800.00000

   Energies (kJ/mol)
           Bond          Angle    Proper Dih.  Improper Dih.          LJ-14
    1.97394e+04    5.43088e+04    8.15968e+04    3.00898e+03    2.43262e+04
     Coulomb-14        LJ (SR)  Disper. corr.   Coulomb (SR)   Coul. recip.
    2.42227e+05    1.84067e+05   -6.40144e+03   -2.44662e+06    4.15619e+03
      Potential    Kinetic En.   Total Energy  Conserved En.    Temperature
   -1.83959e+06    4.05824e+05   -1.43376e+06   -1.47345e+06    3.13769e+02
 Pres. DC (bar) Pressure (bar)   Constr. rmsd
   -1.42301e+02    6.70906e+01    3.60519e-06


DD  step 404999 load imb.: force  2.3%
           Step           Time
         405000      810.00000

   Energies (kJ/mol)
           Bond          Angle    Proper Dih.  Improper Dih.          LJ-14
    1.99316e+04    5.44537e+04    8.20593e+04    3.07792e+03    2.40677e+04
     Coulomb-14        LJ (SR)  Disper. corr.   Coulomb (SR)   Coul. recip.
    2.42059e+05    1.81185e+05   -6.40179e+03   -2.44120e+06    3.98036e+03
      Potential    Kinetic En.   Total Energy  Conserved En.    Temperature
   -1.83679e+06    4.05025e+05   -1.43176e+06   -1.47324e+06    3.13151e+02
 Pres. DC (bar) Pressure (bar)   Constr. rmsd
   -1.42317e+02   -4.80734e+01    3.55935e-06


DD  step 409999 load imb.: force  2.6%
           Step           Time
         410000      820.00000

   Energies (kJ/mol)
           Bond          Angle    Proper Dih.  Improper Dih.          LJ-14
    1.97523e+04    5.43375e+04    8.15680e+04    3.09964e+03    2.39711e+04
     Coulomb-14        LJ (SR)  Disper. corr.   Coulomb (SR)   Coul. recip.
    2.42334e+05    1.81742e+05   -6.38881e+03   -2.43916e+06    4.22749e+03
      Potential    Kinetic En.   Total Energy  Conserved En.    Temperature
   -1.83452e+06    4.06605e+05   -1.42792e+06   -1.47290e+06    3.14373e+02
 Pres. DC (bar) Pressure (bar)   Constr. rmsd
   -1.41741e+02   -1.59201e+02    3.58179e-06


DD  step 414999 load imb.: force  2.0%
           Step           Time
         415000      830.00000

   Energies (kJ/mol)
           Bond          Angle    Proper Dih.  Improper Dih.          LJ-14
    1.99220e+04    5.37485e+04    8.16905e+04    3.08473e+03    2.41847e+04
     Coulomb-14        LJ (SR)  Disper. corr.   Coulomb (SR)   Coul. recip.
    2.42244e+05    1.81943e+05   -6.41656e+03   -2.44229e+06    4.10459e+03
      Potential    Kinetic En.   Total Energy  Conserved En.    Temperature
   -1.83779e+06    4.07006e+05   -1.43078e+06   -1.47263e+06    3.14683e+02
 Pres. DC (bar) Pressure (bar)   Constr. rmsd
   -1.42975e+02    5.80952e+01    3.59518e-06


DD  step 419999 load imb.: force  1.2%
           Step           Time
         420000      840.00000

   Energies (kJ/mol)
           Bond          Angle    Proper Dih.  Improper Dih.          LJ-14
    2.00621e+04    5.39059e+04    8.19013e+04    2.99680e+03    2.38935e+04
     Coulomb-14        LJ (SR)  Disper. corr.   Coulomb (SR)   Coul. recip.
    2.41898e+05    1.85034e+05   -6.39734e+03   -2.44450e+06    4.10815e+03
      Potential    Kinetic En.   Total Energy  Conserved En.    Temperature
   -1.83710e+06    4.04914e+05   -1.43219e+06   -1.47314e+06    3.13065e+02
 Pres. DC (bar) Pressure (bar)   Constr. rmsd
   -1.42120e+02   -2.46738e+01    3.60454e-06


DD  step 424999 load imb.: force 21.9%
           Step           Time
         425000      850.00000

   Energies (kJ/mol)
           Bond          Angle    Proper Dih.  Improper Dih.          LJ-14
    1.94389e+04    5.42403e+04    8.18411e+04    2.94840e+03    2.41611e+04
     Coulomb-14        LJ (SR)  Disper. corr.   Coulomb (SR)   Coul. recip.
    2.43083e+05    1.82504e+05   -6.40500e+03   -2.44398e+06    4.10326e+03
      Potential    Kinetic En.   Total Energy  Conserved En.    Temperature
   -1.83807e+06    4.06962e+05   -1.43110e+06   -1.47292e+06    3.14648e+02
 Pres. DC (bar) Pressure (bar)   Constr. rmsd
   -1.42460e+02   -1.66007e+01    3.57513e-06

Writing checkpoint, step 426800 at Sat May 25 16:58:04 2024



DD  step 429999 load imb.: force  1.8%
           Step           Time
         430000      860.00000

   Energies (kJ/mol)
           Bond          Angle    Proper Dih.  Improper Dih.          LJ-14
    1.98433e+04    5.40930e+04    8.19694e+04    3.15523e+03    2.43820e+04
     Coulomb-14        LJ (SR)  Disper. corr.   Coulomb (SR)   Coul. recip.
    2.41977e+05    1.82927e+05   -6.41233e+03   -2.44298e+06    4.00130e+03
      Potential    Kinetic En.   Total Energy  Conserved En.    Temperature
   -1.83704e+06    4.03765e+05   -1.43328e+06   -1.47267e+06    3.12177e+02
 Pres. DC (bar) Pressure (bar)   Constr. rmsd
   -1.42786e+02    3.09886e+01    3.52342e-06


DD  step 434999 load imb.: force  4.9%
           Step           Time
         435000      870.00000

   Energies (kJ/mol)
           Bond          Angle    Proper Dih.  Improper Dih.          LJ-14
    2.00052e+04    5.47320e+04    8.16665e+04    3.05530e+03    2.43323e+04
     Coulomb-14        LJ (SR)  Disper. corr.   Coulomb (SR)   Coul. recip.
    2.42018e+05    1.84557e+05   -6.40977e+03   -2.44552e+06    4.02519e+03
      Potential    Kinetic En.   Total Energy  Conserved En.    Temperature
   -1.83754e+06    4.05491e+05   -1.43205e+06   -1.47242e+06    3.13511e+02
 Pres. DC (bar) Pressure (bar)   Constr. rmsd
   -1.42672e+02    1.76218e+02    3.54192e-06


DD  step 439999 load imb.: force  2.3%
           Step           Time
         440000      880.00000

   Energies (kJ/mol)
           Bond          Angle    Proper Dih.  Improper Dih.          LJ-14
    1.96267e+04    5.45459e+04    8.19344e+04    3.12200e+03    2.43131e+04
     Coulomb-14        LJ (SR)  Disper. corr.   Coulomb (SR)   Coul. recip.
    2.42038e+05    1.84606e+05   -6.40430e+03   -2.44364e+06    4.13134e+03
      Potential    Kinetic En.   Total Energy  Conserved En.    Temperature
   -1.83573e+06    4.03064e+05   -1.43266e+06   -1.47223e+06    3.11635e+02
 Pres. DC (bar) Pressure (bar)   Constr. rmsd
   -1.42429e+02    9.85253e+01    3.50797e-06


DD  step 444999 load imb.: force  0.3%
           Step           Time
         445000      890.00000

   Energies (kJ/mol)
           Bond          Angle    Proper Dih.  Improper Dih.          LJ-14
    2.00067e+04    5.46017e+04    8.16011e+04    3.06025e+03    2.40996e+04
     Coulomb-14        LJ (SR)  Disper. corr.   Coulomb (SR)   Coul. recip.
    2.42018e+05    1.82398e+05   -6.39074e+03   -2.44071e+06    4.15772e+03
      Potential    Kinetic En.   Total Energy  Conserved En.    Temperature
   -1.83516e+06    4.06367e+05   -1.42879e+06   -1.47188e+06    3.14189e+02
 Pres. DC (bar) Pressure (bar)   Constr. rmsd
   -1.41826e+02   -4.33660e+01    3.56692e-06


DD  step 449999 load imb.: force  5.1%
           Step           Time
         450000      900.00000

   Energies (kJ/mol)
           Bond          Angle    Proper Dih.  Improper Dih.          LJ-14
    1.99366e+04    5.38737e+04    8.18122e+04    3.11279e+03    2.40122e+04
     Coulomb-14        LJ (SR)  Disper. corr.   Coulomb (SR)   Coul. recip.
    2.42440e+05    1.86716e+05   -6.40528e+03   -2.44733e+06    4.03946e+03
      Potential    Kinetic En.   Total Energy  Conserved En.    Temperature
   -1.83780e+06    4.05780e+05   -1.43202e+06   -1.47193e+06    3.13735e+02
 Pres. DC (bar) Pressure (bar)   Constr. rmsd
   -1.42472e+02    1.51977e+02    3.61351e-06


DD  step 454999 load imb.: force  1.4%
           Step           Time
         455000      910.00000

   Energies (kJ/mol)
           Bond          Angle    Proper Dih.  Improper Dih.          LJ-14
    1.99115e+04    5.44261e+04    8.20285e+04    3.08116e+03    2.42164e+04
     Coulomb-14        LJ (SR)  Disper. corr.   Coulomb (SR)   Coul. recip.
    2.42136e+05    1.82376e+05   -6.39174e+03   -2.44285e+06    4.11545e+03
      Potential    Kinetic En.   Total Energy  Conserved En.    Temperature
   -1.83696e+06    4.02609e+05   -1.43435e+06   -1.47197e+06    3.11283e+02
 Pres. DC (bar) Pressure (bar)   Constr. rmsd
   -1.41870e+02   -1.71782e+02    3.48474e-06


DD  step 459999 load imb.: force  1.2%
           Step           Time
         460000      920.00000

   Energies (kJ/mol)
           Bond          Angle    Proper Dih.  Improper Dih.          LJ-14
    2.00692e+04    5.38877e+04    8.15303e+04    3.04503e+03    2.42495e+04
     Coulomb-14        LJ (SR)  Disper. corr.   Coulomb (SR)   Coul. recip.
    2.42049e+05    1.83517e+05   -6.40667e+03   -2.44370e+06    4.16302e+03
      Potential    Kinetic En.   Total Energy  Conserved En.    Temperature
   -1.83760e+06    4.04716e+05   -1.43288e+06   -1.47166e+06    3.12912e+02
 Pres. DC (bar) Pressure (bar)   Constr. rmsd
   -1.42534e+02    3.15689e-01    3.56797e-06


DD  step 464999 load imb.: force  2.1%
           Step           Time
         465000      930.00000

   Energies (kJ/mol)
           Bond          Angle    Proper Dih.  Improper Dih.          LJ-14
    1.98789e+04    5.42945e+04    8.14935e+04    2.98106e+03    2.43489e+04
     Coulomb-14        LJ (SR)  Disper. corr.   Coulomb (SR)   Coul. recip.
    2.42204e+05    1.78932e+05   -6.37949e+03   -2.43738e+06    4.05432e+03
      Potential    Kinetic En.   Total Energy  Conserved En.    Temperature
   -1.83557e+06    4.05673e+05   -1.42990e+06   -1.47150e+06    3.13652e+02
 Pres. DC (bar) Pressure (bar)   Constr. rmsd
   -1.41327e+02   -1.51762e+02    3.67304e-06


DD  step 469999 load imb.: force  4.5%
           Step           Time
         470000      940.00000

   Energies (kJ/mol)
           Bond          Angle    Proper Dih.  Improper Dih.          LJ-14
    2.02300e+04    5.47574e+04    8.18281e+04    3.14348e+03    2.42804e+04
     Coulomb-14        LJ (SR)  Disper. corr.   Coulomb (SR)   Coul. recip.
    2.42226e+05    1.83776e+05   -6.39590e+03   -2.44347e+06    4.12843e+03
      Potential    Kinetic En.   Total Energy  Conserved En.    Temperature
   -1.83550e+06    4.05950e+05   -1.42955e+06   -1.47081e+06    3.13866e+02
 Pres. DC (bar) Pressure (bar)   Constr. rmsd
   -1.42055e+02    1.18970e+02    3.66365e-06


DD  step 474999 load imb.: force  4.5%
           Step           Time
         475000      950.00000

   Energies (kJ/mol)
           Bond          Angle    Proper Dih.  Improper Dih.          LJ-14
    1.94804e+04    5.49339e+04    8.19172e+04    3.04118e+03    2.40383e+04
     Coulomb-14        LJ (SR)  Disper. corr.   Coulomb (SR)   Coul. recip.
    2.41933e+05    1.80890e+05   -6.40968e+03   -2.44011e+06    4.21116e+03
      Potential    Kinetic En.   Total Energy  Conserved En.    Temperature
   -1.83607e+06    4.04831e+05   -1.43124e+06   -1.47098e+06    3.13001e+02
 Pres. DC (bar) Pressure (bar)   Constr. rmsd
   -1.42668e+02   -5.72265e+01    3.50464e-06


DD  step 479999 load imb.: force  1.3%
           Step           Time
         480000      960.00000

   Energies (kJ/mol)
           Bond          Angle    Proper Dih.  Improper Dih.          LJ-14
    1.99320e+04    5.39462e+04    8.20175e+04    3.18680e+03    2.40664e+04
     Coulomb-14        LJ (SR)  Disper. corr.   Coulomb (SR)   Coul. recip.
    2.42269e+05    1.81701e+05   -6.40408e+03   -2.44060e+06    4.21819e+03
      Potential    Kinetic En.   Total Energy  Conserved En.    Temperature
   -1.83567e+06    4.05562e+05   -1.43011e+06   -1.47047e+06    3.13566e+02
 Pres. DC (bar) Pressure (bar)   Constr. rmsd
   -1.42419e+02   -8.81892e+01    3.61790e-06

Writing checkpoint, step 480800 at Sat May 25 17:13:08 2024



DD  step 484999 load imb.: force  5.0%
           Step           Time
         485000      970.00000

   Energies (kJ/mol)
           Bond          Angle    Proper Dih.  Improper Dih.          LJ-14
    1.98912e+04    5.38578e+04    8.16900e+04    3.07113e+03    2.41865e+04
     Coulomb-14        LJ (SR)  Disper. corr.   Coulomb (SR)   Coul. recip.
    2.41989e+05    1.80977e+05   -6.40361e+03   -2.44051e+06    4.08146e+03
      Potential    Kinetic En.   Total Energy  Conserved En.    Temperature
   -1.83717e+06    4.04927e+05   -1.43224e+06   -1.46987e+06    3.13075e+02
 Pres. DC (bar) Pressure (bar)   Constr. rmsd
   -1.42398e+02   -2.03365e+00    3.58890e-06


DD  step 489999 load imb.: force  3.4%
           Step           Time
         490000      980.00000

   Energies (kJ/mol)
           Bond          Angle    Proper Dih.  Improper Dih.          LJ-14
    2.00356e+04    5.48957e+04    8.21096e+04    3.08457e+03    2.41221e+04
     Coulomb-14        LJ (SR)  Disper. corr.   Coulomb (SR)   Coul. recip.
    2.42139e+05    1.82741e+05   -6.40234e+03   -2.44421e+06    4.06696e+03
      Potential    Kinetic En.   Total Energy  Conserved En.    Temperature
   -1.83742e+06    4.04555e+05   -1.43287e+06   -1.47000e+06    3.12788e+02
 Pres. DC (bar) Pressure (bar)   Constr. rmsd
   -1.42341e+02   -4.54619e+01    3.73208e-06


DD  step 494999 load imb.: force  4.8%
           Step           Time
         495000      990.00000

   Energies (kJ/mol)
           Bond          Angle    Proper Dih.  Improper Dih.          LJ-14
    2.00386e+04    5.41648e+04    8.19817e+04    3.10477e+03    2.42712e+04
     Coulomb-14        LJ (SR)  Disper. corr.   Coulomb (SR)   Coul. recip.
    2.42810e+05    1.82078e+05   -6.40649e+03   -2.44393e+06    4.13563e+03
      Potential    Kinetic En.   Total Energy  Conserved En.    Temperature
   -1.83775e+06    4.04294e+05   -1.43346e+06   -1.46966e+06    3.12586e+02
 Pres. DC (bar) Pressure (bar)   Constr. rmsd
   -1.42526e+02   -1.47747e+02    3.61249e-06


DD  step 499999 load imb.: force  2.1%
           Step           Time
         500000     1000.00000

   Energies (kJ/mol)
           Bond          Angle    Proper Dih.  Improper Dih.          LJ-14
    2.04497e+04    5.46630e+04    8.16474e+04    3.01400e+03    2.39226e+04
     Coulomb-14        LJ (SR)  Disper. corr.   Coulomb (SR)   Coul. recip.
    2.42534e+05    1.84750e+05   -6.40665e+03   -2.44526e+06    4.14707e+03
      Potential    Kinetic En.   Total Energy  Conserved En.    Temperature
   -1.83653e+06    4.05285e+05   -1.43125e+06   -1.46887e+06    3.13352e+02
 Pres. DC (bar) Pressure (bar)   Constr. rmsd
   -1.42533e+02   -6.71863e+01    3.54238e-06



Received the remote second INT/TERM signal, stopping within 3 steps

           Step           Time
         500851     1001.70200

Writing checkpoint, step 500851 at Sat May 25 17:20:06 2024


   Energies (kJ/mol)
           Bond          Angle    Proper Dih.  Improper Dih.          LJ-14
    1.96115e+04    5.44559e+04    8.19179e+04    3.02646e+03    2.40221e+04
     Coulomb-14        LJ (SR)  Disper. corr.   Coulomb (SR)   Coul. recip.
    2.42801e+05    1.84087e+05   -6.40788e+03   -2.44662e+06    4.29619e+03
      Potential    Kinetic En.   Total Energy  Conserved En.    Temperature
   -1.83880e+06    4.05052e+05   -1.43375e+06   -1.46895e+06    3.13172e+02
 Pres. DC (bar) Pressure (bar)   Constr. rmsd
   -1.42588e+02    4.91369e+01    3.68817e-06


	<======  ###############  ==>
	<====  A V E R A G E S  ====>
	<==  ###############  ======>

	Statistics over 500852 steps using 5009 frames

   Energies (kJ/mol)
           Bond          Angle    Proper Dih.  Improper Dih.          LJ-14
    1.98453e+04    5.42645e+04    8.17509e+04    3.06890e+03    2.41999e+04
     Coulomb-14        LJ (SR)  Disper. corr.   Coulomb (SR)   Coul. recip.
    2.42348e+05    1.82980e+05   -6.40420e+03   -2.44311e+06    4.11965e+03
      Potential    Kinetic En.   Total Energy  Conserved En.    Temperature
   -1.83694e+06    4.04821e+05   -1.43212e+06   -1.47607e+06    3.12993e+02
 Pres. DC (bar) Pressure (bar)   Constr. rmsd
   -1.42424e+02    1.62328e+00    0.00000e+00

          Box-X          Box-Y          Box-Z
    1.24718e+01    1.17585e+01    1.01831e+01

   Total Virial (kJ/mol)
    1.34952e+05    2.07501e+02   -2.23132e+02
    1.90078e+02    1.34883e+05    5.06240e+01
   -2.04865e+02    2.44363e+01    1.34773e+05

   Pressure (bar)
    7.17872e-01    4.44991e-01    1.32202e+00
    8.32546e-01    2.08475e+00   -1.44485e+00
    9.15705e-01   -8.62323e-01    2.06722e+00

  T-Protein_MOLT-Water_and_ions
    3.13020e+02    3.12987e+02


       P P   -   P M E   L O A D   B A L A N C I N G

 PP/PME load balancing changed the cut-off and PME settings:
           particle-particle                    PME
            rcoulomb  rlist            grid      spacing   1/beta
   initial  1.200 nm  1.202 nm     104 104 104   0.120 nm  0.384 nm
   final    1.480 nm  1.482 nm      84  84  84   0.148 nm  0.474 nm
 cost-ratio           1.88             0.53
 (note that these numbers concern only part of the total PP and PME load)


	M E G A - F L O P S   A C C O U N T I N G

 NB=Group-cutoff nonbonded kernels    NxN=N-by-N cluster Verlet kernels
 RF=Reaction-Field  VdW=Van der Waals  QSTab=quadratic-spline table
 W3=SPC/TIP3p  W4=TIP4p (single or pairs)
 V&F=Potential and force  V=Potential only  F=Force only

 Computing:                               M-Number         M-Flops  % Flops
-----------------------------------------------------------------------------
 Pair Search distance check          170576.771200     1535190.941     0.0
 NxN Ewald Elec. + LJ [F]         152519915.980736 10066314454.729    97.0
 NxN Ewald Elec. + LJ [V&F]         1541065.387328   164893996.444     1.6
 Calc Weights                        224433.784608     8079616.246     0.1
 Spread Q Bspline                   4787920.738304     9575841.477     0.1
 Gather F Bspline                   4787920.738304    28727524.430     0.3
 3D-FFT                            11399117.415424    91192939.323     0.9
 Solve PME                             3536.194112      226316.423     0.0
 Reset In Box                           748.034944        2244.105     0.0
 CG-CoM                                 748.184312        2244.553     0.0
 Virial                                3745.280112       67415.042     0.0
 Stop-CM                                748.184312        7481.843     0.0
 Calc-Ekin                            74811.410904     2019908.094     0.0
 Lincs                                 6401.322424      384079.345     0.0
 Lincs-Mat                            34358.272176      137433.089     0.0
 Constraint-V                         77318.448476      618547.588     0.0
 Constraint-Vir                        3546.054544       85105.309     0.0
 Settle                               21505.267876     6946201.524     0.1
-----------------------------------------------------------------------------
 Total                                             10380816540.505   100.0
-----------------------------------------------------------------------------


    D O M A I N   D E C O M P O S I T I O N   S T A T I S T I C S

 av. #atoms communicated per step for force:  2 x 95040.4
 av. #atoms communicated per step for LINCS:  2 x 4856.5


Dynamic load balancing report:
 DLB was off during the run due to low measured imbalance.
 Average load imbalance: 2.9%.
 The balanceable part of the MD step is 47%, load imbalance is computed from this.
 Part of the total run time spent waiting due to load imbalance: 1.4%.


     R E A L   C Y C L E   A N D   T I M E   A C C O U N T I N G

On 4 MPI ranks, each using 5 OpenMP threads

 Computing:          Num   Num      Call    Wall time         Giga-Cycles
                     Ranks Threads  Count      (s)         total sum    %
-----------------------------------------------------------------------------
 Domain decomp.         4    5       5008     104.167       4583.357   1.4
 DD comm. load          4    5        102       0.030          1.321   0.0
 Neighbor search        4    5       5009      73.383       3228.828   1.0
 Launch GPU ops.        4    5    1001704      52.203       2296.938   0.7
 Comm. coord.           4    5     495843     205.121       9025.305   2.7
 Force                  4    5     500852      40.580       1785.511   0.5
 Wait + Comm. F         4    5     500852     243.049      10694.134   3.2
 PME mesh               4    5     500852    4316.772     189937.636  56.6
 Wait Bonded GPU        4    5       5010       0.007          0.321   0.0
 Wait GPU NB nonloc.    4    5     500852       4.506        198.243   0.1
 Wait GPU NB local      4    5     500852       1.359         59.817   0.0
 NB X/F buffer ops.     4    5    1993390     277.892      12227.209   3.6
 COM pull force         4    5     500852    1266.224      55713.780  16.6
 Write traj.            4    5        110       0.980         43.113   0.0
 Update                 4    5     500852     148.477       6532.981   1.9
 Constraints            4    5     500852     444.097      19540.252   5.8
 Comm. energies         4    5     250427     197.031       8669.359   2.6
 Rest                                         246.524      10847.018   3.2
-----------------------------------------------------------------------------
 Total                                       7622.402     335385.124 100.0
-----------------------------------------------------------------------------
 Breakdown of PME mesh computation
-----------------------------------------------------------------------------
 PME redist. X/F        4    5    1001704    1051.064      46246.748  13.8
 PME spread             4    5     500852     946.793      41658.836  12.4
 PME gather             4    5     500852     827.939      36429.269  10.9
 PME 3D-FFT             4    5    1001704     710.665      31269.188   9.3
 PME 3D-FFT Comm.       4    5    1001704     736.261      32395.448   9.7
 PME solve Elec         4    5     500852      41.454       1823.989   0.5
-----------------------------------------------------------------------------

               Core t (s)   Wall t (s)        (%)
       Time:   152448.022     7622.402     2000.0
                         2h07:02
                 (ns/day)    (hour/ns)
Performance:       11.354        2.114
Finished mdrun on rank 0 Sat May 25 17:20:06 2024

