            --------------------------------------------------------
                             AMBER SQM VERSION 19
 
                                     By
              Ross C. Walker, Michael F. Crowley, Scott Brozell,
                         Tim Giese, Andreas W. Goetz,
                        Tai-Sung Lee and David A. Case
 
            --------------------------------------------------------
 

--------------------------------------------------------------------------------
  QM CALCULATION INFO
--------------------------------------------------------------------------------

| QMMM: Citation for AMBER QMMM Run:
| QMMM: R.C. Walker, M.F. Crowley and D.A. Case, J. COMP. CHEM. 29:1019, 2008

QMMM: SINGLET STATE CALCULATION
QMMM: RHF CALCULATION, NO. OF DOUBLY OCCUPIED LEVELS = 73

| QMMM: *** Selected Hamiltonian *** 
| QMMM: AM1         

| QMMM: *** Parameter sets in use ***
| QMMM: C : M.J.S.DEWAR et al. JACS, 107, 3902, (1985)
| QMMM: F : M.J.S.DEWAR et al. THEOCHEM, 180, 1, (1988)
| QMMM: N : M.J.S.DEWAR et al. JACS, 107, 3902, (1985)
| QMMM: O : M.J.S.DEWAR et al. JACS, 107, 3902, (1985)
| QMMM: H : M.J.S.DEWAR et al. JACS, 107, 3902, (1985)

| QMMM: *** SCF convergence criteria ***
| QMMM: Energy change                :  0.1D-09 kcal/mol
| QMMM: Error matrix |FP-PF|         :  0.1D+00 au
| QMMM: Density matrix change        :  0.5D-06
| QMMM: Maximum number of SCF cycles :     1000

| QMMM: *** Diagonalization Routine Information ***
| QMMM: Pseudo diagonalizations are allowed.
| QMMM: Auto diagonalization routine selection is in use.
| QMMM:
| QMMM: Timing diagonalization routines:
| QMMM:                              norbs =      135
| QMMM:    diag iterations used for timing =       10
| QMMM:
| QMMM:              Internal diag routine = 0.040344 seconds
| QMMM:                 Dspev diag routine = 0.031936 seconds
| QMMM:                Dspevd diag routine = 0.015671 seconds
| QMMM:                Dspevx diag routine = 0.091259 seconds
| QMMM:                 Dsyev diag routine = 0.029051 seconds
| QMMM:                Dsyevd diag routine = 0.011782 seconds
| QMMM:                Dsyevr diag routine = 0.020560 seconds
| QMMM:
| QMMM:                Pseudo diag routine = 0.017784 seconds
| QMMM: Pseudo diagonalization appears to be slower than regular
| QMMM: diagonalization. Setting pseudo_diag=0 for optimum performance.
| QMMM:
| QMMM: Using dsyevd routine (diag_routine=6).

  QMMM: QM Region Cartesian Coordinates (*=link atom) 
  QMMM: QM_NO.   MM_NO.  ATOM         X         Y         Z
  QMMM:     1        1      C       52.3860  -24.8700   30.4860
  QMMM:     2        2      C       58.2780  -29.9510   30.9500
  QMMM:     3        3      C       59.2000  -29.3990   35.6500
  QMMM:     4        4      C       58.4610  -29.7800   36.7670
  QMMM:     5        5      C       59.0640  -30.3850   37.8570
  QMMM:     6        6      C       60.4170  -30.6510   37.8570
  QMMM:     7        7      C       61.2180  -30.3370   36.7250
  QMMM:     8        8      C       60.5980  -29.7240   35.5870
  QMMM:     9        9      C       61.4230  -29.4040   34.4790
  QMMM:    10       10      C       63.2740  -30.3230   35.6910
  QMMM:    11       11      C       62.7530  -29.6960   34.5370
  QMMM:    12       12      C       54.6480  -24.3870   30.8470
  QMMM:    13       13      C       61.0110  -31.2750   38.9980
  QMMM:    14       14      C       54.2260  -25.3430   31.9640
  QMMM:    15       15      C       52.8780  -25.9020   31.4810
  QMMM:    16       16      C       57.2900  -27.1900   33.2640
  QMMM:    17       17      C       57.5320  -27.8370   34.6250
  QMMM:    18       18      C       58.3000  -29.8070   33.4400
  QMMM:    19       19      C       58.3660  -29.0410   32.1470
  QMMM:    20       20      C       56.1300  -26.2310   33.2510
  QMMM:    21       21      F       53.0110  -27.1670   30.8960
  QMMM:    22       22      N       53.3650  -23.7670   30.4930
  QMMM:    23       23      N       55.2180  -26.3640   32.2790
  QMMM:    24       24      N       58.5610  -28.8840   34.5470
  QMMM:    25       25      N       62.5600  -30.6450   36.7520
  QMMM:    26       26      N       61.4300  -31.7660   39.9220
  QMMM:    27       27      O       57.2430  -28.1340   32.1780
  QMMM:    28       28      O       56.0940  -25.3240   34.0900
  QMMM:    29       29      H       51.4040  -24.5010   30.7830
  QMMM:    30       30      H       52.3230  -25.3090   29.4900
  QMMM:    31       31      H       59.1330  -30.6270   30.9440
  QMMM:    32       32      H       58.2810  -29.3540   30.0380
  QMMM:    33       33      H       57.3570  -30.5310   31.0010
  QMMM:    34       34      H       57.3960  -29.6000   36.7840
  QMMM:    35       35      H       58.4680  -30.6520   38.7170
  QMMM:    36       36      H       61.0030  -28.9350   33.6010
  QMMM:    37       37      H       64.3290  -30.5540   35.7050
  QMMM:    38       38      H       63.4020  -29.4510   33.7090
  QMMM:    39       39      H       55.0760  -24.9260   30.0020
  QMMM:    40       40      H       55.3630  -23.6460   31.2060
  QMMM:    41       41      H       54.1340  -24.8340   32.9240
  QMMM:    42       42      H       52.1780  -26.0540   32.3030
  QMMM:    43       43      H       58.1770  -26.5810   33.0870
  QMMM:    44       44      H       56.6010  -28.2810   34.9770
  QMMM:    45       45      H       57.8580  -27.0710   35.3290
  QMMM:    46       46      H       59.0510  -30.5970   33.4370
  QMMM:    47       47      H       57.3100  -30.2470   33.5550
  QMMM:    48       48      H       59.3170  -28.5170   32.0540
  QMMM:    49       49      H       53.1080  -23.0710   31.1780
  QMMM:    50       50      H       53.4080  -23.2970   29.6000
  QMMM:    51       51      H       55.2170  -27.2160   31.7360

--------------------------------------------------------------------------------
  RESULTS
--------------------------------------------------------------------------------

      iter         sqm energy              rms gradient
      ----    -------------------    -----------------------
xmin    10      132.1081 kcal/mol        1.2552 kcal/(mol*A)
xmin    20      131.4397 kcal/mol        0.0699 kcal/(mol*A)
xmin    30      131.4289 kcal/mol        0.0137 kcal/(mol*A)
xmin    40      131.4282 kcal/mol        0.0361 kcal/(mol*A)
xmin    50      131.4270 kcal/mol        0.0224 kcal/(mol*A)
xmin    60      131.4264 kcal/mol        0.0089 kcal/(mol*A)
xmin    70      131.4263 kcal/mol        0.0034 kcal/(mol*A)
xmin    80      131.4262 kcal/mol        0.0014 kcal/(mol*A)
  ... geometry converged !
 
 Final MO eigenvalues (eV):
 -53.4247  -45.6188  -43.8591  -42.8676  -42.1223  -39.9880  -39.4435  -38.9102
 -37.2302  -36.4194  -35.7479  -35.2650  -34.2438  -32.9840  -32.8245  -31.6239
 -29.4519  -28.6122  -27.9514  -26.6880  -26.3015  -25.9091  -25.2220  -24.9580
 -24.6044  -23.9123  -23.7216  -22.1085  -21.7966  -21.3481  -21.0690  -20.9637
 -20.6357  -20.3236  -19.9608  -19.6455  -19.6338  -19.4835  -18.9793  -18.8472
 -18.7450  -18.3197  -18.2118  -17.8106  -17.7055  -17.5045  -17.1195  -16.8486
 -16.8054  -16.5996  -16.5250  -16.3871  -16.2973  -15.9101  -15.8368  -15.5975
 -15.4310  -15.1411  -14.9877  -14.7836  -14.6128  -14.5591  -14.4682  -14.1106
 -14.0494  -13.8967  -13.7790  -13.4511  -12.8443  -12.2462  -11.9894  -11.3755
 -10.6400   -4.2550   -2.5713   -2.5221   -2.3926   -2.2081   -2.0467   -1.9047
  -1.8492   -1.5601   -1.3861   -1.2968   -1.1185   -0.9733   -0.8727   -0.7863
  -0.5942   -0.4780   -0.4136   -0.2380   -0.1264   -0.0133    0.2571    0.6129
   0.8571    0.9095    0.9923    1.0723    1.2646    1.4364    1.4767    1.5406
   1.6088    1.6151    1.6284    1.7976    1.8208    1.9465    1.9616    2.0304
   2.1205    2.1715    2.1958    2.2788    2.3899    2.4553    2.5172    2.5902
   2.6536    2.8159    2.8657    3.0485    3.1999    3.2411    3.3415    3.4231
   3.5391    3.5683    3.6380    3.9155    4.0890    5.1415    5.5889

 Heat of formation   =        131.42624572 kcal/mol  (        5.69906967 eV)

 Total SCF energy    =    -115994.95733566 kcal/mol  (    -5029.91879518 eV)
 Electronic energy   =    -878390.25150954 kcal/mol  (   -38089.85956852 eV)
 Core-core repulsion =     762395.29417388 kcal/mol  (    33059.94077334 eV)
 
    Atomic Charges for Step       1 :
  Atom    Element       Mulliken Charge
     1      C                 -0.173
     2      C                 -0.217
     3      C                  0.062
     4      C                 -0.175
     5      C                 -0.069
     6      C                  0.022
     7      C                  0.035
     8      C                 -0.080
     9      C                 -0.076
    10      C                 -0.035
    11      C                 -0.182
    12      C                 -0.161
    13      C                 -0.093
    14      C                  0.000
    15      C                  0.033
    16      C                  0.024
    17      C                 -0.078
    18      C                 -0.094
    19      C                  0.035
    20      C                  0.313
    21      F                 -0.131
    22      N                 -0.035
    23      N                 -0.373
    24      N                 -0.239
    25      N                 -0.121
    26      N                 -0.010
    27      O                 -0.300
    28      O                 -0.339
    29      H                  0.162
    30      H                  0.172
    31      H                  0.101
    32      H                  0.091
    33      H                  0.094
    34      H                  0.140
    35      H                  0.154
    36      H                  0.145
    37      H                  0.174
    38      H                  0.152
    39      H                  0.162
    40      H                  0.161
    41      H                  0.167
    42      H                  0.165
    43      H                  0.129
    44      H                  0.078
    45      H                  0.135
    46      H                  0.121
    47      H                  0.084
    48      H                  0.097
    49      H                  0.256
    50      H                  0.255
    51      H                  0.263
 Total Mulliken Charge =       1.000
 
                  X        Y        Z     TOTAL  
  QM DIPOLE   256.355 -116.780  143.530  316.159
 
 Final Structure

  QMMM: QM Region Cartesian Coordinates (*=link atom) 
  QMMM: QM_NO.   MM_NO.  ATOM         X         Y         Z
  QMMM:     1        1      C       52.1941  -24.8755   30.8448
  QMMM:     2        2      C       57.9386  -30.1659   30.8283
  QMMM:     3        3      C       59.2990  -29.3978   35.5138
  QMMM:     4        4      C       58.4526  -29.5528   36.6051
  QMMM:     5        5      C       58.9241  -30.0672   37.8271
  QMMM:     6        6      C       60.2406  -30.4481   37.9771
  QMMM:     7        7      C       61.1599  -30.3008   36.8812
  QMMM:     8        8      C       60.6852  -29.7572   35.6466
  QMMM:     9        9      C       61.6381  -29.5810   34.5984
  QMMM:    10       10      C       63.3161  -30.5143   36.0521
  QMMM:    11       11      C       62.9439  -29.9541   34.7897
  QMMM:    12       12      C       54.3961  -23.9891   31.3291
  QMMM:    13       13      C       60.6949  -30.9820   39.2135
  QMMM:    14       14      C       54.2924  -25.3942   32.0135
  QMMM:    15       15      C       53.0479  -26.0728   31.3382
  QMMM:    16       16      C       57.5049  -27.2421   32.9972
  QMMM:    17       17      C       57.7400  -27.9188   34.3654
  QMMM:    18       18      C       58.6422  -29.8335   33.2181
  QMMM:    19       19      C       58.3677  -29.1495   31.8659
  QMMM:    20       20      C       56.2769  -26.3375   33.1004
  QMMM:    21       21      F       53.3775  -26.8977   30.2846
  QMMM:    22       22      N       53.1375  -23.7496   30.5481
  QMMM:    23       23      N       55.5079  -26.1316   31.9524
  QMMM:    24       24      N       58.8536  -28.8485   34.2734
  QMMM:    25       25      N       62.4777  -30.6810   37.0577
  QMMM:    26       26      N       61.0714  -31.4196   40.2230
  QMMM:    27       27      O       57.2824  -28.2091   31.9734
  QMMM:    28       28      O       55.9998  -25.7313   34.1489
  QMMM:    29       29      H       51.4821  -24.5546   31.6547
  QMMM:    30       30      H       51.6145  -25.1429   29.9178
  QMMM:    31       31      H       58.7468  -30.9257   30.7036
  QMMM:    32       32      H       57.7563  -29.6609   29.8499
  QMMM:    33       33      H       56.9989  -30.6794   31.1433
  QMMM:    34       34      H       57.3879  -29.2772   36.5455
  QMMM:    35       35      H       58.2176  -30.1707   38.6673
  QMMM:    36       36      H       61.3265  -29.1301   33.6439
  QMMM:    37       37      H       64.3616  -30.8319   36.2298
  QMMM:    38       38      H       63.7053  -29.8298   34.0081
  QMMM:    39       39      H       55.2763  -23.9241   30.6306
  QMMM:    40       40      H       54.4984  -23.1929   32.1177
  QMMM:    41       41      H       54.0280  -25.2137   33.1034
  QMMM:    42       42      H       52.4693  -26.6687   32.1000
  QMMM:    43       43      H       58.3844  -26.5936   32.7170
  QMMM:    44       44      H       56.7773  -28.4232   34.6701
  QMMM:    45       45      H       57.9832  -27.1264   35.1264
  QMMM:    46       46      H       59.5722  -30.4599   33.1226
  QMMM:    47       47      H       57.7783  -30.5191   33.4569
  QMMM:    48       48      H       59.2822  -28.5877   31.5245
  QMMM:    49       49      H       52.7165  -22.8522   30.8040
  QMMM:    50       50      H       53.3498  -23.7339   29.5451
  QMMM:    51       51      H       55.6528  -26.7349   31.1706

           --------- Calculation Completed ----------

